------------------------------------------------------
Job is running on node ------------------------------------------------------
SLURM: qsub is running on headnode2
SLURM: originating queue is core32
SLURM: executing queue is core32
SLURM: working directory is /beegfs/car/bxster25/circ-oc-sscu
SLURM: job identifier is 11371
SLURM: job name is stan10_circ_core32
SLURM: node file is node049
SLURM: current home directory is /home2/bxster25
SLURM: PATH = /usr/local/bin:/usr/local/sbin:/usr/local/bin:/usr/local/sbin:/usr/local/bin:/usr/local/sbin:/usr/share/Modules/bin:/usr/local/bin:/usr/bin:/usr/local/sbin:/usr/sbin
------------------------------------------------------
Usage: Rscript [options] file [args]
   or: Rscript [options] -e expr [-e expr2 ...] [args]
A binary front-end to R, for use in scripting applications.

Options:
  --help              Print usage and exit
  --version           Print version and exit
  --verbose           Print information on progress
  --default-packages=LIST  Attach these packages on startup;
                        a comma-separated LIST of package names, or 'NULL'
and options to R (in addition to --no-echo --no-restore), for example:
  --save              Do save workspace at the end of the session
  --no-environ        Don't read the site and user environment files
  --no-site-file      Don't read the site-wide Rprofile
  --no-init-file      Don't read the user R profile
  --restore           Do restore previously saved objects at startup
  --vanilla           Combine --no-save, --no-restore, --no-site-file,
                        --no-init-file and --no-environ

Expressions (one or more '-e <expr>') may be used *instead* of 'file'.
Any additional 'args' can be accessed from R via 'commandArgs(TRUE)'.
See also  ?Rscript  from within R.
/soft/R-4.4.2/bin/Rscript

SAMPLING FOR MODEL 'anon_model' NOW (CHAIN 1).

SAMPLING FOR MODEL 'anon_model' NOW (CHAIN 2).

SAMPLING FOR MODEL 'anon_model' NOW (CHAIN 3).

SAMPLING FOR MODEL 'anon_model' NOW (CHAIN 4).
Chain 2: 
Chain 2: Gradient evaluation took 0.028396 seconds
Chain 2: 1000 transitions using 10 leapfrog steps per transition would take 283.96 seconds.
Chain 2: Adjust your expectations accordingly!
Chain 2: 
Chain 2: 
Chain 4: 
Chain 4: Gradient evaluation took 0.028149 seconds
Chain 4: 1000 transitions using 10 leapfrog steps per transition would take 281.49 seconds.
Chain 4: Adjust your expectations accordingly!
Chain 4: 
Chain 4: 
Chain 2: Iteration:    1 / 10000 [  0%]  (Warmup)
Chain 3: 
Chain 3: Gradient evaluation took 0.028232 seconds
Chain 3: 1000 transitions using 10 leapfrog steps per transition would take 282.32 seconds.
Chain 3: Adjust your expectations accordingly!
Chain 3: 
Chain 3: 
Chain 1: 
Chain 1: Gradient evaluation took 0.028183 seconds
Chain 1: 1000 transitions using 10 leapfrog steps per transition would take 281.83 seconds.
Chain 1: Adjust your expectations accordingly!
Chain 1: 
Chain 1: 
Chain 4: Iteration:    1 / 10000 [  0%]  (Warmup)
Chain 3: Iteration:    1 / 10000 [  0%]  (Warmup)
Chain 1: Iteration:    1 / 10000 [  0%]  (Warmup)
Chain 3: Iteration: 1000 / 10000 [ 10%]  (Warmup)
Chain 3: Iteration: 2000 / 10000 [ 20%]  (Warmup)
Chain 1: Iteration: 1000 / 10000 [ 10%]  (Warmup)
Chain 2: Iteration: 1000 / 10000 [ 10%]  (Warmup)
Chain 4: Iteration: 1000 / 10000 [ 10%]  (Warmup)
Chain 3: Iteration: 3000 / 10000 [ 30%]  (Warmup)
Chain 3: Iteration: 4000 / 10000 [ 40%]  (Warmup)
Chain 3: Iteration: 5000 / 10000 [ 50%]  (Warmup)
Chain 3: Iteration: 5001 / 10000 [ 50%]  (Sampling)
Chain 3: Iteration: 6000 / 10000 [ 60%]  (Sampling)
Chain 1: Iteration: 2000 / 10000 [ 20%]  (Warmup)
Chain 2: Iteration: 2000 / 10000 [ 20%]  (Warmup)
Chain 4: Iteration: 2000 / 10000 [ 20%]  (Warmup)
Chain 3: Iteration: 7000 / 10000 [ 70%]  (Sampling)
Chain 3: Iteration: 8000 / 10000 [ 80%]  (Sampling)
Chain 3: Iteration: 9000 / 10000 [ 90%]  (Sampling)
Chain 3: Iteration: 10000 / 10000 [100%]  (Sampling)
Chain 3: 
Chain 3:  Elapsed Time: 73254.7 seconds (Warm-up)
Chain 3:                59542.5 seconds (Sampling)
Chain 3:                132797 seconds (Total)
Chain 3: 
Chain 2: Iteration: 3000 / 10000 [ 30%]  (Warmup)
Chain 1: Iteration: 3000 / 10000 [ 30%]  (Warmup)
Chain 4: Iteration: 3000 / 10000 [ 30%]  (Warmup)
Chain 2: Iteration: 4000 / 10000 [ 40%]  (Warmup)
Chain 1: Iteration: 4000 / 10000 [ 40%]  (Warmup)
Chain 4: Iteration: 4000 / 10000 [ 40%]  (Warmup)
Chain 2: Iteration: 5000 / 10000 [ 50%]  (Warmup)
Chain 2: Iteration: 5001 / 10000 [ 50%]  (Sampling)
Chain 1: Iteration: 5000 / 10000 [ 50%]  (Warmup)
Chain 1: Iteration: 5001 / 10000 [ 50%]  (Sampling)
Chain 4: Iteration: 5000 / 10000 [ 50%]  (Warmup)
Chain 4: Iteration: 5001 / 10000 [ 50%]  (Sampling)
Chain 2: Iteration: 6000 / 10000 [ 60%]  (Sampling)
Chain 1: Iteration: 6000 / 10000 [ 60%]  (Sampling)
Chain 4: Iteration: 6000 / 10000 [ 60%]  (Sampling)
Chain 2: Iteration: 7000 / 10000 [ 70%]  (Sampling)
Chain 1: Iteration: 7000 / 10000 [ 70%]  (Sampling)
Chain 4: Iteration: 7000 / 10000 [ 70%]  (Sampling)
Chain 2: Iteration: 8000 / 10000 [ 80%]  (Sampling)
Chain 1: Iteration: 8000 / 10000 [ 80%]  (Sampling)
Chain 4: Iteration: 8000 / 10000 [ 80%]  (Sampling)
Chain 2: Iteration: 9000 / 10000 [ 90%]  (Sampling)
Chain 1: Iteration: 9000 / 10000 [ 90%]  (Sampling)
Chain 4: Iteration: 9000 / 10000 [ 90%]  (Sampling)
Chain 2: Iteration: 10000 / 10000 [100%]  (Sampling)
Chain 2: 
Chain 2:  Elapsed Time: 229790 seconds (Warm-up)
Chain 2:                233235 seconds (Sampling)
Chain 2:                463025 seconds (Total)
Chain 2: 
Chain 1: Iteration: 10000 / 10000 [100%]  (Sampling)
Chain 1: 
Chain 1:  Elapsed Time: 230574 seconds (Warm-up)
Chain 1:                235466 seconds (Sampling)
Chain 1:                466041 seconds (Total)
Chain 1: 
Chain 4: Iteration: 10000 / 10000 [100%]  (Sampling)
Chain 4: 
Chain 4:  Elapsed Time: 233569 seconds (Warm-up)
Chain 4:                235451 seconds (Sampling)
Chain 4:                469020 seconds (Total)
Chain 4: 
Time difference of 5.450016 days
Sample size: 3664 
Inference for Stan model: anon_model.
4 chains, each with iter=10000; warmup=5000; thin=1; 
post-warmup draws per chain=5000, total post-warmup draws=20000.

       mean se_mean   sd   2.5%    25%    50%    75%  97.5% n_eff Rhat
A     14.78    0.40 1.38   9.54  14.94  15.11  15.24  15.45    12 1.36
B    -14.26    0.27 0.89 -14.84 -14.59 -14.47 -14.32 -10.71    11 1.32
u0     8.33    1.81 5.11 -11.86   9.75   9.90  10.00  10.17     8 1.76
v0    11.61    0.42 1.75   8.87  11.39  11.57  11.71  17.91    17 1.14
w0     6.24    1.07 2.12  -1.31   6.61   7.16   7.24   7.31     4 2.57
s_l    5.43    0.78 2.52   4.50   4.67   4.78   4.91  15.77    10 1.47
s_b    3.47    0.42 1.14   2.93   3.05   3.14   3.25   8.06     7 1.76
nu_l   2.02    0.09 0.31   1.65   1.82   1.97   2.12   3.11    12 1.46
nu_b   2.11    0.09 0.25   1.75   1.93   2.06   2.26   2.79     8 1.53

Samples were drawn using NUTS(diag_e) at Sun Oct 19 20:04:49 2025.
For each parameter, n_eff is a crude measure of effective sample size,
and Rhat is the potential scale reduction factor on split chains (at 
convergence, Rhat=1).
null device 
          1 
A <- 14.77959 
B <- -14.26446 
u0 <- 8.334066 
v0 <- 11.61003 
w0 <- 6.235075 
s_l <- 5.433982 
s_b <- 3.469872 
nu_l <- 2.018559 
nu_b <- 2.110481 
scale t dist mul: 5.434 
scale t dist mub: 3.47 
------------------------------------------------------
Job ends
