------------------------------------------------------
Job is running on node ------------------------------------------------------
SLURM: qsub is running on headnode2
SLURM: originating queue is core32
SLURM: executing queue is core32
SLURM: working directory is /beegfs/car/bxster25/circ-oc-sscu
SLURM: job identifier is 11365
SLURM: job name is stan4_circ_core32
SLURM: node file is node028
SLURM: current home directory is /home2/bxster25
SLURM: PATH = /usr/local/bin:/usr/local/sbin:/usr/local/bin:/usr/local/sbin:/usr/local/bin:/usr/local/sbin:/usr/share/Modules/bin:/usr/local/bin:/usr/bin:/usr/local/sbin:/usr/sbin
------------------------------------------------------
Usage: Rscript [options] file [args]
   or: Rscript [options] -e expr [-e expr2 ...] [args]
A binary front-end to R, for use in scripting applications.

Options:
  --help              Print usage and exit
  --version           Print version and exit
  --verbose           Print information on progress
  --default-packages=LIST  Attach these packages on startup;
                        a comma-separated LIST of package names, or 'NULL'
and options to R (in addition to --no-echo --no-restore), for example:
  --save              Do save workspace at the end of the session
  --no-environ        Don't read the site and user environment files
  --no-site-file      Don't read the site-wide Rprofile
  --no-init-file      Don't read the user R profile
  --restore           Do restore previously saved objects at startup
  --vanilla           Combine --no-save, --no-restore, --no-site-file,
                        --no-init-file and --no-environ

Expressions (one or more '-e <expr>') may be used *instead* of 'file'.
Any additional 'args' can be accessed from R via 'commandArgs(TRUE)'.
See also  ?Rscript  from within R.
/soft/R-4.4.2/bin/Rscript

SAMPLING FOR MODEL '
SAMPLINGanon_model' NOW (CHAIN  FOR MODEL 'anon_model1' NOW (CHAIN ).
2).

SAMPLING FOR MODEL 'anon_model' NOW (CHAIN 3).

SAMPLING FOR MODEL 'anon_model' NOW (CHAIN 4).
Chain 1: 
Chain 1: Gradient evaluation took 0.0089 seconds
Chain 1: 1000 transitions using 10 leapfrog steps per transition would take 89 seconds.
Chain 1: Adjust your expectations accordingly!
Chain 1: 
Chain 1: 
Chain 3: 
Chain 3: Gradient evaluation took 0.008863 seconds
Chain 3: 1000 transitions using 10 leapfrog steps per transition would take 88.63 seconds.Chain 
4: Chain 3
: Adjust your expectations accordingly!Chain 4Chain 2
: Gradient evaluation took 0.008992 seconds: 
Chain 
Chain 23Chain 4: Gradient evaluation took 0.009045 seconds: 
: 1000 transitions using 10 leapfrog steps per transition would take 89.92 seconds.
Chain Chain 
Chain 2: 34: 1000 transitions using 10 leapfrog steps per transition would take 90.45 seconds.
: 
Adjust your expectations accordingly!
Chain 2Chain 4: Adjust your expectations accordingly!: 

Chain Chain 42: : 
Chain 
2: 
Chain 1: Iteration:    1 / 10000 [  0%]  (Warmup)
Chain 3: Iteration:    1 / 10000 [  0%]  (Warmup)
Chain 2: Iteration:    1 / 10000 [  0%]  (Warmup)
Chain 4: Iteration:    1 / 10000 [  0%]  (Warmup)
Chain 2: Iteration: 1000 / 10000 [ 10%]  (Warmup)
Chain 2: Iteration: 2000 / 10000 [ 20%]  (Warmup)
Chain 4: Iteration: 1000 / 10000 [ 10%]  (Warmup)
Chain 2: Iteration: 3000 / 10000 [ 30%]  (Warmup)
Chain 1: Iteration: 1000 / 10000 [ 10%]  (Warmup)
Chain 3: Iteration: 1000 / 10000 [ 10%]  (Warmup)
Chain 2: Iteration: 4000 / 10000 [ 40%]  (Warmup)
Chain 4: Iteration: 2000 / 10000 [ 20%]  (Warmup)
Chain 2: Iteration: 5000 / 10000 [ 50%]  (Warmup)
Chain 2: Iteration: 5001 / 10000 [ 50%]  (Sampling)
Chain 4: Iteration: 3000 / 10000 [ 30%]  (Warmup)
Chain 4: Iteration: 4000 / 10000 [ 40%]  (Warmup)
Chain 2: Iteration: 6000 / 10000 [ 60%]  (Sampling)
Chain 4: Iteration: 5000 / 10000 [ 50%]  (Warmup)
Chain 4: Iteration: 5001 / 10000 [ 50%]  (Sampling)
Chain 4: Iteration: 6000 / 10000 [ 60%]  (Sampling)
Chain 3: Iteration: 2000 / 10000 [ 20%]  (Warmup)
Chain 2: Iteration: 7000 / 10000 [ 70%]  (Sampling)
Chain 4: Iteration: 7000 / 10000 [ 70%]  (Sampling)
Chain 4: Iteration: 8000 / 10000 [ 80%]  (Sampling)
Chain 1: Iteration: 2000 / 10000 [ 20%]  (Warmup)
Chain 2: Iteration: 8000 / 10000 [ 80%]  (Sampling)
Chain 4: Iteration: 9000 / 10000 [ 90%]  (Sampling)
Chain 3: Iteration: 3000 / 10000 [ 30%]  (Warmup)
Chain 4: Iteration: 10000 / 10000 [100%]  (Sampling)
Chain 4: 
Chain 4:  Elapsed Time: 24277.3 seconds (Warm-up)
Chain 4:                10322.5 seconds (Sampling)
Chain 4:                34599.7 seconds (Total)
Chain 4: 
Chain 2: Iteration: 9000 / 10000 [ 90%]  (Sampling)
Chain 3: Iteration: 4000 / 10000 [ 40%]  (Warmup)
Chain 2: Iteration: 10000 / 10000 [100%]  (Sampling)
Chain 2: 
Chain 2:  Elapsed Time: 19944.8 seconds (Warm-up)
Chain 2:                20215.6 seconds (Sampling)
Chain 2:                40160.4 seconds (Total)
Chain 2: 
Chain 3: Iteration: 5000 / 10000 [ 50%]  (Warmup)
Chain 3: Iteration: 5001 / 10000 [ 50%]  (Sampling)
Chain 1: Iteration: 3000 / 10000 [ 30%]  (Warmup)
Chain 3: Iteration: 6000 / 10000 [ 60%]  (Sampling)
Chain 3: Iteration: 7000 / 10000 [ 70%]  (Sampling)
Chain 3: Iteration: 8000 / 10000 [ 80%]  (Sampling)
Chain 3: Iteration: 9000 / 10000 [ 90%]  (Sampling)
Chain 1: Iteration: 4000 / 10000 [ 40%]  (Warmup)
Chain 3: Iteration: 10000 / 10000 [100%]  (Sampling)
Chain 3: 
Chain 3:  Elapsed Time: 43208.5 seconds (Warm-up)
Chain 3:                18066.7 seconds (Sampling)
Chain 3:                61275.2 seconds (Total)
Chain 3: 
Chain 1: Iteration: 5000 / 10000 [ 50%]  (Warmup)
Chain 1: Iteration: 5001 / 10000 [ 50%]  (Sampling)
Chain 1: Iteration: 6000 / 10000 [ 60%]  (Sampling)
Chain 1: Iteration: 7000 / 10000 [ 70%]  (Sampling)
Chain 1: Iteration: 8000 / 10000 [ 80%]  (Sampling)
Chain 1: Iteration: 9000 / 10000 [ 90%]  (Sampling)
Chain 1: Iteration: 10000 / 10000 [100%]  (Sampling)
Chain 1: 
Chain 1:  Elapsed Time: 73585.3 seconds (Warm-up)
Chain 1:                62399.3 seconds (Sampling)
Chain 1:                135985 seconds (Total)
Chain 1: 
Time difference of 1.578765 days
Sample size: 3665 
Inference for Stan model: anon_model.
4 chains, each with iter=10000; warmup=5000; thin=1; 
post-warmup draws per chain=5000, total post-warmup draws=20000.

       mean se_mean   sd   2.5%    25%    50%    75%  97.5% n_eff Rhat
A     15.56    0.01 0.17  15.23  15.44  15.56  15.68  15.90   224 1.05
B    -14.21    0.05 0.15 -14.49 -14.32 -14.22 -14.11 -13.93     9 1.18
u0    10.06    0.09 0.20   9.67   9.91  10.07  10.20  10.44     5 1.38
v0    11.38    0.03 0.16  11.05  11.26  11.37  11.49  11.69    30 1.12
w0     7.12    0.04 0.08   6.97   7.06   7.12   7.19   7.28     5 1.40
s_l    4.81    0.09 0.17   4.50   4.69   4.81   4.93   5.14     3 1.59
s_b    3.20    0.06 0.11   2.98   3.12   3.21   3.28   3.40     3 1.51
nu_l   2.00    0.12 0.19   1.69   1.85   1.98   2.13   2.37     2 2.38
nu_b   2.30    0.13 0.21   1.90   2.13   2.32   2.45   2.67     3 2.03

Samples were drawn using NUTS(diag_e) at Wed Oct 15 23:30:35 2025.
For each parameter, n_eff is a crude measure of effective sample size,
and Rhat is the potential scale reduction factor on split chains (at 
convergence, Rhat=1).
null device 
          1 
A <- 15.56358 
B <- -14.21423 
u0 <- 10.05608 
v0 <- 11.37518 
w0 <- 7.124039 
s_l <- 4.813922 
s_b <- 3.19948 
nu_l <- 1.997116 
nu_b <- 2.295945 
scale t dist mul: 4.814 
scale t dist mub: 3.199 
------------------------------------------------------
Job ends
