------------------------------------------------------
Job is running on node ------------------------------------------------------
SLURM: qsub is running on headnode2
SLURM: originating queue is core32
SLURM: executing queue is core32
SLURM: working directory is /beegfs/car/bxster25/circ-oc-sscu
SLURM: job identifier is 11369
SLURM: job name is stan8_circ_core32
SLURM: node file is node037
SLURM: current home directory is /home2/bxster25
SLURM: PATH = /usr/local/bin:/usr/local/sbin:/usr/local/bin:/usr/local/sbin:/usr/local/bin:/usr/local/sbin:/usr/share/Modules/bin:/usr/local/bin:/usr/bin:/usr/local/sbin:/usr/sbin
------------------------------------------------------
Usage: Rscript [options] file [args]
   or: Rscript [options] -e expr [-e expr2 ...] [args]
A binary front-end to R, for use in scripting applications.

Options:
  --help              Print usage and exit
  --version           Print version and exit
  --verbose           Print information on progress
  --default-packages=LIST  Attach these packages on startup;
                        a comma-separated LIST of package names, or 'NULL'
and options to R (in addition to --no-echo --no-restore), for example:
  --save              Do save workspace at the end of the session
  --no-environ        Don't read the site and user environment files
  --no-site-file      Don't read the site-wide Rprofile
  --no-init-file      Don't read the user R profile
  --restore           Do restore previously saved objects at startup
  --vanilla           Combine --no-save, --no-restore, --no-site-file,
                        --no-init-file and --no-environ

Expressions (one or more '-e <expr>') may be used *instead* of 'file'.
Any additional 'args' can be accessed from R via 'commandArgs(TRUE)'.
See also  ?Rscript  from within R.
/soft/R-4.4.2/bin/Rscript

SAMPLING FOR MODEL 'anon_model' NOW (CHAIN 4).

SAMPLING FOR MODEL 'anon_model' NOW (CHAIN 3).

SAMPLING FOR MODEL 'anon_model' NOW (CHAIN 1).

SAMPLING FOR MODEL 'anon_model' NOW (CHAIN 2).
Chain 4: 
Chain 4: Gradient evaluation took 0.02802 seconds
Chain 4: 1000 transitions using 10 leapfrog steps per transition would take 280.2 seconds.
Chain 4: Adjust your expectations accordingly!
Chain 4: 
Chain 4: 
Chain 1: 
Chain 1: Gradient evaluation took 0.028133 seconds
Chain 1: 1000 transitions using 10 leapfrog steps per transition would take 281.33 seconds.
Chain 1: Adjust your expectations accordingly!
Chain 1: 
Chain 1: 
Chain 3: 
Chain 3: Gradient evaluation took 0.028219 seconds
Chain 3: 1000 transitions using 10 leapfrog steps per transition would take 282.19 seconds.
Chain 3: Adjust your expectations accordingly!
Chain 3: 
Chain 3: 
Chain 2: 
Chain 2: Gradient evaluation took 0.028477 seconds
Chain 2: 1000 transitions using 10 leapfrog steps per transition would take 284.77 seconds.
Chain 2: Adjust your expectations accordingly!
Chain 2: 
Chain 2: 
Chain 4: Iteration:    1 / 10000 [  0%]  (Warmup)
Chain 1: Iteration:    1 / 10000 [  0%]  (Warmup)
Chain 3: Iteration:    1 / 10000 [  0%]  (Warmup)
Chain 2: Iteration:    1 / 10000 [  0%]  (Warmup)
Chain 1: Iteration: 1000 / 10000 [ 10%]  (Warmup)
Chain 1: Iteration: 2000 / 10000 [ 20%]  (Warmup)
Chain 4: Iteration: 1000 / 10000 [ 10%]  (Warmup)
Chain 3: Iteration: 1000 / 10000 [ 10%]  (Warmup)
Chain 2: Iteration: 1000 / 10000 [ 10%]  (Warmup)
Chain 1: Iteration: 3000 / 10000 [ 30%]  (Warmup)
Chain 1: Iteration: 4000 / 10000 [ 40%]  (Warmup)
Chain 1: Iteration: 5000 / 10000 [ 50%]  (Warmup)
Chain 1: Iteration: 5001 / 10000 [ 50%]  (Sampling)
Chain 1: Iteration: 6000 / 10000 [ 60%]  (Sampling)
Chain 2: Iteration: 2000 / 10000 [ 20%]  (Warmup)
Chain 4: Iteration: 2000 / 10000 [ 20%]  (Warmup)
Chain 3: Iteration: 2000 / 10000 [ 20%]  (Warmup)
Chain 1: Iteration: 7000 / 10000 [ 70%]  (Sampling)
Chain 1: Iteration: 8000 / 10000 [ 80%]  (Sampling)
Chain 1: Iteration: 9000 / 10000 [ 90%]  (Sampling)
Chain 1: Iteration: 10000 / 10000 [100%]  (Sampling)
Chain 1: 
Chain 1:  Elapsed Time: 63449.5 seconds (Warm-up)
Chain 1:                56064.2 seconds (Sampling)
Chain 1:                119514 seconds (Total)
Chain 1: 
Chain 2: Iteration: 3000 / 10000 [ 30%]  (Warmup)
Chain 4: Iteration: 3000 / 10000 [ 30%]  (Warmup)
Chain 3: Iteration: 3000 / 10000 [ 30%]  (Warmup)
Chain 2: Iteration: 4000 / 10000 [ 40%]  (Warmup)
Chain 4: Iteration: 4000 / 10000 [ 40%]  (Warmup)
Chain 3: Iteration: 4000 / 10000 [ 40%]  (Warmup)
Chain 2: Iteration: 5000 / 10000 [ 50%]  (Warmup)
Chain 2: Iteration: 5001 / 10000 [ 50%]  (Sampling)
Chain 4: Iteration: 5000 / 10000 [ 50%]  (Warmup)
Chain 4: Iteration: 5001 / 10000 [ 50%]  (Sampling)
Chain 3: Iteration: 5000 / 10000 [ 50%]  (Warmup)
Chain 3: Iteration: 5001 / 10000 [ 50%]  (Sampling)
Chain 2: Iteration: 6000 / 10000 [ 60%]  (Sampling)
Chain 4: Iteration: 6000 / 10000 [ 60%]  (Sampling)
Chain 3: Iteration: 6000 / 10000 [ 60%]  (Sampling)
Chain 2: Iteration: 7000 / 10000 [ 70%]  (Sampling)
Chain 4: Iteration: 7000 / 10000 [ 70%]  (Sampling)
Chain 3: Iteration: 7000 / 10000 [ 70%]  (Sampling)
Chain 2: Iteration: 8000 / 10000 [ 80%]  (Sampling)
Chain 4: Iteration: 8000 / 10000 [ 80%]  (Sampling)
Chain 3: Iteration: 8000 / 10000 [ 80%]  (Sampling)
Chain 2: Iteration: 9000 / 10000 [ 90%]  (Sampling)
Chain 4: Iteration: 9000 / 10000 [ 90%]  (Sampling)
Chain 3: Iteration: 9000 / 10000 [ 90%]  (Sampling)
Chain 2: Iteration: 10000 / 10000 [100%]  (Sampling)
Chain 2: 
Chain 2:  Elapsed Time: 216169 seconds (Warm-up)
Chain 2:                224348 seconds (Sampling)
Chain 2:                440517 seconds (Total)
Chain 2: 
Chain 4: Iteration: 10000 / 10000 [100%]  (Sampling)
Chain 4: 
Chain 4:  Elapsed Time: 217299 seconds (Warm-up)
Chain 4:                224837 seconds (Sampling)
Chain 4:                442135 seconds (Total)
Chain 4: 
Chain 3: Iteration: 10000 / 10000 [100%]  (Sampling)
Chain 3: 
Chain 3:  Elapsed Time: 219268 seconds (Warm-up)
Chain 3:                224151 seconds (Sampling)
Chain 3:                443419 seconds (Total)
Chain 3: 
Time difference of 5.156962 days
Sample size: 3665 
Inference for Stan model: anon_model.
4 chains, each with iter=10000; warmup=5000; thin=1; 
post-warmup draws per chain=5000, total post-warmup draws=20000.

       mean se_mean    sd   2.5%    25%    50%    75%  97.5% n_eff  Rhat
A     15.14    0.14  1.15  14.82  15.04  15.28  15.46  15.74    65  1.05
B    -14.84    0.51  0.75 -16.15 -16.00 -14.45 -14.33 -14.13     2  3.34
u0     9.56    0.28  2.34   8.88   8.98  10.00  10.15  10.89    70  1.05
v0    12.64    1.73  3.39   9.36  11.63  11.76  13.28  16.85     4  1.59
w0    -0.55    9.68 13.69 -24.86  -0.56   7.26   7.34   7.96     2 90.97
s_l    4.43    0.89  2.01   2.22   3.95   4.84   4.94   5.33     5  1.37
s_b    3.43    0.25  0.51   3.02   3.14   3.21   3.46   4.78     4  1.79
nu_l   1.99    0.32  0.56   1.20   1.67   2.14   2.25   2.48     3  1.76
nu_b   1.96    0.53  0.76   0.65   1.60   2.31   2.45   2.71     2  5.79

Samples were drawn using NUTS(diag_e) at Sun Oct 19 12:58:07 2025.
For each parameter, n_eff is a crude measure of effective sample size,
and Rhat is the potential scale reduction factor on split chains (at 
convergence, Rhat=1).
null device 
          1 
A <- 15.14279 
B <- -14.83815 
u0 <- 9.563976 
v0 <- 12.63633 
w0 <- -0.5542546 
s_l <- 4.434853 
s_b <- 3.430406 
nu_l <- 1.992541 
nu_b <- 1.957649 
scale t dist mul: 4.435 
scale t dist mub: 3.43 
------------------------------------------------------
Job ends
