------------------------------------------------------
Job is running on node ------------------------------------------------------
SLURM: qsub is running on headnode2
SLURM: originating queue is core32
SLURM: executing queue is core32
SLURM: working directory is /beegfs/car/bxster25/circ-oc-sscu
SLURM: job identifier is 11384
SLURM: job name is stan23_circ_core32
SLURM: node file is node009
SLURM: current home directory is /home2/bxster25
SLURM: PATH = /usr/local/bin:/usr/local/sbin:/usr/local/bin:/usr/local/sbin:/usr/local/bin:/usr/local/sbin:/usr/share/Modules/bin:/usr/local/bin:/usr/bin:/usr/local/sbin:/usr/sbin
------------------------------------------------------
Usage: Rscript [options] file [args]
   or: Rscript [options] -e expr [-e expr2 ...] [args]
A binary front-end to R, for use in scripting applications.

Options:
  --help              Print usage and exit
  --version           Print version and exit
  --verbose           Print information on progress
  --default-packages=LIST  Attach these packages on startup;
                        a comma-separated LIST of package names, or 'NULL'
and options to R (in addition to --no-echo --no-restore), for example:
  --save              Do save workspace at the end of the session
  --no-environ        Don't read the site and user environment files
  --no-site-file      Don't read the site-wide Rprofile
  --no-init-file      Don't read the user R profile
  --restore           Do restore previously saved objects at startup
  --vanilla           Combine --no-save, --no-restore, --no-site-file,
                        --no-init-file and --no-environ

Expressions (one or more '-e <expr>') may be used *instead* of 'file'.
Any additional 'args' can be accessed from R via 'commandArgs(TRUE)'.
See also  ?Rscript  from within R.
/soft/R-4.4.2/bin/Rscript

SAMPLING FOR MODEL 'anon_model
SAMPLING' NOW (CHAIN  FOR MODEL 'anon_model3' NOW (CHAIN ).
4).

SAMPLING FOR MODEL 'anon_model' NOW (CHAIN 1).

SAMPLING FOR MODEL 'anon_model' NOW (CHAIN 2).
Chain 3: 
Chain 3: Gradient evaluation took 0.00884 seconds
Chain 3: 1000 transitions using 10 leapfrog steps per transition would take 88.4 seconds.
Chain 3: Adjust your expectations accordingly!
Chain 3: 
Chain 3: 
Chain 2: 
Chain Chain 24: : Gradient evaluation took 0.008843 seconds

Chain 4Chain 1Chain 2: Gradient evaluation took 0.008785 seconds: : 1000 transitions using 10 leapfrog steps per transition would take 88.43 seconds.
Chain 

Chain 4: Chain 2: 1000 transitions using 10 leapfrog steps per transition would take 87.85 seconds.
1Adjust your expectations accordingly!
Chain 4: Chain 2: Adjust your expectations accordingly!Gradient evaluation took 0.008866 seconds: 

Chain 
Chain 24: Chain : 

Chain 14: : 1000 transitions using 10 leapfrog steps per transition would take 88.66 seconds.

Chain 1: Adjust your expectations accordingly!
Chain 1: 
Chain 1: 
Chain 3: Iteration:    1 / 10000 [  0%]  (Warmup)
Chain 2Chain 4: Iteration:    1 / 10000 [  0%]  (Warmup): Iteration:    1 / 10000 [  0%]  (Warmup)

Chain 1: Iteration:    1 / 10000 [  0%]  (Warmup)
Chain 4: Iteration: 1000 / 10000 [ 10%]  (Warmup)
Chain 2: Iteration: 1000 / 10000 [ 10%]  (Warmup)
Chain 1: Iteration: 1000 / 10000 [ 10%]  (Warmup)
Chain 3: Iteration: 1000 / 10000 [ 10%]  (Warmup)
Chain 4: Iteration: 2000 / 10000 [ 20%]  (Warmup)
Chain 2: Iteration: 2000 / 10000 [ 20%]  (Warmup)
Chain 1: Iteration: 2000 / 10000 [ 20%]  (Warmup)
Chain 3: Iteration: 2000 / 10000 [ 20%]  (Warmup)
Chain 4: Iteration: 3000 / 10000 [ 30%]  (Warmup)
Chain 1: Iteration: 3000 / 10000 [ 30%]  (Warmup)
Chain 2: Iteration: 3000 / 10000 [ 30%]  (Warmup)
Chain 3: Iteration: 3000 / 10000 [ 30%]  (Warmup)
Chain 4: Iteration: 4000 / 10000 [ 40%]  (Warmup)
Chain 1: Iteration: 4000 / 10000 [ 40%]  (Warmup)
Chain 2: Iteration: 4000 / 10000 [ 40%]  (Warmup)
Chain 3: Iteration: 4000 / 10000 [ 40%]  (Warmup)
Chain 4: Iteration: 5000 / 10000 [ 50%]  (Warmup)
Chain 4: Iteration: 5001 / 10000 [ 50%]  (Sampling)
Chain 1: Iteration: 5000 / 10000 [ 50%]  (Warmup)
Chain 1: Iteration: 5001 / 10000 [ 50%]  (Sampling)
Chain 2: Iteration: 5000 / 10000 [ 50%]  (Warmup)
Chain 2: Iteration: 5001 / 10000 [ 50%]  (Sampling)
Chain 3: Iteration: 5000 / 10000 [ 50%]  (Warmup)
Chain 3: Iteration: 5001 / 10000 [ 50%]  (Sampling)
Chain 4: Iteration: 6000 / 10000 [ 60%]  (Sampling)
Chain 4: Iteration: 7000 / 10000 [ 70%]  (Sampling)
Chain 4: Iteration: 8000 / 10000 [ 80%]  (Sampling)
Chain 4: Iteration: 9000 / 10000 [ 90%]  (Sampling)
Chain 4: Iteration: 10000 / 10000 [100%]  (Sampling)
Chain 4: 
Chain 4:  Elapsed Time: 68589.7 seconds (Warm-up)
Chain 4:                7666.37 seconds (Sampling)
Chain 4:                76256.1 seconds (Total)
Chain 4: 
Chain 1: Iteration: 6000 / 10000 [ 60%]  (Sampling)
Chain 2: Iteration: 6000 / 10000 [ 60%]  (Sampling)
Chain 3: Iteration: 6000 / 10000 [ 60%]  (Sampling)
Chain 1: Iteration: 7000 / 10000 [ 70%]  (Sampling)
Chain 2: Iteration: 7000 / 10000 [ 70%]  (Sampling)
Chain 3: Iteration: 7000 / 10000 [ 70%]  (Sampling)
Chain 1: Iteration: 8000 / 10000 [ 80%]  (Sampling)
Chain 2: Iteration: 8000 / 10000 [ 80%]  (Sampling)
Chain 3: Iteration: 8000 / 10000 [ 80%]  (Sampling)
Chain 1: Iteration: 9000 / 10000 [ 90%]  (Sampling)
Chain 2: Iteration: 9000 / 10000 [ 90%]  (Sampling)
Chain 3: Iteration: 9000 / 10000 [ 90%]  (Sampling)
Chain 1: Iteration: 10000 / 10000 [100%]  (Sampling)
Chain 1: 
Chain 1:  Elapsed Time: 70740.7 seconds (Warm-up)
Chain 1:                63855.3 seconds (Sampling)
Chain 1:                134596 seconds (Total)
Chain 1: 
Chain 2: Iteration: 10000 / 10000 [100%]  (Sampling)
Chain 2: 
Chain 2:  Elapsed Time: 71889.4 seconds (Warm-up)
Chain 2:                70501.4 seconds (Sampling)
Chain 2:                142391 seconds (Total)
Chain 2: 
Chain 3: Iteration: 10000 / 10000 [100%]  (Sampling)
Chain 3: 
Chain 3:  Elapsed Time: 73395.9 seconds (Warm-up)
Chain 3:                70474.3 seconds (Sampling)
Chain 3:                143870 seconds (Total)
Chain 3: 
Time difference of 1.671888 days
Sample size: 3664 
Inference for Stan model: anon_model.
4 chains, each with iter=10000; warmup=5000; thin=1; 
post-warmup draws per chain=5000, total post-warmup draws=20000.

       mean se_mean    sd   2.5%    25%    50%    75%  97.5% n_eff  Rhat
A      8.78    8.36 11.82 -11.86   9.14  15.52  15.69  15.90     2 52.07
B    -14.46    0.21  0.35 -15.12 -14.57 -14.34 -14.23 -14.04     3  1.95
u0    -5.20   18.81 26.61 -51.56  -3.90  10.07  10.24  10.51     2 66.36
v0    -5.61   21.25 30.05 -57.89  -4.87  11.61  11.88  12.11     2 96.13
w0     7.13    0.24  0.36   6.49   7.17   7.30   7.36   7.49     2  3.66
s_l   16.41   14.40 20.37   4.46   4.61   4.71  14.86  52.67     2 41.06
s_b    4.29    1.47  2.08   2.96   3.06   3.12   4.20   8.28     2 17.37
nu_l  37.48   43.50 62.08   1.79   1.90   1.97  14.88 158.59     2  8.47
nu_b   2.12    0.05  0.13   1.86   2.04   2.13   2.21   2.35     6  1.45

Samples were drawn using NUTS(diag_e) at Thu Oct 16 01:41:51 2025.
For each parameter, n_eff is a crude measure of effective sample size,
and Rhat is the potential scale reduction factor on split chains (at 
convergence, Rhat=1).
null device 
          1 
A <- 8.778584 
B <- -14.46114 
u0 <- -5.195266 
v0 <- -5.611621 
w0 <- 7.134403 
s_l <- 16.41401 
s_b <- 4.291875 
nu_l <- 37.48084 
nu_b <- 2.11899 
scale t dist mul: 16.41 
scale t dist mub: 4.292 
------------------------------------------------------
Job ends
