------------------------------------------------------
Job is running on node ------------------------------------------------------
SLURM: qsub is running on headnode2
SLURM: originating queue is core32
SLURM: executing queue is core32
SLURM: working directory is /beegfs/car/bxster25/circ-oc-sscu
SLURM: job identifier is 11364
SLURM: job name is stan3_circ_core32
SLURM: node file is node028
SLURM: current home directory is /home2/bxster25
SLURM: PATH = /usr/local/bin:/usr/local/sbin:/usr/local/bin:/usr/local/sbin:/usr/local/bin:/usr/local/sbin:/usr/share/Modules/bin:/usr/local/bin:/usr/bin:/usr/local/sbin:/usr/sbin
------------------------------------------------------
Usage: Rscript [options] file [args]
   or: Rscript [options] -e expr [-e expr2 ...] [args]
A binary front-end to R, for use in scripting applications.

Options:
  --help              Print usage and exit
  --version           Print version and exit
  --verbose           Print information on progress
  --default-packages=LIST  Attach these packages on startup;
                        a comma-separated LIST of package names, or 'NULL'
and options to R (in addition to --no-echo --no-restore), for example:
  --save              Do save workspace at the end of the session
  --no-environ        Don't read the site and user environment files
  --no-site-file      Don't read the site-wide Rprofile
  --no-init-file      Don't read the user R profile
  --restore           Do restore previously saved objects at startup
  --vanilla           Combine --no-save, --no-restore, --no-site-file,
                        --no-init-file and --no-environ

Expressions (one or more '-e <expr>') may be used *instead* of 'file'.
Any additional 'args' can be accessed from R via 'commandArgs(TRUE)'.
See also  ?Rscript  from within R.
/soft/R-4.4.2/bin/Rscript

SAMPLING FOR MODEL 'anon_model' NOW (CHAIN 1
SAMPLING).
 FOR MODEL 'anon_model' NOW (CHAIN 4).

SAMPLING FOR MODEL 'anon_model' NOW (CHAIN 3
SAMPLING).
 FOR MODEL 'anon_model' NOW (CHAIN 2).
Chain 4: 
Chain 4: Gradient evaluation took 0.009721 seconds
Chain 4: 1000 transitions using 10 leapfrog steps per transition would take 97.21 seconds.
Chain 4: Adjust your expectations accordingly!
Chain 4: 
Chain 4: 
Chain 3: 
Chain 3: Gradient evaluation took 0.008716 seconds
Chain 3: 1000 transitions using 10 leapfrog steps per transition would take 87.16 seconds.
Chain 3: Adjust your expectations accordingly!
Chain 3: 
Chain 3: 
Chain 2: 
Chain 2: Gradient evaluation took 0.008867 seconds
Chain 2: 1000 transitions using 10 leapfrog steps per transition would take 88.67 seconds.
Chain 2: Adjust your expectations accordingly!
Chain 2: 
Chain 2: 
Chain 1: 
Chain 1: Gradient evaluation took 0.008933 seconds
Chain 1: 1000 transitions using 10 leapfrog steps per transition would take 89.33 seconds.
Chain 1: Adjust your expectations accordingly!
Chain 1: 
Chain 1: 
Chain 4: Iteration:    1 / 10000 [  0%]  (Warmup)
Chain 3: Iteration:    1 / 10000 [  0%]  (Warmup)
Chain 2: Iteration:    1 / 10000 [  0%]  (Warmup)
Chain 1: Iteration:    1 / 10000 [  0%]  (Warmup)
Chain 4: Iteration: 1000 / 10000 [ 10%]  (Warmup)
Chain 3: Iteration: 1000 / 10000 [ 10%]  (Warmup)
Chain 2: Iteration: 1000 / 10000 [ 10%]  (Warmup)
Chain 1: Iteration: 1000 / 10000 [ 10%]  (Warmup)
Chain 2: Iteration: 2000 / 10000 [ 20%]  (Warmup)
Chain 4: Iteration: 2000 / 10000 [ 20%]  (Warmup)
Chain 2: Iteration: 3000 / 10000 [ 30%]  (Warmup)
Chain 2: Iteration: 4000 / 10000 [ 40%]  (Warmup)
Chain 2: Iteration: 5000 / 10000 [ 50%]  (Warmup)
Chain 2: Iteration: 5001 / 10000 [ 50%]  (Sampling)
Chain 4: Iteration: 3000 / 10000 [ 30%]  (Warmup)
Chain 2: Iteration: 6000 / 10000 [ 60%]  (Sampling)
Chain 3: Iteration: 2000 / 10000 [ 20%]  (Warmup)
Chain 2: Iteration: 7000 / 10000 [ 70%]  (Sampling)
Chain 2: Iteration: 8000 / 10000 [ 80%]  (Sampling)
Chain 1: Iteration: 2000 / 10000 [ 20%]  (Warmup)
Chain 2: Iteration: 9000 / 10000 [ 90%]  (Sampling)
Chain 4: Iteration: 4000 / 10000 [ 40%]  (Warmup)
Chain 2: Iteration: 10000 / 10000 [100%]  (Sampling)
Chain 2: 
Chain 2:  Elapsed Time: 20738.3 seconds (Warm-up)
Chain 2:                10313.2 seconds (Sampling)
Chain 2:                31051.5 seconds (Total)
Chain 2: 
Chain 4: Iteration: 5000 / 10000 [ 50%]  (Warmup)
Chain 4: Iteration: 5001 / 10000 [ 50%]  (Sampling)
Chain 3: Iteration: 3000 / 10000 [ 30%]  (Warmup)
Chain 1: Iteration: 3000 / 10000 [ 30%]  (Warmup)
Chain 4: Iteration: 6000 / 10000 [ 60%]  (Sampling)
Chain 4: Iteration: 7000 / 10000 [ 70%]  (Sampling)
Chain 3: Iteration: 4000 / 10000 [ 40%]  (Warmup)
Chain 1: Iteration: 4000 / 10000 [ 40%]  (Warmup)
Chain 4: Iteration: 8000 / 10000 [ 80%]  (Sampling)
Chain 4: Iteration: 9000 / 10000 [ 90%]  (Sampling)
Chain 3: Iteration: 5000 / 10000 [ 50%]  (Warmup)
Chain 3: Iteration: 5001 / 10000 [ 50%]  (Sampling)
Chain 1: Iteration: 5000 / 10000 [ 50%]  (Warmup)
Chain 1: Iteration: 5001 / 10000 [ 50%]  (Sampling)
Chain 4: Iteration: 10000 / 10000 [100%]  (Sampling)
Chain 4: 
Chain 4:  Elapsed Time: 35812.6 seconds (Warm-up)
Chain 4:                35926.3 seconds (Sampling)
Chain 4:                71738.9 seconds (Total)
Chain 4: 
Chain 3: Iteration: 6000 / 10000 [ 60%]  (Sampling)
Chain 1: Iteration: 6000 / 10000 [ 60%]  (Sampling)
Chain 3: Iteration: 7000 / 10000 [ 70%]  (Sampling)
Chain 1: Iteration: 7000 / 10000 [ 70%]  (Sampling)
Chain 1: Iteration: 8000 / 10000 [ 80%]  (Sampling)
Chain 1: Iteration: 9000 / 10000 [ 90%]  (Sampling)
Chain 3: Iteration: 8000 / 10000 [ 80%]  (Sampling)
Chain 1: Iteration: 10000 / 10000 [100%]  (Sampling)
Chain 1: 
Chain 1:  Elapsed Time: 71379.7 seconds (Warm-up)
Chain 1:                50297.2 seconds (Sampling)
Chain 1:                121677 seconds (Total)
Chain 1: 
Chain 3: Iteration: 9000 / 10000 [ 90%]  (Sampling)
Chain 3: Iteration: 10000 / 10000 [100%]  (Sampling)
Chain 3: 
Chain 3:  Elapsed Time: 67311.5 seconds (Warm-up)
Chain 3:                70235.8 seconds (Sampling)
Chain 3:                137547 seconds (Total)
Chain 3: 
Time difference of 1.597722 days
Sample size: 3664 
Inference for Stan model: anon_model.
4 chains, each with iter=10000; warmup=5000; thin=1; 
post-warmup draws per chain=5000, total post-warmup draws=20000.

       mean se_mean   sd   2.5%    25%    50%    75%  97.5% n_eff Rhat
A     15.57    0.09 0.36  15.16  15.38  15.52  15.72  16.30    17 1.20
B    -14.49    0.03 0.17 -14.86 -14.60 -14.48 -14.38 -14.17    40 1.08
u0     9.99    0.14 0.85   9.46   9.94  10.06  10.19  10.42    38 1.07
v0    11.53    0.13 0.77  11.26  11.44  11.55  11.70  12.15    37 1.08
w0     7.32    0.25 0.38   6.82   7.09   7.18   7.43   8.12     2 4.44
s_l    4.82    0.09 0.45   4.52   4.69   4.79   4.89   5.09    28 1.06
s_b    3.23    0.01 0.11   3.07   3.17   3.23   3.28   3.39    89 1.04
nu_l   1.99    0.10 0.19   1.72   1.86   1.99   2.10   2.26     4 1.40
nu_b   2.32    0.06 0.16   2.05   2.21   2.31   2.41   2.61     6 1.25

Samples were drawn using NUTS(diag_e) at Wed Oct 15 23:56:37 2025.
For each parameter, n_eff is a crude measure of effective sample size,
and Rhat is the potential scale reduction factor on split chains (at 
convergence, Rhat=1).
null device 
          1 
A <- 15.56672 
B <- -14.49016 
u0 <- 9.986466 
v0 <- 11.53041 
w0 <- 7.321002 
s_l <- 4.822273 
s_b <- 3.23135 
nu_l <- 1.991057 
nu_b <- 2.315433 
scale t dist mul: 4.822 
scale t dist mub: 3.231 
------------------------------------------------------
Job ends
