------------------------------------------------------
Job is running on node ------------------------------------------------------
SLURM: qsub is running on headnode3
SLURM: originating queue is core32
SLURM: executing queue is core32
SLURM: working directory is /beegfs/car/bxster25/oc-sscu
SLURM: job identifier is 11392
SLURM: job name is stan6_ncirc_core32
SLURM: node file is node012
SLURM: current home directory is /home2/bxster25
SLURM: PATH = /usr/local/bin:/usr/local/sbin:/usr/local/bin:/usr/local/sbin:/usr/local/bin:/usr/local/sbin:/usr/share/Modules/bin:/usr/local/bin:/usr/bin:/usr/local/sbin:/usr/sbin
------------------------------------------------------
Usage: Rscript [options] file [args]
   or: Rscript [options] -e expr [-e expr2 ...] [args]
A binary front-end to R, for use in scripting applications.

Options:
  --help              Print usage and exit
  --version           Print version and exit
  --verbose           Print information on progress
  --default-packages=LIST  Attach these packages on startup;
                        a comma-separated LIST of package names, or 'NULL'
and options to R (in addition to --no-echo --no-restore), for example:
  --save              Do save workspace at the end of the session
  --no-environ        Don't read the site and user environment files
  --no-site-file      Don't read the site-wide Rprofile
  --no-init-file      Don't read the user R profile
  --restore           Do restore previously saved objects at startup
  --vanilla           Combine --no-save, --no-restore, --no-site-file,
                        --no-init-file and --no-environ

Expressions (one or more '-e <expr>') may be used *instead* of 'file'.
Any additional 'args' can be accessed from R via 'commandArgs(TRUE)'.
See also  ?Rscript  from within R.
/soft/R-4.4.2/bin/Rscript

SAMPLING
 FOR MODEL 'anon_modelSAMPLING' NOW (CHAIN  FOR MODEL '2anon_model).
' NOW (CHAIN 
SAMPLING3 FOR MODEL 'anon_model).
' NOW (CHAIN 1).

SAMPLING FOR MODEL 'anon_model' NOW (CHAIN 4).
Chain 4: 
Chain 4Chain : Gradient evaluation took 0.009024 seconds1: 

Chain 4Chain 1: 1000 transitions using 10 leapfrog steps per transition would take 90.24 seconds.: Gradient evaluation took 0.009198 seconds

Chain 4Chain 1: Adjust your expectations accordingly!: 1000 transitions using 10 leapfrog steps per transition would take 91.98 seconds.
Chain 
Chain 4: 1: 
Chain Adjust your expectations accordingly!
4: Chain 1
: 
Chain 1: 
Chain 2: 
Chain 2: Gradient evaluation took 0.00905 seconds
Chain 2: 1000 transitions using 10 leapfrog steps per transition would take 90.5 seconds.
Chain 2: Adjust your expectations accordingly!
Chain 2: 
Chain 2Chain : 
4: Iteration:    1 / 10000 [  0%]  (Warmup)
Chain 1: Iteration:    1 / 10000 [  0%]  (Warmup)
Chain 3: 
Chain 3: Gradient evaluation took 0.009055 seconds
Chain 3: 1000 transitions using 10 leapfrog steps per transition would take 90.55 seconds.
Chain 3: Adjust your expectations accordingly!
Chain 3: 
Chain 3: 
Chain 2: Iteration:    1 / 10000 [  0%]  (Warmup)
Chain 3: Iteration:    1 / 10000 [  0%]  (Warmup)
Chain 3: Iteration: 1000 / 10000 [ 10%]  (Warmup)
Chain 2: Iteration: 1000 / 10000 [ 10%]  (Warmup)
Chain 1: Iteration: 1000 / 10000 [ 10%]  (Warmup)
Chain 4: Iteration: 1000 / 10000 [ 10%]  (Warmup)
Chain 2: Iteration: 2000 / 10000 [ 20%]  (Warmup)
Chain 2: Iteration: 3000 / 10000 [ 30%]  (Warmup)
Chain 3: Iteration: 2000 / 10000 [ 20%]  (Warmup)
Chain 2: Iteration: 4000 / 10000 [ 40%]  (Warmup)
Chain 2: Iteration: 5000 / 10000 [ 50%]  (Warmup)
Chain 2: Iteration: 5001 / 10000 [ 50%]  (Sampling)
Chain 2: Iteration: 6000 / 10000 [ 60%]  (Sampling)
Chain 2: Iteration: 7000 / 10000 [ 70%]  (Sampling)
Chain 3: Iteration: 3000 / 10000 [ 30%]  (Warmup)
Chain 2: Iteration: 8000 / 10000 [ 80%]  (Sampling)
Chain 2: Iteration: 9000 / 10000 [ 90%]  (Sampling)
Chain 1: Iteration: 2000 / 10000 [ 20%]  (Warmup)
Chain 4: Iteration: 2000 / 10000 [ 20%]  (Warmup)
Chain 2: Iteration: 10000 / 10000 [100%]  (Sampling)
Chain 2: 
Chain 2:  Elapsed Time: 21066 seconds (Warm-up)
Chain 2:                9715.98 seconds (Sampling)
Chain 2:                30781.9 seconds (Total)
Chain 2: 
Chain 3: Iteration: 4000 / 10000 [ 40%]  (Warmup)
Chain 3: Iteration: 5000 / 10000 [ 50%]  (Warmup)
Chain 3: Iteration: 5001 / 10000 [ 50%]  (Sampling)
Chain 1: Iteration: 3000 / 10000 [ 30%]  (Warmup)
Chain 4: Iteration: 3000 / 10000 [ 30%]  (Warmup)
Chain 3: Iteration: 6000 / 10000 [ 60%]  (Sampling)
Chain 1: Iteration: 4000 / 10000 [ 40%]  (Warmup)
Chain 4: Iteration: 4000 / 10000 [ 40%]  (Warmup)
Chain 3: Iteration: 7000 / 10000 [ 70%]  (Sampling)
Chain 1: Iteration: 5000 / 10000 [ 50%]  (Warmup)
Chain 1: Iteration: 5001 / 10000 [ 50%]  (Sampling)
Chain 4: Iteration: 5000 / 10000 [ 50%]  (Warmup)
Chain 4: Iteration: 5001 / 10000 [ 50%]  (Sampling)
Chain 3: Iteration: 8000 / 10000 [ 80%]  (Sampling)
Chain 4: Iteration: 6000 / 10000 [ 60%]  (Sampling)
Chain 1: Iteration: 6000 / 10000 [ 60%]  (Sampling)
Chain 3: Iteration: 9000 / 10000 [ 90%]  (Sampling)
Chain 4: Iteration: 7000 / 10000 [ 70%]  (Sampling)
Chain 1: Iteration: 7000 / 10000 [ 70%]  (Sampling)
Chain 3: Iteration: 10000 / 10000 [100%]  (Sampling)
Chain 3: 
Chain 3:  Elapsed Time: 42253.6 seconds (Warm-up)
Chain 3:                74391.2 seconds (Sampling)
Chain 3:                116645 seconds (Total)
Chain 3: 
Chain 4: Iteration: 8000 / 10000 [ 80%]  (Sampling)
Chain 1: Iteration: 8000 / 10000 [ 80%]  (Sampling)
Chain 4: Iteration: 9000 / 10000 [ 90%]  (Sampling)
Chain 1: Iteration: 9000 / 10000 [ 90%]  (Sampling)
Chain 4: Iteration: 10000 / 10000 [100%]  (Sampling)
Chain 4: 
Chain 4:  Elapsed Time: 77322.9 seconds (Warm-up)
Chain 4:                68946.6 seconds (Sampling)
Chain 4:                146269 seconds (Total)
Chain 4: 
Chain 1: Iteration: 10000 / 10000 [100%]  (Sampling)
Chain 1: 
Chain 1:  Elapsed Time: 77192.9 seconds (Warm-up)
Chain 1:                69676.2 seconds (Sampling)
Chain 1:                146869 seconds (Total)
Chain 1: 
Time difference of 1.704452 days
Sample size: 3664 
Inference for Stan model: anon_model.
4 chains, each with iter=10000; warmup=5000; thin=1; 
post-warmup draws per chain=5000, total post-warmup draws=20000.

       mean se_mean   sd   2.5%    25%    50%    75%  97.5% n_eff Rhat
A     15.43    0.02 0.18  15.02  15.32  15.43  15.55  15.77    54 1.06
B    -13.98    0.01 0.12 -14.21 -14.06 -13.98 -13.90 -13.74   107 1.07
C      3.14    0.02 0.19   2.76   3.01   3.15   3.27   3.50   143 1.03
K      9.54    0.22 0.88   7.79   8.97   9.54  10.13  11.25    15 1.16
u0     9.29    0.02 0.16   9.01   9.18   9.28   9.40   9.61    55 1.07
v0    11.57    0.02 0.15  11.28  11.47  11.57  11.66  11.89    56 1.08
w0     7.21    0.05 0.09   7.05   7.14   7.23   7.28   7.35     3 1.62
s_l    4.49    0.08 0.14   4.19   4.39   4.50   4.59   4.75     4 1.48
s_b    2.78    0.04 0.09   2.60   2.72   2.79   2.85   2.95     4 1.35
nu_l   1.91    0.10 0.15   1.61   1.79   1.93   2.02   2.15     2 2.14
nu_b   1.95    0.09 0.15   1.65   1.84   1.97   2.05   2.20     3 1.82

Samples were drawn using NUTS(diag_e) at Thu Oct 16 02:32:19 2025.
For each parameter, n_eff is a crude measure of effective sample size,
and Rhat is the potential scale reduction factor on split chains (at 
convergence, Rhat=1).
null device 
          1 
A <- 15.42865 
B <- -13.9775 
C <- 3.14068 
K <- 9.536001 
u0 <- 9.290903 
v0 <- 11.56992 
w0 <- 7.212956 
s_l <- 4.487113 
s_b <- 2.784413 
nu_l <- 1.90589 
nu_b <- 1.946671 
scale t dist mul: 4.487 
scale t dist mub: 2.784 
------------------------------------------------------
Job ends
