------------------------------------------------------
Job is running on node ------------------------------------------------------
SLURM: qsub is running on headnode3
SLURM: originating queue is core32
SLURM: executing queue is core32
SLURM: working directory is /beegfs/car/bxster25/oc-sscu
SLURM: job identifier is 11391
SLURM: job name is stan5_ncirc_core32
SLURM: node file is node012
SLURM: current home directory is /home2/bxster25
SLURM: PATH = /usr/local/bin:/usr/local/sbin:/usr/local/bin:/usr/local/sbin:/usr/local/bin:/usr/local/sbin:/usr/share/Modules/bin:/usr/local/bin:/usr/bin:/usr/local/sbin:/usr/sbin
------------------------------------------------------
Usage: Rscript [options] file [args]
   or: Rscript [options] -e expr [-e expr2 ...] [args]
A binary front-end to R, for use in scripting applications.

Options:
  --help              Print usage and exit
  --version           Print version and exit
  --verbose           Print information on progress
  --default-packages=LIST  Attach these packages on startup;
                        a comma-separated LIST of package names, or 'NULL'
and options to R (in addition to --no-echo --no-restore), for example:
  --save              Do save workspace at the end of the session
  --no-environ        Don't read the site and user environment files
  --no-site-file      Don't read the site-wide Rprofile
  --no-init-file      Don't read the user R profile
  --restore           Do restore previously saved objects at startup
  --vanilla           Combine --no-save, --no-restore, --no-site-file,
                        --no-init-file and --no-environ

Expressions (one or more '-e <expr>') may be used *instead* of 'file'.
Any additional 'args' can be accessed from R via 'commandArgs(TRUE)'.
See also  ?Rscript  from within R.
/soft/R-4.4.2/bin/Rscript

SAMPLING FOR MODEL 'anon_model' NOW (CHAIN 1).

SAMPLING FOR MODEL 'anon_model' NOW (CHAIN 3).


SAMPLINGSAMPLING FOR MODEL ' FOR MODEL 'anon_modelanon_model' NOW (CHAIN ' NOW (CHAIN 2).
4).
Chain 4: Chain 
2Chain : 
4: Chain Gradient evaluation took 0.008601 seconds2
: Chain Gradient evaluation took 0.008726 seconds4: 
1000 transitions using 10 leapfrog steps per transition would take 86.01 seconds.Chain 
2: Chain 1000 transitions using 10 leapfrog steps per transition would take 87.26 seconds.
4: Chain Adjust your expectations accordingly!
2Chain 4: Adjust your expectations accordingly!: 

Chain 4Chain : 
2: 
Chain 2: 
Chain 3: Chain 
1: Chain 3
: Gradient evaluation took 0.008722 secondsChain 1
: Gradient evaluation took 0.008773 secondsChain 3
: 1000 transitions using 10 leapfrog steps per transition would take 87.22 seconds.Chain 
1: Chain 31000 transitions using 10 leapfrog steps per transition would take 87.73 seconds.: Adjust your expectations accordingly!

Chain Chain 13: : Adjust your expectations accordingly!

Chain 3Chain 1: : 

Chain 1: 
Chain 4: Iteration:    1 / 10000 [  0%]  (Warmup)
Chain 2: Iteration:    1 / 10000 [  0%]  (Warmup)
Chain 3: Iteration:    1 / 10000 [  0%]  (Warmup)
Chain 1: Iteration:    1 / 10000 [  0%]  (Warmup)
Chain 4: Iteration: 1000 / 10000 [ 10%]  (Warmup)
Chain 3: Iteration: 1000 / 10000 [ 10%]  (Warmup)
Chain 2: Iteration: 1000 / 10000 [ 10%]  (Warmup)
Chain 1: Iteration: 1000 / 10000 [ 10%]  (Warmup)
Chain 4: Iteration: 2000 / 10000 [ 20%]  (Warmup)
Chain 2: Iteration: 2000 / 10000 [ 20%]  (Warmup)
Chain 3: Iteration: 2000 / 10000 [ 20%]  (Warmup)
Chain 4: Iteration: 3000 / 10000 [ 30%]  (Warmup)
Chain 1: Iteration: 2000 / 10000 [ 20%]  (Warmup)
Chain 2: Iteration: 3000 / 10000 [ 30%]  (Warmup)
Chain 4: Iteration: 4000 / 10000 [ 40%]  (Warmup)
Chain 2: Iteration: 4000 / 10000 [ 40%]  (Warmup)
Chain 3: Iteration: 3000 / 10000 [ 30%]  (Warmup)
Chain 4: Iteration: 5000 / 10000 [ 50%]  (Warmup)
Chain 4: Iteration: 5001 / 10000 [ 50%]  (Sampling)
Chain 1: Iteration: 3000 / 10000 [ 30%]  (Warmup)
Chain 2: Iteration: 5000 / 10000 [ 50%]  (Warmup)
Chain 2: Iteration: 5001 / 10000 [ 50%]  (Sampling)
Chain 2: Iteration: 6000 / 10000 [ 60%]  (Sampling)
Chain 3: Iteration: 4000 / 10000 [ 40%]  (Warmup)
Chain 4: Iteration: 6000 / 10000 [ 60%]  (Sampling)
Chain 2: Iteration: 7000 / 10000 [ 70%]  (Sampling)
Chain 1: Iteration: 4000 / 10000 [ 40%]  (Warmup)
Chain 2: Iteration: 8000 / 10000 [ 80%]  (Sampling)
Chain 4: Iteration: 7000 / 10000 [ 70%]  (Sampling)
Chain 3: Iteration: 5000 / 10000 [ 50%]  (Warmup)
Chain 3: Iteration: 5001 / 10000 [ 50%]  (Sampling)
Chain 2: Iteration: 9000 / 10000 [ 90%]  (Sampling)
Chain 1: Iteration: 5000 / 10000 [ 50%]  (Warmup)
Chain 1: Iteration: 5001 / 10000 [ 50%]  (Sampling)
Chain 3: Iteration: 6000 / 10000 [ 60%]  (Sampling)
Chain 2: Iteration: 10000 / 10000 [100%]  (Sampling)
Chain 2: 
Chain 2:  Elapsed Time: 47552 seconds (Warm-up)
Chain 2:                37134.8 seconds (Sampling)
Chain 2:                84686.8 seconds (Total)
Chain 2: 
Chain 3: Iteration: 7000 / 10000 [ 70%]  (Sampling)
Chain 4: Iteration: 8000 / 10000 [ 80%]  (Sampling)
Chain 3: Iteration: 8000 / 10000 [ 80%]  (Sampling)
Chain 1: Iteration: 6000 / 10000 [ 60%]  (Sampling)
Chain 3: Iteration: 9000 / 10000 [ 90%]  (Sampling)
Chain 3: Iteration: 10000 / 10000 [100%]  (Sampling)
Chain 3: 
Chain 3:  Elapsed Time: 73129.3 seconds (Warm-up)
Chain 3:                27989.4 seconds (Sampling)
Chain 3:                101119 seconds (Total)
Chain 3: 
Chain 4: Iteration: 9000 / 10000 [ 90%]  (Sampling)
Chain 1: Iteration: 7000 / 10000 [ 70%]  (Sampling)
Chain 4: Iteration: 10000 / 10000 [100%]  (Sampling)
Chain 4: 
Chain 4:  Elapsed Time: 43099.4 seconds (Warm-up)
Chain 4:                74502.9 seconds (Sampling)
Chain 4:                117602 seconds (Total)
Chain 4: 
Chain 1: Iteration: 8000 / 10000 [ 80%]  (Sampling)
Chain 1: Iteration: 9000 / 10000 [ 90%]  (Sampling)
Chain 1: Iteration: 10000 / 10000 [100%]  (Sampling)
Chain 1: 
Chain 1:  Elapsed Time: 78377.1 seconds (Warm-up)
Chain 1:                68459.2 seconds (Sampling)
Chain 1:                146836 seconds (Total)
Chain 1: 
Time difference of 1.704669 days
Sample size: 3664 
Inference for Stan model: anon_model.
4 chains, each with iter=10000; warmup=5000; thin=1; 
post-warmup draws per chain=5000, total post-warmup draws=20000.

       mean se_mean   sd   2.5%    25%    50%    75%  97.5% n_eff Rhat
A     15.57    0.01 0.17  15.23  15.45  15.57  15.68  15.90   336 1.00
B    -14.07    0.01 0.13 -14.32 -14.15 -14.07 -13.98 -13.82   374 1.01
C      3.26    0.05 0.23   2.81   3.11   3.25   3.41   3.73    18 1.12
K      8.79    0.73 1.44   6.09   7.60   8.93   9.92  11.33     4 1.53
u0     9.37    0.07 0.19   9.04   9.24   9.36   9.50   9.77     8 1.26
v0    11.67    0.07 0.20  11.20  11.55  11.70  11.81  12.01     8 1.24
w0     7.29    0.14 0.21   6.88   7.15   7.38   7.44   7.52     2 3.40
s_l    4.67    0.03 0.11   4.46   4.59   4.67   4.75   4.89    11 1.10
s_b    2.91    0.05 0.10   2.72   2.84   2.92   2.98   3.10     4 1.41
nu_l   2.00    0.05 0.11   1.80   1.92   2.00   2.07   2.20     4 1.40
nu_b   2.03    0.09 0.15   1.74   1.91   2.04   2.14   2.30     3 1.76

Samples were drawn using NUTS(diag_e) at Thu Oct 16 02:31:47 2025.
For each parameter, n_eff is a crude measure of effective sample size,
and Rhat is the potential scale reduction factor on split chains (at 
convergence, Rhat=1).
null device 
          1 
A <- 15.56682 
B <- -14.06649 
C <- 3.259192 
K <- 8.794564 
u0 <- 9.374121 
v0 <- 11.66963 
w0 <- 7.289163 
s_l <- 4.671944 
s_b <- 2.913183 
nu_l <- 1.997104 
nu_b <- 2.025077 
scale t dist mul: 4.672 
scale t dist mub: 2.913 
------------------------------------------------------
Job ends
