------------------------------------------------------
Job is running on node ------------------------------------------------------
SLURM: qsub is running on headnode3
SLURM: originating queue is core32
SLURM: executing queue is core32
SLURM: working directory is /beegfs/car/bxster25/oc-sscu
SLURM: job identifier is 11402
SLURM: job name is stan16_ncirc_core32
SLURM: node file is node019
SLURM: current home directory is /home2/bxster25
SLURM: PATH = /usr/local/bin:/usr/local/sbin:/usr/local/bin:/usr/local/sbin:/usr/local/bin:/usr/local/sbin:/usr/share/Modules/bin:/usr/local/bin:/usr/bin:/usr/local/sbin:/usr/sbin
------------------------------------------------------
Usage: Rscript [options] file [args]
   or: Rscript [options] -e expr [-e expr2 ...] [args]
A binary front-end to R, for use in scripting applications.

Options:
  --help              Print usage and exit
  --version           Print version and exit
  --verbose           Print information on progress
  --default-packages=LIST  Attach these packages on startup;
                        a comma-separated LIST of package names, or 'NULL'
and options to R (in addition to --no-echo --no-restore), for example:
  --save              Do save workspace at the end of the session
  --no-environ        Don't read the site and user environment files
  --no-site-file      Don't read the site-wide Rprofile
  --no-init-file      Don't read the user R profile
  --restore           Do restore previously saved objects at startup
  --vanilla           Combine --no-save, --no-restore, --no-site-file,
                        --no-init-file and --no-environ

Expressions (one or more '-e <expr>') may be used *instead* of 'file'.
Any additional 'args' can be accessed from R via 'commandArgs(TRUE)'.
See also  ?Rscript  from within R.
/soft/R-4.4.2/bin/Rscript

SAMPLING FOR MODEL 'anon_model' NOW (CHAIN 1).

SAMPLING FOR MODEL 'anon_model' NOW (CHAIN 3).

SAMPLING FOR MODEL 'anon_model' NOW (CHAIN 2).

SAMPLING FOR MODEL 'anon_model' NOW (CHAIN 4).
Chain Chain 3: 1: 

Chain Chain 13: : Gradient evaluation took 0.009426 seconds
Gradient evaluation took 0.009405 secondsChain 3
: 1000 transitions using 10 leapfrog steps per transition would take 94.26 seconds.Chain 
1Chain : 3: 1000 transitions using 10 leapfrog steps per transition would take 94.05 seconds.Adjust your expectations accordingly!

Chain 3Chain : 1: 
Adjust your expectations accordingly!
Chain 3Chain : 
1: 
Chain 1: 
Chain 2: 
Chain 2: Gradient evaluation took 0.009308 seconds
Chain 2: Chain 1000 transitions using 10 leapfrog steps per transition would take 93.08 seconds.
4: Chain 2
: Adjust your expectations accordingly!Chain 4
: Chain 2Gradient evaluation took 0.009288 seconds: 

Chain 2Chain 4: : 1000 transitions using 10 leapfrog steps per transition would take 92.88 seconds.

Chain 4: Adjust your expectations accordingly!
Chain 4: 
Chain 4: 
Chain 3: Iteration:    1 / 10000 [  0%]  (Warmup)
Chain 1: Iteration:    1 / 10000 [  0%]  (Warmup)
Chain 4Chain : Iteration:    1 / 10000 [  0%]  (Warmup)2: 
Iteration:    1 / 10000 [  0%]  (Warmup)
Chain 2: Iteration: 1000 / 10000 [ 10%]  (Warmup)
Chain 1: Iteration: 1000 / 10000 [ 10%]  (Warmup)
Chain 3: Iteration: 1000 / 10000 [ 10%]  (Warmup)
Chain 4: Iteration: 1000 / 10000 [ 10%]  (Warmup)
Chain 2: Iteration: 2000 / 10000 [ 20%]  (Warmup)
Chain 1: Iteration: 2000 / 10000 [ 20%]  (Warmup)
Chain 3: Iteration: 2000 / 10000 [ 20%]  (Warmup)
Chain 4: Iteration: 2000 / 10000 [ 20%]  (Warmup)
Chain 2: Iteration: 3000 / 10000 [ 30%]  (Warmup)
Chain 2: Iteration: 4000 / 10000 [ 40%]  (Warmup)
Chain 1: Iteration: 3000 / 10000 [ 30%]  (Warmup)
Chain 3: Iteration: 3000 / 10000 [ 30%]  (Warmup)
Chain 4: Iteration: 3000 / 10000 [ 30%]  (Warmup)
Chain 2: Iteration: 5000 / 10000 [ 50%]  (Warmup)
Chain 2: Iteration: 5001 / 10000 [ 50%]  (Sampling)
Chain 2: Iteration: 6000 / 10000 [ 60%]  (Sampling)
Chain 2: Iteration: 7000 / 10000 [ 70%]  (Sampling)
Chain 2: Iteration: 8000 / 10000 [ 80%]  (Sampling)
Chain 2: Iteration: 9000 / 10000 [ 90%]  (Sampling)
Chain 1: Iteration: 4000 / 10000 [ 40%]  (Warmup)
Chain 2: Iteration: 10000 / 10000 [100%]  (Sampling)
Chain 2: 
Chain 2:  Elapsed Time: 49643.3 seconds (Warm-up)
Chain 2:                9439.57 seconds (Sampling)
Chain 2:                59082.9 seconds (Total)
Chain 2: 
Chain 3: Iteration: 4000 / 10000 [ 40%]  (Warmup)
Chain 4: Iteration: 4000 / 10000 [ 40%]  (Warmup)
Chain 1: Iteration: 5000 / 10000 [ 50%]  (Warmup)
Chain 1: Iteration: 5001 / 10000 [ 50%]  (Sampling)
Chain 4: Iteration: 5000 / 10000 [ 50%]  (Warmup)
Chain 4: Iteration: 5001 / 10000 [ 50%]  (Sampling)
Chain 3: Iteration: 5000 / 10000 [ 50%]  (Warmup)
Chain 3: Iteration: 5001 / 10000 [ 50%]  (Sampling)
Chain 1: Iteration: 6000 / 10000 [ 60%]  (Sampling)
Chain 1: Iteration: 7000 / 10000 [ 70%]  (Sampling)
Chain 4: Iteration: 6000 / 10000 [ 60%]  (Sampling)
Chain 3: Iteration: 6000 / 10000 [ 60%]  (Sampling)
Chain 1: Iteration: 8000 / 10000 [ 80%]  (Sampling)
Chain 4: Iteration: 7000 / 10000 [ 70%]  (Sampling)
Chain 1: Iteration: 9000 / 10000 [ 90%]  (Sampling)
Chain 3: Iteration: 7000 / 10000 [ 70%]  (Sampling)
Chain 1: Iteration: 10000 / 10000 [100%]  (Sampling)
Chain 1: 
Chain 1:  Elapsed Time: 72777.8 seconds (Warm-up)
Chain 1:                37429.6 seconds (Sampling)
Chain 1:                110207 seconds (Total)
Chain 1: 
Chain 4: Iteration: 8000 / 10000 [ 80%]  (Sampling)
Chain 3: Iteration: 8000 / 10000 [ 80%]  (Sampling)
Chain 4: Iteration: 9000 / 10000 [ 90%]  (Sampling)
Chain 3: Iteration: 9000 / 10000 [ 90%]  (Sampling)
Chain 4: Iteration: 10000 / 10000 [100%]  (Sampling)
Chain 4: 
Chain 4:  Elapsed Time: 74794.1 seconds (Warm-up)
Chain 4:                67298.1 seconds (Sampling)
Chain 4:                142092 seconds (Total)
Chain 4: 
Chain 3: Iteration: 10000 / 10000 [100%]  (Sampling)
Chain 3: 
Chain 3:  Elapsed Time: 74847.1 seconds (Warm-up)
Chain 3:                69861.3 seconds (Sampling)
Chain 3:                144708 seconds (Total)
Chain 3: 
Time difference of 1.681189 days
Sample size: 3664 
Inference for Stan model: anon_model.
4 chains, each with iter=10000; warmup=5000; thin=1; 
post-warmup draws per chain=5000, total post-warmup draws=20000.

       mean se_mean   sd   2.5%    25%    50%    75%  97.5% n_eff Rhat
A     15.46    0.62 1.08  12.46  15.31  15.72  16.10  16.94     3 4.07
B    -14.85    0.53 0.77 -16.37 -15.20 -14.51 -14.29 -14.06     2 5.61
C      3.45    0.75 1.14   2.37   2.73   2.95   3.63   6.15     2 5.51
K      9.39    6.28 9.89  -0.14   2.85   5.96   9.60  34.16     2 6.28
u0     9.73    0.35 0.95   7.13   9.50   9.68  10.44  11.09     7 2.81
v0    11.61    1.20 1.77   7.81  11.12  11.83  12.54  14.41     2 8.31
w0     7.82    0.47 0.68   7.21   7.31   7.53   8.08   9.23     2 9.80
s_l    4.96    0.28 0.48   4.48   4.66   4.79   5.02   6.32     3 3.15
s_b    3.08    0.15 0.27   2.79   2.91   3.00   3.15   3.84     3 2.97
nu_l   2.02    0.11 0.18   1.72   1.87   1.99   2.16   2.37     3 2.17
nu_b   2.10    0.12 0.21   1.76   1.93   2.08   2.26   2.50     3 2.18

Samples were drawn using NUTS(diag_e) at Thu Oct 16 01:56:20 2025.
For each parameter, n_eff is a crude measure of effective sample size,
and Rhat is the potential scale reduction factor on split chains (at 
convergence, Rhat=1).
null device 
          1 
A <- 15.46288 
B <- -14.85135 
C <- 3.450818 
K <- 9.391133 
u0 <- 9.725964 
v0 <- 11.60868 
w0 <- 7.819032 
s_l <- 4.957934 
s_b <- 3.084927 
nu_l <- 2.015672 
nu_b <- 2.096446 
scale t dist mul: 4.958 
scale t dist mub: 3.085 
------------------------------------------------------
Job ends
