------------------------------------------------------
Job is running on node ------------------------------------------------------
SLURM: qsub is running on headnode3
SLURM: originating queue is core32
SLURM: executing queue is core32
SLURM: working directory is /beegfs/car/bxster25/oc-sscu
SLURM: job identifier is 11390
SLURM: job name is stan4_ncirc_core32
SLURM: node file is node011
SLURM: current home directory is /home2/bxster25
SLURM: PATH = /usr/local/bin:/usr/local/sbin:/usr/local/bin:/usr/local/sbin:/usr/local/bin:/usr/local/sbin:/usr/share/Modules/bin:/usr/local/bin:/usr/bin:/usr/local/sbin:/usr/sbin
------------------------------------------------------
Usage: Rscript [options] file [args]
   or: Rscript [options] -e expr [-e expr2 ...] [args]
A binary front-end to R, for use in scripting applications.

Options:
  --help              Print usage and exit
  --version           Print version and exit
  --verbose           Print information on progress
  --default-packages=LIST  Attach these packages on startup;
                        a comma-separated LIST of package names, or 'NULL'
and options to R (in addition to --no-echo --no-restore), for example:
  --save              Do save workspace at the end of the session
  --no-environ        Don't read the site and user environment files
  --no-site-file      Don't read the site-wide Rprofile
  --no-init-file      Don't read the user R profile
  --restore           Do restore previously saved objects at startup
  --vanilla           Combine --no-save, --no-restore, --no-site-file,
                        --no-init-file and --no-environ

Expressions (one or more '-e <expr>') may be used *instead* of 'file'.
Any additional 'args' can be accessed from R via 'commandArgs(TRUE)'.
See also  ?Rscript  from within R.
/soft/R-4.4.2/bin/Rscript

SAMPLING FOR MODEL 'anon_model' NOW (CHAIN 1).

SAMPLING FOR MODEL 'anon_model' NOW (CHAIN 4).

SAMPLING
SAMPLING FOR MODEL 'anon_model FOR MODEL 'anon_model' NOW (CHAIN ' NOW (CHAIN 23).
).
Chain Chain 4: 1: 

Chain 4Chain 1: Gradient evaluation took 0.008556 seconds: Gradient evaluation took 0.008574 seconds

Chain 4Chain 1: 1000 transitions using 10 leapfrog steps per transition would take 85.56 seconds.: 1000 transitions using 10 leapfrog steps per transition would take 85.74 seconds.

Chain Chain 41: : Adjust your expectations accordingly!Adjust your expectations accordingly!

Chain 1Chain 4: 
: 
Chain 1Chain 4: 
: 
Chain 2: 
Chain Chain 23: : Gradient evaluation took 0.008468 seconds

Chain 3Chain 2: Gradient evaluation took 0.008433 seconds: 1000 transitions using 10 leapfrog steps per transition would take 84.68 seconds.

Chain Chain 32: : 1000 transitions using 10 leapfrog steps per transition would take 84.33 seconds.Adjust your expectations accordingly!
Chain 4
Chain Chain 2: Iteration:    1 / 10000 [  0%]  (Warmup)3: : 

Adjust your expectations accordingly!
Chain 2Chain 1Chain 3: 
: Iteration:    1 / 10000 [  0%]  (Warmup): 

Chain 3: 
Chain 2: Iteration:    1 / 10000 [  0%]  (Warmup)
Chain 3: Iteration:    1 / 10000 [  0%]  (Warmup)
Chain 4: Iteration: 1000 / 10000 [ 10%]  (Warmup)
Chain 2: Iteration: 1000 / 10000 [ 10%]  (Warmup)
Chain 3: Iteration: 1000 / 10000 [ 10%]  (Warmup)
Chain 1: Iteration: 1000 / 10000 [ 10%]  (Warmup)
Chain 4: Iteration: 2000 / 10000 [ 20%]  (Warmup)
Chain 3: Iteration: 2000 / 10000 [ 20%]  (Warmup)
Chain 4: Iteration: 3000 / 10000 [ 30%]  (Warmup)
Chain 2: Iteration: 2000 / 10000 [ 20%]  (Warmup)
Chain 1: Iteration: 2000 / 10000 [ 20%]  (Warmup)
Chain 4: Iteration: 4000 / 10000 [ 40%]  (Warmup)
Chain 3: Iteration: 3000 / 10000 [ 30%]  (Warmup)
Chain 2: Iteration: 3000 / 10000 [ 30%]  (Warmup)
Chain 4: Iteration: 5000 / 10000 [ 50%]  (Warmup)
Chain 4: Iteration: 5001 / 10000 [ 50%]  (Sampling)
Chain 1: Iteration: 3000 / 10000 [ 30%]  (Warmup)
Chain 3: Iteration: 4000 / 10000 [ 40%]  (Warmup)
Chain 4: Iteration: 6000 / 10000 [ 60%]  (Sampling)
Chain 3: Iteration: 5000 / 10000 [ 50%]  (Warmup)
Chain 3: Iteration: 5001 / 10000 [ 50%]  (Sampling)
Chain 2: Iteration: 4000 / 10000 [ 40%]  (Warmup)
Chain 4: Iteration: 7000 / 10000 [ 70%]  (Sampling)
Chain 1: Iteration: 4000 / 10000 [ 40%]  (Warmup)
Chain 3: Iteration: 6000 / 10000 [ 60%]  (Sampling)
Chain 4: Iteration: 8000 / 10000 [ 80%]  (Sampling)
Chain 3: Iteration: 7000 / 10000 [ 70%]  (Sampling)
Chain 2: Iteration: 5000 / 10000 [ 50%]  (Warmup)
Chain 2: Iteration: 5001 / 10000 [ 50%]  (Sampling)
Chain 4: Iteration: 9000 / 10000 [ 90%]  (Sampling)
Chain 1: Iteration: 5000 / 10000 [ 50%]  (Warmup)
Chain 1: Iteration: 5001 / 10000 [ 50%]  (Sampling)
Chain 3: Iteration: 8000 / 10000 [ 80%]  (Sampling)
Chain 4: Iteration: 10000 / 10000 [100%]  (Sampling)
Chain 4: 
Chain 4:  Elapsed Time: 37915.8 seconds (Warm-up)
Chain 4:                33155 seconds (Sampling)
Chain 4:                71070.8 seconds (Total)
Chain 4: 
Chain 3: Iteration: 9000 / 10000 [ 90%]  (Sampling)
Chain 2: Iteration: 6000 / 10000 [ 60%]  (Sampling)
Chain 1: Iteration: 6000 / 10000 [ 60%]  (Sampling)
Chain 3: Iteration: 10000 / 10000 [100%]  (Sampling)
Chain 3: 
Chain 3:  Elapsed Time: 50174.9 seconds (Warm-up)
Chain 3:                32527.2 seconds (Sampling)
Chain 3:                82702.1 seconds (Total)
Chain 3: 
Chain 2: Iteration: 7000 / 10000 [ 70%]  (Sampling)
Chain 1: Iteration: 7000 / 10000 [ 70%]  (Sampling)
Chain 2: Iteration: 8000 / 10000 [ 80%]  (Sampling)
Chain 1: Iteration: 8000 / 10000 [ 80%]  (Sampling)
Chain 2: Iteration: 9000 / 10000 [ 90%]  (Sampling)
Chain 1: Iteration: 9000 / 10000 [ 90%]  (Sampling)
Chain 2: Iteration: 10000 / 10000 [100%]  (Sampling)
Chain 2: 
Chain 2:  Elapsed Time: 63609.3 seconds (Warm-up)
Chain 2:                62077.7 seconds (Sampling)
Chain 2:                125687 seconds (Total)
Chain 2: 
Chain 1: Iteration: 10000 / 10000 [100%]  (Sampling)
Chain 1: 
Chain 1:  Elapsed Time: 65615.4 seconds (Warm-up)
Chain 1:                61749.8 seconds (Sampling)
Chain 1:                127365 seconds (Total)
Chain 1: 
Time difference of 1.480483 days
Sample size: 3665 
Inference for Stan model: anon_model.
4 chains, each with iter=10000; warmup=5000; thin=1; 
post-warmup draws per chain=5000, total post-warmup draws=20000.

       mean se_mean    sd   2.5%    25%    50%    75% 97.5% n_eff  Rhat
A     11.14    5.32  7.57  -3.89  11.26  15.41  15.56 15.82     2 20.09
B    -12.39    2.16  3.06 -14.38 -14.20 -14.10 -12.17 -6.82     2 26.10
C      5.68    4.10  5.81   1.91   2.22   2.42   6.16 16.17     2 26.50
K      9.18    1.38  2.08   6.39   7.57   8.59  11.65 13.10     2  3.11
u0    -0.56   12.27 17.39 -33.50  -0.19   9.37   9.55  9.79     2 36.71
v0    12.02    0.83  1.19  10.91  11.26  11.49  12.33 14.56     2  8.22
w0     4.16    3.67  5.20  -5.66   4.20   7.14   7.19  7.27     2 36.48
s_l    8.77    4.95  7.01   4.53   4.68   4.78   8.57 21.60     2 25.67
s_b    4.74    2.21  3.13   2.80   2.90   2.97   4.63 10.66     2 24.80
nu_l   2.12    0.24  0.35   1.77   1.88   1.96   2.21  2.88     2  3.98
nu_b   2.21    0.33  0.47   1.79   1.91   1.98   2.37  3.18     2  5.14

Samples were drawn using NUTS(diag_e) at Wed Oct 15 21:07:16 2025.
For each parameter, n_eff is a crude measure of effective sample size,
and Rhat is the potential scale reduction factor on split chains (at 
convergence, Rhat=1).
null device 
          1 
A <- 11.13953 
B <- -12.38543 
C <- 5.676144 
K <- 9.179976 
u0 <- -0.5638175 
v0 <- 12.02474 
w0 <- 4.1635 
s_l <- 8.772907 
s_b <- 4.740219 
nu_l <- 2.115701 
nu_b <- 2.213982 
scale t dist mul: 8.773 
scale t dist mub: 4.74 
------------------------------------------------------
Job ends
