------------------------------------------------------
Job is running on node ------------------------------------------------------
SLURM: qsub is running on headnode2
SLURM: originating queue is core32
SLURM: executing queue is 
SLURM: working directory is /beegfs/car/bxster25/circ-oc-sscu
SLURM: execution mode is 
SLURM: job identifier is 9463
SLURM: job name is stan6_circ_core32
SLURM: node file is node070
SLURM: current home directory is /home2/bxster25
SLURM: PATH = /usr/local/bin:/usr/local/sbin:/usr/share/Modules/bin:/usr/local/bin:/usr/bin:/usr/local/sbin:/usr/sbin
LD PATH =
------------------------------------------------------
Usage: Rscript [options] file [args]
   or: Rscript [options] -e expr [-e expr2 ...] [args]
A binary front-end to R, for use in scripting applications.

Options:
  --help              Print usage and exit
  --version           Print version and exit
  --verbose           Print information on progress
  --default-packages=LIST  Attach these packages on startup;
                        a comma-separated LIST of package names, or 'NULL'
and options to R (in addition to --no-echo --no-restore), for example:
  --save              Do save workspace at the end of the session
  --no-environ        Don't read the site and user environment files
  --no-site-file      Don't read the site-wide Rprofile
  --no-init-file      Don't read the user R profile
  --restore           Do restore previously saved objects at startup
  --vanilla           Combine --no-save, --no-restore, --no-site-file,
                        --no-init-file and --no-environ

Expressions (one or more '-e <expr>') may be used *instead* of 'file'.
Any additional 'args' can be accessed from R via 'commandArgs(TRUE)'.
See also  ?Rscript  from within R.
/soft/R-4.4.2/bin/Rscript

SAMPLING FOR MODEL 'anon_model' NOW (CHAIN 1).

SAMPLING FOR MODEL 'anon_model' NOW (CHAIN 
SAMPLING3).
 FOR MODEL 'anon_model' NOW (CHAIN 
2).
SAMPLING FOR MODEL 'anon_model' NOW (CHAIN 4).
Chain 1: 
Chain 4Chain 2Chain 1Chain 3: 
: 
: Gradient evaluation took 0.015494 seconds: 
Chain 4Chain 2
Chain 3: Gradient evaluation took 0.016412 seconds: Gradient evaluation took 0.016092 secondsChain 1: Gradient evaluation took 0.014943 seconds

Chain : 1000 transitions using 10 leapfrog steps per transition would take 154.94 seconds.
Chain 42: 
Chain Chain 3: 1000 transitions using 10 leapfrog steps per transition would take 164.12 seconds.1000 transitions using 10 leapfrog steps per transition would take 160.92 seconds.
1: : 1000 transitions using 10 leapfrog steps per transition would take 149.43 seconds.
Chain Chain 2Adjust your expectations accordingly!

Chain 4: : Adjust your expectations accordingly!Chain 3: Adjust your expectations accordingly!

Chain 1: Adjust your expectations accordingly!
Chain 42: 
Chain Chain 3: 

Chain 1: : 
Chain 42: 
Chain 3: 

: 
Chain 4: Iteration:    1 / 8000 [  0%]  (Warmup)Chain 
1: Chain Iteration:    1 / 8000 [  0%]  (Warmup)
3: Chain Iteration:    1 / 8000 [  0%]  (Warmup)
2: Iteration:    1 / 8000 [  0%]  (Warmup)
Chain 4: Iteration:  800 / 8000 [ 10%]  (Warmup)
Chain 2: Iteration:  800 / 8000 [ 10%]  (Warmup)
Chain 1: Iteration:  800 / 8000 [ 10%]  (Warmup)
Chain 3: Iteration:  800 / 8000 [ 10%]  (Warmup)
Chain 4: Iteration: 1600 / 8000 [ 20%]  (Warmup)
Chain 2: Iteration: 1600 / 8000 [ 20%]  (Warmup)
Chain 3: Iteration: 1600 / 8000 [ 20%]  (Warmup)
Chain 1: Iteration: 1600 / 8000 [ 20%]  (Warmup)
Chain 4: Iteration: 2400 / 8000 [ 30%]  (Warmup)
Chain 4: Iteration: 3200 / 8000 [ 40%]  (Warmup)
Chain 2: Iteration: 2400 / 8000 [ 30%]  (Warmup)
Chain 3: Iteration: 2400 / 8000 [ 30%]  (Warmup)
Chain 1: Iteration: 2400 / 8000 [ 30%]  (Warmup)
Chain 4: Iteration: 4000 / 8000 [ 50%]  (Warmup)
Chain 4: Iteration: 4001 / 8000 [ 50%]  (Sampling)
Chain 4: Iteration: 4800 / 8000 [ 60%]  (Sampling)
Chain 2: Iteration: 3200 / 8000 [ 40%]  (Warmup)
Chain 3: Iteration: 3200 / 8000 [ 40%]  (Warmup)
Chain 1: Iteration: 3200 / 8000 [ 40%]  (Warmup)
Chain 4: Iteration: 5600 / 8000 [ 70%]  (Sampling)
Chain 4: Iteration: 6400 / 8000 [ 80%]  (Sampling)
Chain 2: Iteration: 4000 / 8000 [ 50%]  (Warmup)
Chain 2: Iteration: 4001 / 8000 [ 50%]  (Sampling)
Chain 3: Iteration: 4000 / 8000 [ 50%]  (Warmup)
Chain 3: Iteration: 4001 / 8000 [ 50%]  (Sampling)
Chain 1: Iteration: 4000 / 8000 [ 50%]  (Warmup)
Chain 1: Iteration: 4001 / 8000 [ 50%]  (Sampling)
Chain 4: Iteration: 7200 / 8000 [ 90%]  (Sampling)
Chain 4: Iteration: 8000 / 8000 [100%]  (Sampling)
Chain 4: 
Chain 4:  Elapsed Time: 74599 seconds (Warm-up)
Chain 4:                59714.4 seconds (Sampling)
Chain 4:                134313 seconds (Total)
Chain 4: 
Chain 2: Iteration: 4800 / 8000 [ 60%]  (Sampling)
Chain 3: Iteration: 4800 / 8000 [ 60%]  (Sampling)
Chain 1: Iteration: 4800 / 8000 [ 60%]  (Sampling)
Chain 2: Iteration: 5600 / 8000 [ 70%]  (Sampling)
Chain 3: Iteration: 5600 / 8000 [ 70%]  (Sampling)
Chain 1: Iteration: 5600 / 8000 [ 70%]  (Sampling)
Chain 2: Iteration: 6400 / 8000 [ 80%]  (Sampling)
Chain 2: Iteration: 7200 / 8000 [ 90%]  (Sampling)
Chain 3: Iteration: 6400 / 8000 [ 80%]  (Sampling)
Chain 1: Iteration: 6400 / 8000 [ 80%]  (Sampling)
Chain 2: Iteration: 8000 / 8000 [100%]  (Sampling)
Chain 2: 
Chain 2:  Elapsed Time: 116312 seconds (Warm-up)
Chain 2:                80185.3 seconds (Sampling)
Chain 2:                196497 seconds (Total)
Chain 2: 
Chain 3: Iteration: 7200 / 8000 [ 90%]  (Sampling)
Chain 1: Iteration: 7200 / 8000 [ 90%]  (Sampling)
Chain 3: Iteration: 8000 / 8000 [100%]  (Sampling)
Chain 1: Iteration: 8000 / 8000 [100%]  (Sampling)
Chain 3: 
Chain 3:  Elapsed Time: 118025 seconds (Warm-up)
Chain 3:                101297 seconds (Sampling)
Chain 3:                219322 seconds (Total)
Chain 3: 
Chain 1: 
Chain 1:  Elapsed Time: 118208 seconds (Warm-up)
Chain 1:                101118 seconds (Sampling)
Chain 1:                219326 seconds (Total)
Chain 1: 
Time difference of 2.543844 days
Sample size: 3664 
Inference for Stan model: anon_model.
4 chains, each with iter=8000; warmup=4000; thin=1; 
post-warmup draws per chain=4000, total post-warmup draws=16000.

       mean se_mean   sd   2.5%    25%    50%    75%  97.5% n_eff Rhat
A     15.54    0.04 0.19  15.15  15.41  15.55  15.66  15.90    25 1.19
B    -14.13    0.04 0.15 -14.44 -14.24 -14.12 -14.03 -13.84    14 1.38
u0    10.18    0.07 0.16   9.86  10.07  10.18  10.29  10.48     6 1.56
v0    11.62    0.08 0.21  11.19  11.48  11.61  11.77  12.04     7 1.50
w0     7.11    0.07 0.11   6.93   7.01   7.12   7.19   7.36     3 2.69
s_l    4.66    0.05 0.13   4.41   4.57   4.66   4.75   4.91     6 1.24
s_b    2.99    0.03 0.08   2.83   2.93   2.99   3.04   3.15     6 1.22
nu_l   1.94    0.07 0.13   1.70   1.85   1.94   2.03   2.17     3 1.72
nu_b   2.09    0.08 0.14   1.82   1.98   2.09   2.19   2.36     3 1.66

Samples were drawn using NUTS(diag_e) at Sun Oct 12 04:18:38 2025.
For each parameter, n_eff is a crude measure of effective sample size,
and Rhat is the potential scale reduction factor on split chains (at 
convergence, Rhat=1).
null device 
          1 
A <- 15.54016 
B <- -14.13493 
u0 <- 10.17656 
v0 <- 11.6223 
w0 <- 7.109271 
s_l <- 4.662222 
s_b <- 2.988714 
nu_l <- 1.93858 
nu_b <- 2.086185 
scale t dist mul: 4.662 
scale t dist mub: 2.989 
------------------------------------------------------
Job ends
