------------------------------------------------------
Job is running on node ------------------------------------------------------
SLURM: qsub is running on headnode2
SLURM: originating queue is core32
SLURM: executing queue is 
SLURM: working directory is /beegfs/car/bxster25/circ-oc-sscu
SLURM: execution mode is 
SLURM: job identifier is 9471
SLURM: job name is stan14_circ_core32
SLURM: node file is node027
SLURM: current home directory is /home2/bxster25
SLURM: PATH = /usr/local/bin:/usr/local/sbin:/usr/share/Modules/bin:/usr/local/bin:/usr/bin:/usr/local/sbin:/usr/sbin
LD PATH =
------------------------------------------------------
Usage: Rscript [options] file [args]
   or: Rscript [options] -e expr [-e expr2 ...] [args]
A binary front-end to R, for use in scripting applications.

Options:
  --help              Print usage and exit
  --version           Print version and exit
  --verbose           Print information on progress
  --default-packages=LIST  Attach these packages on startup;
                        a comma-separated LIST of package names, or 'NULL'
and options to R (in addition to --no-echo --no-restore), for example:
  --save              Do save workspace at the end of the session
  --no-environ        Don't read the site and user environment files
  --no-site-file      Don't read the site-wide Rprofile
  --no-init-file      Don't read the user R profile
  --restore           Do restore previously saved objects at startup
  --vanilla           Combine --no-save, --no-restore, --no-site-file,
                        --no-init-file and --no-environ

Expressions (one or more '-e <expr>') may be used *instead* of 'file'.
Any additional 'args' can be accessed from R via 'commandArgs(TRUE)'.
See also  ?Rscript  from within R.
/soft/R-4.4.2/bin/Rscript

SAMPLING FOR MODEL 'anon_model' NOW (CHAIN 
SAMPLING1).
 FOR MODEL 'anon_model
SAMPLING
SAMPLING' NOW (CHAIN  FOR MODEL 'anon_model FOR MODEL 'anon_model4).
' NOW (CHAIN 3' NOW (CHAIN ).
2).
Chain 4: 
Chain 4: Gradient evaluation took 0.009053 seconds
Chain 4: 1000 transitions using 10 leapfrog steps per transition would take 90.53 seconds.
Chain 4: Adjust your expectations accordingly!
Chain 4: 
Chain 4: 
Chain 2: 
Chain 2: Gradient evaluation took 0.009102 seconds
Chain 2: 1000 transitions using 10 leapfrog steps per transition would take 91.02 seconds.
Chain 2: Adjust your expectations accordingly!
Chain 2: 
Chain 2: 
Chain 4: Iteration:    1 / 8000 [  0%]  (Warmup)
Chain 2: Iteration:    1 / 8000 [  0%]  (Warmup)
Chain 3: 
Chain 3: Gradient evaluation took 0.009268 secondsChain 
1: Chain 3
: Chain 1000 transitions using 10 leapfrog steps per transition would take 92.68 seconds.1: 
Gradient evaluation took 0.009335 seconds
Chain 3Chain 1: : 1000 transitions using 10 leapfrog steps per transition would take 93.35 seconds.Adjust your expectations accordingly!

Chain Chain 3: 1: 
Chain Adjust your expectations accordingly!
3: Chain 
1: 
Chain 1: 
Chain 3: Iteration:    1 / 8000 [  0%]  (Warmup)
Chain 1: Iteration:    1 / 8000 [  0%]  (Warmup)
Chain 3: Iteration:  800 / 8000 [ 10%]  (Warmup)
Chain 4: Iteration:  800 / 8000 [ 10%]  (Warmup)
Chain 2: Iteration:  800 / 8000 [ 10%]  (Warmup)
Chain 1: Iteration:  800 / 8000 [ 10%]  (Warmup)
Chain 4: Iteration: 1600 / 8000 [ 20%]  (Warmup)
Chain 3: Iteration: 1600 / 8000 [ 20%]  (Warmup)
Chain 2: Iteration: 1600 / 8000 [ 20%]  (Warmup)
Chain 1: Iteration: 1600 / 8000 [ 20%]  (Warmup)
Chain 4: Iteration: 2400 / 8000 [ 30%]  (Warmup)
Chain 3: Iteration: 2400 / 8000 [ 30%]  (Warmup)
Chain 2: Iteration: 2400 / 8000 [ 30%]  (Warmup)
Chain 4: Iteration: 3200 / 8000 [ 40%]  (Warmup)
Chain 1: Iteration: 2400 / 8000 [ 30%]  (Warmup)
Chain 4: Iteration: 4000 / 8000 [ 50%]  (Warmup)
Chain 4: Iteration: 4001 / 8000 [ 50%]  (Sampling)
Chain 3: Iteration: 3200 / 8000 [ 40%]  (Warmup)
Chain 2: Iteration: 3200 / 8000 [ 40%]  (Warmup)
Chain 1: Iteration: 3200 / 8000 [ 40%]  (Warmup)
Chain 4: Iteration: 4800 / 8000 [ 60%]  (Sampling)
Chain 2: Iteration: 4000 / 8000 [ 50%]  (Warmup)
Chain 2: Iteration: 4001 / 8000 [ 50%]  (Sampling)
Chain 3: Iteration: 4000 / 8000 [ 50%]  (Warmup)
Chain 3: Iteration: 4001 / 8000 [ 50%]  (Sampling)
Chain 2: Iteration: 4800 / 8000 [ 60%]  (Sampling)
Chain 1: Iteration: 4000 / 8000 [ 50%]  (Warmup)
Chain 1: Iteration: 4001 / 8000 [ 50%]  (Sampling)
Chain 2: Iteration: 5600 / 8000 [ 70%]  (Sampling)
Chain 2: Iteration: 6400 / 8000 [ 80%]  (Sampling)
Chain 2: Iteration: 7200 / 8000 [ 90%]  (Sampling)
Chain 2: Iteration: 8000 / 8000 [100%]  (Sampling)
Chain 2: 
Chain 2:  Elapsed Time: 58410.9 seconds (Warm-up)
Chain 2:                7700.98 seconds (Sampling)
Chain 2:                66111.9 seconds (Total)
Chain 2: 
Chain 4: Iteration: 5600 / 8000 [ 70%]  (Sampling)
Chain 3: Iteration: 4800 / 8000 [ 60%]  (Sampling)
Chain 1: Iteration: 4800 / 8000 [ 60%]  (Sampling)
Chain 4: Iteration: 6400 / 8000 [ 80%]  (Sampling)
Chain 3: Iteration: 5600 / 8000 [ 70%]  (Sampling)
Chain 1: Iteration: 5600 / 8000 [ 70%]  (Sampling)
Chain 4: Iteration: 7200 / 8000 [ 90%]  (Sampling)
Chain 3: Iteration: 6400 / 8000 [ 80%]  (Sampling)
Chain 1: Iteration: 6400 / 8000 [ 80%]  (Sampling)
Chain 4: Iteration: 8000 / 8000 [100%]  (Sampling)
Chain 4: 
Chain 4:  Elapsed Time: 44873.7 seconds (Warm-up)
Chain 4:                51556.4 seconds (Sampling)
Chain 4:                96430.1 seconds (Total)
Chain 4: 
Chain 3: Iteration: 7200 / 8000 [ 90%]  (Sampling)
Chain 1: Iteration: 7200 / 8000 [ 90%]  (Sampling)
Chain 3: Iteration: 8000 / 8000 [100%]  (Sampling)
Chain 3: 
Chain 3:  Elapsed Time: 58481.6 seconds (Warm-up)
Chain 3:                57338.3 seconds (Sampling)
Chain 3:                115820 seconds (Total)
Chain 3: 
Chain 1: Iteration: 8000 / 8000 [100%]  (Sampling)
Chain 1: 
Chain 1:  Elapsed Time: 60948 seconds (Warm-up)
Chain 1:                56647.3 seconds (Sampling)
Chain 1:                117595 seconds (Total)
Chain 1: 
Time difference of 1.36477 days
Sample size: 3664 
Inference for Stan model: anon_model.
4 chains, each with iter=8000; warmup=4000; thin=1; 
post-warmup draws per chain=4000, total post-warmup draws=16000.

       mean se_mean   sd   2.5%    25%    50%    75%  97.5% n_eff Rhat
A     14.99    0.01 0.17  14.65  14.87  14.99  15.10  15.30   221 1.02
B    -14.42    0.01 0.13 -14.69 -14.51 -14.43 -14.33 -14.17   196 1.06
u0    10.17    0.04 0.16   9.84  10.06  10.16  10.28  10.48    15 1.15
v0    11.39    0.02 0.14  11.10  11.30  11.39  11.48  11.66    48 1.07
w0     7.04    0.01 0.07   6.90   6.99   7.05   7.09   7.18    29 1.12
s_l    4.49    0.10 0.18   4.17   4.36   4.49   4.62   4.84     3 1.71
s_b    3.07    0.07 0.12   2.86   2.97   3.05   3.15   3.31     3 1.77
nu_l   1.79    0.12 0.18   1.50   1.65   1.77   1.91   2.14     2 2.66
nu_b   2.26    0.19 0.29   1.88   2.04   2.19   2.46   2.87     2 2.85

Samples were drawn using NUTS(diag_e) at Sat Oct 11 00:02:46 2025.
For each parameter, n_eff is a crude measure of effective sample size,
and Rhat is the potential scale reduction factor on split chains (at 
convergence, Rhat=1).
null device 
          1 
A <- 14.98592 
B <- -14.42408 
u0 <- 10.16723 
v0 <- 11.39015 
w0 <- 7.042678 
s_l <- 4.492492 
s_b <- 3.065166 
nu_l <- 1.788357 
nu_b <- 2.26291 
scale t dist mul: 4.492 
scale t dist mub: 3.065 
------------------------------------------------------
Job ends
