------------------------------------------------------
Job is running on node ------------------------------------------------------
SLURM: qsub is running on headnode2
SLURM: originating queue is core32
SLURM: executing queue is 
SLURM: working directory is /beegfs/car/bxster25/circ-oc-sscu
SLURM: execution mode is 
SLURM: job identifier is 9461
SLURM: job name is stan4_circ_core32
SLURM: node file is node001
SLURM: current home directory is /home2/bxster25
SLURM: PATH = /usr/local/bin:/usr/local/sbin:/usr/share/Modules/bin:/usr/local/bin:/usr/bin:/usr/local/sbin:/usr/sbin
LD PATH =
------------------------------------------------------
Usage: Rscript [options] file [args]
   or: Rscript [options] -e expr [-e expr2 ...] [args]
A binary front-end to R, for use in scripting applications.

Options:
  --help              Print usage and exit
  --version           Print version and exit
  --verbose           Print information on progress
  --default-packages=LIST  Attach these packages on startup;
                        a comma-separated LIST of package names, or 'NULL'
and options to R (in addition to --no-echo --no-restore), for example:
  --save              Do save workspace at the end of the session
  --no-environ        Don't read the site and user environment files
  --no-site-file      Don't read the site-wide Rprofile
  --no-init-file      Don't read the user R profile
  --restore           Do restore previously saved objects at startup
  --vanilla           Combine --no-save, --no-restore, --no-site-file,
                        --no-init-file and --no-environ

Expressions (one or more '-e <expr>') may be used *instead* of 'file'.
Any additional 'args' can be accessed from R via 'commandArgs(TRUE)'.
See also  ?Rscript  from within R.
/soft/R-4.4.2/bin/Rscript

SAMPLING

 FOR MODEL 'anon_modelSAMPLING FOR MODEL 'SAMPLING' NOW (CHAIN anon_model' NOW (CHAIN  FOR MODEL '3).
2).
anon_model' NOW (CHAIN 1
SAMPLING).
 FOR MODEL 'anon_model' NOW (CHAIN 4).
Chain 3: 
Chain 3: Gradient evaluation took 0.00901 seconds
Chain 3: 1000 transitions using 10 leapfrog steps per transition would take 90.1 seconds.
Chain 3: Adjust your expectations accordingly!
Chain 3: 
Chain 3: 
Chain 4: 
Chain 4: Gradient evaluation took 0.008649 seconds
Chain 4: 1000 transitions using 10 leapfrog steps per transition would take 86.49 seconds.
Chain 4: Adjust your expectations accordingly!
Chain 4: 
Chain 4: 
Chain 2: 
Chain 2: Gradient evaluation took 0.008542 seconds
Chain 2: 1000 transitions using 10 leapfrog steps per transition would take 85.42 seconds.
Chain 2: Adjust your expectations accordingly!
Chain 2: 
Chain 2: 
Chain 1: 
Chain 1: Gradient evaluation took 0.008607 seconds
Chain 1: 1000 transitions using 10 leapfrog steps per transition would take 86.07 seconds.
Chain 1: Adjust your expectations accordingly!
Chain 1: 
Chain 1: 
Chain 3: Iteration:    1 / 8000 [  0%]  (Warmup)
Chain 4: Iteration:    1 / 8000 [  0%]  (Warmup)
Chain 2: Iteration:    1 / 8000 [  0%]  (Warmup)
Chain 1: Iteration:    1 / 8000 [  0%]  (Warmup)
Chain 1: Iteration:  800 / 8000 [ 10%]  (Warmup)
Chain 3: Iteration:  800 / 8000 [ 10%]  (Warmup)
Chain 2: Iteration:  800 / 8000 [ 10%]  (Warmup)
Chain 4: Iteration:  800 / 8000 [ 10%]  (Warmup)
Chain 1: Iteration: 1600 / 8000 [ 20%]  (Warmup)
Chain 1: Iteration: 2400 / 8000 [ 30%]  (Warmup)
Chain 2: Iteration: 1600 / 8000 [ 20%]  (Warmup)
Chain 3: Iteration: 1600 / 8000 [ 20%]  (Warmup)
Chain 4: Iteration: 1600 / 8000 [ 20%]  (Warmup)
Chain 1: Iteration: 3200 / 8000 [ 40%]  (Warmup)
Chain 1: Iteration: 4000 / 8000 [ 50%]  (Warmup)
Chain 1: Iteration: 4001 / 8000 [ 50%]  (Sampling)
Chain 2: Iteration: 2400 / 8000 [ 30%]  (Warmup)
Chain 3: Iteration: 2400 / 8000 [ 30%]  (Warmup)
Chain 4: Iteration: 2400 / 8000 [ 30%]  (Warmup)
Chain 1: Iteration: 4800 / 8000 [ 60%]  (Sampling)
Chain 1: Iteration: 5600 / 8000 [ 70%]  (Sampling)
Chain 2: Iteration: 3200 / 8000 [ 40%]  (Warmup)
Chain 3: Iteration: 3200 / 8000 [ 40%]  (Warmup)
Chain 1: Iteration: 6400 / 8000 [ 80%]  (Sampling)
Chain 4: Iteration: 3200 / 8000 [ 40%]  (Warmup)
Chain 1: Iteration: 7200 / 8000 [ 90%]  (Sampling)
Chain 2: Iteration: 4000 / 8000 [ 50%]  (Warmup)
Chain 2: Iteration: 4001 / 8000 [ 50%]  (Sampling)
Chain 1: Iteration: 8000 / 8000 [100%]  (Sampling)
Chain 1: 
Chain 1:  Elapsed Time: 31397 seconds (Warm-up)
Chain 1:                30029.2 seconds (Sampling)
Chain 1:                61426.2 seconds (Total)
Chain 1: 
Chain 3: Iteration: 4000 / 8000 [ 50%]  (Warmup)
Chain 3: Iteration: 4001 / 8000 [ 50%]  (Sampling)
Chain 4: Iteration: 4000 / 8000 [ 50%]  (Warmup)
Chain 4: Iteration: 4001 / 8000 [ 50%]  (Sampling)
Chain 2: Iteration: 4800 / 8000 [ 60%]  (Sampling)
Chain 3: Iteration: 4800 / 8000 [ 60%]  (Sampling)
Chain 4: Iteration: 4800 / 8000 [ 60%]  (Sampling)
Chain 2: Iteration: 5600 / 8000 [ 70%]  (Sampling)
Chain 3: Iteration: 5600 / 8000 [ 70%]  (Sampling)
Chain 4: Iteration: 5600 / 8000 [ 70%]  (Sampling)
Chain 2: Iteration: 6400 / 8000 [ 80%]  (Sampling)
Chain 3: Iteration: 6400 / 8000 [ 80%]  (Sampling)
Chain 4: Iteration: 6400 / 8000 [ 80%]  (Sampling)
Chain 2: Iteration: 7200 / 8000 [ 90%]  (Sampling)
Chain 3: Iteration: 7200 / 8000 [ 90%]  (Sampling)
Chain 4: Iteration: 7200 / 8000 [ 90%]  (Sampling)
Chain 2: Iteration: 8000 / 8000 [100%]  (Sampling)
Chain 2: 
Chain 2:  Elapsed Time: 59103.3 seconds (Warm-up)
Chain 2:                60957.8 seconds (Sampling)
Chain 2:                120061 seconds (Total)
Chain 2: 
Chain 3: Iteration: 8000 / 8000 [100%]  (Sampling)
Chain 3: 
Chain 3:  Elapsed Time: 61625.1 seconds (Warm-up)
Chain 3:                61467.9 seconds (Sampling)
Chain 3:                123093 seconds (Total)
Chain 3: 
Chain 4: Iteration: 8000 / 8000 [100%]  (Sampling)
Chain 4: 
Chain 4:  Elapsed Time: 62285.4 seconds (Warm-up)
Chain 4:                62162.4 seconds (Sampling)
Chain 4:                124448 seconds (Total)
Chain 4: 
Time difference of 1.444384 days
Sample size: 3665 
Inference for Stan model: anon_model.
4 chains, each with iter=8000; warmup=4000; thin=1; 
post-warmup draws per chain=4000, total post-warmup draws=16000.

       mean se_mean   sd   2.5%    25%    50%    75%  97.5% n_eff Rhat
A     15.62    0.03 0.18  15.25  15.50  15.63  15.75  15.93    35 1.14
B    -14.28    0.01 0.13 -14.54 -14.36 -14.28 -14.19 -14.02    97 1.06
u0    10.14    0.02 0.15   9.83  10.05  10.16  10.23  10.42    53 1.08
v0    11.41    0.04 0.17  11.03  11.31  11.43  11.53  11.67    23 1.13
w0     7.05    0.04 0.09   6.88   6.99   7.06   7.11   7.21     6 1.38
s_l    4.79    0.05 0.13   4.55   4.70   4.79   4.88   5.05     7 1.20
s_b    3.16    0.05 0.10   2.97   3.08   3.15   3.23   3.35     4 1.43
nu_l   1.96    0.07 0.13   1.75   1.87   1.95   2.04   2.24     3 1.70
nu_b   2.21    0.12 0.19   1.90   2.06   2.19   2.36   2.60     3 2.07

Samples were drawn using NUTS(diag_e) at Sat Oct 11 01:56:59 2025.
For each parameter, n_eff is a crude measure of effective sample size,
and Rhat is the potential scale reduction factor on split chains (at 
convergence, Rhat=1).
null device 
          1 
A <- 15.622 
B <- -14.27699 
u0 <- 10.14383 
v0 <- 11.41163 
w0 <- 7.051078 
s_l <- 4.789464 
s_b <- 3.155085 
nu_l <- 1.962363 
nu_b <- 2.214505 
scale t dist mul: 4.789 
scale t dist mub: 3.155 
------------------------------------------------------
Job ends
