------------------------------------------------------
Job is running on node ------------------------------------------------------
SLURM: qsub is running on headnode2
SLURM: originating queue is core32
SLURM: executing queue is 
SLURM: working directory is /beegfs/car/bxster25/circ-oc-sscu
SLURM: execution mode is 
SLURM: job identifier is 9466
SLURM: job name is stan9_circ_core32
SLURM: node file is node047
SLURM: current home directory is /home2/bxster25
SLURM: PATH = /usr/local/bin:/usr/local/sbin:/usr/share/Modules/bin:/usr/local/bin:/usr/bin:/usr/local/sbin:/usr/sbin
LD PATH =
------------------------------------------------------
Usage: Rscript [options] file [args]
   or: Rscript [options] -e expr [-e expr2 ...] [args]
A binary front-end to R, for use in scripting applications.

Options:
  --help              Print usage and exit
  --version           Print version and exit
  --verbose           Print information on progress
  --default-packages=LIST  Attach these packages on startup;
                        a comma-separated LIST of package names, or 'NULL'
and options to R (in addition to --no-echo --no-restore), for example:
  --save              Do save workspace at the end of the session
  --no-environ        Don't read the site and user environment files
  --no-site-file      Don't read the site-wide Rprofile
  --no-init-file      Don't read the user R profile
  --restore           Do restore previously saved objects at startup
  --vanilla           Combine --no-save, --no-restore, --no-site-file,
                        --no-init-file and --no-environ

Expressions (one or more '-e <expr>') may be used *instead* of 'file'.
Any additional 'args' can be accessed from R via 'commandArgs(TRUE)'.
See also  ?Rscript  from within R.
/soft/R-4.4.2/bin/Rscript

SAMPLING FOR MODEL 'anon_model' NOW (CHAIN 3).

SAMPLING FOR MODEL 'anon_model' NOW (CHAIN 1).

SAMPLING FOR MODEL 'anon_model' NOW (CHAIN 4).

SAMPLING FOR MODEL 'anon_model' NOW (CHAIN 2).
Chain 3: 
Chain 3: Gradient evaluation took 0.027674 seconds
Chain 3: 1000 transitions using 10 leapfrog steps per transition would take 276.74 seconds.
Chain 3: Adjust your expectations accordingly!
Chain 3: 
Chain 3: 
Chain 2: 
Chain 2: Gradient evaluation took 0.026755 seconds
Chain 2: 1000 transitions using 10 leapfrog steps per transition would take 267.55 seconds.
Chain 2: Adjust your expectations accordingly!
Chain 2: 
Chain 2: 
Chain 4: 
Chain 4: Gradient evaluation took 0.027416 seconds
Chain 4: 1000 transitions using 10 leapfrog steps per transition would take 274.16 seconds.
Chain 4: Adjust your expectations accordingly!
Chain 4: 
Chain 4: 
Chain 1: 
Chain 1: Gradient evaluation took 0.026678 seconds
Chain 1: 1000 transitions using 10 leapfrog steps per transition would take 266.78 seconds.
Chain 1: Adjust your expectations accordingly!
Chain 1: 
Chain 1: 
Chain 3: Iteration:    1 / 8000 [  0%]  (Warmup)
Chain 2: Iteration:    1 / 8000 [  0%]  (Warmup)
Chain 4: Iteration:    1 / 8000 [  0%]  (Warmup)
Chain 1: Iteration:    1 / 8000 [  0%]  (Warmup)
Chain 1: Iteration:  800 / 8000 [ 10%]  (Warmup)
Chain 3: Iteration:  800 / 8000 [ 10%]  (Warmup)
Chain 2: Iteration:  800 / 8000 [ 10%]  (Warmup)
Chain 4: Iteration:  800 / 8000 [ 10%]  (Warmup)
Chain 1: Iteration: 1600 / 8000 [ 20%]  (Warmup)
Chain 2: Iteration: 1600 / 8000 [ 20%]  (Warmup)
Chain 1: Iteration: 2400 / 8000 [ 30%]  (Warmup)
Chain 3: Iteration: 1600 / 8000 [ 20%]  (Warmup)
Chain 2: Iteration: 2400 / 8000 [ 30%]  (Warmup)
Chain 4: Iteration: 1600 / 8000 [ 20%]  (Warmup)
Chain 1: Iteration: 3200 / 8000 [ 40%]  (Warmup)
Chain 2: Iteration: 3200 / 8000 [ 40%]  (Warmup)
Chain 1: Iteration: 4000 / 8000 [ 50%]  (Warmup)
Chain 1: Iteration: 4001 / 8000 [ 50%]  (Sampling)
Chain 4: Iteration: 2400 / 8000 [ 30%]  (Warmup)
Chain 3: Iteration: 2400 / 8000 [ 30%]  (Warmup)
Chain 2: Iteration: 4000 / 8000 [ 50%]  (Warmup)
Chain 2: Iteration: 4001 / 8000 [ 50%]  (Sampling)
Chain 1: Iteration: 4800 / 8000 [ 60%]  (Sampling)
Chain 2: Iteration: 4800 / 8000 [ 60%]  (Sampling)
Chain 4: Iteration: 3200 / 8000 [ 40%]  (Warmup)
Chain 1: Iteration: 5600 / 8000 [ 70%]  (Sampling)
Chain 3: Iteration: 3200 / 8000 [ 40%]  (Warmup)
Chain 2: Iteration: 5600 / 8000 [ 70%]  (Sampling)
Chain 1: Iteration: 6400 / 8000 [ 80%]  (Sampling)
Chain 4: Iteration: 4000 / 8000 [ 50%]  (Warmup)
Chain 4: Iteration: 4001 / 8000 [ 50%]  (Sampling)
Chain 2: Iteration: 6400 / 8000 [ 80%]  (Sampling)
Chain 1: Iteration: 7200 / 8000 [ 90%]  (Sampling)
Chain 3: Iteration: 4000 / 8000 [ 50%]  (Warmup)
Chain 3: Iteration: 4001 / 8000 [ 50%]  (Sampling)
Chain 4: Iteration: 4800 / 8000 [ 60%]  (Sampling)
Chain 2: Iteration: 7200 / 8000 [ 90%]  (Sampling)
Chain 1: Iteration: 8000 / 8000 [100%]  (Sampling)
Chain 1: 
Chain 1:  Elapsed Time: 91594.4 seconds (Warm-up)
Chain 1:                89519.3 seconds (Sampling)
Chain 1:                181114 seconds (Total)
Chain 1: 
Chain 4: Iteration: 5600 / 8000 [ 70%]  (Sampling)
Chain 2: Iteration: 8000 / 8000 [100%]  (Sampling)
Chain 2: 
Chain 2:  Elapsed Time: 98816.3 seconds (Warm-up)
Chain 2:                89535.4 seconds (Sampling)
Chain 2:                188352 seconds (Total)
Chain 2: 
Chain 3: Iteration: 4800 / 8000 [ 60%]  (Sampling)
Chain 4: Iteration: 6400 / 8000 [ 80%]  (Sampling)
Chain 4: Iteration: 7200 / 8000 [ 90%]  (Sampling)
Chain 3: Iteration: 5600 / 8000 [ 70%]  (Sampling)
Chain 4: Iteration: 8000 / 8000 [100%]  (Sampling)
Chain 4: 
Chain 4:  Elapsed Time: 150835 seconds (Warm-up)
Chain 4:                88425.8 seconds (Sampling)
Chain 4:                239261 seconds (Total)
Chain 4: 
Chain 3: Iteration: 6400 / 8000 [ 80%]  (Sampling)
Chain 3: Iteration: 7200 / 8000 [ 90%]  (Sampling)
Chain 3: Iteration: 8000 / 8000 [100%]  (Sampling)
Chain 3: 
Chain 3:  Elapsed Time: 166502 seconds (Warm-up)
Chain 3:                155607 seconds (Sampling)
Chain 3:                322108 seconds (Total)
Chain 3: 
Time difference of 3.742739 days
Sample size: 3664 
Inference for Stan model: anon_model.
4 chains, each with iter=8000; warmup=4000; thin=1; 
post-warmup draws per chain=4000, total post-warmup draws=16000.

       mean se_mean   sd   2.5%    25%    50%    75%  97.5% n_eff Rhat
A     15.66    0.06 0.20  15.28  15.53  15.66  15.79  16.03    11 1.17
B    -14.40    0.07 0.17 -14.71 -14.52 -14.41 -14.29 -14.08     6 1.29
u0    10.05    0.12 0.23   9.64   9.86  10.07  10.22  10.44     3 1.70
v0    11.48    0.06 0.16  11.17  11.37  11.49  11.60  11.81     6 1.33
w0     7.12    0.03 0.09   6.97   7.06   7.11   7.18   7.30     7 1.31
s_l    4.67    0.04 0.12   4.44   4.59   4.67   4.75   4.91     7 1.16
s_b    3.10    0.01 0.07   2.96   3.05   3.10   3.15   3.24    45 1.03
nu_l   2.03    0.06 0.12   1.81   1.95   2.04   2.11   2.25     4 1.45
nu_b   2.42    0.06 0.14   2.17   2.32   2.42   2.51   2.69     6 1.22

Samples were drawn using NUTS(diag_e) at Mon Oct 13 08:54:59 2025.
For each parameter, n_eff is a crude measure of effective sample size,
and Rhat is the potential scale reduction factor on split chains (at 
convergence, Rhat=1).
null device 
          1 
A <- 15.65706 
B <- -14.40294 
u0 <- 10.04968 
v0 <- 11.48492 
w0 <- 7.120179 
s_l <- 4.673672 
s_b <- 3.098117 
nu_l <- 2.032002 
nu_b <- 2.421091 
scale t dist mul: 4.674 
scale t dist mub: 3.098 
------------------------------------------------------
Job ends
