------------------------------------------------------
Job is running on node ------------------------------------------------------
SLURM: qsub is running on headnode2
SLURM: originating queue is core32
SLURM: executing queue is 
SLURM: working directory is /beegfs/car/bxster25/circ-oc-sscu
SLURM: execution mode is 
SLURM: job identifier is 9473
SLURM: job name is stan16_circ_core32
SLURM: node file is node028
SLURM: current home directory is /home2/bxster25
SLURM: PATH = /usr/local/bin:/usr/local/sbin:/usr/share/Modules/bin:/usr/local/bin:/usr/bin:/usr/local/sbin:/usr/sbin
LD PATH =
------------------------------------------------------
Usage: Rscript [options] file [args]
   or: Rscript [options] -e expr [-e expr2 ...] [args]
A binary front-end to R, for use in scripting applications.

Options:
  --help              Print usage and exit
  --version           Print version and exit
  --verbose           Print information on progress
  --default-packages=LIST  Attach these packages on startup;
                        a comma-separated LIST of package names, or 'NULL'
and options to R (in addition to --no-echo --no-restore), for example:
  --save              Do save workspace at the end of the session
  --no-environ        Don't read the site and user environment files
  --no-site-file      Don't read the site-wide Rprofile
  --no-init-file      Don't read the user R profile
  --restore           Do restore previously saved objects at startup
  --vanilla           Combine --no-save, --no-restore, --no-site-file,
                        --no-init-file and --no-environ

Expressions (one or more '-e <expr>') may be used *instead* of 'file'.
Any additional 'args' can be accessed from R via 'commandArgs(TRUE)'.
See also  ?Rscript  from within R.
/soft/R-4.4.2/bin/Rscript

SAMPLING FOR MODEL 'anon_model' NOW (CHAIN 1).

SAMPLING FOR MODEL 'anon_model' NOW (CHAIN 3).

SAMPLING FOR MODEL 'anon_model' NOW (CHAIN 2).

SAMPLING FOR MODEL 'anon_model' NOW (CHAIN 4).
Chain 2: 
Chain 2: Gradient evaluation took 0.009108 seconds
Chain 2: 1000 transitions using 10 leapfrog steps per transition would take 91.08 seconds.
Chain 2: Adjust your expectations accordingly!
Chain 2: 
Chain 2: 
Chain 1: 
Chain 1: Gradient evaluation took 0.009112 seconds
Chain 1: 1000 transitions using 10 leapfrog steps per transition would take 91.12 seconds.
Chain 1: Adjust your expectations accordingly!
Chain 1: 
Chain 1: 
Chain 2: Iteration:    1 / 8000 [  0%]  (Warmup)
Chain 3: 
Chain 3: Gradient evaluation took 0.009143 seconds
Chain 3: 1000 transitions using 10 leapfrog steps per transition would take 91.43 seconds.
Chain 3: Adjust your expectations accordingly!Chain 1
Chain : Iteration:    1 / 8000 [  0%]  (Warmup)3: 

Chain 3: 
Chain 4: 
Chain 4: Gradient evaluation took 0.00911 seconds
Chain 4: 1000 transitions using 10 leapfrog steps per transition would take 91.1 seconds.
Chain 4: Adjust your expectations accordingly!
Chain 4: 
Chain 4: 
Chain 3: Iteration:    1 / 8000 [  0%]  (Warmup)
Chain 4: Iteration:    1 / 8000 [  0%]  (Warmup)
Chain 2: Iteration:  800 / 8000 [ 10%]  (Warmup)
Chain 3: Iteration:  800 / 8000 [ 10%]  (Warmup)
Chain 1: Iteration:  800 / 8000 [ 10%]  (Warmup)
Chain 4: Iteration:  800 / 8000 [ 10%]  (Warmup)
Chain 2: Iteration: 1600 / 8000 [ 20%]  (Warmup)
Chain 4: Iteration: 1600 / 8000 [ 20%]  (Warmup)
Chain 1: Iteration: 1600 / 8000 [ 20%]  (Warmup)
Chain 3: Iteration: 1600 / 8000 [ 20%]  (Warmup)
Chain 2: Iteration: 2400 / 8000 [ 30%]  (Warmup)
Chain 1: Iteration: 2400 / 8000 [ 30%]  (Warmup)
Chain 4: Iteration: 2400 / 8000 [ 30%]  (Warmup)
Chain 3: Iteration: 2400 / 8000 [ 30%]  (Warmup)
Chain 2: Iteration: 3200 / 8000 [ 40%]  (Warmup)
Chain 1: Iteration: 3200 / 8000 [ 40%]  (Warmup)
Chain 2: Iteration: 4000 / 8000 [ 50%]  (Warmup)
Chain 2: Iteration: 4001 / 8000 [ 50%]  (Sampling)
Chain 4: Iteration: 3200 / 8000 [ 40%]  (Warmup)
Chain 1: Iteration: 4000 / 8000 [ 50%]  (Warmup)
Chain 1: Iteration: 4001 / 8000 [ 50%]  (Sampling)
Chain 1: Iteration: 4800 / 8000 [ 60%]  (Sampling)
Chain 3: Iteration: 3200 / 8000 [ 40%]  (Warmup)
Chain 2: Iteration: 4800 / 8000 [ 60%]  (Sampling)
Chain 1: Iteration: 5600 / 8000 [ 70%]  (Sampling)
Chain 4: Iteration: 4000 / 8000 [ 50%]  (Warmup)
Chain 4: Iteration: 4001 / 8000 [ 50%]  (Sampling)
Chain 1: Iteration: 6400 / 8000 [ 80%]  (Sampling)
Chain 2: Iteration: 5600 / 8000 [ 70%]  (Sampling)
Chain 1: Iteration: 7200 / 8000 [ 90%]  (Sampling)
Chain 1: Iteration: 8000 / 8000 [100%]  (Sampling)
Chain 1: 
Chain 1:  Elapsed Time: 44097.1 seconds (Warm-up)
Chain 1:                14653.4 seconds (Sampling)
Chain 1:                58750.5 seconds (Total)
Chain 1: 
Chain 2: Iteration: 6400 / 8000 [ 80%]  (Sampling)
Chain 3: Iteration: 4000 / 8000 [ 50%]  (Warmup)
Chain 3: Iteration: 4001 / 8000 [ 50%]  (Sampling)
Chain 4: Iteration: 4800 / 8000 [ 60%]  (Sampling)
Chain 2: Iteration: 7200 / 8000 [ 90%]  (Sampling)
Chain 3: Iteration: 4800 / 8000 [ 60%]  (Sampling)
Chain 2: Iteration: 8000 / 8000 [100%]  (Sampling)
Chain 2: 
Chain 2:  Elapsed Time: 42424.8 seconds (Warm-up)
Chain 2:                29274 seconds (Sampling)
Chain 2:                71698.8 seconds (Total)
Chain 2: 
Chain 4: Iteration: 5600 / 8000 [ 70%]  (Sampling)
Chain 3: Iteration: 5600 / 8000 [ 70%]  (Sampling)
Chain 4: Iteration: 6400 / 8000 [ 80%]  (Sampling)
Chain 3: Iteration: 6400 / 8000 [ 80%]  (Sampling)
Chain 4: Iteration: 7200 / 8000 [ 90%]  (Sampling)
Chain 3: Iteration: 7200 / 8000 [ 90%]  (Sampling)
Chain 4: Iteration: 8000 / 8000 [100%]  (Sampling)
Chain 4: 
Chain 4:  Elapsed Time: 52868.3 seconds (Warm-up)
Chain 4:                54613.1 seconds (Sampling)
Chain 4:                107481 seconds (Total)
Chain 4: 
Chain 3: Iteration: 8000 / 8000 [100%]  (Sampling)
Chain 3: 
Chain 3:  Elapsed Time: 60140 seconds (Warm-up)
Chain 3:                52069.2 seconds (Sampling)
Chain 3:                112209 seconds (Total)
Chain 3: 
Time difference of 1.302622 days
Sample size: 3664 
Inference for Stan model: anon_model.
4 chains, each with iter=8000; warmup=4000; thin=1; 
post-warmup draws per chain=4000, total post-warmup draws=16000.

       mean se_mean   sd   2.5%    25%    50%    75%  97.5% n_eff Rhat
A     15.84    0.01 0.18  15.48  15.74  15.85  15.96  16.17   156 1.03
B    -14.41    0.01 0.13 -14.66 -14.50 -14.41 -14.32 -14.15   114 1.04
u0    10.25    0.02 0.13   9.99  10.15  10.25  10.34  10.52    78 1.06
v0    11.59    0.02 0.14  11.33  11.49  11.58  11.68  11.88    76 1.03
w0     7.22    0.04 0.09   7.06   7.15   7.21   7.27   7.40     4 1.48
s_l    4.66    0.05 0.13   4.42   4.57   4.66   4.74   4.91     5 1.24
s_b    3.03    0.04 0.09   2.85   2.97   3.03   3.09   3.20     5 1.31
nu_l   1.85    0.07 0.11   1.64   1.77   1.85   1.92   2.07     3 1.68
nu_b   2.04    0.09 0.15   1.76   1.93   2.05   2.15   2.32     3 1.80

Samples were drawn using NUTS(diag_e) at Fri Oct 10 22:33:02 2025.
For each parameter, n_eff is a crude measure of effective sample size,
and Rhat is the potential scale reduction factor on split chains (at 
convergence, Rhat=1).
null device 
          1 
A <- 15.84319 
B <- -14.40703 
u0 <- 10.2457 
v0 <- 11.58829 
w0 <- 7.216278 
s_l <- 4.660526 
s_b <- 3.030254 
nu_l <- 1.847957 
nu_b <- 2.042703 
scale t dist mul: 4.661 
scale t dist mub: 3.03 
------------------------------------------------------
Job ends
