------------------------------------------------------
Job is running on node ------------------------------------------------------
SLURM: qsub is running on headnode2
SLURM: originating queue is core32
SLURM: executing queue is 
SLURM: working directory is /beegfs/car/bxster25/circ-oc-sscu
SLURM: execution mode is 
SLURM: job identifier is 9460
SLURM: job name is stan3_circ_core32
SLURM: node file is node001
SLURM: current home directory is /home2/bxster25
SLURM: PATH = /usr/local/bin:/usr/local/sbin:/usr/share/Modules/bin:/usr/local/bin:/usr/bin:/usr/local/sbin:/usr/sbin
LD PATH =
------------------------------------------------------
Usage: Rscript [options] file [args]
   or: Rscript [options] -e expr [-e expr2 ...] [args]
A binary front-end to R, for use in scripting applications.

Options:
  --help              Print usage and exit
  --version           Print version and exit
  --verbose           Print information on progress
  --default-packages=LIST  Attach these packages on startup;
                        a comma-separated LIST of package names, or 'NULL'
and options to R (in addition to --no-echo --no-restore), for example:
  --save              Do save workspace at the end of the session
  --no-environ        Don't read the site and user environment files
  --no-site-file      Don't read the site-wide Rprofile
  --no-init-file      Don't read the user R profile
  --restore           Do restore previously saved objects at startup
  --vanilla           Combine --no-save, --no-restore, --no-site-file,
                        --no-init-file and --no-environ

Expressions (one or more '-e <expr>') may be used *instead* of 'file'.
Any additional 'args' can be accessed from R via 'commandArgs(TRUE)'.
See also  ?Rscript  from within R.
/soft/R-4.4.2/bin/Rscript

SAMPLING FOR MODEL 'anon_model' NOW (CHAIN 
SAMPLING2
 FOR MODEL 'anon_model).
SAMPLING' NOW (CHAIN 3 FOR MODEL ').

SAMPLINGanon_model' NOW (CHAIN  FOR MODEL 'anon_model1).
' NOW (CHAIN 4).
Chain 3: 
Chain 3: Gradient evaluation took 0.009012 seconds
Chain Chain 31: : 
1000 transitions using 10 leapfrog steps per transition would take 90.12 seconds.Chain 1
: Gradient evaluation took 0.008967 secondsChain 
Chain 31: : 1000 transitions using 10 leapfrog steps per transition would take 89.67 seconds.
Adjust your expectations accordingly!Chain 
Chain 1: 3: Adjust your expectations accordingly!

Chain 1Chain : 
3Chain 1: : 

Chain 1: Iteration:    1 / 8000 [  0%]  (Warmup)
Chain 3: Iteration:    1 / 8000 [  0%]  (Warmup)
Chain 2: 
Chain 2: Gradient evaluation took 0.00951 seconds
Chain 2: 1000 transitions using 10 leapfrog steps per transition would take 95.1 seconds.
Chain 2: Adjust your expectations accordingly!Chain 
4: Chain 2
: Chain 
4: Chain 2Gradient evaluation took 0.009841 seconds
: 
Chain 4: 1000 transitions using 10 leapfrog steps per transition would take 98.41 seconds.
Chain 4: Adjust your expectations accordingly!
Chain 4: 
Chain 4: 
Chain 2: Iteration:    1 / 8000 [  0%]  (Warmup)
Chain 4: Iteration:    1 / 8000 [  0%]  (Warmup)
Chain 2: Iteration:  800 / 8000 [ 10%]  (Warmup)
Chain 3: Iteration:  800 / 8000 [ 10%]  (Warmup)
Chain 4: Iteration:  800 / 8000 [ 10%]  (Warmup)
Chain 1: Iteration:  800 / 8000 [ 10%]  (Warmup)
Chain 3: Iteration: 1600 / 8000 [ 20%]  (Warmup)
Chain 1: Iteration: 1600 / 8000 [ 20%]  (Warmup)
Chain 4: Iteration: 1600 / 8000 [ 20%]  (Warmup)
Chain 2: Iteration: 1600 / 8000 [ 20%]  (Warmup)
Chain 3: Iteration: 2400 / 8000 [ 30%]  (Warmup)
Chain 1: Iteration: 2400 / 8000 [ 30%]  (Warmup)
Chain 4: Iteration: 2400 / 8000 [ 30%]  (Warmup)
Chain 2: Iteration: 2400 / 8000 [ 30%]  (Warmup)
Chain 3: Iteration: 3200 / 8000 [ 40%]  (Warmup)
Chain 1: Iteration: 3200 / 8000 [ 40%]  (Warmup)
Chain 4: Iteration: 3200 / 8000 [ 40%]  (Warmup)
Chain 2: Iteration: 3200 / 8000 [ 40%]  (Warmup)
Chain 3: Iteration: 4000 / 8000 [ 50%]  (Warmup)
Chain 3: Iteration: 4001 / 8000 [ 50%]  (Sampling)
Chain 1: Iteration: 4000 / 8000 [ 50%]  (Warmup)
Chain 1: Iteration: 4001 / 8000 [ 50%]  (Sampling)
Chain 4: Iteration: 4000 / 8000 [ 50%]  (Warmup)
Chain 4: Iteration: 4001 / 8000 [ 50%]  (Sampling)
Chain 2: Iteration: 4000 / 8000 [ 50%]  (Warmup)
Chain 2: Iteration: 4001 / 8000 [ 50%]  (Sampling)
Chain 3: Iteration: 4800 / 8000 [ 60%]  (Sampling)
Chain 1: Iteration: 4800 / 8000 [ 60%]  (Sampling)
Chain 4: Iteration: 4800 / 8000 [ 60%]  (Sampling)
Chain 2: Iteration: 4800 / 8000 [ 60%]  (Sampling)
Chain 3: Iteration: 5600 / 8000 [ 70%]  (Sampling)
Chain 1: Iteration: 5600 / 8000 [ 70%]  (Sampling)
Chain 4: Iteration: 5600 / 8000 [ 70%]  (Sampling)
Chain 2: Iteration: 5600 / 8000 [ 70%]  (Sampling)
Chain 3: Iteration: 6400 / 8000 [ 80%]  (Sampling)
Chain 1: Iteration: 6400 / 8000 [ 80%]  (Sampling)
Chain 4: Iteration: 6400 / 8000 [ 80%]  (Sampling)
Chain 2: Iteration: 6400 / 8000 [ 80%]  (Sampling)
Chain 3: Iteration: 7200 / 8000 [ 90%]  (Sampling)
Chain 1: Iteration: 7200 / 8000 [ 90%]  (Sampling)
Chain 4: Iteration: 7200 / 8000 [ 90%]  (Sampling)
Chain 2: Iteration: 7200 / 8000 [ 90%]  (Sampling)
Chain 3: Iteration: 8000 / 8000 [100%]  (Sampling)
Chain 3: 
Chain 3:  Elapsed Time: 59442.7 seconds (Warm-up)
Chain 3:                61501.7 seconds (Sampling)
Chain 3:                120944 seconds (Total)
Chain 3: 
Chain 1: Iteration: 8000 / 8000 [100%]  (Sampling)
Chain 1: 
Chain 1:  Elapsed Time: 60282 seconds (Warm-up)
Chain 1:                61701.2 seconds (Sampling)
Chain 1:                121983 seconds (Total)
Chain 1: 
Chain 4: Iteration: 8000 / 8000 [100%]  (Sampling)
Chain 4: 
Chain 4:  Elapsed Time: 62182.2 seconds (Warm-up)
Chain 4:                61892 seconds (Sampling)
Chain 4:                124074 seconds (Total)
Chain 4: 
Chain 2: Iteration: 8000 / 8000 [100%]  (Sampling)
Chain 2: 
Chain 2:  Elapsed Time: 62634.8 seconds (Warm-up)
Chain 2:                62293.9 seconds (Sampling)
Chain 2:                124929 seconds (Total)
Chain 2: 
Time difference of 1.450073 days
Sample size: 3664 
Inference for Stan model: anon_model.
4 chains, each with iter=8000; warmup=4000; thin=1; 
post-warmup draws per chain=4000, total post-warmup draws=16000.

       mean se_mean   sd   2.5%    25%    50%    75%  97.5% n_eff Rhat
A     15.44    0.01 0.18  15.10  15.32  15.43  15.56  15.78   232 1.04
B    -14.46    0.01 0.14 -14.72 -14.55 -14.46 -14.37 -14.19   193 1.01
u0    10.02    0.09 0.19   9.72   9.87  10.00  10.16  10.42     5 1.48
v0    11.52    0.08 0.18  11.21  11.40  11.49  11.60  11.96     5 1.40
w0     7.18    0.01 0.06   7.05   7.13   7.18   7.22   7.30    51 1.07
s_l    4.71    0.03 0.12   4.48   4.62   4.70   4.78   4.94    12 1.10
s_b    3.14    0.03 0.08   2.99   3.09   3.14   3.20   3.31     8 1.14
nu_l   1.87    0.04 0.09   1.71   1.81   1.86   1.93   2.07     4 1.32
nu_b   2.15    0.07 0.13   1.94   2.06   2.13   2.23   2.44     4 1.43

Samples were drawn using NUTS(diag_e) at Sat Oct 11 02:05:06 2025.
For each parameter, n_eff is a crude measure of effective sample size,
and Rhat is the potential scale reduction factor on split chains (at 
convergence, Rhat=1).
null device 
          1 
A <- 15.43699 
B <- -14.46048 
u0 <- 10.02373 
v0 <- 11.51643 
w0 <- 7.177063 
s_l <- 4.705722 
s_b <- 3.143555 
nu_l <- 1.871136 
nu_b <- 2.150707 
scale t dist mul: 4.706 
scale t dist mub: 3.144 
------------------------------------------------------
Job ends
