------------------------------------------------------
Job is running on node ------------------------------------------------------
SLURM: qsub is running on headnode2
SLURM: originating queue is core32
SLURM: executing queue is 
SLURM: working directory is /beegfs/car/bxster25/circ-oc-sscu
SLURM: execution mode is 
SLURM: job identifier is 9462
SLURM: job name is stan5_circ_core32
SLURM: node file is node070
SLURM: current home directory is /home2/bxster25
SLURM: PATH = /usr/local/bin:/usr/local/sbin:/usr/share/Modules/bin:/usr/local/bin:/usr/bin:/usr/local/sbin:/usr/sbin
LD PATH =
------------------------------------------------------
Usage: Rscript [options] file [args]
   or: Rscript [options] -e expr [-e expr2 ...] [args]
A binary front-end to R, for use in scripting applications.

Options:
  --help              Print usage and exit
  --version           Print version and exit
  --verbose           Print information on progress
  --default-packages=LIST  Attach these packages on startup;
                        a comma-separated LIST of package names, or 'NULL'
and options to R (in addition to --no-echo --no-restore), for example:
  --save              Do save workspace at the end of the session
  --no-environ        Don't read the site and user environment files
  --no-site-file      Don't read the site-wide Rprofile
  --no-init-file      Don't read the user R profile
  --restore           Do restore previously saved objects at startup
  --vanilla           Combine --no-save, --no-restore, --no-site-file,
                        --no-init-file and --no-environ

Expressions (one or more '-e <expr>') may be used *instead* of 'file'.
Any additional 'args' can be accessed from R via 'commandArgs(TRUE)'.
See also  ?Rscript  from within R.
/soft/R-4.4.2/bin/Rscript

SAMPLING FOR MODEL 'anon_model' NOW (CHAIN 1).

SAMPLING FOR MODEL 'anon_model' NOW (CHAIN 2).

SAMPLING FOR MODEL 'anon_model' NOW (CHAIN 3).

SAMPLING FOR MODEL 'anon_model' NOW (CHAIN 4).
Chain 2Chain : 
1Chain 2: : Gradient evaluation took 0.014009 secondsChain 3

: 
Chain 4Chain 1Chain Chain : : 2: 3
Gradient evaluation took 0.015078 seconds1000 transitions using 10 leapfrog steps per transition would take 140.09 seconds.: Chain 

Gradient evaluation took 0.013286 seconds4: Chain Chain 
Gradient evaluation took 0.010919 seconds12Chain 3
: : : Chain 1000 transitions using 10 leapfrog steps per transition would take 150.78 seconds.Adjust your expectations accordingly!1000 transitions using 10 leapfrog steps per transition would take 132.86 seconds.4


: Chain Chain Chain 31000 transitions using 10 leapfrog steps per transition would take 109.19 seconds.12: 
: Adjust your expectations accordingly!: Adjust your expectations accordingly!Chain 4


: Chain Chain Chain Adjust your expectations accordingly!12: 3
: 
: 
Chain 
Chain 34Chain 1: 
: : 

Chain 4: 
Chain 3: Iteration:    1 / 8000 [  0%]  (Warmup)
Chain 2: Iteration:    1 / 8000 [  0%]  (Warmup)
Chain 1: Iteration:    1 / 8000 [  0%]  (Warmup)
Chain 4: Iteration:    1 / 8000 [  0%]  (Warmup)
Chain 4: Iteration:  800 / 8000 [ 10%]  (Warmup)
Chain 3: Iteration:  800 / 8000 [ 10%]  (Warmup)
Chain 1: Iteration:  800 / 8000 [ 10%]  (Warmup)
Chain 2: Iteration:  800 / 8000 [ 10%]  (Warmup)
Chain 4: Iteration: 1600 / 8000 [ 20%]  (Warmup)
Chain 3: Iteration: 1600 / 8000 [ 20%]  (Warmup)
Chain 1: Iteration: 1600 / 8000 [ 20%]  (Warmup)
Chain 2: Iteration: 1600 / 8000 [ 20%]  (Warmup)
Chain 3: Iteration: 2400 / 8000 [ 30%]  (Warmup)
Chain 4: Iteration: 2400 / 8000 [ 30%]  (Warmup)
Chain 3: Iteration: 3200 / 8000 [ 40%]  (Warmup)
Chain 1: Iteration: 2400 / 8000 [ 30%]  (Warmup)
Chain 2: Iteration: 2400 / 8000 [ 30%]  (Warmup)
Chain 3: Iteration: 4000 / 8000 [ 50%]  (Warmup)
Chain 3: Iteration: 4001 / 8000 [ 50%]  (Sampling)
Chain 3: Iteration: 4800 / 8000 [ 60%]  (Sampling)
Chain 3: Iteration: 5600 / 8000 [ 70%]  (Sampling)
Chain 3: Iteration: 6400 / 8000 [ 80%]  (Sampling)
Chain 3: Iteration: 7200 / 8000 [ 90%]  (Sampling)
Chain 3: Iteration: 8000 / 8000 [100%]  (Sampling)
Chain 3: 
Chain 3:  Elapsed Time: 76305.3 seconds (Warm-up)
Chain 3:                7381.05 seconds (Sampling)
Chain 3:                83686.4 seconds (Total)
Chain 3: 
Chain 4: Iteration: 3200 / 8000 [ 40%]  (Warmup)
Chain 2: Iteration: 3200 / 8000 [ 40%]  (Warmup)
Chain 1: Iteration: 3200 / 8000 [ 40%]  (Warmup)
Chain 2: Iteration: 4000 / 8000 [ 50%]  (Warmup)
Chain 2: Iteration: 4001 / 8000 [ 50%]  (Sampling)
Chain 4: Iteration: 4000 / 8000 [ 50%]  (Warmup)
Chain 4: Iteration: 4001 / 8000 [ 50%]  (Sampling)
Chain 1: Iteration: 4000 / 8000 [ 50%]  (Warmup)
Chain 1: Iteration: 4001 / 8000 [ 50%]  (Sampling)
Chain 2: Iteration: 4800 / 8000 [ 60%]  (Sampling)
Chain 1: Iteration: 4800 / 8000 [ 60%]  (Sampling)
Chain 1: Iteration: 5600 / 8000 [ 70%]  (Sampling)
Chain 1: Iteration: 6400 / 8000 [ 80%]  (Sampling)
Chain 1: Iteration: 7200 / 8000 [ 90%]  (Sampling)
Chain 1: Iteration: 8000 / 8000 [100%]  (Sampling)
Chain 1: 
Chain 1:  Elapsed Time: 115201 seconds (Warm-up)
Chain 1:                10719.2 seconds (Sampling)
Chain 1:                125920 seconds (Total)
Chain 1: 
Chain 4: Iteration: 4800 / 8000 [ 60%]  (Sampling)
Chain 2: Iteration: 5600 / 8000 [ 70%]  (Sampling)
Chain 4: Iteration: 5600 / 8000 [ 70%]  (Sampling)
Chain 2: Iteration: 6400 / 8000 [ 80%]  (Sampling)
Chain 4: Iteration: 6400 / 8000 [ 80%]  (Sampling)
Chain 2: Iteration: 7200 / 8000 [ 90%]  (Sampling)
Chain 4: Iteration: 7200 / 8000 [ 90%]  (Sampling)
Chain 2: Iteration: 8000 / 8000 [100%]  (Sampling)
Chain 2: 
Chain 2:  Elapsed Time: 104832 seconds (Warm-up)
Chain 2:                76762.2 seconds (Sampling)
Chain 2:                181595 seconds (Total)
Chain 2: 
Chain 4: Iteration: 8000 / 8000 [100%]  (Sampling)
Chain 4: 
Chain 4:  Elapsed Time: 109538 seconds (Warm-up)
Chain 4:                80692.7 seconds (Sampling)
Chain 4:                190231 seconds (Total)
Chain 4: 
Time difference of 2.208251 days
Sample size: 3664 
Inference for Stan model: anon_model.
4 chains, each with iter=8000; warmup=4000; thin=1; 
post-warmup draws per chain=4000, total post-warmup draws=16000.

       mean se_mean   sd   2.5%    25%    50%    75%  97.5% n_eff Rhat
A     15.82    0.06 0.18  15.44  15.68  15.83  15.99  16.11     8 1.21
B    -14.27    0.02 0.13 -14.54 -14.34 -14.24 -14.21 -14.01    29 1.09
u0    10.04    0.03 0.17   9.68   9.94  10.10  10.11  10.40    28 1.05
v0    11.57    0.03 0.16  11.27  11.47  11.59  11.63  11.96    23 1.15
w0     7.26    0.03 0.08   7.15   7.19   7.26   7.32   7.44     5 1.35
s_l    5.02    0.08 0.15   4.83   4.85   5.03   5.13   5.31     3 1.57
s_b    3.17    0.08 0.13   2.98   3.05   3.20   3.27   3.39     3 2.05
nu_l   2.31    0.14 0.21   2.02   2.09   2.34   2.48   2.68     2 2.30
nu_b   2.45    0.14 0.22   2.17   2.18   2.46   2.62   2.85     3 2.10

Samples were drawn using NUTS(diag_e) at Sat Oct 11 20:13:44 2025.
For each parameter, n_eff is a crude measure of effective sample size,
and Rhat is the potential scale reduction factor on split chains (at 
convergence, Rhat=1).
null device 
          1 
A <- 15.81812 
B <- -14.26516 
u0 <- 10.04489 
v0 <- 11.56648 
w0 <- 7.263332 
s_l <- 5.019692 
s_b <- 3.174946 
nu_l <- 2.313045 
nu_b <- 2.44923 
scale t dist mul: 5.02 
scale t dist mub: 3.175 
------------------------------------------------------
Job ends
