------------------------------------------------------
Job is running on node ------------------------------------------------------
SLURM: qsub is running on headnode2
SLURM: originating queue is core32
SLURM: executing queue is 
SLURM: working directory is /beegfs/car/bxster25/circ-oc-sscu
SLURM: execution mode is 
SLURM: job identifier is 9469
SLURM: job name is stan12_circ_core32
SLURM: node file is node049
SLURM: current home directory is /home2/bxster25
SLURM: PATH = /usr/local/bin:/usr/local/sbin:/usr/share/Modules/bin:/usr/local/bin:/usr/bin:/usr/local/sbin:/usr/sbin
LD PATH =
------------------------------------------------------
Usage: Rscript [options] file [args]
   or: Rscript [options] -e expr [-e expr2 ...] [args]
A binary front-end to R, for use in scripting applications.

Options:
  --help              Print usage and exit
  --version           Print version and exit
  --verbose           Print information on progress
  --default-packages=LIST  Attach these packages on startup;
                        a comma-separated LIST of package names, or 'NULL'
and options to R (in addition to --no-echo --no-restore), for example:
  --save              Do save workspace at the end of the session
  --no-environ        Don't read the site and user environment files
  --no-site-file      Don't read the site-wide Rprofile
  --no-init-file      Don't read the user R profile
  --restore           Do restore previously saved objects at startup
  --vanilla           Combine --no-save, --no-restore, --no-site-file,
                        --no-init-file and --no-environ

Expressions (one or more '-e <expr>') may be used *instead* of 'file'.
Any additional 'args' can be accessed from R via 'commandArgs(TRUE)'.
See also  ?Rscript  from within R.
/soft/R-4.4.2/bin/Rscript

SAMPLING FOR MODEL 'anon_model' NOW (CHAIN 2).

SAMPLING FOR MODEL 'anon_model' NOW (CHAIN 3).

SAMPLING FOR MODEL 'anon_model' NOW (CHAIN 1).

SAMPLING FOR MODEL 'anon_model' NOW (CHAIN 4).
Chain 1: 
Chain 1: Gradient evaluation took 0.028525 seconds
Chain 1: 1000 transitions using 10 leapfrog steps per transition would take 285.25 seconds.
Chain 1Chain : Adjust your expectations accordingly!4: 
Chain 
1: Chain 4
Chain : Gradient evaluation took 0.028629 seconds1: 

Chain 4: 1000 transitions using 10 leapfrog steps per transition would take 286.29 seconds.
Chain 4: Adjust your expectations accordingly!
Chain 4: 
Chain 4: 
Chain 3: 
Chain Chain 32: : Gradient evaluation took 0.028674 seconds

Chain 2Chain 3: Gradient evaluation took 0.028609 seconds: 1000 transitions using 10 leapfrog steps per transition would take 286.74 seconds.

Chain Chain 2Chain 43: 1000 transitions using 10 leapfrog steps per transition would take 286.09 seconds.: Iteration:    1 / 8000 [  0%]  (Warmup): Adjust your expectations accordingly!
Chain 

2: Chain 3Adjust your expectations accordingly!
: 
Chain 1Chain 2Chain 3: Iteration:    1 / 8000 [  0%]  (Warmup): 
: 

Chain 2: 
Chain 3: Iteration:    1 / 8000 [  0%]  (Warmup)
Chain 2: Iteration:    1 / 8000 [  0%]  (Warmup)
Chain 1: Iteration:  800 / 8000 [ 10%]  (Warmup)
Chain 3: Iteration:  800 / 8000 [ 10%]  (Warmup)
Chain 2: Iteration:  800 / 8000 [ 10%]  (Warmup)
Chain 4: Iteration:  800 / 8000 [ 10%]  (Warmup)
Chain 3: Iteration: 1600 / 8000 [ 20%]  (Warmup)
Chain 1: Iteration: 1600 / 8000 [ 20%]  (Warmup)
Chain 3: Iteration: 2400 / 8000 [ 30%]  (Warmup)
Chain 2: Iteration: 1600 / 8000 [ 20%]  (Warmup)
Chain 4: Iteration: 1600 / 8000 [ 20%]  (Warmup)
Chain 3: Iteration: 3200 / 8000 [ 40%]  (Warmup)
Chain 1: Iteration: 2400 / 8000 [ 30%]  (Warmup)
Chain 3: Iteration: 4000 / 8000 [ 50%]  (Warmup)
Chain 3: Iteration: 4001 / 8000 [ 50%]  (Sampling)
Chain 4: Iteration: 2400 / 8000 [ 30%]  (Warmup)
Chain 1: Iteration: 3200 / 8000 [ 40%]  (Warmup)
Chain 2: Iteration: 2400 / 8000 [ 30%]  (Warmup)
Chain 3: Iteration: 4800 / 8000 [ 60%]  (Sampling)
Chain 1: Iteration: 4000 / 8000 [ 50%]  (Warmup)
Chain 1: Iteration: 4001 / 8000 [ 50%]  (Sampling)
Chain 3: Iteration: 5600 / 8000 [ 70%]  (Sampling)
Chain 4: Iteration: 3200 / 8000 [ 40%]  (Warmup)
Chain 1: Iteration: 4800 / 8000 [ 60%]  (Sampling)
Chain 3: Iteration: 6400 / 8000 [ 80%]  (Sampling)
Chain 2: Iteration: 3200 / 8000 [ 40%]  (Warmup)
Chain 1: Iteration: 5600 / 8000 [ 70%]  (Sampling)
Chain 4: Iteration: 4000 / 8000 [ 50%]  (Warmup)
Chain 4: Iteration: 4001 / 8000 [ 50%]  (Sampling)
Chain 3: Iteration: 7200 / 8000 [ 90%]  (Sampling)
Chain 1: Iteration: 6400 / 8000 [ 80%]  (Sampling)
Chain 4: Iteration: 4800 / 8000 [ 60%]  (Sampling)
Chain 3: Iteration: 8000 / 8000 [100%]  (Sampling)
Chain 3: 
Chain 3:  Elapsed Time: 87464.6 seconds (Warm-up)
Chain 3:                46909.5 seconds (Sampling)
Chain 3:                134374 seconds (Total)
Chain 3: 
Chain 1: Iteration: 7200 / 8000 [ 90%]  (Sampling)
Chain 4: Iteration: 5600 / 8000 [ 70%]  (Sampling)
Chain 2: Iteration: 4000 / 8000 [ 50%]  (Warmup)
Chain 2: Iteration: 4001 / 8000 [ 50%]  (Sampling)
Chain 1: Iteration: 8000 / 8000 [100%]  (Sampling)
Chain 1: 
Chain 1:  Elapsed Time: 105172 seconds (Warm-up)
Chain 1:                46045.3 seconds (Sampling)
Chain 1:                151217 seconds (Total)
Chain 1: 
Chain 4: Iteration: 6400 / 8000 [ 80%]  (Sampling)
Chain 4: Iteration: 7200 / 8000 [ 90%]  (Sampling)
Chain 2: Iteration: 4800 / 8000 [ 60%]  (Sampling)
Chain 4: Iteration: 8000 / 8000 [100%]  (Sampling)
Chain 4: 
Chain 4:  Elapsed Time: 124780 seconds (Warm-up)
Chain 4:                46363.6 seconds (Sampling)
Chain 4:                171144 seconds (Total)
Chain 4: 
Chain 2: Iteration: 5600 / 8000 [ 70%]  (Sampling)
Chain 2: Iteration: 6400 / 8000 [ 80%]  (Sampling)
Chain 2: Iteration: 7200 / 8000 [ 90%]  (Sampling)
Chain 2: Iteration: 8000 / 8000 [100%]  (Sampling)
Chain 2: 
Chain 2:  Elapsed Time: 147612 seconds (Warm-up)
Chain 2:                91026 seconds (Sampling)
Chain 2:                238638 seconds (Total)
Chain 2: 
Time difference of 2.776991 days
Sample size: 3664 
Inference for Stan model: anon_model.
4 chains, each with iter=8000; warmup=4000; thin=1; 
post-warmup draws per chain=4000, total post-warmup draws=16000.

       mean se_mean   sd   2.5%    25%    50%    75%  97.5% n_eff Rhat
A     15.26    0.02 0.19  14.91  15.13  15.26  15.40  15.63   107 1.05
B    -14.09    0.03 0.15 -14.38 -14.19 -14.09 -13.98 -13.79    24 1.12
u0    10.00    0.05 0.16   9.69   9.89   9.99  10.11  10.30    10 1.23
v0    11.41    0.08 0.20  11.01  11.25  11.44  11.56  11.73     7 1.34
w0     7.35    0.07 0.11   7.14   7.27   7.34   7.43   7.55     3 2.03
s_l    4.84    0.04 0.12   4.60   4.76   4.84   4.92   5.08     8 1.14
s_b    3.09    0.05 0.10   2.91   3.02   3.08   3.15   3.30     4 1.41
nu_l   2.02    0.06 0.11   1.83   1.94   2.01   2.09   2.26     4 1.43
nu_b   2.28    0.13 0.20   2.00   2.13   2.22   2.38   2.75     3 1.96

Samples were drawn using NUTS(diag_e) at Sun Oct 12 09:43:52 2025.
For each parameter, n_eff is a crude measure of effective sample size,
and Rhat is the potential scale reduction factor on split chains (at 
convergence, Rhat=1).
null device 
          1 
A <- 15.2649 
B <- -14.0887 
u0 <- 9.995669 
v0 <- 11.4065 
w0 <- 7.345651 
s_l <- 4.83908 
s_b <- 3.086172 
nu_l <- 2.021825 
nu_b <- 2.277783 
scale t dist mul: 4.839 
scale t dist mub: 3.086 
------------------------------------------------------
Job ends
