------------------------------------------------------
Job is running on node ------------------------------------------------------
SLURM: qsub is running on headnode1
SLURM: originating queue is core32
SLURM: executing queue is core32
SLURM: working directory is /beegfs/car/bxster25/circ-oc-sscu
SLURM: job identifier is 22745
SLURM: job name is stan12_circ_core32
SLURM: node file is node064
SLURM: current home directory is /home2/bxster25
SLURM: PATH = /usr/local/bin:/usr/local/sbin:/usr/local/bin:/usr/local/sbin:/usr/local/bin:/usr/local/sbin:/usr/share/Modules/bin:/usr/local/bin:/usr/bin:/usr/local/sbin:/usr/sbin
------------------------------------------------------
Usage: Rscript [options] file [args]
   or: Rscript [options] -e expr [-e expr2 ...] [args]
A binary front-end to R, for use in scripting applications.

Options:
  --help              Print usage and exit
  --version           Print version and exit
  --verbose           Print information on progress
  --default-packages=LIST  Attach these packages on startup;
                        a comma-separated LIST of package names, or 'NULL'
and options to R (in addition to --no-echo --no-restore), for example:
  --save              Do save workspace at the end of the session
  --no-environ        Don't read the site and user environment files
  --no-site-file      Don't read the site-wide Rprofile
  --no-init-file      Don't read the user R profile
  --restore           Do restore previously saved objects at startup
  --vanilla           Combine --no-save, --no-restore, --no-site-file,
                        --no-init-file and --no-environ

Expressions (one or more '-e <expr>') may be used *instead* of 'file'.
Any additional 'args' can be accessed from R via 'commandArgs(TRUE)'.
See also  ?Rscript  from within R.
/soft/R-4.4.2/bin/Rscript


SAMPLINGSAMPLING FOR MODEL 'anon_model FOR MODEL '' NOW (CHAIN anon_model' NOW (CHAIN 1).

3SAMPLING FOR MODEL ').
anon_model' NOW (CHAIN 2).

SAMPLING FOR MODEL 'anon_model' NOW (CHAIN 4).
Chain 1: 
Chain 1Chain : Gradient evaluation took 0.008837 seconds3: 

Chain Chain 31: : 1000 transitions using 10 leapfrog steps per transition would take 88.37 seconds.Gradient evaluation took 0.008957 seconds

Chain 1Chain : Adjust your expectations accordingly!3: 
1000 transitions using 10 leapfrog steps per transition would take 89.57 seconds.
Chain 1Chain 3: 
: Chain Adjust your expectations accordingly!
1: Chain 3
: 
Chain 3: 
Chain 1: Iteration:     1 / 12000 [  0%]  (Warmup)
Chain 3: Iteration:     1 / 12000 [  0%]  (Warmup)
Chain 2: 
Chain 2: Gradient evaluation took 0.009043 seconds
Chain 2: 1000 transitions using 10 leapfrog steps per transition would take 90.43 seconds.
Chain 2: Chain Adjust your expectations accordingly!
4Chain 2: : 

Chain Chain 42: : Gradient evaluation took 0.011262 seconds

Chain 4: 1000 transitions using 10 leapfrog steps per transition would take 112.62 seconds.
Chain 4: Adjust your expectations accordingly!
Chain 4: 
Chain 4: 
Chain 2: Iteration:     1 / 12000 [  0%]  (Warmup)
Chain 4: Iteration:     1 / 12000 [  0%]  (Warmup)
Chain 1: Iteration:  1200 / 12000 [ 10%]  (Warmup)
Chain 4: Iteration:  1200 / 12000 [ 10%]  (Warmup)
Chain 1: Iteration:  2400 / 12000 [ 20%]  (Warmup)
Chain 2: Iteration:  1200 / 12000 [ 10%]  (Warmup)
Chain 1: Iteration:  3600 / 12000 [ 30%]  (Warmup)
Chain 4: Iteration:  2400 / 12000 [ 20%]  (Warmup)
Chain 1: Iteration:  4800 / 12000 [ 40%]  (Warmup)
Chain 1: Iteration:  6000 / 12000 [ 50%]  (Warmup)
Chain 1: Iteration:  6001 / 12000 [ 50%]  (Sampling)
Chain 1: Iteration:  7200 / 12000 [ 60%]  (Sampling)
Chain 1: Iteration:  8400 / 12000 [ 70%]  (Sampling)
Chain 2: Iteration:  2400 / 12000 [ 20%]  (Warmup)
Chain 4: Iteration:  3600 / 12000 [ 30%]  (Warmup)
Chain 3: Iteration:  1200 / 12000 [ 10%]  (Warmup)
Chain 1: Iteration:  9600 / 12000 [ 80%]  (Sampling)
Chain 1: Iteration: 10800 / 12000 [ 90%]  (Sampling)
Chain 1: Iteration: 12000 / 12000 [100%]  (Sampling)
Chain 1: 
Chain 1:  Elapsed Time: 39929.1 seconds (Warm-up)
Chain 1:                11413 seconds (Sampling)
Chain 1:                51342.1 seconds (Total)
Chain 1: 
Chain 4: Iteration:  4800 / 12000 [ 40%]  (Warmup)
Chain 2: Iteration:  3600 / 12000 [ 30%]  (Warmup)
Chain 4: Iteration:  6000 / 12000 [ 50%]  (Warmup)
Chain 4: Iteration:  6001 / 12000 [ 50%]  (Sampling)
Chain 4: Iteration:  7200 / 12000 [ 60%]  (Sampling)
Chain 3: Iteration:  2400 / 12000 [ 20%]  (Warmup)
Chain 2: Iteration:  4800 / 12000 [ 40%]  (Warmup)
Chain 4: Iteration:  8400 / 12000 [ 70%]  (Sampling)
Chain 4: Iteration:  9600 / 12000 [ 80%]  (Sampling)
Chain 2: Iteration:  6000 / 12000 [ 50%]  (Warmup)
Chain 2: Iteration:  6001 / 12000 [ 50%]  (Sampling)
Chain 3: Iteration:  3600 / 12000 [ 30%]  (Warmup)
Chain 4: Iteration: 10800 / 12000 [ 90%]  (Sampling)
Chain 2: Iteration:  7200 / 12000 [ 60%]  (Sampling)
Chain 4: Iteration: 12000 / 12000 [100%]  (Sampling)
Chain 4: 
Chain 4:  Elapsed Time: 66922.2 seconds (Warm-up)
Chain 4:                40262.2 seconds (Sampling)
Chain 4:                107184 seconds (Total)
Chain 4: 
Chain 2: Iteration:  8400 / 12000 [ 70%]  (Sampling)
Chain 3: Iteration:  4800 / 12000 [ 40%]  (Warmup)
Chain 2: Iteration:  9600 / 12000 [ 80%]  (Sampling)
Chain 2: Iteration: 10800 / 12000 [ 90%]  (Sampling)
Chain 2: Iteration: 12000 / 12000 [100%]  (Sampling)
Chain 2: 
Chain 2:  Elapsed Time: 92435.8 seconds (Warm-up)
Chain 2:                38230.6 seconds (Sampling)
Chain 2:                130666 seconds (Total)
Chain 2: 
Chain 3: Iteration:  6000 / 12000 [ 50%]  (Warmup)
Chain 3: Iteration:  6001 / 12000 [ 50%]  (Sampling)
Chain 3: Iteration:  7200 / 12000 [ 60%]  (Sampling)
Chain 3: Iteration:  8400 / 12000 [ 70%]  (Sampling)
Chain 3: Iteration:  9600 / 12000 [ 80%]  (Sampling)
Chain 3: Iteration: 10800 / 12000 [ 90%]  (Sampling)
Chain 3: Iteration: 12000 / 12000 [100%]  (Sampling)
Chain 3: 
Chain 3:  Elapsed Time: 135341 seconds (Warm-up)
Chain 3:                72587.5 seconds (Sampling)
Chain 3:                207929 seconds (Total)
Chain 3: 
Time difference of 2.412213 days
Sample size: 3664 
Inference for Stan model: anon_model.
4 chains, each with iter=12000; warmup=6000; thin=1; 
post-warmup draws per chain=6000, total post-warmup draws=24000.

       mean se_mean   sd   2.5%    25%    50%    75%  97.5% n_eff Rhat
A     15.23    0.01 0.17  14.89  15.11  15.23  15.35  15.57   281 1.04
B    -14.13    0.01 0.14 -14.40 -14.22 -14.13 -14.04 -13.86   108 1.04
u0    10.05    0.03 0.16   9.75   9.93  10.05  10.17  10.37    38 1.10
v0    11.35    0.02 0.15  11.08  11.24  11.35  11.46  11.63    58 1.09
w0     7.32    0.04 0.09   7.15   7.27   7.33   7.38   7.50     5 1.35
s_l    4.81    0.05 0.13   4.57   4.71   4.80   4.89   5.07     6 1.23
s_b    3.05    0.04 0.09   2.87   2.99   3.05   3.11   3.22     5 1.31
nu_l   1.98    0.08 0.13   1.78   1.89   1.95   2.06   2.28     3 1.72
nu_b   2.19    0.10 0.17   1.89   2.06   2.19   2.31   2.52     3 1.76

Samples were drawn using NUTS(diag_e) at Thu Oct 23 23:30:33 2025.
For each parameter, n_eff is a crude measure of effective sample size,
and Rhat is the potential scale reduction factor on split chains (at 
convergence, Rhat=1).
null device 
          1 
A <- 15.22982 
B <- -14.13113 
u0 <- 10.05057 
v0 <- 11.35003 
w0 <- 7.323989 
s_l <- 4.80575 
s_b <- 3.047467 
nu_l <- 1.980167 
nu_b <- 2.189768 
scale t dist mul: 4.806 
scale t dist mub: 3.047 
------------------------------------------------------
Job ends
