------------------------------------------------------
Job is running on node ------------------------------------------------------
SLURM: qsub is running on headnode1
SLURM: originating queue is core32
SLURM: executing queue is core32
SLURM: working directory is /beegfs/car/bxster25/circ-oc-sscu
SLURM: job identifier is 22752
SLURM: job name is stan19_circ_core32
SLURM: node file is node012
SLURM: current home directory is /home2/bxster25
SLURM: PATH = /usr/local/bin:/usr/local/sbin:/usr/local/bin:/usr/local/sbin:/usr/local/bin:/usr/local/sbin:/usr/share/Modules/bin:/usr/local/bin:/usr/bin:/usr/local/sbin:/usr/sbin
------------------------------------------------------
Usage: Rscript [options] file [args]
   or: Rscript [options] -e expr [-e expr2 ...] [args]
A binary front-end to R, for use in scripting applications.

Options:
  --help              Print usage and exit
  --version           Print version and exit
  --verbose           Print information on progress
  --default-packages=LIST  Attach these packages on startup;
                        a comma-separated LIST of package names, or 'NULL'
and options to R (in addition to --no-echo --no-restore), for example:
  --save              Do save workspace at the end of the session
  --no-environ        Don't read the site and user environment files
  --no-site-file      Don't read the site-wide Rprofile
  --no-init-file      Don't read the user R profile
  --restore           Do restore previously saved objects at startup
  --vanilla           Combine --no-save, --no-restore, --no-site-file,
                        --no-init-file and --no-environ

Expressions (one or more '-e <expr>') may be used *instead* of 'file'.
Any additional 'args' can be accessed from R via 'commandArgs(TRUE)'.
See also  ?Rscript  from within R.
/soft/R-4.4.2/bin/Rscript

SAMPLING FOR MODEL 'anon_model' NOW (CHAIN 1).

SAMPLING FOR MODEL 'anon_model' NOW (CHAIN 3).


SAMPLING FOR MODEL 'SAMPLINGanon_model' NOW (CHAIN  FOR MODEL '4anon_model).
' NOW (CHAIN 2).
Chain 4: 
Chain 4: Gradient evaluation took 0.009383 seconds
Chain 4: 1000 transitions using 10 leapfrog steps per transition would take 93.83 seconds.
Chain 4: Adjust your expectations accordingly!
Chain 4: 
Chain 4: 
Chain 2: 
Chain 2: Gradient evaluation took 0.00855 seconds
Chain 2: 1000 transitions using 10 leapfrog steps per transition would take 85.5 seconds.
Chain 2: Adjust your expectations accordingly!
Chain 2: 
Chain 2: 
Chain 4: Iteration:     1 / 12000 [  0%]  (Warmup)
Chain Chain 3: 1: 

Chain 3Chain 1: : Gradient evaluation took 0.008665 secondsGradient evaluation took 0.00919 seconds

Chain Chain 1: 31000 transitions using 10 leapfrog steps per transition would take 91.9 seconds.
: Chain 11000 transitions using 10 leapfrog steps per transition would take 86.65 seconds.: Adjust your expectations accordingly!

Chain Chain 3Chain 21: Adjust your expectations accordingly!: Iteration:     1 / 12000 [  0%]  (Warmup): 


Chain 3Chain 1: 
: 
Chain 3: 
Chain 1Chain : Iteration:     1 / 12000 [  0%]  (Warmup)3: 
Iteration:     1 / 12000 [  0%]  (Warmup)
Chain 2: Iteration:  1200 / 12000 [ 10%]  (Warmup)
Chain 1: Iteration:  1200 / 12000 [ 10%]  (Warmup)
Chain 3: Iteration:  1200 / 12000 [ 10%]  (Warmup)
Chain 4: Iteration:  1200 / 12000 [ 10%]  (Warmup)
Chain 2: Iteration:  2400 / 12000 [ 20%]  (Warmup)
Chain 1: Iteration:  2400 / 12000 [ 20%]  (Warmup)
Chain 2: Iteration:  3600 / 12000 [ 30%]  (Warmup)
Chain 1: Iteration:  3600 / 12000 [ 30%]  (Warmup)
Chain 2: Iteration:  4800 / 12000 [ 40%]  (Warmup)
Chain 3: Iteration:  2400 / 12000 [ 20%]  (Warmup)
Chain 1: Iteration:  4800 / 12000 [ 40%]  (Warmup)
Chain 4: Iteration:  2400 / 12000 [ 20%]  (Warmup)
Chain 2: Iteration:  6000 / 12000 [ 50%]  (Warmup)
Chain 2: Iteration:  6001 / 12000 [ 50%]  (Sampling)
Chain 1: Iteration:  6000 / 12000 [ 50%]  (Warmup)
Chain 1: Iteration:  6001 / 12000 [ 50%]  (Sampling)
Chain 1: Iteration:  7200 / 12000 [ 60%]  (Sampling)
Chain 1: Iteration:  8400 / 12000 [ 70%]  (Sampling)
Chain 2: Iteration:  7200 / 12000 [ 60%]  (Sampling)
Chain 1: Iteration:  9600 / 12000 [ 80%]  (Sampling)
Chain 1: Iteration: 10800 / 12000 [ 90%]  (Sampling)
Chain 1: Iteration: 12000 / 12000 [100%]  (Sampling)
Chain 1: 
Chain 1:  Elapsed Time: 153506 seconds (Warm-up)
Chain 1:                24273.8 seconds (Sampling)
Chain 1:                177780 seconds (Total)
Chain 1: 
Chain 2: Iteration:  8400 / 12000 [ 70%]  (Sampling)
Chain 3: Iteration:  3600 / 12000 [ 30%]  (Warmup)
Chain 2: Iteration:  9600 / 12000 [ 80%]  (Sampling)
Chain 4: Iteration:  3600 / 12000 [ 30%]  (Warmup)
Chain 2: Iteration: 10800 / 12000 [ 90%]  (Sampling)
Chain 2: Iteration: 12000 / 12000 [100%]  (Sampling)
Chain 2: 
Chain 2:  Elapsed Time: 145078 seconds (Warm-up)
Chain 2:                91673.4 seconds (Sampling)
Chain 2:                236751 seconds (Total)
Chain 2: 
Chain 3: Iteration:  4800 / 12000 [ 40%]  (Warmup)
Chain 4: Iteration:  4800 / 12000 [ 40%]  (Warmup)
Chain 3: Iteration:  6000 / 12000 [ 50%]  (Warmup)
Chain 3: Iteration:  6001 / 12000 [ 50%]  (Sampling)
Chain 3: Iteration:  7200 / 12000 [ 60%]  (Sampling)
Chain 3: Iteration:  8400 / 12000 [ 70%]  (Sampling)
Chain 3: Iteration:  9600 / 12000 [ 80%]  (Sampling)
Chain 3: Iteration: 10800 / 12000 [ 90%]  (Sampling)
Chain 3: Iteration: 12000 / 12000 [100%]  (Sampling)
Chain 3: 
Chain 3:  Elapsed Time: 316680 seconds (Warm-up)
Chain 3:                17836.7 seconds (Sampling)
Chain 3:                334517 seconds (Total)
Chain 3: 
Chain 4: Iteration:  6000 / 12000 [ 50%]  (Warmup)
Chain 4: Iteration:  6001 / 12000 [ 50%]  (Sampling)
Chain 4: Iteration:  7200 / 12000 [ 60%]  (Sampling)
Chain 4: Iteration:  8400 / 12000 [ 70%]  (Sampling)
Chain 4: Iteration:  9600 / 12000 [ 80%]  (Sampling)
Chain 4: Iteration: 10800 / 12000 [ 90%]  (Sampling)
Chain 4: Iteration: 12000 / 12000 [100%]  (Sampling)
Chain 4: 
Chain 4:  Elapsed Time: 342601 seconds (Warm-up)
Chain 4:                144006 seconds (Sampling)
Chain 4:                486606 seconds (Total)
Chain 4: 
Time difference of 5.639208 days
Sample size: 3664 
Inference for Stan model: anon_model.
4 chains, each with iter=12000; warmup=6000; thin=1; 
post-warmup draws per chain=6000, total post-warmup draws=24000.

       mean se_mean   sd   2.5%    25%    50%    75%  97.5% n_eff  Rhat
A     15.44    0.06 0.20  15.03  15.31  15.46  15.58  15.80     9  1.22
B    -14.33    0.01 0.13 -14.60 -14.41 -14.33 -14.24 -14.08   187  1.01
u0     9.70    0.44 0.65   8.41   9.52   9.98  10.12  10.38     2  4.35
v0    11.62    0.40 0.58  10.98  11.23  11.38  11.83  12.79     2  4.68
w0     7.56    0.50 0.71   7.03   7.11   7.19   7.69   8.86     2 12.02
s_l    4.67    0.11 0.18   4.37   4.54   4.64   4.79   5.03     3  1.76
s_b    3.14    0.20 0.29   2.81   2.94   3.03   3.33   3.71     2  4.18
nu_l   1.81    0.07 0.12   1.59   1.72   1.82   1.90   2.03     3  1.81
nu_b   2.02    0.18 0.26   1.64   1.80   1.97   2.22   2.53     2  3.24

Samples were drawn using NUTS(diag_e) at Mon Oct 27 03:55:13 2025.
For each parameter, n_eff is a crude measure of effective sample size,
and Rhat is the potential scale reduction factor on split chains (at 
convergence, Rhat=1).
null device 
          1 
A <- 15.44331 
B <- -14.3301 
u0 <- 9.701735 
v0 <- 11.62014 
w0 <- 7.562607 
s_l <- 4.667678 
s_b <- 3.142155 
nu_l <- 1.812174 
nu_b <- 2.017968 
scale t dist mul: 4.668 
scale t dist mub: 3.142 
------------------------------------------------------
Job ends
