------------------------------------------------------
Job is running on node ------------------------------------------------------
SLURM: qsub is running on headnode1
SLURM: originating queue is core32
SLURM: executing queue is core32
SLURM: working directory is /beegfs/car/bxster25/circ-oc-sscu
SLURM: job identifier is 22756
SLURM: job name is stan23_circ_core32
SLURM: node file is node017
SLURM: current home directory is /home2/bxster25
SLURM: PATH = /usr/local/bin:/usr/local/sbin:/usr/local/bin:/usr/local/sbin:/usr/local/bin:/usr/local/sbin:/usr/share/Modules/bin:/usr/local/bin:/usr/bin:/usr/local/sbin:/usr/sbin
------------------------------------------------------
Usage: Rscript [options] file [args]
   or: Rscript [options] -e expr [-e expr2 ...] [args]
A binary front-end to R, for use in scripting applications.

Options:
  --help              Print usage and exit
  --version           Print version and exit
  --verbose           Print information on progress
  --default-packages=LIST  Attach these packages on startup;
                        a comma-separated LIST of package names, or 'NULL'
and options to R (in addition to --no-echo --no-restore), for example:
  --save              Do save workspace at the end of the session
  --no-environ        Don't read the site and user environment files
  --no-site-file      Don't read the site-wide Rprofile
  --no-init-file      Don't read the user R profile
  --restore           Do restore previously saved objects at startup
  --vanilla           Combine --no-save, --no-restore, --no-site-file,
                        --no-init-file and --no-environ

Expressions (one or more '-e <expr>') may be used *instead* of 'file'.
Any additional 'args' can be accessed from R via 'commandArgs(TRUE)'.
See also  ?Rscript  from within R.
/soft/R-4.4.2/bin/Rscript

SAMPLING FOR MODEL '
SAMPLINGanon_model' NOW (CHAIN  FOR MODEL 'anon_model4).
' NOW (CHAIN 1).

SAMPLING
SAMPLING FOR MODEL 'anon_model FOR MODEL 'anon_model' NOW (CHAIN ' NOW (CHAIN 2).
3).
Chain 1: 
Chain Chain 14: : 
Chain Gradient evaluation took 0.008243 seconds
4: Chain 1Gradient evaluation took 0.008256 seconds
: 1000 transitions using 10 leapfrog steps per transition would take 82.43 seconds.Chain 4
Chain : 1000 transitions using 10 leapfrog steps per transition would take 82.56 seconds.1: 
Chain Adjust your expectations accordingly!
4: Chain 1Adjust your expectations accordingly!
: 
Chain Chain 4: 1: 
Chain 
4: 
Chain 2: Chain 3
: Chain 2
Chain : 3: Gradient evaluation took 0.008459 seconds
Gradient evaluation took 0.008609 seconds
Chain 2Chain 3: 1000 transitions using 10 leapfrog steps per transition would take 84.59 seconds.: 1000 transitions using 10 leapfrog steps per transition would take 86.09 seconds.

Chain 2Chain 3: Adjust your expectations accordingly!: Adjust your expectations accordingly!

Chain Chain 23: : 

Chain Chain 3: 2: 

Chain 1: Iteration:     1 / 12000 [  0%]  (Warmup)
Chain 4: Iteration:     1 / 12000 [  0%]  (Warmup)
Chain 3Chain 2: Iteration:     1 / 12000 [  0%]  (Warmup): Iteration:     1 / 12000 [  0%]  (Warmup)

Chain 4: Iteration:  1200 / 12000 [ 10%]  (Warmup)
Chain 4Chain 1Chain 2: Iteration:  2400 / 12000 [ 20%]  (Warmup): Iteration:  1200 / 12000 [ 10%]  (Warmup): Iteration:  1200 / 12000 [ 10%]  (Warmup)


Chain 1: Iteration:  2400 / 12000 [ 20%]  (Warmup)
Chain 3: Iteration:  1200 / 12000 [ 10%]  (Warmup)
Chain 1: Iteration:  3600 / 12000 [ 30%]  (Warmup)
Chain 4: Iteration:  3600 / 12000 [ 30%]  (Warmup)
Chain 1: Iteration:  4800 / 12000 [ 40%]  (Warmup)
Chain 3: Iteration:  2400 / 12000 [ 20%]  (Warmup)
Chain 1: Iteration:  6000 / 12000 [ 50%]  (Warmup)
Chain 1: Iteration:  6001 / 12000 [ 50%]  (Sampling)
Chain 1: Iteration:  7200 / 12000 [ 60%]  (Sampling)
Chain 4: Iteration:  4800 / 12000 [ 40%]  (Warmup)
Chain 3: Iteration:  3600 / 12000 [ 30%]  (Warmup)
Chain 1: Iteration:  8400 / 12000 [ 70%]  (Sampling)
Chain 2: Iteration:  2400 / 12000 [ 20%]  (Warmup)
Chain 1: Iteration:  9600 / 12000 [ 80%]  (Sampling)
Chain 4: Iteration:  6000 / 12000 [ 50%]  (Warmup)
Chain 4: Iteration:  6001 / 12000 [ 50%]  (Sampling)
Chain 3: Iteration:  4800 / 12000 [ 40%]  (Warmup)
Chain 1: Iteration: 10800 / 12000 [ 90%]  (Sampling)
Chain 3: Iteration:  6000 / 12000 [ 50%]  (Warmup)
Chain 3: Iteration:  6001 / 12000 [ 50%]  (Sampling)
Chain 1: Iteration: 12000 / 12000 [100%]  (Sampling)
Chain 1: 
Chain 1:  Elapsed Time: 26811.1 seconds (Warm-up)
Chain 1:                9530.27 seconds (Sampling)
Chain 1:                36341.3 seconds (Total)
Chain 1: 
Chain 4: Iteration:  7200 / 12000 [ 60%]  (Sampling)
Chain 4: Iteration:  8400 / 12000 [ 70%]  (Sampling)
Chain 3: Iteration:  7200 / 12000 [ 60%]  (Sampling)
Chain 2: Iteration:  3600 / 12000 [ 30%]  (Warmup)
Chain 4: Iteration:  9600 / 12000 [ 80%]  (Sampling)
Chain 3: Iteration:  8400 / 12000 [ 70%]  (Sampling)
Chain 4: Iteration: 10800 / 12000 [ 90%]  (Sampling)
Chain 3: Iteration:  9600 / 12000 [ 80%]  (Sampling)
Chain 2: Iteration:  4800 / 12000 [ 40%]  (Warmup)
Chain 4: Iteration: 12000 / 12000 [100%]  (Sampling)
Chain 4: 
Chain 4:  Elapsed Time: 32541.5 seconds (Warm-up)
Chain 4:                21274.8 seconds (Sampling)
Chain 4:                53816.3 seconds (Total)
Chain 4: 
Chain 3: Iteration: 10800 / 12000 [ 90%]  (Sampling)
Chain 3: Iteration: 12000 / 12000 [100%]  (Sampling)
Chain 3: 
Chain 3:  Elapsed Time: 36040.4 seconds (Warm-up)
Chain 3:                21947.4 seconds (Sampling)
Chain 3:                57987.8 seconds (Total)
Chain 3: 
Chain 2: Iteration:  6000 / 12000 [ 50%]  (Warmup)
Chain 2: Iteration:  6001 / 12000 [ 50%]  (Sampling)
Chain 2: Iteration:  7200 / 12000 [ 60%]  (Sampling)
Chain 2: Iteration:  8400 / 12000 [ 70%]  (Sampling)
Chain 2: Iteration:  9600 / 12000 [ 80%]  (Sampling)
Chain 2: Iteration: 10800 / 12000 [ 90%]  (Sampling)
Chain 2: Iteration: 12000 / 12000 [100%]  (Sampling)
Chain 2: 
Chain 2:  Elapsed Time: 60438.3 seconds (Warm-up)
Chain 2:                18768.8 seconds (Sampling)
Chain 2:                79207.1 seconds (Total)
Chain 2: 
Time difference of 22.15111 hours
Sample size: 3664 
Inference for Stan model: anon_model.
4 chains, each with iter=12000; warmup=6000; thin=1; 
post-warmup draws per chain=6000, total post-warmup draws=24000.

       mean se_mean   sd   2.5%    25%    50%    75%  97.5% n_eff Rhat
A     15.61    0.02 0.18  15.26  15.48  15.60  15.73  15.98   111 1.07
B    -14.40    0.06 0.16 -14.73 -14.51 -14.39 -14.29 -14.11     7 1.25
u0    10.35    0.16 0.26   9.94  10.16  10.28  10.56  10.86     3 2.04
v0    11.91    0.27 0.40  11.41  11.63  11.76  12.25  12.70     2 3.11
w0     7.38    0.04 0.09   7.22   7.32   7.38   7.44   7.57     5 1.40
s_l    4.75    0.00 0.11   4.55   4.68   4.75   4.83   4.97  1094 1.01
s_b    3.18    0.03 0.08   3.02   3.13   3.18   3.24   3.35     6 1.21
nu_l   2.08    0.01 0.09   1.92   2.02   2.08   2.14   2.26    64 1.02
nu_b   2.42    0.08 0.16   2.13   2.31   2.42   2.52   2.74     4 1.41

Samples were drawn using NUTS(diag_e) at Wed Oct 22 11:50:19 2025.
For each parameter, n_eff is a crude measure of effective sample size,
and Rhat is the potential scale reduction factor on split chains (at 
convergence, Rhat=1).
null device 
          1 
A <- 15.60917 
B <- -14.4002 
u0 <- 10.34791 
v0 <- 11.91172 
w0 <- 7.383135 
s_l <- 4.754467 
s_b <- 3.183694 
nu_l <- 2.084565 
nu_b <- 2.420381 
scale t dist mul: 4.754 
scale t dist mub: 3.184 
------------------------------------------------------
Job ends
