------------------------------------------------------
Job is running on node ------------------------------------------------------
SLURM: qsub is running on headnode1
SLURM: originating queue is core32
SLURM: executing queue is core32
SLURM: working directory is /beegfs/car/bxster25/circ-oc-sscu
SLURM: job identifier is 22740
SLURM: job name is stan7_circ_core32
SLURM: node file is node[010,014]
SLURM: current home directory is /home2/bxster25
SLURM: PATH = /usr/local/bin:/usr/local/sbin:/usr/local/bin:/usr/local/sbin:/usr/local/bin:/usr/local/sbin:/usr/share/Modules/bin:/usr/local/bin:/usr/bin:/usr/local/sbin:/usr/sbin
------------------------------------------------------
Usage: Rscript [options] file [args]
   or: Rscript [options] -e expr [-e expr2 ...] [args]
A binary front-end to R, for use in scripting applications.

Options:
  --help              Print usage and exit
  --version           Print version and exit
  --verbose           Print information on progress
  --default-packages=LIST  Attach these packages on startup;
                        a comma-separated LIST of package names, or 'NULL'
and options to R (in addition to --no-echo --no-restore), for example:
  --save              Do save workspace at the end of the session
  --no-environ        Don't read the site and user environment files
  --no-site-file      Don't read the site-wide Rprofile
  --no-init-file      Don't read the user R profile
  --restore           Do restore previously saved objects at startup
  --vanilla           Combine --no-save, --no-restore, --no-site-file,
                        --no-init-file and --no-environ

Expressions (one or more '-e <expr>') may be used *instead* of 'file'.
Any additional 'args' can be accessed from R via 'commandArgs(TRUE)'.
See also  ?Rscript  from within R.
/soft/R-4.4.2/bin/Rscript

SAMPLING
SAMPLING FOR MODEL 'anon_model
SAMPLING
 FOR MODEL 'anon_model' NOW (CHAIN 1 FOR MODEL 'anon_modelSAMPLING' NOW (CHAIN 2).
' NOW (CHAIN 3 FOR MODEL ').
).
anon_model' NOW (CHAIN 4).
Chain 1Chain 2Chain : 
Chain : 
3Chain 14Chain 2: : Gradient evaluation took 0.033287 seconds: : Gradient evaluation took 0.032429 seconds

Chain 

Chain Chain 1: Chain 2: 31000 transitions using 10 leapfrog steps per transition would take 332.87 seconds.
41000 transitions using 10 leapfrog steps per transition would take 324.29 seconds.
: Chain 1: Chain 2Gradient evaluation took 0.029408 seconds: Adjust your expectations accordingly!Gradient evaluation took 0.015031 seconds: Adjust your expectations accordingly!

Chain 

Chain Chain 1: Chain 2: 3
Chain 4
Chain : 1: : 2: 1000 transitions using 10 leapfrog steps per transition would take 294.08 seconds.
1000 transitions using 10 leapfrog steps per transition would take 150.31 seconds.

Chain 
Chain 3: 4: Adjust your expectations accordingly!
Adjust your expectations accordingly!
Chain 3Chain 4: 
: 
Chain 3Chain 4: 
: 
Chain 2: Iteration:     1 / 12000 [  0%]  (Warmup)
Chain 4Chain 1: Iteration:     1 / 12000 [  0%]  (Warmup): Iteration:     1 / 12000 [  0%]  (Warmup)Chain 3

: Iteration:     1 / 12000 [  0%]  (Warmup)
Chain 3: Iteration:  1200 / 12000 [ 10%]  (Warmup)
Chain 3: Iteration:  2400 / 12000 [ 20%]  (Warmup)
Chain 1: Iteration:  1200 / 12000 [ 10%]  (Warmup)
Chain 3: Iteration:  3600 / 12000 [ 30%]  (Warmup)
Chain 4: Iteration:  1200 / 12000 [ 10%]  (Warmup)
Chain 3: Iteration:  4800 / 12000 [ 40%]  (Warmup)
Chain 3: Iteration:  6000 / 12000 [ 50%]  (Warmup)
Chain 3: Iteration:  6001 / 12000 [ 50%]  (Sampling)
Chain 1: Iteration:  2400 / 12000 [ 20%]  (Warmup)
Chain 3: Iteration:  7200 / 12000 [ 60%]  (Sampling)
Chain 1: Iteration:  3600 / 12000 [ 30%]  (Warmup)
Chain 4: Iteration:  2400 / 12000 [ 20%]  (Warmup)
Chain 3: Iteration:  8400 / 12000 [ 70%]  (Sampling)
Chain 1: Iteration:  4800 / 12000 [ 40%]  (Warmup)
Chain 3: Iteration:  9600 / 12000 [ 80%]  (Sampling)
Chain 1: Iteration:  6000 / 12000 [ 50%]  (Warmup)
Chain 1: Iteration:  6001 / 12000 [ 50%]  (Sampling)
Chain 3: Iteration: 10800 / 12000 [ 90%]  (Sampling)
Chain 1: Iteration:  7200 / 12000 [ 60%]  (Sampling)
Chain 3: Iteration: 12000 / 12000 [100%]  (Sampling)
Chain 3: 
Chain 3:  Elapsed Time: 62943.4 seconds (Warm-up)
Chain 3:                89393.3 seconds (Sampling)
Chain 3:                152337 seconds (Total)
Chain 3: 
Chain 1: Iteration:  8400 / 12000 [ 70%]  (Sampling)
Chain 4: Iteration:  3600 / 12000 [ 30%]  (Warmup)
Chain 1: Iteration:  9600 / 12000 [ 80%]  (Sampling)
Chain 2: Iteration:  1200 / 12000 [ 10%]  (Warmup)
Chain 1: Iteration: 10800 / 12000 [ 90%]  (Sampling)
Chain 1: Iteration: 12000 / 12000 [100%]  (Sampling)
Chain 1: 
Chain 1:  Elapsed Time: 128802 seconds (Warm-up)
Chain 1:                68468.9 seconds (Sampling)
Chain 1:                197271 seconds (Total)
Chain 1: 
Chain 4: Iteration:  4800 / 12000 [ 40%]  (Warmup)
Chain 2: Iteration:  2400 / 12000 [ 20%]  (Warmup)
Chain 2: Iteration:  3600 / 12000 [ 30%]  (Warmup)
Chain 2: Iteration:  4800 / 12000 [ 40%]  (Warmup)
Chain 4: Iteration:  6000 / 12000 [ 50%]  (Warmup)
Chain 4: Iteration:  6001 / 12000 [ 50%]  (Sampling)
Chain 2: Iteration:  6000 / 12000 [ 50%]  (Warmup)
Chain 2: Iteration:  6001 / 12000 [ 50%]  (Sampling)
Chain 4: Iteration:  7200 / 12000 [ 60%]  (Sampling)
Chain 4: Iteration:  8400 / 12000 [ 70%]  (Sampling)
Chain 2: Iteration:  7200 / 12000 [ 60%]  (Sampling)
Chain 4: Iteration:  9600 / 12000 [ 80%]  (Sampling)
Chain 4: Iteration: 10800 / 12000 [ 90%]  (Sampling)
Chain 2: Iteration:  8400 / 12000 [ 70%]  (Sampling)
Chain 4: Iteration: 12000 / 12000 [100%]  (Sampling)
Chain 4: 
Chain 4:  Elapsed Time: 235694 seconds (Warm-up)
Chain 4:                18962.5 seconds (Sampling)
Chain 4:                254657 seconds (Total)
Chain 4: 
Chain 2: Iteration:  9600 / 12000 [ 80%]  (Sampling)
Chain 2: Iteration: 10800 / 12000 [ 90%]  (Sampling)
Chain 2: Iteration: 12000 / 12000 [100%]  (Sampling)
Chain 2: 
Chain 2:  Elapsed Time: 236394 seconds (Warm-up)
Chain 2:                27481.5 seconds (Sampling)
Chain 2:                263875 seconds (Total)
Chain 2: 
Time difference of 3.060087 days
Sample size: 3664 
Inference for Stan model: anon_model.
4 chains, each with iter=12000; warmup=6000; thin=1; 
post-warmup draws per chain=6000, total post-warmup draws=24000.

       mean se_mean   sd   2.5%    25%    50%    75%  97.5% n_eff Rhat
A     15.19    0.03 0.18  14.84  15.07  15.19  15.30  15.54    34 1.09
B    -14.46    0.04 0.14 -14.73 -14.55 -14.46 -14.36 -14.19    13 1.13
u0     9.79    0.03 0.16   9.48   9.68   9.78   9.91  10.10    29 1.14
v0    11.16    0.02 0.15  10.89  11.06  11.15  11.26  11.48    60 1.09
w0     7.18    0.07 0.12   6.94   7.09   7.20   7.26   7.38     3 1.94
s_l    4.60    0.06 0.13   4.35   4.50   4.59   4.69   4.87     4 1.31
s_b    3.18    0.04 0.09   3.01   3.11   3.17   3.23   3.36     5 1.27
nu_l   1.94    0.09 0.14   1.71   1.83   1.92   2.03   2.24     3 1.87
nu_b   2.38    0.11 0.19   2.11   2.25   2.34   2.49   2.81     3 1.70

Samples were drawn using NUTS(diag_e) at Fri Oct 24 15:03:15 2025.
For each parameter, n_eff is a crude measure of effective sample size,
and Rhat is the potential scale reduction factor on split chains (at 
convergence, Rhat=1).
null device 
          1 
A <- 15.18626 
B <- -14.45835 
u0 <- 9.789454 
v0 <- 11.1626 
w0 <- 7.176397 
s_l <- 4.596026 
s_b <- 3.175579 
nu_l <- 1.940198 
nu_b <- 2.384383 
scale t dist mul: 4.596 
scale t dist mub: 3.176 
------------------------------------------------------
Job ends
