------------------------------------------------------
Job is running on node ------------------------------------------------------
SLURM: qsub is running on headnode1
SLURM: originating queue is core32
SLURM: executing queue is core32
SLURM: working directory is /beegfs/car/bxster25/circ-oc-sscu
SLURM: job identifier is 22750
SLURM: job name is stan17_circ_core32
SLURM: node file is node060
SLURM: current home directory is /home2/bxster25
SLURM: PATH = /usr/local/bin:/usr/local/sbin:/usr/local/bin:/usr/local/sbin:/usr/local/bin:/usr/local/sbin:/usr/share/Modules/bin:/usr/local/bin:/usr/bin:/usr/local/sbin:/usr/sbin
------------------------------------------------------
Usage: Rscript [options] file [args]
   or: Rscript [options] -e expr [-e expr2 ...] [args]
A binary front-end to R, for use in scripting applications.

Options:
  --help              Print usage and exit
  --version           Print version and exit
  --verbose           Print information on progress
  --default-packages=LIST  Attach these packages on startup;
                        a comma-separated LIST of package names, or 'NULL'
and options to R (in addition to --no-echo --no-restore), for example:
  --save              Do save workspace at the end of the session
  --no-environ        Don't read the site and user environment files
  --no-site-file      Don't read the site-wide Rprofile
  --no-init-file      Don't read the user R profile
  --restore           Do restore previously saved objects at startup
  --vanilla           Combine --no-save, --no-restore, --no-site-file,
                        --no-init-file and --no-environ

Expressions (one or more '-e <expr>') may be used *instead* of 'file'.
Any additional 'args' can be accessed from R via 'commandArgs(TRUE)'.
See also  ?Rscript  from within R.
/soft/R-4.4.2/bin/Rscript

SAMPLING FOR MODEL 'anon_model
' NOW (CHAIN 2SAMPLING).

SAMPLING FOR MODEL 'anon_model FOR MODEL 'anon_model
SAMPLING' NOW (CHAIN 3' NOW (CHAIN 1 FOR MODEL 'anon_model).
).
' NOW (CHAIN 4).
Chain 3: 
Chain 3: Gradient evaluation took 0.009443 seconds
Chain 3: 1000 transitions using 10 leapfrog steps per transition would take 94.43 seconds.
Chain 3: Adjust your expectations accordingly!
Chain 3: 
Chain 3: Chain 
4: 
Chain 4: Gradient evaluation took 0.009335 seconds
Chain 4: 1000 transitions using 10 leapfrog steps per transition would take 93.35 seconds.
Chain 4: Adjust your expectations accordingly!
Chain 4: 
Chain 4: 
Chain 2: 
Chain 2: Gradient evaluation took 0.009646 seconds
Chain 2: 1000 transitions using 10 leapfrog steps per transition would take 96.46 seconds.
Chain Chain 2: 1: Adjust your expectations accordingly!

Chain 1Chain : Gradient evaluation took 0.009502 seconds2: 
Chain 
1: Chain 1000 transitions using 10 leapfrog steps per transition would take 95.02 seconds.2
: 
Chain 3Chain : Iteration:     1 / 12000 [  0%]  (Warmup)1: 
Adjust your expectations accordingly!
Chain 1: 
Chain 1: 
Chain 4: Iteration:     1 / 12000 [  0%]  (Warmup)
Chain 2: Iteration:     1 / 12000 [  0%]  (Warmup)
Chain 1: Iteration:     1 / 12000 [  0%]  (Warmup)
Chain 2: Iteration:  1200 / 12000 [ 10%]  (Warmup)
Chain 2: Iteration:  2400 / 12000 [ 20%]  (Warmup)
Chain 3: Iteration:  1200 / 12000 [ 10%]  (Warmup)
Chain 2: Iteration:  3600 / 12000 [ 30%]  (Warmup)
Chain 2: Iteration:  4800 / 12000 [ 40%]  (Warmup)
Chain 4: Iteration:  1200 / 12000 [ 10%]  (Warmup)
Chain 2: Iteration:  6000 / 12000 [ 50%]  (Warmup)
Chain 2: Iteration:  6001 / 12000 [ 50%]  (Sampling)
Chain 3: Iteration:  2400 / 12000 [ 20%]  (Warmup)
Chain 2: Iteration:  7200 / 12000 [ 60%]  (Sampling)
Chain 2: Iteration:  8400 / 12000 [ 70%]  (Sampling)
Chain 2: Iteration:  9600 / 12000 [ 80%]  (Sampling)
Chain 3: Iteration:  3600 / 12000 [ 30%]  (Warmup)
Chain 2: Iteration: 10800 / 12000 [ 90%]  (Sampling)
Chain 2: Iteration: 12000 / 12000 [100%]  (Sampling)
Chain 2: 
Chain 2:  Elapsed Time: 25990.5 seconds (Warm-up)
Chain 2:                5939.66 seconds (Sampling)
Chain 2:                31930.2 seconds (Total)
Chain 2: 
Chain 1: Iteration:  1200 / 12000 [ 10%]  (Warmup)
Chain 3: Iteration:  4800 / 12000 [ 40%]  (Warmup)
Chain 3: Iteration:  6000 / 12000 [ 50%]  (Warmup)
Chain 3: Iteration:  6001 / 12000 [ 50%]  (Sampling)
Chain 4: Iteration:  2400 / 12000 [ 20%]  (Warmup)
Chain 3: Iteration:  7200 / 12000 [ 60%]  (Sampling)
Chain 3: Iteration:  8400 / 12000 [ 70%]  (Sampling)
Chain 4: Iteration:  3600 / 12000 [ 30%]  (Warmup)
Chain 3: Iteration:  9600 / 12000 [ 80%]  (Sampling)
Chain 1: Iteration:  2400 / 12000 [ 20%]  (Warmup)
Chain 3: Iteration: 10800 / 12000 [ 90%]  (Sampling)
Chain 4: Iteration:  4800 / 12000 [ 40%]  (Warmup)
Chain 3: Iteration: 12000 / 12000 [100%]  (Sampling)
Chain 3: 
Chain 3:  Elapsed Time: 39843 seconds (Warm-up)
Chain 3:                22068.5 seconds (Sampling)
Chain 3:                61911.5 seconds (Total)
Chain 3: 
Chain 1: Iteration:  3600 / 12000 [ 30%]  (Warmup)
Chain 4: Iteration:  6000 / 12000 [ 50%]  (Warmup)
Chain 4: Iteration:  6001 / 12000 [ 50%]  (Sampling)
Chain 4: Iteration:  7200 / 12000 [ 60%]  (Sampling)
Chain 1: Iteration:  4800 / 12000 [ 40%]  (Warmup)
Chain 4: Iteration:  8400 / 12000 [ 70%]  (Sampling)
Chain 4: Iteration:  9600 / 12000 [ 80%]  (Sampling)
Chain 1: Iteration:  6000 / 12000 [ 50%]  (Warmup)
Chain 1: Iteration:  6001 / 12000 [ 50%]  (Sampling)
Chain 1: Iteration:  7200 / 12000 [ 60%]  (Sampling)
Chain 4: Iteration: 10800 / 12000 [ 90%]  (Sampling)
Chain 1: Iteration:  8400 / 12000 [ 70%]  (Sampling)
Chain 4: Iteration: 12000 / 12000 [100%]  (Sampling)
Chain 4: 
Chain 4:  Elapsed Time: 72316.2 seconds (Warm-up)
Chain 4:                44058.2 seconds (Sampling)
Chain 4:                116374 seconds (Total)
Chain 4: 
Chain 1: Iteration:  9600 / 12000 [ 80%]  (Sampling)
Chain 1: Iteration: 10800 / 12000 [ 90%]  (Sampling)
Chain 1: Iteration: 12000 / 12000 [100%]  (Sampling)
Chain 1: 
Chain 1:  Elapsed Time: 99240.4 seconds (Warm-up)
Chain 1:                36102.1 seconds (Sampling)
Chain 1:                135343 seconds (Total)
Chain 1: 
Time difference of 1.572038 days
Sample size: 3664 
Inference for Stan model: anon_model.
4 chains, each with iter=12000; warmup=6000; thin=1; 
post-warmup draws per chain=6000, total post-warmup draws=24000.

       mean se_mean   sd   2.5%    25%    50%    75%  97.5% n_eff Rhat
A     15.82    0.01 0.16  15.52  15.71  15.82  15.93  16.15   284 1.02
B    -14.53    0.01 0.13 -14.78 -14.61 -14.53 -14.44 -14.29   238 1.02
u0    10.00    0.02 0.15   9.72   9.90   9.99  10.10  10.31    42 1.10
v0    11.45    0.03 0.16  11.14  11.34  11.45  11.56  11.76    36 1.12
w0     7.25    0.04 0.09   7.09   7.18   7.24   7.31   7.42     5 1.43
s_l    4.75    0.06 0.13   4.50   4.65   4.74   4.84   5.01     5 1.29
s_b    3.15    0.04 0.09   2.98   3.09   3.15   3.21   3.32     5 1.30
nu_l   2.22    0.10 0.17   1.96   2.09   2.20   2.35   2.56     3 1.80
nu_b   2.44    0.12 0.20   2.12   2.27   2.43   2.61   2.83     3 1.87

Samples were drawn using NUTS(diag_e) at Thu Oct 23 03:20:46 2025.
For each parameter, n_eff is a crude measure of effective sample size,
and Rhat is the potential scale reduction factor on split chains (at 
convergence, Rhat=1).
null device 
          1 
A <- 15.82205 
B <- -14.52893 
u0 <- 10.00024 
v0 <- 11.44921 
w0 <- 7.247318 
s_l <- 4.746102 
s_b <- 3.152064 
nu_l <- 2.221206 
nu_b <- 2.442998 
scale t dist mul: 4.746 
scale t dist mub: 3.152 
------------------------------------------------------
Job ends
