------------------------------------------------------
Job is running on node ------------------------------------------------------
SLURM: qsub is running on headnode1
SLURM: originating queue is core32
SLURM: executing queue is 
SLURM: working directory is /beegfs/car/bxster25/oc-sscu
SLURM: execution mode is 
SLURM: job identifier is 9493
SLURM: job name is stan11_ncirc_core32
SLURM: node file is node039
SLURM: current home directory is /home2/bxster25
SLURM: PATH = /soft/R-4.4.2/bin:/usr/local/bin:/usr/local/sbin:/usr/share/Modules/bin:/usr/local/bin:/usr/bin:/usr/local/sbin:/usr/sbin
LD PATH =
------------------------------------------------------
Usage: Rscript [options] file [args]
   or: Rscript [options] -e expr [-e expr2 ...] [args]
A binary front-end to R, for use in scripting applications.

Options:
  --help              Print usage and exit
  --version           Print version and exit
  --verbose           Print information on progress
  --default-packages=LIST  Attach these packages on startup;
                        a comma-separated LIST of package names, or 'NULL'
and options to R (in addition to --no-echo --no-restore), for example:
  --save              Do save workspace at the end of the session
  --no-environ        Don't read the site and user environment files
  --no-site-file      Don't read the site-wide Rprofile
  --no-init-file      Don't read the user R profile
  --restore           Do restore previously saved objects at startup
  --vanilla           Combine --no-save, --no-restore, --no-site-file,
                        --no-init-file and --no-environ

Expressions (one or more '-e <expr>') may be used *instead* of 'file'.
Any additional 'args' can be accessed from R via 'commandArgs(TRUE)'.
See also  ?Rscript  from within R.
/soft/R-4.4.2/bin/Rscript

SAMPLING FOR MODEL 'anon_model' NOW (CHAIN 1).

SAMPLING FOR MODEL 'anon_model' NOW (CHAIN 2).

SAMPLING FOR MODEL 'anon_model' NOW (CHAIN 3).

SAMPLING FOR MODEL 'anon_model' NOW (CHAIN 4).
Chain 4: 
Chain 4: Gradient evaluation took 0.028984 seconds
Chain 4: 1000 transitions using 10 leapfrog steps per transition would take 289.84 seconds.
Chain Chain 42: Chain 1: 
: 
Adjust your expectations accordingly!
Chain 2Chain 1Chain 3Chain 4: Gradient evaluation took 0.029282 seconds: Gradient evaluation took 0.029151 seconds: 
: 

Chain 
Chain Chain 3Chain 42: 1: : Gradient evaluation took 0.028971 seconds: 
1000 transitions using 10 leapfrog steps per transition would take 292.82 seconds.
1000 transitions using 10 leapfrog steps per transition would take 291.51 seconds.

Chain Chain 2Chain 13: : Adjust your expectations accordingly!: Adjust your expectations accordingly!1000 transitions using 10 leapfrog steps per transition would take 289.71 seconds.
Chain 
Chain 
2: 1: Chain 
Chain 
Chain 3: 2: 1Adjust your expectations accordingly!

: Chain 3
: 
Chain 3: 
Chain 4Chain : Iteration:    1 / 5000 [  0%]  (Warmup)3: Chain 1
Iteration:    1 / 5000 [  0%]  (Warmup)
: Iteration:    1 / 5000 [  0%]  (Warmup)
Chain 2: Iteration:    1 / 5000 [  0%]  (Warmup)
Chain 3: Iteration:  500 / 5000 [ 10%]  (Warmup)
Chain 1: Iteration:  500 / 5000 [ 10%]  (Warmup)
Chain 2: Iteration:  500 / 5000 [ 10%]  (Warmup)
Chain 4: Iteration:  500 / 5000 [ 10%]  (Warmup)
Chain 2: Iteration: 1000 / 5000 [ 20%]  (Warmup)
Chain 2: Iteration: 1500 / 5000 [ 30%]  (Warmup)
Chain 2: Iteration: 2000 / 5000 [ 40%]  (Warmup)
Chain 3: Iteration: 1000 / 5000 [ 20%]  (Warmup)
Chain 1: Iteration: 1000 / 5000 [ 20%]  (Warmup)
Chain 2: Iteration: 2500 / 5000 [ 50%]  (Warmup)
Chain 2: Iteration: 2501 / 5000 [ 50%]  (Sampling)
Chain 1: Iteration: 1500 / 5000 [ 30%]  (Warmup)
Chain 2: Iteration: 3000 / 5000 [ 60%]  (Sampling)
Chain 1: Iteration: 2000 / 5000 [ 40%]  (Warmup)
Chain 2: Iteration: 3500 / 5000 [ 70%]  (Sampling)
Chain 4: Iteration: 1000 / 5000 [ 20%]  (Warmup)
Chain 1: Iteration: 2500 / 5000 [ 50%]  (Warmup)
Chain 1: Iteration: 2501 / 5000 [ 50%]  (Sampling)
Chain 2: Iteration: 4000 / 5000 [ 80%]  (Sampling)
Chain 1: Iteration: 3000 / 5000 [ 60%]  (Sampling)
Chain 2: Iteration: 4500 / 5000 [ 90%]  (Sampling)
Chain 1: Iteration: 3500 / 5000 [ 70%]  (Sampling)
Chain 2: Iteration: 5000 / 5000 [100%]  (Sampling)
Chain 2: 
Chain 2:  Elapsed Time: 37310.3 seconds (Warm-up)
Chain 2:                15165.8 seconds (Sampling)
Chain 2:                52476.1 seconds (Total)
Chain 2: 
Chain 1: Iteration: 4000 / 5000 [ 80%]  (Sampling)
Chain 1: Iteration: 4500 / 5000 [ 90%]  (Sampling)
Chain 3: Iteration: 1500 / 5000 [ 30%]  (Warmup)
Chain 1: Iteration: 5000 / 5000 [100%]  (Sampling)
Chain 1: 
Chain 1:  Elapsed Time: 46364.6 seconds (Warm-up)
Chain 1:                15245.1 seconds (Sampling)
Chain 1:                61609.6 seconds (Total)
Chain 1: 
Chain 4: Iteration: 1500 / 5000 [ 30%]  (Warmup)
Chain 3: Iteration: 2000 / 5000 [ 40%]  (Warmup)
Chain 4: Iteration: 2000 / 5000 [ 40%]  (Warmup)
Chain 3: Iteration: 2500 / 5000 [ 50%]  (Warmup)
Chain 3: Iteration: 2501 / 5000 [ 50%]  (Sampling)
Chain 4: Iteration: 2500 / 5000 [ 50%]  (Warmup)
Chain 4: Iteration: 2501 / 5000 [ 50%]  (Sampling)
Chain 3: Iteration: 3000 / 5000 [ 60%]  (Sampling)
Chain 4: Iteration: 3000 / 5000 [ 60%]  (Sampling)
Chain 3: Iteration: 3500 / 5000 [ 70%]  (Sampling)
Chain 4: Iteration: 3500 / 5000 [ 70%]  (Sampling)
Chain 3: Iteration: 4000 / 5000 [ 80%]  (Sampling)
Chain 4: Iteration: 4000 / 5000 [ 80%]  (Sampling)
Chain 3: Iteration: 4500 / 5000 [ 90%]  (Sampling)
Chain 4: Iteration: 4500 / 5000 [ 90%]  (Sampling)
Chain 3: Iteration: 5000 / 5000 [100%]  (Sampling)
Chain 3: 
Chain 3:  Elapsed Time: 108414 seconds (Warm-up)
Chain 3:                114031 seconds (Sampling)
Chain 3:                222445 seconds (Total)
Chain 3: 
Chain 4: Iteration: 5000 / 5000 [100%]  (Sampling)
Chain 4: 
Chain 4:  Elapsed Time: 116616 seconds (Warm-up)
Chain 4:                114570 seconds (Sampling)
Chain 4:                231186 seconds (Total)
Chain 4: 
Time difference of 2.688553 days
Sample size: 3665 
Inference for Stan model: anon_model.
4 chains, each with iter=5000; warmup=2500; thin=1; 
post-warmup draws per chain=2500, total post-warmup draws=10000.

       mean se_mean   sd   2.5%    25%    50%    75%  97.5% n_eff Rhat
A     16.02    0.61 1.15  15.20  15.42  15.57  16.30  19.74     4 2.10
B    -14.52    0.45 0.66 -15.84 -14.42 -14.21 -14.10 -13.94     2 4.14
C      1.81    1.37 2.14  -4.56   1.60   2.86   3.05   3.32     2 3.64
K      7.53    1.26 2.05   3.38   6.85   8.20   8.87  10.33     3 2.50
u0    11.86    2.74 4.43   9.30   9.50   9.65  11.35  25.28     3 3.10
v0     7.06    5.25 8.39 -18.93   8.19  11.37  11.51  11.69     3 3.27
w0     7.78    0.63 0.92   7.17   7.24   7.29   7.81   9.89     2 6.24
s_l    5.99    1.72 2.71   4.34   4.55   4.65   4.83  12.08     2 2.28
s_b    3.08    0.15 0.24   2.80   2.92   2.99   3.12   3.60     3 2.27
nu_l   2.66    0.64 1.16   1.02   2.06   2.16   2.31   5.26     3 1.92
nu_b   2.68    0.48 0.74   2.05   2.22   2.35   2.62   4.37     2 2.80

Samples were drawn using NUTS(diag_e) at Sun Oct 12 07:39:43 2025.
For each parameter, n_eff is a crude measure of effective sample size,
and Rhat is the potential scale reduction factor on split chains (at 
convergence, Rhat=1).
null device 
          1 
A <- 16.01776 
B <- -14.51949 
C <- 1.813459 
K <- 7.533677 
u0 <- 11.86368 
v0 <- 7.057454 
w0 <- 7.784957 
s_l <- 5.99279 
s_b <- 3.076259 
nu_l <- 2.655022 
nu_b <- 2.683876 
scale t dist mul: 5.993 
scale t dist mub: 3.076 
------------------------------------------------------
Job ends
