------------------------------------------------------
Job is running on node ------------------------------------------------------
SLURM: qsub is running on headnode1
SLURM: originating queue is core32
SLURM: executing queue is 
SLURM: working directory is /beegfs/car/bxster25/oc-sscu
SLURM: execution mode is 
SLURM: job identifier is 9503
SLURM: job name is stan21_ncirc_core32
SLURM: node file is node016
SLURM: current home directory is /home2/bxster25
SLURM: PATH = /soft/R-4.4.2/bin:/usr/local/bin:/usr/local/sbin:/usr/share/Modules/bin:/usr/local/bin:/usr/bin:/usr/local/sbin:/usr/sbin
LD PATH =
------------------------------------------------------
Usage: Rscript [options] file [args]
   or: Rscript [options] -e expr [-e expr2 ...] [args]
A binary front-end to R, for use in scripting applications.

Options:
  --help              Print usage and exit
  --version           Print version and exit
  --verbose           Print information on progress
  --default-packages=LIST  Attach these packages on startup;
                        a comma-separated LIST of package names, or 'NULL'
and options to R (in addition to --no-echo --no-restore), for example:
  --save              Do save workspace at the end of the session
  --no-environ        Don't read the site and user environment files
  --no-site-file      Don't read the site-wide Rprofile
  --no-init-file      Don't read the user R profile
  --restore           Do restore previously saved objects at startup
  --vanilla           Combine --no-save, --no-restore, --no-site-file,
                        --no-init-file and --no-environ

Expressions (one or more '-e <expr>') may be used *instead* of 'file'.
Any additional 'args' can be accessed from R via 'commandArgs(TRUE)'.
See also  ?Rscript  from within R.
/soft/R-4.4.2/bin/Rscript

SAMPLING FOR MODEL 'anon_model' NOW (CHAIN 1).

SAMPLING FOR MODEL 'anon_model' NOW (CHAIN 3).

SAMPLING FOR MODEL 'anon_model' NOW (CHAIN 4).

SAMPLING FOR MODEL 'anon_model' NOW (CHAIN 2).
Chain 1: 
Chain 1: Gradient evaluation took 0.009406 seconds
Chain Chain 1: 3: 1000 transitions using 10 leapfrog steps per transition would take 94.06 seconds.

Chain 1Chain : Adjust your expectations accordingly!3: 
Gradient evaluation took 0.009424 seconds
Chain Chain 31: : 1000 transitions using 10 leapfrog steps per transition would take 94.24 seconds.

Chain Chain 3: 1: Adjust your expectations accordingly!

Chain 3: 
Chain 3: 
Chain 4: 
Chain Chain 42: : 
Gradient evaluation took 0.009363 secondsChain 
2: Chain Gradient evaluation took 0.009266 seconds4: 
1000 transitions using 10 leapfrog steps per transition would take 93.63 seconds.
Chain Chain 2: 4: 1000 transitions using 10 leapfrog steps per transition would take 92.66 seconds.
Adjust your expectations accordingly!Chain 2
: Adjust your expectations accordingly!Chain 
Chain 4: 2: 
Chain 
4: Chain 2
: 
Chain 1: Iteration:    1 / 5000 [  0%]  (Warmup)
Chain 3: Iteration:    1 / 5000 [  0%]  (Warmup)
Chain 2Chain : Iteration:    1 / 5000 [  0%]  (Warmup)4
: Iteration:    1 / 5000 [  0%]  (Warmup)
Chain 3: Iteration:  500 / 5000 [ 10%]  (Warmup)
Chain 2: Iteration:  500 / 5000 [ 10%]  (Warmup)
Chain 4: Iteration:  500 / 5000 [ 10%]  (Warmup)
Chain 1: Iteration:  500 / 5000 [ 10%]  (Warmup)
Chain 3: Iteration: 1000 / 5000 [ 20%]  (Warmup)
Chain 2: Iteration: 1000 / 5000 [ 20%]  (Warmup)
Chain 4: Iteration: 1000 / 5000 [ 20%]  (Warmup)
Chain 1: Iteration: 1000 / 5000 [ 20%]  (Warmup)
Chain 3: Iteration: 1500 / 5000 [ 30%]  (Warmup)
Chain 4: Iteration: 1500 / 5000 [ 30%]  (Warmup)
Chain 2: Iteration: 1500 / 5000 [ 30%]  (Warmup)
Chain 1: Iteration: 1500 / 5000 [ 30%]  (Warmup)
Chain 3: Iteration: 2000 / 5000 [ 40%]  (Warmup)
Chain 4: Iteration: 2000 / 5000 [ 40%]  (Warmup)
Chain 2: Iteration: 2000 / 5000 [ 40%]  (Warmup)
Chain 1: Iteration: 2000 / 5000 [ 40%]  (Warmup)
Chain 3: Iteration: 2500 / 5000 [ 50%]  (Warmup)
Chain 3: Iteration: 2501 / 5000 [ 50%]  (Sampling)
Chain 3: Iteration: 3000 / 5000 [ 60%]  (Sampling)
Chain 4: Iteration: 2500 / 5000 [ 50%]  (Warmup)
Chain 4: Iteration: 2501 / 5000 [ 50%]  (Sampling)
Chain 2: Iteration: 2500 / 5000 [ 50%]  (Warmup)
Chain 2: Iteration: 2501 / 5000 [ 50%]  (Sampling)
Chain 1: Iteration: 2500 / 5000 [ 50%]  (Warmup)
Chain 1: Iteration: 2501 / 5000 [ 50%]  (Sampling)
Chain 3: Iteration: 3500 / 5000 [ 70%]  (Sampling)
Chain 3: Iteration: 4000 / 5000 [ 80%]  (Sampling)
Chain 4: Iteration: 3000 / 5000 [ 60%]  (Sampling)
Chain 2: Iteration: 3000 / 5000 [ 60%]  (Sampling)
Chain 1: Iteration: 3000 / 5000 [ 60%]  (Sampling)
Chain 3: Iteration: 4500 / 5000 [ 90%]  (Sampling)
Chain 3: Iteration: 5000 / 5000 [100%]  (Sampling)
Chain 3: 
Chain 3:  Elapsed Time: 30386.4 seconds (Warm-up)
Chain 3:                19078.4 seconds (Sampling)
Chain 3:                49464.7 seconds (Total)
Chain 3: 
Chain 4: Iteration: 3500 / 5000 [ 70%]  (Sampling)
Chain 2: Iteration: 3500 / 5000 [ 70%]  (Sampling)
Chain 1: Iteration: 3500 / 5000 [ 70%]  (Sampling)
Chain 4: Iteration: 4000 / 5000 [ 80%]  (Sampling)
Chain 2: Iteration: 4000 / 5000 [ 80%]  (Sampling)
Chain 1: Iteration: 4000 / 5000 [ 80%]  (Sampling)
Chain 4: Iteration: 4500 / 5000 [ 90%]  (Sampling)
Chain 2: Iteration: 4500 / 5000 [ 90%]  (Sampling)
Chain 1: Iteration: 4500 / 5000 [ 90%]  (Sampling)
Chain 4: Iteration: 5000 / 5000 [100%]  (Sampling)
Chain 4: 
Chain 4:  Elapsed Time: 35951.6 seconds (Warm-up)
Chain 4:                35810.6 seconds (Sampling)
Chain 4:                71762.2 seconds (Total)
Chain 4: 
Chain 2: Iteration: 5000 / 5000 [100%]  (Sampling)
Chain 2: 
Chain 2:  Elapsed Time: 36280.6 seconds (Warm-up)
Chain 2:                35818 seconds (Sampling)
Chain 2:                72098.5 seconds (Total)
Chain 2: 
Chain 1: Iteration: 5000 / 5000 [100%]  (Sampling)
Chain 1: 
Chain 1:  Elapsed Time: 38157.1 seconds (Warm-up)
Chain 1:                33969.4 seconds (Sampling)
Chain 1:                72126.5 seconds (Total)
Chain 1: 
Time difference of 20.10597 hours
Sample size: 3664 
Inference for Stan model: anon_model.
4 chains, each with iter=5000; warmup=2500; thin=1; 
post-warmup draws per chain=2500, total post-warmup draws=10000.

       mean se_mean   sd   2.5%    25%    50%    75%  97.5% n_eff Rhat
A     15.36    0.02 0.16  15.04  15.26  15.37  15.47  15.65   103 1.02
B    -14.10    0.01 0.12 -14.34 -14.18 -14.10 -14.02 -13.86   133 1.04
C      2.68    0.02 0.20   2.26   2.56   2.68   2.81   3.06   112 1.02
K      8.47    0.15 0.90   6.57   7.89   8.49   9.07  10.13    37 1.13
u0     9.47    0.02 0.16   9.14   9.35   9.49   9.58   9.75    49 1.04
v0    11.28    0.02 0.14  10.99  11.20  11.28  11.37  11.54    63 1.05
w0     7.32    0.01 0.07   7.20   7.28   7.32   7.37   7.48    37 1.14
s_l    4.42    0.01 0.10   4.23   4.36   4.42   4.49   4.63    85 1.02
s_b    2.93    0.03 0.08   2.76   2.87   2.93   2.99   3.09     6 1.20
nu_l   1.86    0.03 0.08   1.71   1.81   1.86   1.91   2.02    10 1.12
nu_b   1.95    0.06 0.12   1.72   1.87   1.96   2.04   2.16     4 1.47

Samples were drawn using NUTS(diag_e) at Sat Oct 11 13:45:09 2025.
For each parameter, n_eff is a crude measure of effective sample size,
and Rhat is the potential scale reduction factor on split chains (at 
convergence, Rhat=1).
null device 
          1 
A <- 15.36027 
B <- -14.10142 
C <- 2.678278 
K <- 8.467548 
u0 <- 9.467117 
v0 <- 11.2793 
w0 <- 7.324132 
s_l <- 4.423924 
s_b <- 2.931105 
nu_l <- 1.860296 
nu_b <- 1.950935 
scale t dist mul: 4.424 
scale t dist mub: 2.931 
------------------------------------------------------
Job ends
