------------------------------------------------------
Job is running on node ------------------------------------------------------
SLURM: qsub is running on headnode1
SLURM: originating queue is core32
SLURM: executing queue is 
SLURM: working directory is /beegfs/car/bxster25/oc-sscu
SLURM: execution mode is 
SLURM: job identifier is 9499
SLURM: job name is stan17_ncirc_core32
SLURM: node file is node016
SLURM: current home directory is /home2/bxster25
SLURM: PATH = /soft/R-4.4.2/bin:/usr/local/bin:/usr/local/sbin:/usr/share/Modules/bin:/usr/local/bin:/usr/bin:/usr/local/sbin:/usr/sbin
LD PATH =
------------------------------------------------------
Usage: Rscript [options] file [args]
   or: Rscript [options] -e expr [-e expr2 ...] [args]
A binary front-end to R, for use in scripting applications.

Options:
  --help              Print usage and exit
  --version           Print version and exit
  --verbose           Print information on progress
  --default-packages=LIST  Attach these packages on startup;
                        a comma-separated LIST of package names, or 'NULL'
and options to R (in addition to --no-echo --no-restore), for example:
  --save              Do save workspace at the end of the session
  --no-environ        Don't read the site and user environment files
  --no-site-file      Don't read the site-wide Rprofile
  --no-init-file      Don't read the user R profile
  --restore           Do restore previously saved objects at startup
  --vanilla           Combine --no-save, --no-restore, --no-site-file,
                        --no-init-file and --no-environ

Expressions (one or more '-e <expr>') may be used *instead* of 'file'.
Any additional 'args' can be accessed from R via 'commandArgs(TRUE)'.
See also  ?Rscript  from within R.
/soft/R-4.4.2/bin/Rscript

SAMPLING FOR MODEL 'anon_model' NOW (CHAIN 1).

SAMPLING FOR MODEL 'anon_model' NOW (CHAIN 3).

SAMPLING FOR MODEL 'anon_model' NOW (CHAIN 2).

SAMPLING FOR MODEL 'anon_model' NOW (CHAIN 4).
Chain 4: 
Chain 4: Gradient evaluation took 0.0095 secondsChain 
2: Chain 4
: 1000 transitions using 10 leapfrog steps per transition would take 95 seconds.Chain 
Chain 2: 4Gradient evaluation took 0.009529 seconds: 
Adjust your expectations accordingly!
Chain 2Chain : 41000 transitions using 10 leapfrog steps per transition would take 95.29 seconds.: 

Chain 4Chain : 
2: Adjust your expectations accordingly!
Chain 2: 
Chain 2: 
Chain 1: 
Chain Chain 31: : Gradient evaluation took 0.009415 seconds

Chain Chain 31: : 1000 transitions using 10 leapfrog steps per transition would take 94.15 seconds.Gradient evaluation took 0.009423 seconds

Chain Chain 1: 3Adjust your expectations accordingly!
: Chain 1000 transitions using 10 leapfrog steps per transition would take 94.23 seconds.1: 

Chain Chain 1: 3
: Adjust your expectations accordingly!
Chain 3: 
Chain 3: 
Chain 4: Iteration:    1 / 5000 [  0%]  (Warmup)
Chain 2: Iteration:    1 / 5000 [  0%]  (Warmup)
Chain 1: Iteration:    1 / 5000 [  0%]  (Warmup)
Chain 3: Iteration:    1 / 5000 [  0%]  (Warmup)
Chain 1: Iteration:  500 / 5000 [ 10%]  (Warmup)
Chain 4: Iteration:  500 / 5000 [ 10%]  (Warmup)
Chain 2: Iteration:  500 / 5000 [ 10%]  (Warmup)
Chain 3: Iteration:  500 / 5000 [ 10%]  (Warmup)
Chain 4: Iteration: 1000 / 5000 [ 20%]  (Warmup)
Chain 3: Iteration: 1000 / 5000 [ 20%]  (Warmup)
Chain 1: Iteration: 1000 / 5000 [ 20%]  (Warmup)
Chain 3: Iteration: 1500 / 5000 [ 30%]  (Warmup)
Chain 2: Iteration: 1000 / 5000 [ 20%]  (Warmup)
Chain 3: Iteration: 2000 / 5000 [ 40%]  (Warmup)
Chain 4: Iteration: 1500 / 5000 [ 30%]  (Warmup)
Chain 3: Iteration: 2500 / 5000 [ 50%]  (Warmup)
Chain 3: Iteration: 2501 / 5000 [ 50%]  (Sampling)
Chain 3: Iteration: 3000 / 5000 [ 60%]  (Sampling)
Chain 4: Iteration: 2000 / 5000 [ 40%]  (Warmup)
Chain 1: Iteration: 1500 / 5000 [ 30%]  (Warmup)
Chain 3: Iteration: 3500 / 5000 [ 70%]  (Sampling)
Chain 3: Iteration: 4000 / 5000 [ 80%]  (Sampling)
Chain 4: Iteration: 2500 / 5000 [ 50%]  (Warmup)
Chain 4: Iteration: 2501 / 5000 [ 50%]  (Sampling)
Chain 3: Iteration: 4500 / 5000 [ 90%]  (Sampling)
Chain 3: Iteration: 5000 / 5000 [100%]  (Sampling)
Chain 3: 
Chain 3:  Elapsed Time: 15697.4 seconds (Warm-up)
Chain 3:                4957.88 seconds (Sampling)
Chain 3:                20655.3 seconds (Total)
Chain 3: 
Chain 2: Iteration: 1500 / 5000 [ 30%]  (Warmup)
Chain 4: Iteration: 3000 / 5000 [ 60%]  (Sampling)
Chain 1: Iteration: 2000 / 5000 [ 40%]  (Warmup)
Chain 4: Iteration: 3500 / 5000 [ 70%]  (Sampling)
Chain 1: Iteration: 2500 / 5000 [ 50%]  (Warmup)
Chain 1: Iteration: 2501 / 5000 [ 50%]  (Sampling)
Chain 4: Iteration: 4000 / 5000 [ 80%]  (Sampling)
Chain 1: Iteration: 3000 / 5000 [ 60%]  (Sampling)
Chain 1: Iteration: 3500 / 5000 [ 70%]  (Sampling)
Chain 1: Iteration: 4000 / 5000 [ 80%]  (Sampling)
Chain 1: Iteration: 4500 / 5000 [ 90%]  (Sampling)
Chain 1: Iteration: 5000 / 5000 [100%]  (Sampling)
Chain 1: 
Chain 1:  Elapsed Time: 24671.4 seconds (Warm-up)
Chain 1:                2382.38 seconds (Sampling)
Chain 1:                27053.8 seconds (Total)
Chain 1: 
Chain 4: Iteration: 4500 / 5000 [ 90%]  (Sampling)
Chain 2: Iteration: 2000 / 5000 [ 40%]  (Warmup)
Chain 4: Iteration: 5000 / 5000 [100%]  (Sampling)
Chain 4: 
Chain 4:  Elapsed Time: 19139.1 seconds (Warm-up)
Chain 4:                9880.61 seconds (Sampling)
Chain 4:                29019.7 seconds (Total)
Chain 4: 
Chain 2: Iteration: 2500 / 5000 [ 50%]  (Warmup)
Chain 2: Iteration: 2501 / 5000 [ 50%]  (Sampling)
Chain 2: Iteration: 3000 / 5000 [ 60%]  (Sampling)
Chain 2: Iteration: 3500 / 5000 [ 70%]  (Sampling)
Chain 2: Iteration: 4000 / 5000 [ 80%]  (Sampling)
Chain 2: Iteration: 4500 / 5000 [ 90%]  (Sampling)
Chain 2: Iteration: 5000 / 5000 [100%]  (Sampling)
Chain 2: 
Chain 2:  Elapsed Time: 34483.9 seconds (Warm-up)
Chain 2:                19072.5 seconds (Sampling)
Chain 2:                53556.4 seconds (Total)
Chain 2: 
Time difference of 14.94834 hours
Sample size: 3664 
Inference for Stan model: anon_model.
4 chains, each with iter=5000; warmup=2500; thin=1; 
post-warmup draws per chain=2500, total post-warmup draws=10000.

       mean se_mean   sd   2.5%    25%    50%    75%  97.5% n_eff Rhat
A     15.73    0.01 0.14  15.47  15.63  15.72  15.83  16.03   152 1.02
B    -14.42    0.03 0.13 -14.67 -14.51 -14.42 -14.33 -14.16    26 1.10
C      3.01    0.07 0.21   2.58   2.88   3.02   3.15   3.41    10 1.19
K      8.55    0.14 0.86   6.86   7.93   8.60   9.16  10.16    37 1.15
u0     9.35    0.03 0.15   9.06   9.25   9.35   9.45   9.63    31 1.12
v0    11.57    0.03 0.16  11.27  11.46  11.58  11.68  11.86    31 1.15
w0     7.38    0.01 0.07   7.25   7.33   7.38   7.44   7.52    43 1.04
s_l    4.60    0.07 0.14   4.30   4.50   4.61   4.70   4.85     4 1.43
s_b    2.98    0.07 0.12   2.74   2.90   3.00   3.06   3.17     3 1.70
nu_l   2.19    0.12 0.19   1.82   2.05   2.24   2.33   2.48     3 2.13
nu_b   2.28    0.16 0.25   1.81   2.08   2.34   2.46   2.67     2 2.37

Samples were drawn using NUTS(diag_e) at Fri Oct 10 11:25:32 2025.
For each parameter, n_eff is a crude measure of effective sample size,
and Rhat is the potential scale reduction factor on split chains (at 
convergence, Rhat=1).
null device 
          1 
A <- 15.73321 
B <- -14.41802 
C <- 3.011498 
K <- 8.553702 
u0 <- 9.346789 
v0 <- 11.57261 
w0 <- 7.381231 
s_l <- 4.596975 
s_b <- 2.980975 
nu_l <- 2.193211 
nu_b <- 2.282898 
scale t dist mul: 4.597 
scale t dist mub: 2.981 
------------------------------------------------------
Job ends
