------------------------------------------------------
Job is running on node ------------------------------------------------------
SLURM: qsub is running on headnode1
SLURM: originating queue is core32
SLURM: executing queue is 
SLURM: working directory is /beegfs/car/bxster25/oc-sscu
SLURM: execution mode is 
SLURM: job identifier is 9500
SLURM: job name is stan18_ncirc_core32
SLURM: node file is node016
SLURM: current home directory is /home2/bxster25
SLURM: PATH = /soft/R-4.4.2/bin:/usr/local/bin:/usr/local/sbin:/usr/share/Modules/bin:/usr/local/bin:/usr/bin:/usr/local/sbin:/usr/sbin
LD PATH =
------------------------------------------------------
Usage: Rscript [options] file [args]
   or: Rscript [options] -e expr [-e expr2 ...] [args]
A binary front-end to R, for use in scripting applications.

Options:
  --help              Print usage and exit
  --version           Print version and exit
  --verbose           Print information on progress
  --default-packages=LIST  Attach these packages on startup;
                        a comma-separated LIST of package names, or 'NULL'
and options to R (in addition to --no-echo --no-restore), for example:
  --save              Do save workspace at the end of the session
  --no-environ        Don't read the site and user environment files
  --no-site-file      Don't read the site-wide Rprofile
  --no-init-file      Don't read the user R profile
  --restore           Do restore previously saved objects at startup
  --vanilla           Combine --no-save, --no-restore, --no-site-file,
                        --no-init-file and --no-environ

Expressions (one or more '-e <expr>') may be used *instead* of 'file'.
Any additional 'args' can be accessed from R via 'commandArgs(TRUE)'.
See also  ?Rscript  from within R.
/soft/R-4.4.2/bin/Rscript

SAMPLING FOR MODEL 'anon_model' NOW (CHAIN 
2).
SAMPLING FOR MODEL 'anon_model' NOW (CHAIN 3).

SAMPLING FOR MODEL 'anon_model' NOW (CHAIN 1).

SAMPLING FOR MODEL 'anon_model' NOW (CHAIN 4).
Chain 4Chain : 
1: Chain 4
: Gradient evaluation took 0.008601 secondsChain 1
: Gradient evaluation took 0.008709 secondsChain 4
: 1000 transitions using 10 leapfrog steps per transition would take 86.01 seconds.Chain 1
Chain : 1000 transitions using 10 leapfrog steps per transition would take 87.09 seconds.4: 
Chain Adjust your expectations accordingly!
1: Chain 4Adjust your expectations accordingly!
: 
Chain 1Chain 4: 
: 
Chain 1: 
Chain 2: 
Chain 2: Gradient evaluation took 0.008788 seconds
Chain 2: 1000 transitions using 10 leapfrog steps per transition would take 87.88 seconds.
Chain 2: Adjust your expectations accordingly!
Chain 2: 
Chain 2: 
Chain 3: 
Chain 3: Gradient evaluation took 0.008923 seconds
Chain 3: 1000 transitions using 10 leapfrog steps per transition would take 89.23 seconds.
Chain 3: Adjust your expectations accordingly!
Chain 3: 
Chain 3: 
Chain 4: Iteration:    1 / 5000 [  0%]  (Warmup)
Chain 1: Iteration:    1 / 5000 [  0%]  (Warmup)
Chain 2: Iteration:    1 / 5000 [  0%]  (Warmup)
Chain 3: Iteration:    1 / 5000 [  0%]  (Warmup)
Chain 4: Iteration:  500 / 5000 [ 10%]  (Warmup)
Chain 3: Iteration:  500 / 5000 [ 10%]  (Warmup)
Chain 2: Iteration:  500 / 5000 [ 10%]  (Warmup)
Chain 1: Iteration:  500 / 5000 [ 10%]  (Warmup)
Chain 4: Iteration: 1000 / 5000 [ 20%]  (Warmup)
Chain 3: Iteration: 1000 / 5000 [ 20%]  (Warmup)
Chain 2: Iteration: 1000 / 5000 [ 20%]  (Warmup)
Chain 1: Iteration: 1000 / 5000 [ 20%]  (Warmup)
Chain 4: Iteration: 1500 / 5000 [ 30%]  (Warmup)
Chain 3: Iteration: 1500 / 5000 [ 30%]  (Warmup)
Chain 2: Iteration: 1500 / 5000 [ 30%]  (Warmup)
Chain 1: Iteration: 1500 / 5000 [ 30%]  (Warmup)
Chain 4: Iteration: 2000 / 5000 [ 40%]  (Warmup)
Chain 3: Iteration: 2000 / 5000 [ 40%]  (Warmup)
Chain 2: Iteration: 2000 / 5000 [ 40%]  (Warmup)
Chain 1: Iteration: 2000 / 5000 [ 40%]  (Warmup)
Chain 2: Iteration: 2500 / 5000 [ 50%]  (Warmup)
Chain 2: Iteration: 2501 / 5000 [ 50%]  (Sampling)
Chain 4: Iteration: 2500 / 5000 [ 50%]  (Warmup)
Chain 4: Iteration: 2501 / 5000 [ 50%]  (Sampling)
Chain 3: Iteration: 2500 / 5000 [ 50%]  (Warmup)
Chain 3: Iteration: 2501 / 5000 [ 50%]  (Sampling)
Chain 1: Iteration: 2500 / 5000 [ 50%]  (Warmup)
Chain 1: Iteration: 2501 / 5000 [ 50%]  (Sampling)
Chain 2: Iteration: 3000 / 5000 [ 60%]  (Sampling)
Chain 3: Iteration: 3000 / 5000 [ 60%]  (Sampling)
Chain 4: Iteration: 3000 / 5000 [ 60%]  (Sampling)
Chain 1: Iteration: 3000 / 5000 [ 60%]  (Sampling)
Chain 2: Iteration: 3500 / 5000 [ 70%]  (Sampling)
Chain 3: Iteration: 3500 / 5000 [ 70%]  (Sampling)
Chain 4: Iteration: 3500 / 5000 [ 70%]  (Sampling)
Chain 1: Iteration: 3500 / 5000 [ 70%]  (Sampling)
Chain 2: Iteration: 4000 / 5000 [ 80%]  (Sampling)
Chain 3: Iteration: 4000 / 5000 [ 80%]  (Sampling)
Chain 4: Iteration: 4000 / 5000 [ 80%]  (Sampling)
Chain 1: Iteration: 4000 / 5000 [ 80%]  (Sampling)
Chain 2: Iteration: 4500 / 5000 [ 90%]  (Sampling)
Chain 3: Iteration: 4500 / 5000 [ 90%]  (Sampling)
Chain 4: Iteration: 4500 / 5000 [ 90%]  (Sampling)
Chain 1: Iteration: 4500 / 5000 [ 90%]  (Sampling)
Chain 2: Iteration: 5000 / 5000 [100%]  (Sampling)
Chain 2: 
Chain 2:  Elapsed Time: 36365.4 seconds (Warm-up)
Chain 2:                35892.7 seconds (Sampling)
Chain 2:                72258.1 seconds (Total)
Chain 2: 
Chain 3: Iteration: 5000 / 5000 [100%]  (Sampling)
Chain 3: 
Chain 3:  Elapsed Time: 36468.6 seconds (Warm-up)
Chain 3:                36218.9 seconds (Sampling)
Chain 3:                72687.4 seconds (Total)
Chain 3: 
Chain 4: Iteration: 5000 / 5000 [100%]  (Sampling)
Chain 4: 
Chain 4:  Elapsed Time: 36402.8 seconds (Warm-up)
Chain 4:                38271.4 seconds (Sampling)
Chain 4:                74674.2 seconds (Total)
Chain 4: 
Chain 1: Iteration: 5000 / 5000 [100%]  (Sampling)
Chain 1: 
Chain 1:  Elapsed Time: 37410.2 seconds (Warm-up)
Chain 1:                38284.9 seconds (Sampling)
Chain 1:                75695.2 seconds (Total)
Chain 1: 
Time difference of 21.1219 hours
Sample size: 3665 
Inference for Stan model: anon_model.
4 chains, each with iter=5000; warmup=2500; thin=1; 
post-warmup draws per chain=2500, total post-warmup draws=10000.

       mean se_mean   sd   2.5%    25%    50%    75%  97.5% n_eff  Rhat
A     13.18    3.11 4.43   4.27  12.90  15.39  16.06  16.43     2 19.03
B    -14.18    0.27 0.46 -14.76 -14.62 -14.22 -14.03 -13.15     3  3.25
C      4.86    2.37 3.36   2.56   2.87   3.00   5.34  11.14     2 20.55
K      3.59    3.83 5.45  -5.61   1.19   4.69   8.07   9.57     2  9.82
u0     4.50    6.84 9.68 -12.98   3.80   9.32  10.24  11.56     2 55.94
v0    13.94    2.51 3.56  10.96  11.26  12.56  14.84  20.56     2 23.76
w0     4.85    3.21 4.54  -3.26   4.58   7.16   7.52   8.09     2 71.50
s_l    7.10    3.01 4.26   4.31   4.53   4.76   7.09  14.85     2 25.71
s_b    4.43    1.85 2.61   2.74   2.88   2.98   4.54   9.16     2 29.36
nu_l   2.25    0.36 0.52   1.71   1.90   2.05   2.45   3.33     2  5.35
nu_b   2.33    0.29 0.42   1.82   2.01   2.19   2.63   3.17     2  4.38

Samples were drawn using NUTS(diag_e) at Fri Oct 10 17:34:28 2025.
For each parameter, n_eff is a crude measure of effective sample size,
and Rhat is the potential scale reduction factor on split chains (at 
convergence, Rhat=1).
null device 
          1 
A <- 13.17812 
B <- -14.17874 
C <- 4.862382 
K <- 3.591601 
u0 <- 4.497359 
v0 <- 13.93828 
w0 <- 4.853099 
s_l <- 7.096387 
s_b <- 4.431148 
nu_l <- 2.25455 
nu_b <- 2.331239 
scale t dist mul: 7.096 
scale t dist mub: 4.431 
------------------------------------------------------
Job ends
