------------------------------------------------------
Job is running on node ------------------------------------------------------
SLURM: qsub is running on headnode1
SLURM: originating queue is core32
SLURM: executing queue is 
SLURM: working directory is /beegfs/car/bxster25/oc-sscu
SLURM: execution mode is 
SLURM: job identifier is 9485
SLURM: job name is stan3_ncirc_core32
SLURM: node file is node034
SLURM: current home directory is /home2/bxster25
SLURM: PATH = /soft/R-4.4.2/bin:/usr/local/bin:/usr/local/sbin:/usr/share/Modules/bin:/usr/local/bin:/usr/bin:/usr/local/sbin:/usr/sbin
LD PATH =
------------------------------------------------------
Usage: Rscript [options] file [args]
   or: Rscript [options] -e expr [-e expr2 ...] [args]
A binary front-end to R, for use in scripting applications.

Options:
  --help              Print usage and exit
  --version           Print version and exit
  --verbose           Print information on progress
  --default-packages=LIST  Attach these packages on startup;
                        a comma-separated LIST of package names, or 'NULL'
and options to R (in addition to --no-echo --no-restore), for example:
  --save              Do save workspace at the end of the session
  --no-environ        Don't read the site and user environment files
  --no-site-file      Don't read the site-wide Rprofile
  --no-init-file      Don't read the user R profile
  --restore           Do restore previously saved objects at startup
  --vanilla           Combine --no-save, --no-restore, --no-site-file,
                        --no-init-file and --no-environ

Expressions (one or more '-e <expr>') may be used *instead* of 'file'.
Any additional 'args' can be accessed from R via 'commandArgs(TRUE)'.
See also  ?Rscript  from within R.
/soft/R-4.4.2/bin/Rscript

SAMPLING FOR MODEL 'anon_model' NOW (CHAIN 2).

SAMPLING FOR MODEL 'anon_model' NOW (CHAIN 4).

SAMPLING FOR MODEL 'anon_model' NOW (CHAIN 1).

SAMPLING FOR MODEL 'anon_model' NOW (CHAIN 3).
Chain 2: 
Chain 2: Gradient evaluation took 0.029065 seconds
Chain 2: 1000 transitions using 10 leapfrog steps per transition would take 290.65 seconds.
Chain 2: Adjust your expectations accordingly!
Chain 2: 
Chain 2: 
Chain 4Chain : 
1: Chain 4
: Gradient evaluation took 0.029129 secondsChain 1
Chain : 4: Gradient evaluation took 0.028973 seconds
1000 transitions using 10 leapfrog steps per transition would take 291.29 seconds.
Chain 1Chain 4: : Adjust your expectations accordingly!1000 transitions using 10 leapfrog steps per transition would take 289.73 seconds.

Chain Chain 14: : Adjust your expectations accordingly!
Chain 
Chain 4: 1: 

Chain 1: 
Chain 3: 
Chain 3: Gradient evaluation took 0.029064 seconds
Chain 3: 1000 transitions using 10 leapfrog steps per transition would take 290.64 seconds.
Chain 3: Adjust your expectations accordingly!
Chain 3: 
Chain 3: 
Chain 2: Iteration:    1 / 5000 [  0%]  (Warmup)
Chain 4: Iteration:    1 / 5000 [  0%]  (Warmup)Chain 1
: Iteration:    1 / 5000 [  0%]  (Warmup)
Chain 3: Iteration:    1 / 5000 [  0%]  (Warmup)
Chain 2: Iteration:  500 / 5000 [ 10%]  (Warmup)
Chain 4: Iteration:  500 / 5000 [ 10%]  (Warmup)
Chain 1: Iteration:  500 / 5000 [ 10%]  (Warmup)
Chain 3: Iteration:  500 / 5000 [ 10%]  (Warmup)
Chain 3: Iteration: 1000 / 5000 [ 20%]  (Warmup)
Chain 1: Iteration: 1000 / 5000 [ 20%]  (Warmup)
Chain 2: Iteration: 1000 / 5000 [ 20%]  (Warmup)
Chain 4: Iteration: 1000 / 5000 [ 20%]  (Warmup)
Chain 3: Iteration: 1500 / 5000 [ 30%]  (Warmup)
Chain 1: Iteration: 1500 / 5000 [ 30%]  (Warmup)
Chain 1: Iteration: 2000 / 5000 [ 40%]  (Warmup)
Chain 3: Iteration: 2000 / 5000 [ 40%]  (Warmup)
Chain 2: Iteration: 1500 / 5000 [ 30%]  (Warmup)
Chain 4: Iteration: 1500 / 5000 [ 30%]  (Warmup)
Chain 1: Iteration: 2500 / 5000 [ 50%]  (Warmup)
Chain 1: Iteration: 2501 / 5000 [ 50%]  (Sampling)
Chain 3: Iteration: 2500 / 5000 [ 50%]  (Warmup)
Chain 3: Iteration: 2501 / 5000 [ 50%]  (Sampling)
Chain 1: Iteration: 3000 / 5000 [ 60%]  (Sampling)
Chain 3: Iteration: 3000 / 5000 [ 60%]  (Sampling)
Chain 2: Iteration: 2000 / 5000 [ 40%]  (Warmup)
Chain 3: Iteration: 3500 / 5000 [ 70%]  (Sampling)
Chain 4: Iteration: 2000 / 5000 [ 40%]  (Warmup)
Chain 1: Iteration: 3500 / 5000 [ 70%]  (Sampling)
Chain 3: Iteration: 4000 / 5000 [ 80%]  (Sampling)
Chain 3: Iteration: 4500 / 5000 [ 90%]  (Sampling)
Chain 1: Iteration: 4000 / 5000 [ 80%]  (Sampling)
Chain 3: Iteration: 5000 / 5000 [100%]  (Sampling)
Chain 3: 
Chain 3:  Elapsed Time: 78201.1 seconds (Warm-up)
Chain 3:                30387 seconds (Sampling)
Chain 3:                108588 seconds (Total)
Chain 3: 
Chain 2: Iteration: 2500 / 5000 [ 50%]  (Warmup)
Chain 2: Iteration: 2501 / 5000 [ 50%]  (Sampling)
Chain 4: Iteration: 2500 / 5000 [ 50%]  (Warmup)
Chain 4: Iteration: 2501 / 5000 [ 50%]  (Sampling)
Chain 1: Iteration: 4500 / 5000 [ 90%]  (Sampling)
Chain 4: Iteration: 3000 / 5000 [ 60%]  (Sampling)
Chain 1: Iteration: 5000 / 5000 [100%]  (Sampling)
Chain 1: 
Chain 1:  Elapsed Time: 67445.8 seconds (Warm-up)
Chain 1:                61568.8 seconds (Sampling)
Chain 1:                129015 seconds (Total)
Chain 1: 
Chain 2: Iteration: 3000 / 5000 [ 60%]  (Sampling)
Chain 4: Iteration: 3500 / 5000 [ 70%]  (Sampling)
Chain 4: Iteration: 4000 / 5000 [ 80%]  (Sampling)
Chain 2: Iteration: 3500 / 5000 [ 70%]  (Sampling)
Chain 4: Iteration: 4500 / 5000 [ 90%]  (Sampling)
Chain 4: Iteration: 5000 / 5000 [100%]  (Sampling)
Chain 4: 
Chain 4:  Elapsed Time: 114012 seconds (Warm-up)
Chain 4:                59478.2 seconds (Sampling)
Chain 4:                173490 seconds (Total)
Chain 4: 
Chain 2: Iteration: 4000 / 5000 [ 80%]  (Sampling)
Chain 2: Iteration: 4500 / 5000 [ 90%]  (Sampling)
Chain 2: Iteration: 5000 / 5000 [100%]  (Sampling)
Chain 2: 
Chain 2:  Elapsed Time: 113866 seconds (Warm-up)
Chain 2:                117068 seconds (Sampling)
Chain 2:                230934 seconds (Total)
Chain 2: 
Time difference of 2.68284 days
Sample size: 3664 
Inference for Stan model: anon_model.
4 chains, each with iter=5000; warmup=2500; thin=1; 
post-warmup draws per chain=2500, total post-warmup draws=10000.

       mean se_mean   sd   2.5%    25%    50%    75%  97.5% n_eff Rhat
A     15.45    0.03 0.18  15.10  15.33  15.46  15.58  15.78    47 1.08
B    -14.33    0.03 0.14 -14.59 -14.42 -14.33 -14.24 -14.06    22 1.12
C      2.83    0.06 0.24   2.39   2.67   2.82   2.99   3.33    18 1.16
K      7.01    0.54 1.58   3.05   6.37   7.36   8.10   9.24     9 1.69
u0     9.37    0.02 0.16   9.03   9.26   9.36   9.47   9.71    89 1.02
v0    11.70    0.04 0.16  11.41  11.57  11.68  11.81  12.03    16 1.14
w0     7.28    0.01 0.07   7.14   7.23   7.28   7.33   7.42    64 1.10
s_l    4.70    0.04 0.12   4.47   4.62   4.70   4.78   4.93     9 1.13
s_b    3.06    0.03 0.09   2.87   3.00   3.06   3.12   3.23     9 1.21
nu_l   2.00    0.06 0.12   1.76   1.92   2.00   2.08   2.21     3 1.49
nu_b   2.18    0.09 0.16   1.85   2.08   2.19   2.29   2.47     3 1.59

Samples were drawn using NUTS(diag_e) at Sun Oct 12 07:35:28 2025.
For each parameter, n_eff is a crude measure of effective sample size,
and Rhat is the potential scale reduction factor on split chains (at 
convergence, Rhat=1).
null device 
          1 
A <- 15.4505 
B <- -14.32729 
C <- 2.833728 
K <- 7.013278 
u0 <- 9.367059 
v0 <- 11.69506 
w0 <- 7.280771 
s_l <- 4.700147 
s_b <- 3.059466 
nu_l <- 1.995138 
nu_b <- 2.177907 
scale t dist mul: 4.7 
scale t dist mub: 3.059 
------------------------------------------------------
Job ends
