------------------------------------------------------
Job is running on node ------------------------------------------------------
SLURM: qsub is running on headnode1
SLURM: originating queue is core32
SLURM: executing queue is 
SLURM: working directory is /beegfs/car/bxster25/oc-sscu
SLURM: execution mode is 
SLURM: job identifier is 9502
SLURM: job name is stan20_ncirc_core32
SLURM: node file is node016
SLURM: current home directory is /home2/bxster25
SLURM: PATH = /soft/R-4.4.2/bin:/usr/local/bin:/usr/local/sbin:/usr/share/Modules/bin:/usr/local/bin:/usr/bin:/usr/local/sbin:/usr/sbin
LD PATH =
------------------------------------------------------
Usage: Rscript [options] file [args]
   or: Rscript [options] -e expr [-e expr2 ...] [args]
A binary front-end to R, for use in scripting applications.

Options:
  --help              Print usage and exit
  --version           Print version and exit
  --verbose           Print information on progress
  --default-packages=LIST  Attach these packages on startup;
                        a comma-separated LIST of package names, or 'NULL'
and options to R (in addition to --no-echo --no-restore), for example:
  --save              Do save workspace at the end of the session
  --no-environ        Don't read the site and user environment files
  --no-site-file      Don't read the site-wide Rprofile
  --no-init-file      Don't read the user R profile
  --restore           Do restore previously saved objects at startup
  --vanilla           Combine --no-save, --no-restore, --no-site-file,
                        --no-init-file and --no-environ

Expressions (one or more '-e <expr>') may be used *instead* of 'file'.
Any additional 'args' can be accessed from R via 'commandArgs(TRUE)'.
See also  ?Rscript  from within R.
/soft/R-4.4.2/bin/Rscript

SAMPLING FOR MODEL 'anon_model' NOW (CHAIN 1).

SAMPLING FOR MODEL 'anon_model' NOW (CHAIN 3).

SAMPLING FOR MODEL 'anon_model' NOW (CHAIN 2).

SAMPLING FOR MODEL 'anon_model' NOW (CHAIN 4).
Chain 2Chain : 4: 

Chain 2Chain : 4: Gradient evaluation took 0.009147 secondsGradient evaluation took 0.008608 seconds

Chain Chain 42: : 1000 transitions using 10 leapfrog steps per transition would take 91.47 seconds.
1000 transitions using 10 leapfrog steps per transition would take 86.08 seconds.Chain 
2: Chain Adjust your expectations accordingly!
4Chain : 2: Adjust your expectations accordingly!

Chain 2Chain : 
4: 
Chain 4: 
Chain 3: 
Chain 3: Gradient evaluation took 0.009133 seconds
Chain 3Chain : 1000 transitions using 10 leapfrog steps per transition would take 91.33 seconds.1
Chain : 
3: Chain 1Adjust your expectations accordingly!
: Chain 3Gradient evaluation took 0.009249 seconds
: 
Chain 1Chain 3: : 
1000 transitions using 10 leapfrog steps per transition would take 92.49 seconds.
Chain 1: Adjust your expectations accordingly!
Chain 1Chain : 
2: Chain 1Iteration:    1 / 5000 [  0%]  (Warmup)
: 
Chain 4: Iteration:    1 / 5000 [  0%]  (Warmup)
Chain 3: Iteration:    1 / 5000 [  0%]  (Warmup)
Chain 1: Iteration:    1 / 5000 [  0%]  (Warmup)
Chain 2: Iteration:  500 / 5000 [ 10%]  (Warmup)
Chain 3: Iteration:  500 / 5000 [ 10%]  (Warmup)
Chain 4: Iteration:  500 / 5000 [ 10%]  (Warmup)
Chain 1: Iteration:  500 / 5000 [ 10%]  (Warmup)
Chain 2: Iteration: 1000 / 5000 [ 20%]  (Warmup)
Chain 3: Iteration: 1000 / 5000 [ 20%]  (Warmup)
Chain 4: Iteration: 1000 / 5000 [ 20%]  (Warmup)
Chain 1: Iteration: 1000 / 5000 [ 20%]  (Warmup)
Chain 2: Iteration: 1500 / 5000 [ 30%]  (Warmup)
Chain 4: Iteration: 1500 / 5000 [ 30%]  (Warmup)
Chain 3: Iteration: 1500 / 5000 [ 30%]  (Warmup)
Chain 1: Iteration: 1500 / 5000 [ 30%]  (Warmup)
Chain 2: Iteration: 2000 / 5000 [ 40%]  (Warmup)
Chain 4: Iteration: 2000 / 5000 [ 40%]  (Warmup)
Chain 3: Iteration: 2000 / 5000 [ 40%]  (Warmup)
Chain 1: Iteration: 2000 / 5000 [ 40%]  (Warmup)
Chain 2: Iteration: 2500 / 5000 [ 50%]  (Warmup)
Chain 2: Iteration: 2501 / 5000 [ 50%]  (Sampling)
Chain 2: Iteration: 3000 / 5000 [ 60%]  (Sampling)
Chain 2: Iteration: 3500 / 5000 [ 70%]  (Sampling)
Chain 2: Iteration: 4000 / 5000 [ 80%]  (Sampling)
Chain 4: Iteration: 2500 / 5000 [ 50%]  (Warmup)
Chain 4: Iteration: 2501 / 5000 [ 50%]  (Sampling)
Chain 2: Iteration: 4500 / 5000 [ 90%]  (Sampling)
Chain 3: Iteration: 2500 / 5000 [ 50%]  (Warmup)
Chain 3: Iteration: 2501 / 5000 [ 50%]  (Sampling)
Chain 2: Iteration: 5000 / 5000 [100%]  (Sampling)
Chain 2: 
Chain 2:  Elapsed Time: 36068.8 seconds (Warm-up)
Chain 2:                2461.61 seconds (Sampling)
Chain 2:                38530.4 seconds (Total)
Chain 2: 
Chain 1: Iteration: 2500 / 5000 [ 50%]  (Warmup)
Chain 1: Iteration: 2501 / 5000 [ 50%]  (Sampling)
Chain 4: Iteration: 3000 / 5000 [ 60%]  (Sampling)
Chain 3: Iteration: 3000 / 5000 [ 60%]  (Sampling)
Chain 1: Iteration: 3000 / 5000 [ 60%]  (Sampling)
Chain 4: Iteration: 3500 / 5000 [ 70%]  (Sampling)
Chain 3: Iteration: 3500 / 5000 [ 70%]  (Sampling)
Chain 1: Iteration: 3500 / 5000 [ 70%]  (Sampling)
Chain 4: Iteration: 4000 / 5000 [ 80%]  (Sampling)
Chain 3: Iteration: 4000 / 5000 [ 80%]  (Sampling)
Chain 1: Iteration: 4000 / 5000 [ 80%]  (Sampling)
Chain 4: Iteration: 4500 / 5000 [ 90%]  (Sampling)
Chain 3: Iteration: 4500 / 5000 [ 90%]  (Sampling)
Chain 1: Iteration: 4500 / 5000 [ 90%]  (Sampling)
Chain 4: Iteration: 5000 / 5000 [100%]  (Sampling)
Chain 4: 
Chain 4:  Elapsed Time: 37675.4 seconds (Warm-up)
Chain 4:                38294.8 seconds (Sampling)
Chain 4:                75970.2 seconds (Total)
Chain 4: 
Chain 3: Iteration: 5000 / 5000 [100%]  (Sampling)
Chain 3: 
Chain 3:  Elapsed Time: 38099.4 seconds (Warm-up)
Chain 3:                38713.3 seconds (Sampling)
Chain 3:                76812.7 seconds (Total)
Chain 3: 
Chain 1: Iteration: 5000 / 5000 [100%]  (Sampling)
Chain 1: 
Chain 1:  Elapsed Time: 38599.3 seconds (Warm-up)
Chain 1:                39343 seconds (Sampling)
Chain 1:                77942.3 seconds (Total)
Chain 1: 
Time difference of 21.73746 hours
Sample size: 3664 
Inference for Stan model: anon_model.
4 chains, each with iter=5000; warmup=2500; thin=1; 
post-warmup draws per chain=2500, total post-warmup draws=10000.

       mean se_mean   sd   2.5%    25%    50%    75%  97.5% n_eff Rhat
A     15.59    0.06 0.17  15.21  15.46  15.61  15.72  15.86    10 1.23
B    -14.42    0.07 0.15 -14.70 -14.54 -14.43 -14.30 -14.15     5 1.42
C      2.87    0.10 0.24   2.42   2.70   2.89   3.05   3.31     5 1.37
K      6.09    1.32 1.97   2.51   4.25   6.10   7.94   9.03     2 3.60
u0     9.31    0.03 0.13   9.05   9.23   9.32   9.36   9.59    27 1.15
v0    12.20    0.48 0.70  11.41  11.76  11.89  12.55  13.66     2 5.55
w0     7.22    0.03 0.08   7.08   7.17   7.21   7.27   7.39     8 1.40
s_l    4.68    0.07 0.14   4.42   4.58   4.67   4.77   4.96     4 1.44
s_b    2.94    0.07 0.12   2.74   2.85   2.92   3.02   3.18     3 1.77
nu_l   2.00    0.12 0.18   1.78   1.88   1.94   2.09   2.41     2 2.44
nu_b   2.07    0.17 0.25   1.76   1.87   1.99   2.24   2.62     2 2.87

Samples were drawn using NUTS(diag_e) at Sat Oct 11 09:12:15 2025.
For each parameter, n_eff is a crude measure of effective sample size,
and Rhat is the potential scale reduction factor on split chains (at 
convergence, Rhat=1).
null device 
          1 
A <- 15.58522 
B <- -14.42309 
C <- 2.872481 
K <- 6.093877 
u0 <- 9.305974 
v0 <- 12.19862 
w0 <- 7.221195 
s_l <- 4.678541 
s_b <- 2.936686 
nu_l <- 2.003985 
nu_b <- 2.070999 
scale t dist mul: 4.679 
scale t dist mub: 2.937 
------------------------------------------------------
Job ends
