------------------------------------------------------
Job is running on node ------------------------------------------------------
SLURM: qsub is running on headnode1
SLURM: originating queue is core32
SLURM: executing queue is 
SLURM: working directory is /beegfs/car/bxster25/oc-sscu
SLURM: execution mode is 
SLURM: job identifier is 9496
SLURM: job name is stan14_ncirc_core32
SLURM: node file is node033
SLURM: current home directory is /home2/bxster25
SLURM: PATH = /soft/R-4.4.2/bin:/usr/local/bin:/usr/local/sbin:/usr/share/Modules/bin:/usr/local/bin:/usr/bin:/usr/local/sbin:/usr/sbin
LD PATH =
------------------------------------------------------
Usage: Rscript [options] file [args]
   or: Rscript [options] -e expr [-e expr2 ...] [args]
A binary front-end to R, for use in scripting applications.

Options:
  --help              Print usage and exit
  --version           Print version and exit
  --verbose           Print information on progress
  --default-packages=LIST  Attach these packages on startup;
                        a comma-separated LIST of package names, or 'NULL'
and options to R (in addition to --no-echo --no-restore), for example:
  --save              Do save workspace at the end of the session
  --no-environ        Don't read the site and user environment files
  --no-site-file      Don't read the site-wide Rprofile
  --no-init-file      Don't read the user R profile
  --restore           Do restore previously saved objects at startup
  --vanilla           Combine --no-save, --no-restore, --no-site-file,
                        --no-init-file and --no-environ

Expressions (one or more '-e <expr>') may be used *instead* of 'file'.
Any additional 'args' can be accessed from R via 'commandArgs(TRUE)'.
See also  ?Rscript  from within R.
/soft/R-4.4.2/bin/Rscript

SAMPLING FOR MODEL 'anon_model' NOW (CHAIN 1).

SAMPLING FOR MODEL 'anon_model' NOW (CHAIN 3).

SAMPLING FOR MODEL 'anon_model' NOW (CHAIN 2).

SAMPLING FOR MODEL 'anon_model' NOW (CHAIN 4).
Chain Chain 1: 3: 

Chain 1Chain 3: Gradient evaluation took 0.035084 seconds: 
Gradient evaluation took 0.035027 seconds
Chain Chain 31: : 1000 transitions using 10 leapfrog steps per transition would take 350.84 seconds.
1000 transitions using 10 leapfrog steps per transition would take 350.27 seconds.
Chain Chain 31: : Adjust your expectations accordingly!Adjust your expectations accordingly!

Chain Chain 13: : 

Chain Chain 31: 
: 
Chain 2: 
Chain 2: Gradient evaluation took 0.029362 seconds
Chain Chain 24: : 1000 transitions using 10 leapfrog steps per transition would take 293.62 seconds.

Chain Chain 42: : Gradient evaluation took 0.029362 secondsAdjust your expectations accordingly!

Chain 2Chain 4: 
: 1000 transitions using 10 leapfrog steps per transition would take 293.62 seconds.Chain 2
: 
Chain 4: Adjust your expectations accordingly!
Chain 4: 
Chain 4: 
Chain 1: Iteration:    1 / 5000 [  0%]  (Warmup)
Chain 3: Iteration:    1 / 5000 [  0%]  (Warmup)
Chain 2: Iteration:    1 / 5000 [  0%]  (Warmup)
Chain 4: Iteration:    1 / 5000 [  0%]  (Warmup)
Chain 3: Iteration:  500 / 5000 [ 10%]  (Warmup)
Chain 2: Iteration:  500 / 5000 [ 10%]  (Warmup)
Chain 1: Iteration:  500 / 5000 [ 10%]  (Warmup)
Chain 4: Iteration:  500 / 5000 [ 10%]  (Warmup)
Chain 3: Iteration: 1000 / 5000 [ 20%]  (Warmup)
Chain 2: Iteration: 1000 / 5000 [ 20%]  (Warmup)
Chain 1: Iteration: 1000 / 5000 [ 20%]  (Warmup)
Chain 4: Iteration: 1000 / 5000 [ 20%]  (Warmup)
Chain 3: Iteration: 1500 / 5000 [ 30%]  (Warmup)
Chain 2: Iteration: 1500 / 5000 [ 30%]  (Warmup)
Chain 1: Iteration: 1500 / 5000 [ 30%]  (Warmup)
Chain 4: Iteration: 1500 / 5000 [ 30%]  (Warmup)
Chain 3: Iteration: 2000 / 5000 [ 40%]  (Warmup)
Chain 2: Iteration: 2000 / 5000 [ 40%]  (Warmup)
Chain 1: Iteration: 2000 / 5000 [ 40%]  (Warmup)
Chain 4: Iteration: 2000 / 5000 [ 40%]  (Warmup)
Chain 3: Iteration: 2500 / 5000 [ 50%]  (Warmup)
Chain 3: Iteration: 2501 / 5000 [ 50%]  (Sampling)
Chain 1: Iteration: 2500 / 5000 [ 50%]  (Warmup)
Chain 1: Iteration: 2501 / 5000 [ 50%]  (Sampling)
Chain 2: Iteration: 2500 / 5000 [ 50%]  (Warmup)
Chain 2: Iteration: 2501 / 5000 [ 50%]  (Sampling)
Chain 4: Iteration: 2500 / 5000 [ 50%]  (Warmup)
Chain 4: Iteration: 2501 / 5000 [ 50%]  (Sampling)
Chain 3: Iteration: 3000 / 5000 [ 60%]  (Sampling)
Chain 1: Iteration: 3000 / 5000 [ 60%]  (Sampling)
Chain 2: Iteration: 3000 / 5000 [ 60%]  (Sampling)
Chain 4: Iteration: 3000 / 5000 [ 60%]  (Sampling)
Chain 3: Iteration: 3500 / 5000 [ 70%]  (Sampling)
Chain 2: Iteration: 3500 / 5000 [ 70%]  (Sampling)
Chain 1: Iteration: 3500 / 5000 [ 70%]  (Sampling)
Chain 4: Iteration: 3500 / 5000 [ 70%]  (Sampling)
Chain 3: Iteration: 4000 / 5000 [ 80%]  (Sampling)
Chain 2: Iteration: 4000 / 5000 [ 80%]  (Sampling)
Chain 1: Iteration: 4000 / 5000 [ 80%]  (Sampling)
Chain 4: Iteration: 4000 / 5000 [ 80%]  (Sampling)
Chain 3: Iteration: 4500 / 5000 [ 90%]  (Sampling)
Chain 2: Iteration: 4500 / 5000 [ 90%]  (Sampling)
Chain 1: Iteration: 4500 / 5000 [ 90%]  (Sampling)
Chain 4: Iteration: 4500 / 5000 [ 90%]  (Sampling)
Chain 3: Iteration: 5000 / 5000 [100%]  (Sampling)
Chain 3: 
Chain 3:  Elapsed Time: 107192 seconds (Warm-up)
Chain 3:                115635 seconds (Sampling)
Chain 3:                222828 seconds (Total)
Chain 3: 
Chain 2: Iteration: 5000 / 5000 [100%]  (Sampling)
Chain 2: 
Chain 2:  Elapsed Time: 116331 seconds (Warm-up)
Chain 2:                111830 seconds (Sampling)
Chain 2:                228161 seconds (Total)
Chain 2: 
Chain 1: Iteration: 5000 / 5000 [100%]  (Sampling)
Chain 1: 
Chain 1:  Elapsed Time: 116082 seconds (Warm-up)
Chain 1:                119906 seconds (Sampling)
Chain 1:                235988 seconds (Total)
Chain 1: 
Chain 4: Iteration: 5000 / 5000 [100%]  (Sampling)
Chain 4: 
Chain 4:  Elapsed Time: 117573 seconds (Warm-up)
Chain 4:                119998 seconds (Sampling)
Chain 4:                237571 seconds (Total)
Chain 4: 
Time difference of 2.761933 days
Sample size: 3664 
Inference for Stan model: anon_model.
4 chains, each with iter=5000; warmup=2500; thin=1; 
post-warmup draws per chain=2500, total post-warmup draws=10000.

       mean se_mean   sd   2.5%    25%    50%    75%  97.5% n_eff Rhat
A     15.47    0.29 0.46  14.83  15.09  15.42  15.77  16.65     3 2.72
B    -14.34    0.12 0.21 -14.76 -14.47 -14.31 -14.19 -13.96     3 1.84
C      2.78    0.02 0.20   2.37   2.65   2.78   2.91   3.17    80 1.03
K      8.29    1.66 2.59   3.33   6.85   8.08   9.87  13.34     2 3.83
u0    10.15    0.54 0.94   9.24   9.43  10.01  10.56  12.87     3 3.12
v0    12.05    0.39 0.70  11.36  11.60  11.85  12.22  14.30     3 2.79
w0     7.88    0.65 0.95   7.02   7.10   7.40   9.29   9.39     2 6.07
s_l    4.40    0.06 0.14   4.15   4.31   4.39   4.48   4.72     5 1.33
s_b    2.98    0.21 0.30   2.64   2.76   2.84   3.23   3.56     2 4.39
nu_l   1.71    0.06 0.10   1.54   1.63   1.69   1.77   1.94     3 1.65
nu_b   2.01    0.13 0.21   1.71   1.83   1.97   2.21   2.41     3 2.56

Samples were drawn using NUTS(diag_e) at Sun Oct 12 09:26:29 2025.
For each parameter, n_eff is a crude measure of effective sample size,
and Rhat is the potential scale reduction factor on split chains (at 
convergence, Rhat=1).
null device 
          1 
A <- 15.47077 
B <- -14.33672 
C <- 2.779981 
K <- 8.292746 
u0 <- 10.15112 
v0 <- 12.04867 
w0 <- 7.884776 
s_l <- 4.399388 
s_b <- 2.978235 
nu_l <- 1.706493 
nu_b <- 2.014878 
scale t dist mul: 4.399 
scale t dist mub: 2.978 
------------------------------------------------------
Job ends
