------------------------------------------------------
Job is running on node ------------------------------------------------------
SLURM: qsub is running on headnode1
SLURM: originating queue is core32
SLURM: executing queue is 
SLURM: working directory is /beegfs/car/bxster25/oc-sscu
SLURM: execution mode is 
SLURM: job identifier is 9504
SLURM: job name is stan22_ncirc_core32
SLURM: node file is node040
SLURM: current home directory is /home2/bxster25
SLURM: PATH = /soft/R-4.4.2/bin:/usr/local/bin:/usr/local/sbin:/usr/share/Modules/bin:/usr/local/bin:/usr/bin:/usr/local/sbin:/usr/sbin
LD PATH =
------------------------------------------------------
Usage: Rscript [options] file [args]
   or: Rscript [options] -e expr [-e expr2 ...] [args]
A binary front-end to R, for use in scripting applications.

Options:
  --help              Print usage and exit
  --version           Print version and exit
  --verbose           Print information on progress
  --default-packages=LIST  Attach these packages on startup;
                        a comma-separated LIST of package names, or 'NULL'
and options to R (in addition to --no-echo --no-restore), for example:
  --save              Do save workspace at the end of the session
  --no-environ        Don't read the site and user environment files
  --no-site-file      Don't read the site-wide Rprofile
  --no-init-file      Don't read the user R profile
  --restore           Do restore previously saved objects at startup
  --vanilla           Combine --no-save, --no-restore, --no-site-file,
                        --no-init-file and --no-environ

Expressions (one or more '-e <expr>') may be used *instead* of 'file'.
Any additional 'args' can be accessed from R via 'commandArgs(TRUE)'.
See also  ?Rscript  from within R.
/soft/R-4.4.2/bin/Rscript

SAMPLING FOR MODEL 'anon_model' NOW (CHAIN 1).

SAMPLING FOR MODEL 'anon_model' NOW (CHAIN 3).

SAMPLING FOR MODEL 'anon_model' NOW (CHAIN 2).

SAMPLING FOR MODEL 'anon_model' NOW (CHAIN 4).
Chain 1: 
Chain 1: Gradient evaluation took 0.028754 seconds
Chain 1: 1000 transitions using 10 leapfrog steps per transition would take 287.54 seconds.
Chain 1: Adjust your expectations accordingly!
Chain 1: 
Chain 1: 
Chain 3Chain : 
2: Chain 3
: Gradient evaluation took 0.028956 secondsChain 2
: Gradient evaluation took 0.028913 secondsChain 3
: 1000 transitions using 10 leapfrog steps per transition would take 289.56 seconds.Chain 2Chain 4
Chain : 1000 transitions using 10 leapfrog steps per transition would take 289.13 seconds.: 
3: 
Chain Chain 4Adjust your expectations accordingly!2: : Gradient evaluation took 0.028671 seconds
Chain Adjust your expectations accordingly!

Chain 3Chain 24: : 
: 
1000 transitions using 10 leapfrog steps per transition would take 286.71 seconds.
Chain 3Chain 2Chain 4: 
: 
: Adjust your expectations accordingly!
Chain 4: 
Chain 4: 
Chain 1: Iteration:    1 / 5000 [  0%]  (Warmup)
Chain 2: Iteration:    1 / 5000 [  0%]  (Warmup)
Chain 3: Iteration:    1 / 5000 [  0%]  (Warmup)
Chain 4: Iteration:    1 / 5000 [  0%]  (Warmup)
Chain 2: Iteration:  500 / 5000 [ 10%]  (Warmup)
Chain 4: Iteration:  500 / 5000 [ 10%]  (Warmup)
Chain 1: Iteration:  500 / 5000 [ 10%]  (Warmup)
Chain 3: Iteration:  500 / 5000 [ 10%]  (Warmup)
Chain 2: Iteration: 1000 / 5000 [ 20%]  (Warmup)
Chain 1: Iteration: 1000 / 5000 [ 20%]  (Warmup)
Chain 4: Iteration: 1000 / 5000 [ 20%]  (Warmup)
Chain 3: Iteration: 1000 / 5000 [ 20%]  (Warmup)
Chain 1: Iteration: 1500 / 5000 [ 30%]  (Warmup)
Chain 2: Iteration: 1500 / 5000 [ 30%]  (Warmup)
Chain 4: Iteration: 1500 / 5000 [ 30%]  (Warmup)
Chain 1: Iteration: 2000 / 5000 [ 40%]  (Warmup)
Chain 3: Iteration: 1500 / 5000 [ 30%]  (Warmup)
Chain 2: Iteration: 2000 / 5000 [ 40%]  (Warmup)
Chain 1: Iteration: 2500 / 5000 [ 50%]  (Warmup)
Chain 1: Iteration: 2501 / 5000 [ 50%]  (Sampling)
Chain 4: Iteration: 2000 / 5000 [ 40%]  (Warmup)
Chain 2: Iteration: 2500 / 5000 [ 50%]  (Warmup)
Chain 2: Iteration: 2501 / 5000 [ 50%]  (Sampling)
Chain 3: Iteration: 2000 / 5000 [ 40%]  (Warmup)
Chain 1: Iteration: 3000 / 5000 [ 60%]  (Sampling)
Chain 1: Iteration: 3500 / 5000 [ 70%]  (Sampling)
Chain 4: Iteration: 2500 / 5000 [ 50%]  (Warmup)
Chain 4: Iteration: 2501 / 5000 [ 50%]  (Sampling)
Chain 2: Iteration: 3000 / 5000 [ 60%]  (Sampling)
Chain 3: Iteration: 2500 / 5000 [ 50%]  (Warmup)
Chain 3: Iteration: 2501 / 5000 [ 50%]  (Sampling)
Chain 1: Iteration: 4000 / 5000 [ 80%]  (Sampling)
Chain 4: Iteration: 3000 / 5000 [ 60%]  (Sampling)
Chain 1: Iteration: 4500 / 5000 [ 90%]  (Sampling)
Chain 4: Iteration: 3500 / 5000 [ 70%]  (Sampling)
Chain 2: Iteration: 3500 / 5000 [ 70%]  (Sampling)
Chain 3: Iteration: 3000 / 5000 [ 60%]  (Sampling)
Chain 1: Iteration: 5000 / 5000 [100%]  (Sampling)
Chain 1: 
Chain 1:  Elapsed Time: 83127.1 seconds (Warm-up)
Chain 1:                61511.2 seconds (Sampling)
Chain 1:                144638 seconds (Total)
Chain 1: 
Chain 4: Iteration: 4000 / 5000 [ 80%]  (Sampling)
Chain 4: Iteration: 4500 / 5000 [ 90%]  (Sampling)
Chain 2: Iteration: 4000 / 5000 [ 80%]  (Sampling)
Chain 3: Iteration: 3500 / 5000 [ 70%]  (Sampling)
Chain 4: Iteration: 5000 / 5000 [100%]  (Sampling)
Chain 4: 
Chain 4:  Elapsed Time: 110666 seconds (Warm-up)
Chain 4:                60912.1 seconds (Sampling)
Chain 4:                171578 seconds (Total)
Chain 4: 
Chain 2: Iteration: 4500 / 5000 [ 90%]  (Sampling)
Chain 3: Iteration: 4000 / 5000 [ 80%]  (Sampling)
Chain 2: Iteration: 5000 / 5000 [100%]  (Sampling)
Chain 2: 
Chain 2:  Elapsed Time: 90307.7 seconds (Warm-up)
Chain 2:                118824 seconds (Sampling)
Chain 2:                209132 seconds (Total)
Chain 2: 
Chain 3: Iteration: 4500 / 5000 [ 90%]  (Sampling)
Chain 3: Iteration: 5000 / 5000 [100%]  (Sampling)
Chain 3: 
Chain 3:  Elapsed Time: 119582 seconds (Warm-up)
Chain 3:                117074 seconds (Sampling)
Chain 3:                236655 seconds (Total)
Chain 3: 
Time difference of 2.750163 days
Sample size: 3665 
Inference for Stan model: anon_model.
4 chains, each with iter=5000; warmup=2500; thin=1; 
post-warmup draws per chain=2500, total post-warmup draws=10000.

       mean se_mean   sd   2.5%    25%    50%    75%  97.5% n_eff Rhat
A     15.28    0.02 0.16  14.97  15.17  15.28  15.39  15.60    96 1.05
B    -14.27    0.01 0.12 -14.50 -14.34 -14.27 -14.19 -14.03   125 1.02
C      2.45    0.01 0.20   2.08   2.31   2.44   2.58   2.84   176 1.02
K      6.68    0.22 0.93   4.93   6.08   6.60   7.25   8.68    19 1.16
u0     9.52    0.03 0.18   9.21   9.39   9.50   9.64   9.88    38 1.12
v0    11.44    0.05 0.16  11.16  11.32  11.44  11.55  11.75     9 1.26
w0     7.29    0.05 0.09   7.13   7.23   7.28   7.34   7.50     4 1.58
s_l    4.55    0.04 0.12   4.31   4.47   4.55   4.63   4.78     8 1.15
s_b    2.98    0.01 0.07   2.84   2.93   2.98   3.04   3.13   127 1.02
nu_l   1.87    0.05 0.10   1.67   1.80   1.87   1.94   2.06     4 1.43
nu_b   2.02    0.03 0.10   1.83   1.95   2.02   2.08   2.22     9 1.13

Samples were drawn using NUTS(diag_e) at Mon Oct 13 11:48:23 2025.
For each parameter, n_eff is a crude measure of effective sample size,
and Rhat is the potential scale reduction factor on split chains (at 
convergence, Rhat=1).
null device 
          1 
A <- 15.27943 
B <- -14.26733 
C <- 2.446025 
K <- 6.684747 
u0 <- 9.516536 
v0 <- 11.43837 
w0 <- 7.290365 
s_l <- 4.550907 
s_b <- 2.984972 
nu_l <- 1.867874 
nu_b <- 2.018058 
scale t dist mul: 4.551 
scale t dist mub: 2.985 
------------------------------------------------------
Job ends
