------------------------------------------------------
Job is running on node ------------------------------------------------------
SLURM: qsub is running on headnode1
SLURM: originating queue is core32
SLURM: executing queue is 
SLURM: working directory is /beegfs/car/bxster25/oc-sscu
SLURM: execution mode is 
SLURM: job identifier is 9488
SLURM: job name is stan6_ncirc_core32
SLURM: node file is node036
SLURM: current home directory is /home2/bxster25
SLURM: PATH = /soft/R-4.4.2/bin:/usr/local/bin:/usr/local/sbin:/usr/share/Modules/bin:/usr/local/bin:/usr/bin:/usr/local/sbin:/usr/sbin
LD PATH =
------------------------------------------------------
Usage: Rscript [options] file [args]
   or: Rscript [options] -e expr [-e expr2 ...] [args]
A binary front-end to R, for use in scripting applications.

Options:
  --help              Print usage and exit
  --version           Print version and exit
  --verbose           Print information on progress
  --default-packages=LIST  Attach these packages on startup;
                        a comma-separated LIST of package names, or 'NULL'
and options to R (in addition to --no-echo --no-restore), for example:
  --save              Do save workspace at the end of the session
  --no-environ        Don't read the site and user environment files
  --no-site-file      Don't read the site-wide Rprofile
  --no-init-file      Don't read the user R profile
  --restore           Do restore previously saved objects at startup
  --vanilla           Combine --no-save, --no-restore, --no-site-file,
                        --no-init-file and --no-environ

Expressions (one or more '-e <expr>') may be used *instead* of 'file'.
Any additional 'args' can be accessed from R via 'commandArgs(TRUE)'.
See also  ?Rscript  from within R.
/soft/R-4.4.2/bin/Rscript

SAMPLING FOR MODEL 'anon_model' NOW (CHAIN 2).

SAMPLING FOR MODEL 'anon_model' NOW (CHAIN 3).

SAMPLING FOR MODEL 'anon_model' NOW (CHAIN 1).

SAMPLING FOR MODEL 'anon_model' NOW (CHAIN 4).
Chain 3: 
Chain 3: Gradient evaluation took 0.028132 seconds
Chain 3: 1000 transitions using 10 leapfrog steps per transition would take 281.32 seconds.
Chain 3: Adjust your expectations accordingly!
Chain 3: 
Chain 3: 
Chain 4: 
Chain 4: Gradient evaluation took 0.028483 seconds
Chain 4: 1000 transitions using 10 leapfrog steps per transition would take 284.83 seconds.
Chain 4: Adjust your expectations accordingly!
Chain 4: 
Chain 4: 
Chain 2: 
Chain 2: Gradient evaluation took 0.028681 seconds
Chain 2: 1000 transitions using 10 leapfrog steps per transition would take 286.81 seconds.
Chain 2: Adjust your expectations accordingly!
Chain 2: 
Chain 2: 
Chain 1: 
Chain 1: Gradient evaluation took 0.028724 seconds
Chain 1: 1000 transitions using 10 leapfrog steps per transition would take 287.24 seconds.
Chain 1: Adjust your expectations accordingly!
Chain 1: 
Chain 1: 
Chain 3: Iteration:    1 / 5000 [  0%]  (Warmup)
Chain 2: Iteration:    1 / 5000 [  0%]  (Warmup)
Chain 4: Iteration:    1 / 5000 [  0%]  (Warmup)
Chain 1: Iteration:    1 / 5000 [  0%]  (Warmup)
Chain 4: Iteration:  500 / 5000 [ 10%]  (Warmup)
Chain 3: Iteration:  500 / 5000 [ 10%]  (Warmup)
Chain 2: Iteration:  500 / 5000 [ 10%]  (Warmup)
Chain 1: Iteration:  500 / 5000 [ 10%]  (Warmup)
Chain 2: Iteration: 1000 / 5000 [ 20%]  (Warmup)
Chain 4: Iteration: 1000 / 5000 [ 20%]  (Warmup)
Chain 3: Iteration: 1000 / 5000 [ 20%]  (Warmup)
Chain 1: Iteration: 1000 / 5000 [ 20%]  (Warmup)
Chain 2: Iteration: 1500 / 5000 [ 30%]  (Warmup)
Chain 4: Iteration: 1500 / 5000 [ 30%]  (Warmup)
Chain 3: Iteration: 1500 / 5000 [ 30%]  (Warmup)
Chain 2: Iteration: 2000 / 5000 [ 40%]  (Warmup)
Chain 1: Iteration: 1500 / 5000 [ 30%]  (Warmup)
Chain 2: Iteration: 2500 / 5000 [ 50%]  (Warmup)
Chain 2: Iteration: 2501 / 5000 [ 50%]  (Sampling)
Chain 2: Iteration: 3000 / 5000 [ 60%]  (Sampling)
Chain 2: Iteration: 3500 / 5000 [ 70%]  (Sampling)
Chain 2: Iteration: 4000 / 5000 [ 80%]  (Sampling)
Chain 4: Iteration: 2000 / 5000 [ 40%]  (Warmup)
Chain 3: Iteration: 2000 / 5000 [ 40%]  (Warmup)
Chain 2: Iteration: 4500 / 5000 [ 90%]  (Sampling)
Chain 1: Iteration: 2000 / 5000 [ 40%]  (Warmup)
Chain 2: Iteration: 5000 / 5000 [100%]  (Sampling)
Chain 2: 
Chain 2:  Elapsed Time: 74768.8 seconds (Warm-up)
Chain 2:                14683.8 seconds (Sampling)
Chain 2:                89452.6 seconds (Total)
Chain 2: 
Chain 4: Iteration: 2500 / 5000 [ 50%]  (Warmup)
Chain 4: Iteration: 2501 / 5000 [ 50%]  (Sampling)
Chain 3: Iteration: 2500 / 5000 [ 50%]  (Warmup)
Chain 3: Iteration: 2501 / 5000 [ 50%]  (Sampling)
Chain 1: Iteration: 2500 / 5000 [ 50%]  (Warmup)
Chain 1: Iteration: 2501 / 5000 [ 50%]  (Sampling)
Chain 4: Iteration: 3000 / 5000 [ 60%]  (Sampling)
Chain 4: Iteration: 3500 / 5000 [ 70%]  (Sampling)
Chain 4: Iteration: 4000 / 5000 [ 80%]  (Sampling)
Chain 4: Iteration: 4500 / 5000 [ 90%]  (Sampling)
Chain 4: Iteration: 5000 / 5000 [100%]  (Sampling)
Chain 4: 
Chain 4:  Elapsed Time: 106497 seconds (Warm-up)
Chain 4:                8603.9 seconds (Sampling)
Chain 4:                115101 seconds (Total)
Chain 4: 
Chain 3: Iteration: 3000 / 5000 [ 60%]  (Sampling)
Chain 3: Iteration: 3500 / 5000 [ 70%]  (Sampling)
Chain 1: Iteration: 3000 / 5000 [ 60%]  (Sampling)
Chain 3: Iteration: 4000 / 5000 [ 80%]  (Sampling)
Chain 3: Iteration: 4500 / 5000 [ 90%]  (Sampling)
Chain 3: Iteration: 5000 / 5000 [100%]  (Sampling)
Chain 3: 
Chain 3:  Elapsed Time: 107991 seconds (Warm-up)
Chain 3:                28539.2 seconds (Sampling)
Chain 3:                136530 seconds (Total)
Chain 3: 
Chain 1: Iteration: 3500 / 5000 [ 70%]  (Sampling)
Chain 1: Iteration: 4000 / 5000 [ 80%]  (Sampling)
Chain 1: Iteration: 4500 / 5000 [ 90%]  (Sampling)
Chain 1: Iteration: 5000 / 5000 [100%]  (Sampling)
Chain 1: 
Chain 1:  Elapsed Time: 112111 seconds (Warm-up)
Chain 1:                112437 seconds (Sampling)
Chain 1:                224548 seconds (Total)
Chain 1: 
Time difference of 2.613298 days
Sample size: 3664 
Inference for Stan model: anon_model.
4 chains, each with iter=5000; warmup=2500; thin=1; 
post-warmup draws per chain=2500, total post-warmup draws=10000.

       mean se_mean    sd   2.5%    25%    50%    75%  97.5% n_eff  Rhat
A     15.52    0.08  0.17  15.23  15.40  15.51  15.69  15.82     5  1.45
B    -14.12    0.06  0.14 -14.38 -14.21 -14.11 -14.03 -13.84     5  1.38
C      2.79    0.49  0.72   1.61   2.13   3.02   3.36   3.64     2  4.31
K    -26.34   25.32 35.99 -71.67 -60.23 -21.34   8.64  10.33     2 11.46
u0    10.28    0.63  0.89   9.13   9.53  10.13  11.08  11.64     2  9.24
v0    12.62    0.73  1.04  11.44  11.69  12.41  13.40  14.18     2 10.45
w0     5.19    1.65  2.39   1.65   3.94   6.01   7.21   7.31     2  4.90
s_l    4.66    0.09  0.15   4.38   4.55   4.64   4.82   4.90     3  1.87
s_b    4.85    1.55  2.24   2.68   2.83   4.31   6.55   7.96     2  5.22
nu_l   2.05    0.04  0.09   1.87   1.99   2.06   2.11   2.18     5  1.33
nu_b   3.36    0.94  1.37   1.82   2.03   3.22   4.55   5.24     2  4.52

Samples were drawn using NUTS(diag_e) at Sun Oct 12 05:49:03 2025.
For each parameter, n_eff is a crude measure of effective sample size,
and Rhat is the potential scale reduction factor on split chains (at 
convergence, Rhat=1).
null device 
          1 
A <- 15.5239 
B <- -14.11698 
C <- 2.788913 
K <- -26.34429 
u0 <- 10.2766 
v0 <- 12.62264 
w0 <- 5.192902 
s_l <- 4.658436 
s_b <- 4.845298 
nu_l <- 2.046285 
nu_b <- 3.356361 
scale t dist mul: 4.658 
scale t dist mub: 4.845 
------------------------------------------------------
Job ends
