------------------------------------------------------
Job is running on node ------------------------------------------------------
SLURM: qsub is running on headnode1
SLURM: originating queue is core32
SLURM: executing queue is 
SLURM: working directory is /beegfs/car/bxster25/oc-sscu
SLURM: execution mode is 
SLURM: job identifier is 9484
SLURM: job name is stan2_ncirc_core32
SLURM: node file is node033
SLURM: current home directory is /home2/bxster25
SLURM: PATH = /soft/R-4.4.2/bin:/usr/local/bin:/usr/local/sbin:/usr/share/Modules/bin:/usr/local/bin:/usr/bin:/usr/local/sbin:/usr/sbin
LD PATH =
------------------------------------------------------
Usage: Rscript [options] file [args]
   or: Rscript [options] -e expr [-e expr2 ...] [args]
A binary front-end to R, for use in scripting applications.

Options:
  --help              Print usage and exit
  --version           Print version and exit
  --verbose           Print information on progress
  --default-packages=LIST  Attach these packages on startup;
                        a comma-separated LIST of package names, or 'NULL'
and options to R (in addition to --no-echo --no-restore), for example:
  --save              Do save workspace at the end of the session
  --no-environ        Don't read the site and user environment files
  --no-site-file      Don't read the site-wide Rprofile
  --no-init-file      Don't read the user R profile
  --restore           Do restore previously saved objects at startup
  --vanilla           Combine --no-save, --no-restore, --no-site-file,
                        --no-init-file and --no-environ

Expressions (one or more '-e <expr>') may be used *instead* of 'file'.
Any additional 'args' can be accessed from R via 'commandArgs(TRUE)'.
See also  ?Rscript  from within R.
/soft/R-4.4.2/bin/Rscript

SAMPLING FOR MODEL 'anon_model' NOW (CHAIN 2).

SAMPLING FOR MODEL 'anon_model' NOW (CHAIN 3).

SAMPLING FOR MODEL 'anon_model' NOW (CHAIN 1).

SAMPLING FOR MODEL 'anon_model' NOW (CHAIN 4).
Chain 2: Chain 
1: Chain 2
: Gradient evaluation took 0.026127 secondsChain 1
Chain : Gradient evaluation took 0.028588 secondsChain 23: 
: 1000 transitions using 10 leapfrog steps per transition would take 261.27 seconds.
Chain 1
Chain Chain 3: 1000 transitions using 10 leapfrog steps per transition would take 285.88 seconds.2: : Gradient evaluation took 0.0268 seconds
Chain Adjust your expectations accordingly!

1: Chain 2Chain 3Adjust your expectations accordingly!
: 
: 1000 transitions using 10 leapfrog steps per transition would take 268 seconds.Chain 1Chain 2
Chain : 
: 
3: Chain 1Adjust your expectations accordingly!
: 
Chain 3: 
Chain 3: 
Chain 4: 
Chain 4: Gradient evaluation took 0.025962 seconds
Chain 4: 1000 transitions using 10 leapfrog steps per transition would take 259.62 seconds.
Chain 4: Adjust your expectations accordingly!
Chain 4: 
Chain 4: 
Chain 2Chain 1: Iteration:    1 / 5000 [  0%]  (Warmup): Iteration:    1 / 5000 [  0%]  (Warmup)
Chain 3
: Iteration:    1 / 5000 [  0%]  (Warmup)
Chain 4: Iteration:    1 / 5000 [  0%]  (Warmup)
Chain 3: Iteration:  500 / 5000 [ 10%]  (Warmup)
Chain 2: Iteration:  500 / 5000 [ 10%]  (Warmup)
Chain 1: Iteration:  500 / 5000 [ 10%]  (Warmup)
Chain 4: Iteration:  500 / 5000 [ 10%]  (Warmup)
Chain 2: Iteration: 1000 / 5000 [ 20%]  (Warmup)
Chain 3: Iteration: 1000 / 5000 [ 20%]  (Warmup)
Chain 1: Iteration: 1000 / 5000 [ 20%]  (Warmup)
Chain 4: Iteration: 1000 / 5000 [ 20%]  (Warmup)
Chain 2: Iteration: 1500 / 5000 [ 30%]  (Warmup)
Chain 3: Iteration: 1500 / 5000 [ 30%]  (Warmup)
Chain 1: Iteration: 1500 / 5000 [ 30%]  (Warmup)
Chain 4: Iteration: 1500 / 5000 [ 30%]  (Warmup)
Chain 2: Iteration: 2000 / 5000 [ 40%]  (Warmup)
Chain 3: Iteration: 2000 / 5000 [ 40%]  (Warmup)
Chain 2: Iteration: 2500 / 5000 [ 50%]  (Warmup)
Chain 2: Iteration: 2501 / 5000 [ 50%]  (Sampling)
Chain 1: Iteration: 2000 / 5000 [ 40%]  (Warmup)
Chain 4: Iteration: 2000 / 5000 [ 40%]  (Warmup)
Chain 2: Iteration: 3000 / 5000 [ 60%]  (Sampling)
Chain 3: Iteration: 2500 / 5000 [ 50%]  (Warmup)
Chain 3: Iteration: 2501 / 5000 [ 50%]  (Sampling)
Chain 1: Iteration: 2500 / 5000 [ 50%]  (Warmup)
Chain 1: Iteration: 2501 / 5000 [ 50%]  (Sampling)
Chain 4: Iteration: 2500 / 5000 [ 50%]  (Warmup)
Chain 4: Iteration: 2501 / 5000 [ 50%]  (Sampling)
Chain 2: Iteration: 3500 / 5000 [ 70%]  (Sampling)
Chain 3: Iteration: 3000 / 5000 [ 60%]  (Sampling)
Chain 2: Iteration: 4000 / 5000 [ 80%]  (Sampling)
Chain 3: Iteration: 3500 / 5000 [ 70%]  (Sampling)
Chain 1: Iteration: 3000 / 5000 [ 60%]  (Sampling)
Chain 4: Iteration: 3000 / 5000 [ 60%]  (Sampling)
Chain 2: Iteration: 4500 / 5000 [ 90%]  (Sampling)
Chain 3: Iteration: 4000 / 5000 [ 80%]  (Sampling)
Chain 2: Iteration: 5000 / 5000 [100%]  (Sampling)
Chain 2: 
Chain 2:  Elapsed Time: 92557.6 seconds (Warm-up)
Chain 2:                63136.6 seconds (Sampling)
Chain 2:                155694 seconds (Total)
Chain 2: 
Chain 3: Iteration: 4500 / 5000 [ 90%]  (Sampling)
Chain 1: Iteration: 3500 / 5000 [ 70%]  (Sampling)
Chain 4: Iteration: 3500 / 5000 [ 70%]  (Sampling)
Chain 3: Iteration: 5000 / 5000 [100%]  (Sampling)
Chain 3: 
Chain 3:  Elapsed Time: 114439 seconds (Warm-up)
Chain 3:                60725.9 seconds (Sampling)
Chain 3:                175165 seconds (Total)
Chain 3: 
Chain 1: Iteration: 4000 / 5000 [ 80%]  (Sampling)
Chain 4: Iteration: 4000 / 5000 [ 80%]  (Sampling)
Chain 1: Iteration: 4500 / 5000 [ 90%]  (Sampling)
Chain 4: Iteration: 4500 / 5000 [ 90%]  (Sampling)
Chain 1: Iteration: 5000 / 5000 [100%]  (Sampling)
Chain 1: 
Chain 1:  Elapsed Time: 116765 seconds (Warm-up)
Chain 1:                118887 seconds (Sampling)
Chain 1:                235652 seconds (Total)
Chain 1: 
Chain 4: Iteration: 5000 / 5000 [100%]  (Sampling)
Chain 4: 
Chain 4:  Elapsed Time: 117180 seconds (Warm-up)
Chain 4:                119282 seconds (Sampling)
Chain 4:                236462 seconds (Total)
Chain 4: 
Time difference of 2.746935 days
Sample size: 3664 
Inference for Stan model: anon_model.
4 chains, each with iter=5000; warmup=2500; thin=1; 
post-warmup draws per chain=2500, total post-warmup draws=10000.

       mean se_mean   sd   2.5%    25%    50%    75%  97.5% n_eff Rhat
A     15.29    0.03 0.16  14.99  15.18  15.29  15.40  15.62    30 1.11
B    -14.37    0.01 0.12 -14.59 -14.44 -14.37 -14.29 -14.14    96 1.06
C      2.99    0.02 0.19   2.65   2.87   2.99   3.12   3.36    72 1.07
K      7.67    0.18 0.96   5.58   7.07   7.69   8.34   9.37    29 1.12
u0     9.29    0.03 0.14   8.99   9.20   9.28   9.38   9.58    29 1.25
v0    11.68    0.09 0.18  11.37  11.55  11.66  11.84  12.02     4 1.62
w0     7.32    0.02 0.07   7.16   7.28   7.32   7.36   7.44    19 1.29
s_l    4.52    0.04 0.11   4.29   4.44   4.52   4.60   4.74     7 1.19
s_b    2.83    0.02 0.07   2.69   2.78   2.83   2.88   2.98    12 1.10
nu_l   1.99    0.06 0.12   1.78   1.91   1.99   2.08   2.22     3 1.55
nu_b   1.98    0.05 0.10   1.80   1.90   1.97   2.04   2.20     5 1.26

Samples were drawn using NUTS(diag_e) at Sun Oct 12 09:07:36 2025.
For each parameter, n_eff is a crude measure of effective sample size,
and Rhat is the potential scale reduction factor on split chains (at 
convergence, Rhat=1).
null device 
          1 
A <- 15.29447 
B <- -14.3673 
C <- 2.993816 
K <- 7.672046 
u0 <- 9.289496 
v0 <- 11.68424 
w0 <- 7.315952 
s_l <- 4.516178 
s_b <- 2.830711 
nu_l <- 1.994895 
nu_b <- 1.976312 
scale t dist mul: 4.516 
scale t dist mub: 2.831 
------------------------------------------------------
Job ends
