------------------------------------------------------
Job is running on node ------------------------------------------------------
SLURM: qsub is running on headnode1
SLURM: originating queue is core32
SLURM: executing queue is 
SLURM: working directory is /beegfs/car/bxster25/oc-sscu
SLURM: execution mode is 
SLURM: job identifier is 9491
SLURM: job name is stan9_ncirc_core32
SLURM: node file is node038
SLURM: current home directory is /home2/bxster25
SLURM: PATH = /soft/R-4.4.2/bin:/usr/local/bin:/usr/local/sbin:/usr/share/Modules/bin:/usr/local/bin:/usr/bin:/usr/local/sbin:/usr/sbin
LD PATH =
------------------------------------------------------
Usage: Rscript [options] file [args]
   or: Rscript [options] -e expr [-e expr2 ...] [args]
A binary front-end to R, for use in scripting applications.

Options:
  --help              Print usage and exit
  --version           Print version and exit
  --verbose           Print information on progress
  --default-packages=LIST  Attach these packages on startup;
                        a comma-separated LIST of package names, or 'NULL'
and options to R (in addition to --no-echo --no-restore), for example:
  --save              Do save workspace at the end of the session
  --no-environ        Don't read the site and user environment files
  --no-site-file      Don't read the site-wide Rprofile
  --no-init-file      Don't read the user R profile
  --restore           Do restore previously saved objects at startup
  --vanilla           Combine --no-save, --no-restore, --no-site-file,
                        --no-init-file and --no-environ

Expressions (one or more '-e <expr>') may be used *instead* of 'file'.
Any additional 'args' can be accessed from R via 'commandArgs(TRUE)'.
See also  ?Rscript  from within R.
/soft/R-4.4.2/bin/Rscript

SAMPLING FOR MODEL 'anon_model' NOW (CHAIN 1).

SAMPLING FOR MODEL 'anon_model' NOW (CHAIN 3).

SAMPLING FOR MODEL 'anon_model' NOW (CHAIN 2).

SAMPLING FOR MODEL 'anon_model' NOW (CHAIN 4).
Chain 3: 
Chain 3: Gradient evaluation took 0.028293 seconds
Chain 3: Chain 1000 transitions using 10 leapfrog steps per transition would take 282.93 seconds.
1: Chain 3
: Adjust your expectations accordingly!Chain 1
: Chain 3Gradient evaluation took 0.028349 seconds: 

Chain 3Chain 1: 
: 1000 transitions using 10 leapfrog steps per transition would take 283.49 seconds.
Chain 1: Adjust your expectations accordingly!
Chain 1: 
Chain 1: 
Chain 2: 
Chain 2: Gradient evaluation took 0.028566 seconds
Chain 2: Chain 1000 transitions using 10 leapfrog steps per transition would take 285.66 seconds.
4: Chain 2
: Adjust your expectations accordingly!Chain 4
: Gradient evaluation took 0.028263 secondsChain 2
: Chain 
Chain 4: 21000 transitions using 10 leapfrog steps per transition would take 282.63 seconds.
: 
Chain 4: Adjust your expectations accordingly!
Chain 4: 
Chain 4: 
Chain 1: Iteration:    1 / 5000 [  0%]  (Warmup)
Chain 3: Iteration:    1 / 5000 [  0%]  (Warmup)
Chain 2: Iteration:    1 / 5000 [  0%]  (Warmup)
Chain 4: Iteration:    1 / 5000 [  0%]  (Warmup)
Chain 1: Iteration:  500 / 5000 [ 10%]  (Warmup)
Chain 2: Iteration:  500 / 5000 [ 10%]  (Warmup)
Chain 1: Iteration: 1000 / 5000 [ 20%]  (Warmup)
Chain 4: Iteration:  500 / 5000 [ 10%]  (Warmup)
Chain 3: Iteration:  500 / 5000 [ 10%]  (Warmup)
Chain 1: Iteration: 1500 / 5000 [ 30%]  (Warmup)
Chain 1: Iteration: 2000 / 5000 [ 40%]  (Warmup)
Chain 1: Iteration: 2500 / 5000 [ 50%]  (Warmup)
Chain 1: Iteration: 2501 / 5000 [ 50%]  (Sampling)
Chain 4: Iteration: 1000 / 5000 [ 20%]  (Warmup)
Chain 2: Iteration: 1000 / 5000 [ 20%]  (Warmup)
Chain 1: Iteration: 3000 / 5000 [ 60%]  (Sampling)
Chain 3: Iteration: 1000 / 5000 [ 20%]  (Warmup)
Chain 1: Iteration: 3500 / 5000 [ 70%]  (Sampling)
Chain 4: Iteration: 1500 / 5000 [ 30%]  (Warmup)
Chain 1: Iteration: 4000 / 5000 [ 80%]  (Sampling)
Chain 1: Iteration: 4500 / 5000 [ 90%]  (Sampling)
Chain 2: Iteration: 1500 / 5000 [ 30%]  (Warmup)
Chain 4: Iteration: 2000 / 5000 [ 40%]  (Warmup)
Chain 1: Iteration: 5000 / 5000 [100%]  (Sampling)
Chain 1: 
Chain 1:  Elapsed Time: 32729.7 seconds (Warm-up)
Chain 1:                30472.1 seconds (Sampling)
Chain 1:                63201.8 seconds (Total)
Chain 1: 
Chain 3: Iteration: 1500 / 5000 [ 30%]  (Warmup)
Chain 4: Iteration: 2500 / 5000 [ 50%]  (Warmup)
Chain 4: Iteration: 2501 / 5000 [ 50%]  (Sampling)
Chain 2: Iteration: 2000 / 5000 [ 40%]  (Warmup)
Chain 4: Iteration: 3000 / 5000 [ 60%]  (Sampling)
Chain 3: Iteration: 2000 / 5000 [ 40%]  (Warmup)
Chain 4: Iteration: 3500 / 5000 [ 70%]  (Sampling)
Chain 2: Iteration: 2500 / 5000 [ 50%]  (Warmup)
Chain 2: Iteration: 2501 / 5000 [ 50%]  (Sampling)
Chain 4: Iteration: 4000 / 5000 [ 80%]  (Sampling)
Chain 3: Iteration: 2500 / 5000 [ 50%]  (Warmup)
Chain 3: Iteration: 2501 / 5000 [ 50%]  (Sampling)
Chain 4: Iteration: 4500 / 5000 [ 90%]  (Sampling)
Chain 3: Iteration: 3000 / 5000 [ 60%]  (Sampling)
Chain 2: Iteration: 3000 / 5000 [ 60%]  (Sampling)
Chain 3: Iteration: 3500 / 5000 [ 70%]  (Sampling)
Chain 4: Iteration: 5000 / 5000 [100%]  (Sampling)
Chain 4: 
Chain 4:  Elapsed Time: 76320.8 seconds (Warm-up)
Chain 4:                60781.5 seconds (Sampling)
Chain 4:                137102 seconds (Total)
Chain 4: 
Chain 3: Iteration: 4000 / 5000 [ 80%]  (Sampling)
Chain 2: Iteration: 3500 / 5000 [ 70%]  (Sampling)
Chain 3: Iteration: 4500 / 5000 [ 90%]  (Sampling)
Chain 3: Iteration: 5000 / 5000 [100%]  (Sampling)
Chain 3: 
Chain 3:  Elapsed Time: 113157 seconds (Warm-up)
Chain 3:                59330.6 seconds (Sampling)
Chain 3:                172487 seconds (Total)
Chain 3: 
Chain 2: Iteration: 4000 / 5000 [ 80%]  (Sampling)
Chain 2: Iteration: 4500 / 5000 [ 90%]  (Sampling)
Chain 2: Iteration: 5000 / 5000 [100%]  (Sampling)
Chain 2: 
Chain 2:  Elapsed Time: 108207 seconds (Warm-up)
Chain 2:                118964 seconds (Sampling)
Chain 2:                227170 seconds (Total)
Chain 2: 
Time difference of 2.64251 days
Sample size: 3664 
Inference for Stan model: anon_model.
4 chains, each with iter=5000; warmup=2500; thin=1; 
post-warmup draws per chain=2500, total post-warmup draws=10000.

       mean se_mean   sd   2.5%    25%    50%    75%  97.5% n_eff Rhat
A     14.21    1.70 2.58   7.13  14.22  15.54  15.69  15.93     2 4.74
B    -13.82    0.70 1.02 -14.60 -14.45 -14.34 -13.65 -11.44     2 7.24
C      4.43    1.78 2.66   2.60   2.88   3.06   4.46  11.25     2 6.33
K     11.72    4.71 7.39   5.56   7.41   8.28  12.98  32.86     2 3.96
u0     5.32    4.95 7.31 -13.22   5.84   9.32   9.48   9.65     2 6.27
v0    12.36    0.75 1.09  11.52  11.68  11.80  12.60  14.66     2 5.54
w0     7.49    0.30 0.44   7.08   7.19   7.30   7.63   8.47     2 6.30
s_l    5.49    1.19 1.76   4.31   4.47   4.57   4.79   8.97     2 3.41
s_b    3.16    0.32 0.46   2.74   2.86   2.95   3.27   4.08     2 5.86
nu_l   2.29    0.37 0.65   1.77   1.92   2.01   2.21   3.82     3 2.27
nu_b   2.60    0.50 0.73   1.91   2.09   2.28   2.71   4.15     2 4.19

Samples were drawn using NUTS(diag_e) at Sun Oct 12 06:32:52 2025.
For each parameter, n_eff is a crude measure of effective sample size,
and Rhat is the potential scale reduction factor on split chains (at 
convergence, Rhat=1).
null device 
          1 
A <- 14.20866 
B <- -13.81516 
C <- 4.431366 
K <- 11.72335 
u0 <- 5.317641 
v0 <- 12.36109 
w0 <- 7.486702 
s_l <- 5.488782 
s_b <- 3.164195 
nu_l <- 2.293486 
nu_b <- 2.601899 
scale t dist mul: 5.489 
scale t dist mub: 3.164 
------------------------------------------------------
Job ends
