------------------------------------------------------
Job is running on node ------------------------------------------------------
SLURM: qsub is running on headnode1
SLURM: originating queue is core32
SLURM: executing queue is 
SLURM: working directory is /beegfs/car/bxster25/oc-sscu
SLURM: execution mode is 
SLURM: job identifier is 9494
SLURM: job name is stan12_ncirc_core32
SLURM: node file is node039
SLURM: current home directory is /home2/bxster25
SLURM: PATH = /soft/R-4.4.2/bin:/usr/local/bin:/usr/local/sbin:/usr/share/Modules/bin:/usr/local/bin:/usr/bin:/usr/local/sbin:/usr/sbin
LD PATH =
------------------------------------------------------
Usage: Rscript [options] file [args]
   or: Rscript [options] -e expr [-e expr2 ...] [args]
A binary front-end to R, for use in scripting applications.

Options:
  --help              Print usage and exit
  --version           Print version and exit
  --verbose           Print information on progress
  --default-packages=LIST  Attach these packages on startup;
                        a comma-separated LIST of package names, or 'NULL'
and options to R (in addition to --no-echo --no-restore), for example:
  --save              Do save workspace at the end of the session
  --no-environ        Don't read the site and user environment files
  --no-site-file      Don't read the site-wide Rprofile
  --no-init-file      Don't read the user R profile
  --restore           Do restore previously saved objects at startup
  --vanilla           Combine --no-save, --no-restore, --no-site-file,
                        --no-init-file and --no-environ

Expressions (one or more '-e <expr>') may be used *instead* of 'file'.
Any additional 'args' can be accessed from R via 'commandArgs(TRUE)'.
See also  ?Rscript  from within R.
/soft/R-4.4.2/bin/Rscript

SAMPLING FOR MODEL 'anon_model' NOW (CHAIN 4).

SAMPLING
 FOR MODEL 'anon_modelSAMPLING FOR MODEL '' NOW (CHAIN 
SAMPLINGanon_model' NOW (CHAIN 2).
 FOR MODEL 'anon_model1' NOW (CHAIN ).
3).
Chain 4: 
Chain 4: Gradient evaluation took 0.029024 seconds
Chain 4: 1000 transitions using 10 leapfrog steps per transition would take 290.24 seconds.
Chain 4: Adjust your expectations accordingly!
Chain 4: 
Chain 4: 
Chain 3: 
Chain 3: Gradient evaluation took 0.029078 seconds
Chain 3: 1000 transitions using 10 leapfrog steps per transition would take 290.78 seconds.
Chain 3: Adjust your expectations accordingly!
Chain 3: 
Chain 3: 
Chain 3: Chain 2Chain 4Iteration:    1 / 5000 [  0%]  (Warmup): 
: Iteration:    1 / 5000 [  0%]  (Warmup)
Chain 2
: Gradient evaluation took 0.025085 seconds
Chain 2: 1000 transitions using 10 leapfrog steps per transition would take 250.85 seconds.
Chain 2: Adjust your expectations accordingly!
Chain 2: 
Chain 2: 
Chain 1: 
Chain 1: Gradient evaluation took 0.029868 seconds
Chain 1: 1000 transitions using 10 leapfrog steps per transition would take 298.68 seconds.
Chain 1: Adjust your expectations accordingly!
Chain 1: 
Chain 1: 
Chain 1Chain : Iteration:    1 / 5000 [  0%]  (Warmup)2: 
Iteration:    1 / 5000 [  0%]  (Warmup)
Chain 2: Iteration:  500 / 5000 [ 10%]  (Warmup)
Chain 3: Iteration:  500 / 5000 [ 10%]  (Warmup)
Chain 1: Iteration:  500 / 5000 [ 10%]  (Warmup)
Chain 4: Iteration:  500 / 5000 [ 10%]  (Warmup)
Chain 2: Iteration: 1000 / 5000 [ 20%]  (Warmup)
Chain 1: Iteration: 1000 / 5000 [ 20%]  (Warmup)
Chain 3: Iteration: 1000 / 5000 [ 20%]  (Warmup)
Chain 4: Iteration: 1000 / 5000 [ 20%]  (Warmup)
Chain 3: Iteration: 1500 / 5000 [ 30%]  (Warmup)
Chain 1: Iteration: 1500 / 5000 [ 30%]  (Warmup)
Chain 2: Iteration: 1500 / 5000 [ 30%]  (Warmup)
Chain 3: Iteration: 2000 / 5000 [ 40%]  (Warmup)
Chain 4: Iteration: 1500 / 5000 [ 30%]  (Warmup)
Chain 1: Iteration: 2000 / 5000 [ 40%]  (Warmup)
Chain 3: Iteration: 2500 / 5000 [ 50%]  (Warmup)
Chain 3: Iteration: 2501 / 5000 [ 50%]  (Sampling)
Chain 2: Iteration: 2000 / 5000 [ 40%]  (Warmup)
Chain 3: Iteration: 3000 / 5000 [ 60%]  (Sampling)
Chain 3: Iteration: 3500 / 5000 [ 70%]  (Sampling)
Chain 4: Iteration: 2000 / 5000 [ 40%]  (Warmup)
Chain 1: Iteration: 2500 / 5000 [ 50%]  (Warmup)
Chain 1: Iteration: 2501 / 5000 [ 50%]  (Sampling)
Chain 3: Iteration: 4000 / 5000 [ 80%]  (Sampling)
Chain 2: Iteration: 2500 / 5000 [ 50%]  (Warmup)
Chain 2: Iteration: 2501 / 5000 [ 50%]  (Sampling)
Chain 3: Iteration: 4500 / 5000 [ 90%]  (Sampling)
Chain 1: Iteration: 3000 / 5000 [ 60%]  (Sampling)
Chain 3: Iteration: 5000 / 5000 [100%]  (Sampling)
Chain 3: 
Chain 3:  Elapsed Time: 77763.1 seconds (Warm-up)
Chain 3:                29064 seconds (Sampling)
Chain 3:                106827 seconds (Total)
Chain 3: 
Chain 2: Iteration: 3000 / 5000 [ 60%]  (Sampling)
Chain 4: Iteration: 2500 / 5000 [ 50%]  (Warmup)
Chain 4: Iteration: 2501 / 5000 [ 50%]  (Sampling)
Chain 1: Iteration: 3500 / 5000 [ 70%]  (Sampling)
Chain 2: Iteration: 3500 / 5000 [ 70%]  (Sampling)
Chain 1: Iteration: 4000 / 5000 [ 80%]  (Sampling)
Chain 2: Iteration: 4000 / 5000 [ 80%]  (Sampling)
Chain 4: Iteration: 3000 / 5000 [ 60%]  (Sampling)
Chain 1: Iteration: 4500 / 5000 [ 90%]  (Sampling)
Chain 2: Iteration: 4500 / 5000 [ 90%]  (Sampling)
Chain 1: Iteration: 5000 / 5000 [100%]  (Sampling)
Chain 1: 
Chain 1:  Elapsed Time: 94121.4 seconds (Warm-up)
Chain 1:                59126.7 seconds (Sampling)
Chain 1:                153248 seconds (Total)
Chain 1: 
Chain 2: Iteration: 5000 / 5000 [100%]  (Sampling)
Chain 2: 
Chain 2:  Elapsed Time: 98820.8 seconds (Warm-up)
Chain 2:                58827.5 seconds (Sampling)
Chain 2:                157648 seconds (Total)
Chain 2: 
Chain 4: Iteration: 3500 / 5000 [ 70%]  (Sampling)
Chain 4: Iteration: 4000 / 5000 [ 80%]  (Sampling)
Chain 4: Iteration: 4500 / 5000 [ 90%]  (Sampling)
Chain 4: Iteration: 5000 / 5000 [100%]  (Sampling)
Chain 4: 
Chain 4:  Elapsed Time: 116682 seconds (Warm-up)
Chain 4:                114982 seconds (Sampling)
Chain 4:                231664 seconds (Total)
Chain 4: 
Time difference of 2.692223 days
Sample size: 3664 
Inference for Stan model: anon_model.
4 chains, each with iter=5000; warmup=2500; thin=1; 
post-warmup draws per chain=2500, total post-warmup draws=10000.

       mean se_mean   sd   2.5%    25%    50%    75%  97.5% n_eff Rhat
A     15.29    0.04 0.16  14.97  15.19  15.29  15.41  15.59    16 1.19
B    -13.94    0.01 0.12 -14.18 -14.02 -13.95 -13.86 -13.70   143 1.02
C      2.97    0.11 0.26   2.45   2.80   2.98   3.16   3.47     6 1.43
K      6.89    1.31 2.07   2.43   5.19   7.31   8.39  10.13     2 2.76
u0     9.52    0.20 0.32   9.05   9.28   9.44   9.85  10.16     3 2.52
v0    11.79    0.30 0.44  11.16  11.49  11.64  12.16  12.73     2 3.93
w0     7.43    0.03 0.07   7.26   7.39   7.45   7.48   7.56     5 1.51
s_l    4.62    0.05 0.12   4.38   4.53   4.61   4.70   4.86     6 1.22
s_b    2.82    0.06 0.11   2.64   2.74   2.80   2.89   3.05     3 1.59
nu_l   1.88    0.07 0.12   1.69   1.79   1.86   1.96   2.16     3 1.77
nu_b   1.93    0.12 0.19   1.68   1.80   1.86   2.04   2.36     2 2.38

Samples were drawn using NUTS(diag_e) at Sun Oct 12 07:47:40 2025.
For each parameter, n_eff is a crude measure of effective sample size,
and Rhat is the potential scale reduction factor on split chains (at 
convergence, Rhat=1).
null device 
          1 
A <- 15.29404 
B <- -13.94351 
C <- 2.971103 
K <- 6.885439 
u0 <- 9.521732 
v0 <- 11.78692 
w0 <- 7.433908 
s_l <- 4.616564 
s_b <- 2.817343 
nu_l <- 1.880641 
nu_b <- 1.929303 
scale t dist mul: 4.617 
scale t dist mub: 2.817 
------------------------------------------------------
Job ends
