------------------------------------------------------
Job is running on node ------------------------------------------------------
SLURM: qsub is running on headnode1
SLURM: originating queue is core32
SLURM: executing queue is 
SLURM: working directory is /beegfs/car/bxster25/oc-sscu
SLURM: execution mode is 
SLURM: job identifier is 9497
SLURM: job name is stan15_ncirc_core32
SLURM: node file is node050
SLURM: current home directory is /home2/bxster25
SLURM: PATH = /soft/R-4.4.2/bin:/usr/local/bin:/usr/local/sbin:/usr/share/Modules/bin:/usr/local/bin:/usr/bin:/usr/local/sbin:/usr/sbin
LD PATH =
------------------------------------------------------
Usage: Rscript [options] file [args]
   or: Rscript [options] -e expr [-e expr2 ...] [args]
A binary front-end to R, for use in scripting applications.

Options:
  --help              Print usage and exit
  --version           Print version and exit
  --verbose           Print information on progress
  --default-packages=LIST  Attach these packages on startup;
                        a comma-separated LIST of package names, or 'NULL'
and options to R (in addition to --no-echo --no-restore), for example:
  --save              Do save workspace at the end of the session
  --no-environ        Don't read the site and user environment files
  --no-site-file      Don't read the site-wide Rprofile
  --no-init-file      Don't read the user R profile
  --restore           Do restore previously saved objects at startup
  --vanilla           Combine --no-save, --no-restore, --no-site-file,
                        --no-init-file and --no-environ

Expressions (one or more '-e <expr>') may be used *instead* of 'file'.
Any additional 'args' can be accessed from R via 'commandArgs(TRUE)'.
See also  ?Rscript  from within R.
/soft/R-4.4.2/bin/Rscript

SAMPLING FOR MODEL 'anon_model' NOW (CHAIN 1).

SAMPLING FOR MODEL 'anon_model' NOW (CHAIN 3).

SAMPLING FOR MODEL 'anon_model' NOW (CHAIN 2).

SAMPLING FOR MODEL 'anon_model' NOW (CHAIN 4).
Chain 2: 
Chain 2: Gradient evaluation took 0.028983 seconds
Chain 2: 1000 transitions using 10 leapfrog steps per transition would take 289.83 seconds.
Chain 2: Adjust your expectations accordingly!
Chain 2: 
Chain 2: 
Chain 4: 
Chain 4: Gradient evaluation took 0.034147 seconds
Chain 4: 1000 transitions using 10 leapfrog steps per transition would take 341.47 seconds.
Chain 4: Adjust your expectations accordingly!
Chain 4: 
Chain 4: 
Chain 1Chain : 
3: Chain 1
: Gradient evaluation took 0.029374 secondsChain 3
: Gradient evaluation took 0.029423 secondsChain 1
: 1000 transitions using 10 leapfrog steps per transition would take 293.74 seconds.Chain 3
Chain : 1000 transitions using 10 leapfrog steps per transition would take 294.23 seconds.1: 
Adjust your expectations accordingly!
Chain Chain 13: : 
Adjust your expectations accordingly!Chain 1
: 
Chain 3: 
Chain 3: 
Chain 2: Iteration:    1 / 5000 [  0%]  (Warmup)
Chain 4: Iteration:    1 / 5000 [  0%]  (Warmup)
Chain 3: Iteration:    1 / 5000 [  0%]  (Warmup)
Chain 1: Iteration:    1 / 5000 [  0%]  (Warmup)
Chain 2: Iteration:  500 / 5000 [ 10%]  (Warmup)
Chain 4: Iteration:  500 / 5000 [ 10%]  (Warmup)
Chain 3: Iteration:  500 / 5000 [ 10%]  (Warmup)
Chain 1: Iteration:  500 / 5000 [ 10%]  (Warmup)
Chain 3: Iteration: 1000 / 5000 [ 20%]  (Warmup)
Chain 3: Iteration: 1500 / 5000 [ 30%]  (Warmup)
Chain 2: Iteration: 1000 / 5000 [ 20%]  (Warmup)
Chain 4: Iteration: 1000 / 5000 [ 20%]  (Warmup)
Chain 1: Iteration: 1000 / 5000 [ 20%]  (Warmup)
Chain 3: Iteration: 2000 / 5000 [ 40%]  (Warmup)
Chain 3: Iteration: 2500 / 5000 [ 50%]  (Warmup)
Chain 3: Iteration: 2501 / 5000 [ 50%]  (Sampling)
Chain 4: Iteration: 1500 / 5000 [ 30%]  (Warmup)
Chain 2: Iteration: 1500 / 5000 [ 30%]  (Warmup)
Chain 3: Iteration: 3000 / 5000 [ 60%]  (Sampling)
Chain 1: Iteration: 1500 / 5000 [ 30%]  (Warmup)
Chain 3: Iteration: 3500 / 5000 [ 70%]  (Sampling)
Chain 4: Iteration: 2000 / 5000 [ 40%]  (Warmup)
Chain 2: Iteration: 2000 / 5000 [ 40%]  (Warmup)
Chain 3: Iteration: 4000 / 5000 [ 80%]  (Sampling)
Chain 1: Iteration: 2000 / 5000 [ 40%]  (Warmup)
Chain 3: Iteration: 4500 / 5000 [ 90%]  (Sampling)
Chain 4: Iteration: 2500 / 5000 [ 50%]  (Warmup)
Chain 4: Iteration: 2501 / 5000 [ 50%]  (Sampling)
Chain 2: Iteration: 2500 / 5000 [ 50%]  (Warmup)
Chain 2: Iteration: 2501 / 5000 [ 50%]  (Sampling)
Chain 1: Iteration: 2500 / 5000 [ 50%]  (Warmup)
Chain 3: Iteration: 5000 / 5000 [100%]  (Sampling)
Chain 1: Iteration: 2501 / 5000 [ 50%]  (Sampling)
Chain 3: 
Chain 3:  Elapsed Time: 58112.7 seconds (Warm-up)
Chain 3:                61062.9 seconds (Sampling)
Chain 3:                119176 seconds (Total)
Chain 3: 
Chain 4: Iteration: 3000 / 5000 [ 60%]  (Sampling)
Chain 4: Iteration: 3500 / 5000 [ 70%]  (Sampling)
Chain 4: Iteration: 4000 / 5000 [ 80%]  (Sampling)
Chain 4: Iteration: 4500 / 5000 [ 90%]  (Sampling)
Chain 4: Iteration: 5000 / 5000 [100%]  (Sampling)
Chain 4: 
Chain 4:  Elapsed Time: 112385 seconds (Warm-up)
Chain 4:                18747.8 seconds (Sampling)
Chain 4:                131133 seconds (Total)
Chain 4: 
Chain 2: Iteration: 3000 / 5000 [ 60%]  (Sampling)
Chain 1: Iteration: 3000 / 5000 [ 60%]  (Sampling)
Chain 2: Iteration: 3500 / 5000 [ 70%]  (Sampling)
Chain 1: Iteration: 3500 / 5000 [ 70%]  (Sampling)
Chain 2: Iteration: 4000 / 5000 [ 80%]  (Sampling)
Chain 1: Iteration: 4000 / 5000 [ 80%]  (Sampling)
Chain 2: Iteration: 4500 / 5000 [ 90%]  (Sampling)
Chain 1: Iteration: 4500 / 5000 [ 90%]  (Sampling)
Chain 2: Iteration: 5000 / 5000 [100%]  (Sampling)
Chain 2: 
Chain 2:  Elapsed Time: 112683 seconds (Warm-up)
Chain 2:                120488 seconds (Sampling)
Chain 2:                233172 seconds (Total)
Chain 2: 
Chain 1: Iteration: 5000 / 5000 [100%]  (Sampling)
Chain 1: 
Chain 1:  Elapsed Time: 119167 seconds (Warm-up)
Chain 1:                120076 seconds (Sampling)
Chain 1:                239243 seconds (Total)
Chain 1: 
Time difference of 2.781581 days
Sample size: 3665 
Inference for Stan model: anon_model.
4 chains, each with iter=5000; warmup=2500; thin=1; 
post-warmup draws per chain=2500, total post-warmup draws=10000.

       mean se_mean   sd   2.5%    25%    50%    75%  97.5% n_eff Rhat
A     14.49    1.88 2.83   8.81  14.15  15.82  16.26  16.50     2 3.17
B    -13.40    0.71 1.01 -14.23 -14.03 -13.90 -13.24 -11.61     2 8.04
C      2.38    0.53 0.86   0.90   2.29   2.61   2.99   3.39     3 2.15
K      9.95    4.66 6.80   3.58   4.76   7.46  12.25  23.75     2 4.44
u0     6.22    3.67 5.42  -4.27   5.90   9.09   9.56   9.71     2 3.72
v0     8.15    4.29 6.24  -3.40   7.82  11.37  12.01  12.22     2 4.67
w0     7.47    0.08 0.17   7.19   7.38   7.44   7.60   7.64     4 1.54
s_l    6.86    2.69 3.96   4.45   4.61   4.72   6.87  14.39     2 3.85
s_b    3.38    0.42 0.63   2.88   2.99   3.08   3.61   4.51     2 3.22
nu_l   2.86    1.10 1.71   1.75   1.87   2.01   2.96   6.00     2 2.58
nu_b   2.47    0.45 0.65   1.86   1.99   2.17   2.83   3.76     2 4.56

Samples were drawn using NUTS(diag_e) at Sun Oct 12 12:11:11 2025.
For each parameter, n_eff is a crude measure of effective sample size,
and Rhat is the potential scale reduction factor on split chains (at 
convergence, Rhat=1).
null device 
          1 
A <- 14.4878 
B <- -13.40449 
C <- 2.377949 
K <- 9.954692 
u0 <- 6.219809 
v0 <- 8.148717 
w0 <- 7.465125 
s_l <- 6.855636 
s_b <- 3.380831 
nu_l <- 2.856628 
nu_b <- 2.474022 
scale t dist mul: 6.856 
scale t dist mub: 3.381 
------------------------------------------------------
Job ends
