------------------------------------------------------
Job is running on node ------------------------------------------------------
SLURM: qsub is running on headnode1
SLURM: originating queue is core32
SLURM: executing queue is 
SLURM: working directory is /beegfs/car/bxster25/oc-sscu
SLURM: execution mode is 
SLURM: job identifier is 9486
SLURM: job name is stan4_ncirc_core32
SLURM: node file is node035
SLURM: current home directory is /home2/bxster25
SLURM: PATH = /soft/R-4.4.2/bin:/usr/local/bin:/usr/local/sbin:/usr/share/Modules/bin:/usr/local/bin:/usr/bin:/usr/local/sbin:/usr/sbin
LD PATH =
------------------------------------------------------
Usage: Rscript [options] file [args]
   or: Rscript [options] -e expr [-e expr2 ...] [args]
A binary front-end to R, for use in scripting applications.

Options:
  --help              Print usage and exit
  --version           Print version and exit
  --verbose           Print information on progress
  --default-packages=LIST  Attach these packages on startup;
                        a comma-separated LIST of package names, or 'NULL'
and options to R (in addition to --no-echo --no-restore), for example:
  --save              Do save workspace at the end of the session
  --no-environ        Don't read the site and user environment files
  --no-site-file      Don't read the site-wide Rprofile
  --no-init-file      Don't read the user R profile
  --restore           Do restore previously saved objects at startup
  --vanilla           Combine --no-save, --no-restore, --no-site-file,
                        --no-init-file and --no-environ

Expressions (one or more '-e <expr>') may be used *instead* of 'file'.
Any additional 'args' can be accessed from R via 'commandArgs(TRUE)'.
See also  ?Rscript  from within R.
/soft/R-4.4.2/bin/Rscript

SAMPLING FOR MODEL 'anon_model' NOW (CHAIN 1).

SAMPLING FOR MODEL 'anon_model' NOW (CHAIN 2).

SAMPLING FOR MODEL 'anon_model' NOW (CHAIN 3).

SAMPLING FOR MODEL 'anon_model' NOW (CHAIN 4).
Chain 4: 
Chain 4: Gradient evaluation took 0.028321 seconds
Chain 4: 1000 transitions using 10 leapfrog steps per transition would take 283.21 seconds.
Chain 4: Adjust your expectations accordingly!
Chain 4: 
Chain 4: 
Chain 2: 
Chain 2: Gradient evaluation took 0.028481 seconds
Chain 2: 1000 transitions using 10 leapfrog steps per transition would take 284.81 seconds.
Chain 2: Chain Adjust your expectations accordingly!
1: Chain 2
: 
Chain 1Chain 2: Gradient evaluation took 0.028291 seconds: 

Chain 1: 1000 transitions using 10 leapfrog steps per transition would take 282.91 seconds.
Chain 1: Adjust your expectations accordingly!
Chain 1: 
Chain 1: 
Chain 3: 
Chain 3: Gradient evaluation took 0.028104 seconds
Chain 3: 1000 transitions using 10 leapfrog steps per transition would take 281.04 seconds.
Chain 3: Adjust your expectations accordingly!
Chain 3: 
Chain 3: 
Chain 4: Iteration:    1 / 5000 [  0%]  (Warmup)
Chain 2: Iteration:    1 / 5000 [  0%]  (Warmup)
Chain 1: Iteration:    1 / 5000 [  0%]  (Warmup)
Chain 3: Iteration:    1 / 5000 [  0%]  (Warmup)
Chain 1: Iteration:  500 / 5000 [ 10%]  (Warmup)
Chain 3: Iteration:  500 / 5000 [ 10%]  (Warmup)
Chain 2: Iteration:  500 / 5000 [ 10%]  (Warmup)
Chain 4: Iteration:  500 / 5000 [ 10%]  (Warmup)
Chain 2: Iteration: 1000 / 5000 [ 20%]  (Warmup)
Chain 2: Iteration: 1500 / 5000 [ 30%]  (Warmup)
Chain 1: Iteration: 1000 / 5000 [ 20%]  (Warmup)
Chain 3: Iteration: 1000 / 5000 [ 20%]  (Warmup)
Chain 2: Iteration: 2000 / 5000 [ 40%]  (Warmup)
Chain 4: Iteration: 1000 / 5000 [ 20%]  (Warmup)
Chain 2: Iteration: 2500 / 5000 [ 50%]  (Warmup)
Chain 2: Iteration: 2501 / 5000 [ 50%]  (Sampling)
Chain 2: Iteration: 3000 / 5000 [ 60%]  (Sampling)
Chain 2: Iteration: 3500 / 5000 [ 70%]  (Sampling)
Chain 2: Iteration: 4000 / 5000 [ 80%]  (Sampling)
Chain 2: Iteration: 4500 / 5000 [ 90%]  (Sampling)
Chain 2: Iteration: 5000 / 5000 [100%]  (Sampling)
Chain 2: 
Chain 2:  Elapsed Time: 45904.6 seconds (Warm-up)
Chain 2:                15285.2 seconds (Sampling)
Chain 2:                61189.8 seconds (Total)
Chain 2: 
Chain 1: Iteration: 1500 / 5000 [ 30%]  (Warmup)
Chain 4: Iteration: 1500 / 5000 [ 30%]  (Warmup)
Chain 3: Iteration: 1500 / 5000 [ 30%]  (Warmup)
Chain 4: Iteration: 2000 / 5000 [ 40%]  (Warmup)
Chain 1: Iteration: 2000 / 5000 [ 40%]  (Warmup)
Chain 3: Iteration: 2000 / 5000 [ 40%]  (Warmup)
Chain 4: Iteration: 2500 / 5000 [ 50%]  (Warmup)
Chain 4: Iteration: 2501 / 5000 [ 50%]  (Sampling)
Chain 1: Iteration: 2500 / 5000 [ 50%]  (Warmup)
Chain 1: Iteration: 2501 / 5000 [ 50%]  (Sampling)
Chain 3: Iteration: 2500 / 5000 [ 50%]  (Warmup)
Chain 3: Iteration: 2501 / 5000 [ 50%]  (Sampling)
Chain 4: Iteration: 3000 / 5000 [ 60%]  (Sampling)
Chain 4: Iteration: 3500 / 5000 [ 70%]  (Sampling)
Chain 1: Iteration: 3000 / 5000 [ 60%]  (Sampling)
Chain 3: Iteration: 3000 / 5000 [ 60%]  (Sampling)
Chain 4: Iteration: 4000 / 5000 [ 80%]  (Sampling)
Chain 4: Iteration: 4500 / 5000 [ 90%]  (Sampling)
Chain 1: Iteration: 3500 / 5000 [ 70%]  (Sampling)
Chain 3: Iteration: 3500 / 5000 [ 70%]  (Sampling)
Chain 4: Iteration: 5000 / 5000 [100%]  (Sampling)
Chain 4: 
Chain 4:  Elapsed Time: 113103 seconds (Warm-up)
Chain 4:                59984.6 seconds (Sampling)
Chain 4:                173088 seconds (Total)
Chain 4: 
Chain 1: Iteration: 4000 / 5000 [ 80%]  (Sampling)
Chain 3: Iteration: 4000 / 5000 [ 80%]  (Sampling)
Chain 1: Iteration: 4500 / 5000 [ 90%]  (Sampling)
Chain 3: Iteration: 4500 / 5000 [ 90%]  (Sampling)
Chain 1: Iteration: 5000 / 5000 [100%]  (Sampling)
Chain 1: 
Chain 1:  Elapsed Time: 114888 seconds (Warm-up)
Chain 1:                119286 seconds (Sampling)
Chain 1:                234174 seconds (Total)
Chain 1: 
Chain 3: Iteration: 5000 / 5000 [100%]  (Sampling)
Chain 3: 
Chain 3:  Elapsed Time: 115594 seconds (Warm-up)
Chain 3:                119223 seconds (Sampling)
Chain 3:                234816 seconds (Total)
Chain 3: 
Time difference of 2.727653 days
Sample size: 3665 
Inference for Stan model: anon_model.
4 chains, each with iter=5000; warmup=2500; thin=1; 
post-warmup draws per chain=2500, total post-warmup draws=10000.

       mean se_mean   sd   2.5%    25%    50%    75%  97.5% n_eff Rhat
A     15.59    0.02 0.17  15.25  15.47  15.60  15.71  15.94    62 1.02
B    -14.15    0.02 0.14 -14.42 -14.25 -14.15 -14.06 -13.89    49 1.06
C      2.41    0.03 0.23   2.03   2.26   2.40   2.55   2.91    43 1.06
K      7.01    0.26 1.02   5.32   6.26   6.93   7.69   9.23    15 1.28
u0     9.44    0.07 0.17   9.15   9.31   9.43   9.57   9.76     6 1.31
v0    11.58    0.05 0.17  11.27  11.46  11.59  11.69  11.92    11 1.35
w0     7.18    0.02 0.08   7.04   7.12   7.19   7.24   7.31    18 1.19
s_l    4.87    0.05 0.13   4.63   4.79   4.87   4.96   5.13     6 1.21
s_b    3.07    0.04 0.09   2.89   3.01   3.07   3.13   3.25     5 1.27
nu_l   2.14    0.08 0.14   1.88   2.04   2.14   2.23   2.41     3 1.63
nu_b   2.23    0.09 0.16   1.94   2.11   2.22   2.33   2.57     3 1.59

Samples were drawn using NUTS(diag_e) at Sun Oct 12 08:40:11 2025.
For each parameter, n_eff is a crude measure of effective sample size,
and Rhat is the potential scale reduction factor on split chains (at 
convergence, Rhat=1).
null device 
          1 
A <- 15.59486 
B <- -14.15238 
C <- 2.414779 
K <- 7.00949 
u0 <- 9.441432 
v0 <- 11.58048 
w0 <- 7.183812 
s_l <- 4.874433 
s_b <- 3.069263 
nu_l <- 2.136975 
nu_b <- 2.225952 
scale t dist mul: 4.874 
scale t dist mub: 3.069 
------------------------------------------------------
Job ends
