------------------------------------------------------
Job is running on node ------------------------------------------------------
SLURM: qsub is running on headnode2
SLURM: originating queue is core32
SLURM: executing queue is core32
SLURM: working directory is /beegfs/car/bxster25/oc-sscu
SLURM: job identifier is 22722
SLURM: job name is stan14_ncirc_core32
SLURM: node file is node013
SLURM: current home directory is /home2/bxster25
SLURM: PATH = /usr/local/bin:/usr/local/sbin:/usr/local/bin:/usr/local/sbin:/usr/local/bin:/usr/local/sbin:/usr/share/Modules/bin:/usr/local/bin:/usr/bin:/usr/local/sbin:/usr/sbin
------------------------------------------------------
Usage: Rscript [options] file [args]
   or: Rscript [options] -e expr [-e expr2 ...] [args]
A binary front-end to R, for use in scripting applications.

Options:
  --help              Print usage and exit
  --version           Print version and exit
  --verbose           Print information on progress
  --default-packages=LIST  Attach these packages on startup;
                        a comma-separated LIST of package names, or 'NULL'
and options to R (in addition to --no-echo --no-restore), for example:
  --save              Do save workspace at the end of the session
  --no-environ        Don't read the site and user environment files
  --no-site-file      Don't read the site-wide Rprofile
  --no-init-file      Don't read the user R profile
  --restore           Do restore previously saved objects at startup
  --vanilla           Combine --no-save, --no-restore, --no-site-file,
                        --no-init-file and --no-environ

Expressions (one or more '-e <expr>') may be used *instead* of 'file'.
Any additional 'args' can be accessed from R via 'commandArgs(TRUE)'.
See also  ?Rscript  from within R.
/soft/R-4.4.2/bin/Rscript

SAMPLING FOR MODEL 'anon_model' NOW (CHAIN 1).

SAMPLING FOR MODEL 'anon_model' NOW (CHAIN 2).

SAMPLING FOR MODEL 'anon_model' NOW (CHAIN 4).

SAMPLING FOR MODEL 'anon_model' NOW (CHAIN 3).
Chain 4: 
Chain 4: Gradient evaluation took 0.010645 seconds
Chain 4: Chain 31000 transitions using 10 leapfrog steps per transition would take 106.45 seconds.
: 
Chain Chain 34: : Gradient evaluation took 0.01076 secondsAdjust your expectations accordingly!

Chain Chain 34: : 1000 transitions using 10 leapfrog steps per transition would take 107.6 seconds.

Chain Chain 34: Adjust your expectations accordingly!: 

Chain 3: 
Chain 3: 
Chain 3: Iteration:     1 / 12000 [  0%]  (Warmup)
Chain 2: 
Chain 2Chain : Gradient evaluation took 0.010823 seconds4: 
Iteration:     1 / 12000 [  0%]  (Warmup)Chain 2
: 1000 transitions using 10 leapfrog steps per transition would take 108.23 seconds.
Chain 2: Adjust your expectations accordingly!
Chain 2: 
Chain 2: 
Chain 1: 
Chain 1: Gradient evaluation took 0.010964 seconds
Chain 1: 1000 transitions using 10 leapfrog steps per transition would take 109.64 seconds.
Chain 1: Adjust your expectations accordingly!
Chain 1: 
Chain 1: 
Chain 2: Iteration:     1 / 12000 [  0%]  (Warmup)
Chain 1: Iteration:     1 / 12000 [  0%]  (Warmup)
Chain 2: Iteration:  1200 / 12000 [ 10%]  (Warmup)
Chain 1: Iteration:  1200 / 12000 [ 10%]  (Warmup)
Chain 4: Iteration:  1200 / 12000 [ 10%]  (Warmup)
Chain 1: Iteration:  2400 / 12000 [ 20%]  (Warmup)
Chain 3: Iteration:  1200 / 12000 [ 10%]  (Warmup)
Chain 2: Iteration:  2400 / 12000 [ 20%]  (Warmup)
Chain 1: Iteration:  3600 / 12000 [ 30%]  (Warmup)
Chain 2: Iteration:  3600 / 12000 [ 30%]  (Warmup)
Chain 1: Iteration:  4800 / 12000 [ 40%]  (Warmup)
Chain 1: Iteration:  6000 / 12000 [ 50%]  (Warmup)
Chain 1: Iteration:  6001 / 12000 [ 50%]  (Sampling)
Chain 2: Iteration:  4800 / 12000 [ 40%]  (Warmup)
Chain 3: Iteration:  2400 / 12000 [ 20%]  (Warmup)
Chain 1: Iteration:  7200 / 12000 [ 60%]  (Sampling)
Chain 4: Iteration:  2400 / 12000 [ 20%]  (Warmup)
Chain 1: Iteration:  8400 / 12000 [ 70%]  (Sampling)
Chain 2: Iteration:  6000 / 12000 [ 50%]  (Warmup)
Chain 2: Iteration:  6001 / 12000 [ 50%]  (Sampling)
Chain 1: Iteration:  9600 / 12000 [ 80%]  (Sampling)
Chain 1: Iteration: 10800 / 12000 [ 90%]  (Sampling)
Chain 2: Iteration:  7200 / 12000 [ 60%]  (Sampling)
Chain 1: Iteration: 12000 / 12000 [100%]  (Sampling)
Chain 1: 
Chain 1:  Elapsed Time: 118542 seconds (Warm-up)
Chain 1:                44916.4 seconds (Sampling)
Chain 1:                163459 seconds (Total)
Chain 1: 
Chain 2: Iteration:  8400 / 12000 [ 70%]  (Sampling)
Chain 3: Iteration:  3600 / 12000 [ 30%]  (Warmup)
Chain 2: Iteration:  9600 / 12000 [ 80%]  (Sampling)
Chain 4: Iteration:  3600 / 12000 [ 30%]  (Warmup)
Chain 2: Iteration: 10800 / 12000 [ 90%]  (Sampling)
Chain 2: Iteration: 12000 / 12000 [100%]  (Sampling)
Chain 2: 
Chain 2:  Elapsed Time: 140772 seconds (Warm-up)
Chain 2:                88992.7 seconds (Sampling)
Chain 2:                229764 seconds (Total)
Chain 2: 
Chain 3: Iteration:  4800 / 12000 [ 40%]  (Warmup)
Chain 4: Iteration:  4800 / 12000 [ 40%]  (Warmup)
Chain 3: Iteration:  6000 / 12000 [ 50%]  (Warmup)
Chain 3: Iteration:  6001 / 12000 [ 50%]  (Sampling)
Chain 3: Iteration:  7200 / 12000 [ 60%]  (Sampling)
Chain 3: Iteration:  8400 / 12000 [ 70%]  (Sampling)
Chain 3: Iteration:  9600 / 12000 [ 80%]  (Sampling)
Chain 4: Iteration:  6000 / 12000 [ 50%]  (Warmup)
Chain 4: Iteration:  6001 / 12000 [ 50%]  (Sampling)
Chain 3: Iteration: 10800 / 12000 [ 90%]  (Sampling)
Chain 4: Iteration:  7200 / 12000 [ 60%]  (Sampling)
Chain 3: Iteration: 12000 / 12000 [100%]  (Sampling)
Chain 3: 
Chain 3:  Elapsed Time: 287659 seconds (Warm-up)
Chain 3:                79440.3 seconds (Sampling)
Chain 3:                367099 seconds (Total)
Chain 3: 
Chain 4: Iteration:  8400 / 12000 [ 70%]  (Sampling)
Chain 4: Iteration:  9600 / 12000 [ 80%]  (Sampling)
Chain 4: Iteration: 10800 / 12000 [ 90%]  (Sampling)
Chain 4: Iteration: 12000 / 12000 [100%]  (Sampling)
Chain 4: 
Chain 4:  Elapsed Time: 335073 seconds (Warm-up)
Chain 4:                80720.7 seconds (Sampling)
Chain 4:                415793 seconds (Total)
Chain 4: 
Time difference of 4.817961 days
Sample size: 3664 
Inference for Stan model: anon_model.
4 chains, each with iter=12000; warmup=6000; thin=1; 
post-warmup draws per chain=6000, total post-warmup draws=24000.

       mean se_mean   sd   2.5%    25%    50%    75%  97.5% n_eff Rhat
A     15.09    0.01 0.18  14.75  14.97  15.08  15.21  15.44   218 1.02
B    -14.20    0.01 0.13 -14.45 -14.29 -14.21 -14.12 -13.95   334 1.02
C      2.76    0.02 0.21   2.34   2.62   2.76   2.91   3.17   137 1.04
K      7.61    0.11 0.95   5.68   6.98   7.62   8.27   9.41    82 1.06
u0     9.48    0.02 0.16   9.17   9.37   9.48   9.58   9.79   106 1.03
v0    11.56    0.03 0.15  11.28  11.46  11.57  11.67  11.83    21 1.20
w0     7.14    0.01 0.07   7.01   7.10   7.14   7.19   7.28   107 1.02
s_l    4.43    0.07 0.13   4.17   4.34   4.43   4.53   4.69     4 1.36
s_b    2.83    0.04 0.09   2.67   2.77   2.83   2.89   3.01     5 1.28
nu_l   1.77    0.08 0.13   1.54   1.68   1.77   1.86   2.01     3 1.97
nu_b   1.98    0.09 0.15   1.75   1.88   1.96   2.08   2.30     3 1.74

Samples were drawn using NUTS(diag_e) at Sun Oct 26 08:05:36 2025.
For each parameter, n_eff is a crude measure of effective sample size,
and Rhat is the potential scale reduction factor on split chains (at 
convergence, Rhat=1).
null device 
          1 
A <- 15.09042 
B <- -14.20419 
C <- 2.760784 
K <- 7.606704 
u0 <- 9.478566 
v0 <- 11.56414 
w0 <- 7.140867 
s_l <- 4.431707 
s_b <- 2.833075 
nu_l <- 1.770875 
nu_b <- 1.982582 
scale t dist mul: 4.432 
scale t dist mub: 2.833 
------------------------------------------------------
Job ends
