------------------------------------------------------
Job is running on node ------------------------------------------------------
SLURM: qsub is running on headnode2
SLURM: originating queue is core32
SLURM: executing queue is core32
SLURM: working directory is /beegfs/car/bxster25/oc-sscu
SLURM: job identifier is 22727
SLURM: job name is stan19_ncirc_core32
SLURM: node file is node063
SLURM: current home directory is /home2/bxster25
SLURM: PATH = /usr/local/bin:/usr/local/sbin:/usr/local/bin:/usr/local/sbin:/usr/local/bin:/usr/local/sbin:/usr/share/Modules/bin:/usr/local/bin:/usr/bin:/usr/local/sbin:/usr/sbin
------------------------------------------------------
Usage: Rscript [options] file [args]
   or: Rscript [options] -e expr [-e expr2 ...] [args]
A binary front-end to R, for use in scripting applications.

Options:
  --help              Print usage and exit
  --version           Print version and exit
  --verbose           Print information on progress
  --default-packages=LIST  Attach these packages on startup;
                        a comma-separated LIST of package names, or 'NULL'
and options to R (in addition to --no-echo --no-restore), for example:
  --save              Do save workspace at the end of the session
  --no-environ        Don't read the site and user environment files
  --no-site-file      Don't read the site-wide Rprofile
  --no-init-file      Don't read the user R profile
  --restore           Do restore previously saved objects at startup
  --vanilla           Combine --no-save, --no-restore, --no-site-file,
                        --no-init-file and --no-environ

Expressions (one or more '-e <expr>') may be used *instead* of 'file'.
Any additional 'args' can be accessed from R via 'commandArgs(TRUE)'.
See also  ?Rscript  from within R.

SAMPLING FOR MODEL 'anon_model' NOW (CHAIN 
SAMPLING1 FOR MODEL 'anon_model).
' NOW (CHAIN 4).

SAMPLING FOR MODEL 'anon_model' NOW (CHAIN 2).

SAMPLING FOR MODEL 'anon_model' NOW (CHAIN 3).
Chain 1: 
Chain 1: Gradient evaluation took 0.0107 seconds
Chain 1: 1000 transitions using 10 leapfrog steps per transition would take 107 seconds.
Chain 1: Adjust your expectations accordingly!
Chain 1Chain : 
2: Chain 
1Chain 2: : 
Gradient evaluation took 0.010858 seconds
Chain 2: 1000 transitions using 10 leapfrog steps per transition would take 108.58 seconds.
Chain 2: Adjust your expectations accordingly!
Chain 2: 
Chain 2: 
Chain 1: Iteration:     1 / 12000 [  0%]  (Warmup)
Chain 2: Iteration:     1 / 12000 [  0%]  (Warmup)
Chain 4: 
Chain 4: Gradient evaluation took 0.011132 seconds
Chain 4: 1000 transitions using 10 leapfrog steps per transition would take 111.32 seconds.
Chain 4: Adjust your expectations accordingly!
Chain 4: 
Chain 4: 
Chain 3: 
Chain 3: Gradient evaluation took 0.011342 seconds
Chain 3: 1000 transitions using 10 leapfrog steps per transition would take 113.42 seconds.
Chain 3: Adjust your expectations accordingly!
Chain 3: 
Chain 3: 
Chain 4: Iteration:     1 / 12000 [  0%]  (Warmup)
Chain 3: Iteration:     1 / 12000 [  0%]  (Warmup)
Chain 1Chain 4Chain 3: : : Iteration:  1200 / 12000 [ 10%]  (Warmup)Iteration:  1200 / 12000 [ 10%]  (Warmup)Iteration:  1200 / 12000 [ 10%]  (Warmup)


Chain 1: Iteration:  2400 / 12000 [ 20%]  (Warmup)
Chain 4: Iteration:  2400 / 12000 [ 20%]  (Warmup)
Chain 3: Iteration:  2400 / 12000 [ 20%]  (Warmup)
Chain 1: Iteration:  3600 / 12000 [ 30%]  (Warmup)
Chain 4: Iteration:  3600 / 12000 [ 30%]  (Warmup)
Chain 3: Iteration:  3600 / 12000 [ 30%]  (Warmup)
Chain 1: Iteration:  4800 / 12000 [ 40%]  (Warmup)
Chain 4: Iteration:  4800 / 12000 [ 40%]  (Warmup)
Chain 3: Iteration:  4800 / 12000 [ 40%]  (Warmup)
Chain 1: Iteration:  6000 / 12000 [ 50%]  (Warmup)
Chain 1: Iteration:  6001 / 12000 [ 50%]  (Sampling)
Chain 4: Iteration:  6000 / 12000 [ 50%]  (Warmup)
Chain 4: Iteration:  6001 / 12000 [ 50%]  (Sampling)
Chain 3: Iteration:  6000 / 12000 [ 50%]  (Warmup)
Chain 3: Iteration:  6001 / 12000 [ 50%]  (Sampling)
Chain 1: Iteration:  7200 / 12000 [ 60%]  (Sampling)
Chain 2: Iteration:  1200 / 12000 [ 10%]  (Warmup)
Chain 4: Iteration:  7200 / 12000 [ 60%]  (Sampling)
Chain 3: Iteration:  7200 / 12000 [ 60%]  (Sampling)
Chain 1: Iteration:  8400 / 12000 [ 70%]  (Sampling)
Chain 4: Iteration:  8400 / 12000 [ 70%]  (Sampling)
Chain 3: Iteration:  8400 / 12000 [ 70%]  (Sampling)
Chain 1: Iteration:  9600 / 12000 [ 80%]  (Sampling)
Chain 4: Iteration:  9600 / 12000 [ 80%]  (Sampling)
Chain 3: Iteration:  9600 / 12000 [ 80%]  (Sampling)
Chain 1: Iteration: 10800 / 12000 [ 90%]  (Sampling)
Chain 4: Iteration: 10800 / 12000 [ 90%]  (Sampling)
Chain 3: Iteration: 10800 / 12000 [ 90%]  (Sampling)
Chain 1: Iteration: 12000 / 12000 [100%]  (Sampling)
Chain 1: 
Chain 1:  Elapsed Time: 55358.7 seconds (Warm-up)
Chain 1:                47078 seconds (Sampling)
Chain 1:                102437 seconds (Total)
Chain 1: 
Chain 4: Iteration: 12000 / 12000 [100%]  (Sampling)
Chain 4: 
Chain 4:  Elapsed Time: 61910.1 seconds (Warm-up)
Chain 4:                46698.2 seconds (Sampling)
Chain 4:                108608 seconds (Total)
Chain 4: 
Chain 3: Iteration: 12000 / 12000 [100%]  (Sampling)
Chain 3: 
Chain 3:  Elapsed Time: 63011 seconds (Warm-up)
Chain 3:                47807.3 seconds (Sampling)
Chain 3:                110818 seconds (Total)
Chain 3: 
Chain 2: Iteration:  2400 / 12000 [ 20%]  (Warmup)
Chain 2: Iteration:  3600 / 12000 [ 30%]  (Warmup)
Chain 2: Iteration:  4800 / 12000 [ 40%]  (Warmup)
Chain 2: Iteration:  6000 / 12000 [ 50%]  (Warmup)
Chain 2: Iteration:  6001 / 12000 [ 50%]  (Sampling)
Chain 2: Iteration:  7200 / 12000 [ 60%]  (Sampling)
Chain 2: Iteration:  8400 / 12000 [ 70%]  (Sampling)
Chain 2: Iteration:  9600 / 12000 [ 80%]  (Sampling)
Chain 2: Iteration: 10800 / 12000 [ 90%]  (Sampling)
Chain 2: Iteration: 12000 / 12000 [100%]  (Sampling)
Chain 2: 
Chain 2:  Elapsed Time: 311874 seconds (Warm-up)
Chain 2:                145975 seconds (Sampling)
Chain 2:                457849 seconds (Total)
Chain 2: 
Time difference of 5.30556 days
Sample size: 3664 
Inference for Stan model: anon_model.
4 chains, each with iter=12000; warmup=6000; thin=1; 
post-warmup draws per chain=6000, total post-warmup draws=24000.

       mean se_mean   sd   2.5%    25%    50%    75%  97.5% n_eff Rhat
A     15.55    0.03 0.19  15.19  15.43  15.55  15.68  15.93    40 1.13
B    -14.15    0.02 0.14 -14.44 -14.25 -14.15 -14.06 -13.88    53 1.12
C      2.38    0.03 0.23   1.93   2.23   2.38   2.54   2.82    53 1.09
K      9.35    0.13 1.03   7.37   8.65   9.29  10.02  11.49    58 1.12
u0     9.45    0.14 0.36   9.02   9.24   9.36   9.51  10.51     6 2.08
v0    11.63    0.15 0.34  11.24  11.44  11.54  11.67  12.62     5 2.55
w0     7.31    0.01 0.08   7.16   7.26   7.31   7.36   7.47    37 1.13
s_l    4.73    0.02 0.11   4.51   4.65   4.72   4.80   4.95    21 1.07
s_b    2.90    0.04 0.09   2.72   2.84   2.91   2.97   3.08     5 1.28
nu_l   2.02    0.05 0.11   1.83   1.94   2.01   2.09   2.24     4 1.34
nu_b   1.98    0.08 0.14   1.72   1.89   1.99   2.08   2.24     3 1.62

Samples were drawn using NUTS(diag_e) at Sun Oct 26 19:46:38 2025.
For each parameter, n_eff is a crude measure of effective sample size,
and Rhat is the potential scale reduction factor on split chains (at 
convergence, Rhat=1).
null device 
          1 
A <- 15.55291 
B <- -14.15356 
C <- 2.382109 
K <- 9.347184 
u0 <- 9.4475 
v0 <- 11.63183 
w0 <- 7.312105 
s_l <- 4.726264 
s_b <- 2.904375 
nu_l <- 2.019609 
nu_b <- 1.983343 
scale t dist mul: 4.726 
scale t dist mub: 2.904 
------------------------------------------------------
Job ends
