------------------------------------------------------
Job is running on node ------------------------------------------------------
SLURM: qsub is running on headnode2
SLURM: originating queue is core32
SLURM: executing queue is core32
SLURM: working directory is /beegfs/car/bxster25/oc-sscu
SLURM: job identifier is 22721
SLURM: job name is stan13_ncirc_core32
SLURM: node file is node012
SLURM: current home directory is /home2/bxster25
SLURM: PATH = /usr/local/bin:/usr/local/sbin:/usr/local/bin:/usr/local/sbin:/usr/local/bin:/usr/local/sbin:/usr/share/Modules/bin:/usr/local/bin:/usr/bin:/usr/local/sbin:/usr/sbin
------------------------------------------------------
Usage: Rscript [options] file [args]
   or: Rscript [options] -e expr [-e expr2 ...] [args]
A binary front-end to R, for use in scripting applications.

Options:
  --help              Print usage and exit
  --version           Print version and exit
  --verbose           Print information on progress
  --default-packages=LIST  Attach these packages on startup;
                        a comma-separated LIST of package names, or 'NULL'
and options to R (in addition to --no-echo --no-restore), for example:
  --save              Do save workspace at the end of the session
  --no-environ        Don't read the site and user environment files
  --no-site-file      Don't read the site-wide Rprofile
  --no-init-file      Don't read the user R profile
  --restore           Do restore previously saved objects at startup
  --vanilla           Combine --no-save, --no-restore, --no-site-file,
                        --no-init-file and --no-environ

Expressions (one or more '-e <expr>') may be used *instead* of 'file'.
Any additional 'args' can be accessed from R via 'commandArgs(TRUE)'.
See also  ?Rscript  from within R.
/soft/R-4.4.2/bin/Rscript

SAMPLING FOR MODEL 'anon_model
SAMPLING' NOW (CHAIN  FOR MODEL 'anon_model3' NOW (CHAIN ).
1).

SAMPLING FOR MODEL 'anon_model' NOW (CHAIN 2).

SAMPLING FOR MODEL 'anon_model' NOW (CHAIN 4).
Chain 3: 
Chain 3: Gradient evaluation took 0.01063 seconds
Chain 3: 1000 transitions using 10 leapfrog steps per transition would take 106.3 seconds.
Chain 3: Adjust your expectations accordingly!Chain 
1: Chain 3
: 
Chain Chain 31: 
: Gradient evaluation took 0.010935 seconds
Chain 1: 1000 transitions using 10 leapfrog steps per transition would take 109.35 seconds.
Chain 1: Adjust your expectations accordingly!
Chain 1: 
Chain 1: 
Chain 3: Iteration:     1 / 12000 [  0%]  (Warmup)
Chain 1: Iteration:     1 / 12000 [  0%]  (Warmup)
Chain 2: 
Chain Chain 4: 2: 
Chain Gradient evaluation took 0.011188 seconds4
: Gradient evaluation took 0.011146 secondsChain 
2Chain 4: : 1000 transitions using 10 leapfrog steps per transition would take 111.46 seconds.1000 transitions using 10 leapfrog steps per transition would take 111.88 seconds.

Chain 2Chain 4: Adjust your expectations accordingly!: Adjust your expectations accordingly!

Chain Chain 4: 2: 
Chain 
Chain 4: 2: 

Chain 2: Iteration:     1 / 12000 [  0%]  (Warmup)
Chain 4: Iteration:     1 / 12000 [  0%]  (Warmup)
Chain 2: Iteration:  1200 / 12000 [ 10%]  (Warmup)
Chain 4: Iteration:  1200 / 12000 [ 10%]  (Warmup)
Chain 1: Iteration:  1200 / 12000 [ 10%]  (Warmup)
Chain 3: Iteration:  1200 / 12000 [ 10%]  (Warmup)
Chain 2: Iteration:  2400 / 12000 [ 20%]  (Warmup)
Chain 1: Iteration:  2400 / 12000 [ 20%]  (Warmup)
Chain 2: Iteration:  3600 / 12000 [ 30%]  (Warmup)
Chain 4: Iteration:  2400 / 12000 [ 20%]  (Warmup)
Chain 3: Iteration:  2400 / 12000 [ 20%]  (Warmup)
Chain 1: Iteration:  3600 / 12000 [ 30%]  (Warmup)
Chain 2: Iteration:  4800 / 12000 [ 40%]  (Warmup)
Chain 2: Iteration:  6000 / 12000 [ 50%]  (Warmup)
Chain 2: Iteration:  6001 / 12000 [ 50%]  (Sampling)
Chain 3: Iteration:  3600 / 12000 [ 30%]  (Warmup)
Chain 1: Iteration:  4800 / 12000 [ 40%]  (Warmup)
Chain 4: Iteration:  3600 / 12000 [ 30%]  (Warmup)
Chain 2: Iteration:  7200 / 12000 [ 60%]  (Sampling)
Chain 2: Iteration:  8400 / 12000 [ 70%]  (Sampling)
Chain 1: Iteration:  6000 / 12000 [ 50%]  (Warmup)
Chain 1: Iteration:  6001 / 12000 [ 50%]  (Sampling)
Chain 3: Iteration:  4800 / 12000 [ 40%]  (Warmup)
Chain 1: Iteration:  7200 / 12000 [ 60%]  (Sampling)
Chain 2: Iteration:  9600 / 12000 [ 80%]  (Sampling)
Chain 3: Iteration:  6000 / 12000 [ 50%]  (Warmup)
Chain 3: Iteration:  6001 / 12000 [ 50%]  (Sampling)
Chain 1: Iteration:  8400 / 12000 [ 70%]  (Sampling)
Chain 2: Iteration: 10800 / 12000 [ 90%]  (Sampling)
Chain 3: Iteration:  7200 / 12000 [ 60%]  (Sampling)
Chain 3: Iteration:  8400 / 12000 [ 70%]  (Sampling)
Chain 4: Iteration:  4800 / 12000 [ 40%]  (Warmup)
Chain 1: Iteration:  9600 / 12000 [ 80%]  (Sampling)
Chain 2: Iteration: 12000 / 12000 [100%]  (Sampling)
Chain 2: 
Chain 2:  Elapsed Time: 178835 seconds (Warm-up)
Chain 2:                93274 seconds (Sampling)
Chain 2:                272109 seconds (Total)
Chain 2: 
Chain 3: Iteration:  9600 / 12000 [ 80%]  (Sampling)
Chain 3: Iteration: 10800 / 12000 [ 90%]  (Sampling)
Chain 1: Iteration: 10800 / 12000 [ 90%]  (Sampling)
Chain 3: Iteration: 12000 / 12000 [100%]  (Sampling)
Chain 3: 
Chain 3:  Elapsed Time: 251974 seconds (Warm-up)
Chain 3:                44421.7 seconds (Sampling)
Chain 3:                296395 seconds (Total)
Chain 3: 
Chain 1: Iteration: 12000 / 12000 [100%]  (Sampling)
Chain 1: 
Chain 1:  Elapsed Time: 217438 seconds (Warm-up)
Chain 1:                88064.4 seconds (Sampling)
Chain 1:                305502 seconds (Total)
Chain 1: 
Chain 4: Iteration:  6000 / 12000 [ 50%]  (Warmup)
Chain 4: Iteration:  6001 / 12000 [ 50%]  (Sampling)
Chain 4: Iteration:  7200 / 12000 [ 60%]  (Sampling)
Chain 4: Iteration:  8400 / 12000 [ 70%]  (Sampling)
Chain 4: Iteration:  9600 / 12000 [ 80%]  (Sampling)
Chain 4: Iteration: 10800 / 12000 [ 90%]  (Sampling)
Chain 4: Iteration: 12000 / 12000 [100%]  (Sampling)
Chain 4: 
Chain 4:  Elapsed Time: 331803 seconds (Warm-up)
Chain 4:                39326.3 seconds (Sampling)
Chain 4:                371129 seconds (Total)
Chain 4: 
Time difference of 4.303835 days
Sample size: 3664 
Inference for Stan model: anon_model.
4 chains, each with iter=12000; warmup=6000; thin=1; 
post-warmup draws per chain=6000, total post-warmup draws=24000.

       mean se_mean   sd   2.5%    25%    50%    75%  97.5% n_eff Rhat
A     15.60    0.07 0.19  15.25  15.46  15.59  15.74  15.95     6 1.25
B    -14.50    0.03 0.14 -14.77 -14.59 -14.50 -14.41 -14.22    20 1.10
C      2.70    0.20 0.34   2.11   2.44   2.67   2.94   3.37     3 1.80
K      9.86    2.89 4.16   5.18   6.74   8.41  11.79  17.73     2 5.65
u0     9.25    0.26 0.40   8.53   8.96   9.26   9.55   9.91     2 2.83
v0    11.61    0.15 0.25  11.16  11.44  11.59  11.79  12.12     3 1.92
w0     7.44    0.17 0.25   7.14   7.27   7.35   7.58   7.93     2 4.02
s_l    4.39    0.02 0.11   4.19   4.32   4.39   4.46   4.60    23 1.05
s_b    2.85    0.01 0.07   2.71   2.80   2.85   2.90   2.99    24 1.05
nu_l   1.77    0.02 0.07   1.64   1.73   1.77   1.82   1.92    16 1.07
nu_b   1.94    0.04 0.10   1.77   1.87   1.94   2.01   2.15     6 1.22

Samples were drawn using NUTS(diag_e) at Sat Oct 25 20:41:12 2025.
For each parameter, n_eff is a crude measure of effective sample size,
and Rhat is the potential scale reduction factor on split chains (at 
convergence, Rhat=1).
null device 
          1 
A <- 15.59642 
B <- -14.50187 
C <- 2.698451 
K <- 9.856768 
u0 <- 9.246156 
v0 <- 11.61395 
w0 <- 7.442167 
s_l <- 4.394167 
s_b <- 2.850342 
nu_l <- 1.774262 
nu_b <- 1.942499 
scale t dist mul: 4.394 
scale t dist mub: 2.85 
------------------------------------------------------
Job ends
