------------------------------------------------------
Job is running on node ------------------------------------------------------
SLURM: qsub is running on headnode2
SLURM: originating queue is core32
SLURM: executing queue is core32
SLURM: working directory is /beegfs/car/bxster25/oc-sscu
SLURM: job identifier is 22717
SLURM: job name is stan9_ncirc_core32
SLURM: node file is node015
SLURM: current home directory is /home2/bxster25
SLURM: PATH = /usr/local/bin:/usr/local/sbin:/usr/local/bin:/usr/local/sbin:/usr/local/bin:/usr/local/sbin:/usr/share/Modules/bin:/usr/local/bin:/usr/bin:/usr/local/sbin:/usr/sbin
------------------------------------------------------
Usage: Rscript [options] file [args]
   or: Rscript [options] -e expr [-e expr2 ...] [args]
A binary front-end to R, for use in scripting applications.

Options:
  --help              Print usage and exit
  --version           Print version and exit
  --verbose           Print information on progress
  --default-packages=LIST  Attach these packages on startup;
                        a comma-separated LIST of package names, or 'NULL'
and options to R (in addition to --no-echo --no-restore), for example:
  --save              Do save workspace at the end of the session
  --no-environ        Don't read the site and user environment files
  --no-site-file      Don't read the site-wide Rprofile
  --no-init-file      Don't read the user R profile
  --restore           Do restore previously saved objects at startup
  --vanilla           Combine --no-save, --no-restore, --no-site-file,
                        --no-init-file and --no-environ

Expressions (one or more '-e <expr>') may be used *instead* of 'file'.
Any additional 'args' can be accessed from R via 'commandArgs(TRUE)'.
See also  ?Rscript  from within R.
/soft/R-4.4.2/bin/Rscript

SAMPLING FOR MODEL 'anon_model' NOW (CHAIN 2).

SAMPLING FOR MODEL '
SAMPLINGanon_model' NOW (CHAIN  FOR MODEL 'anon_model1' NOW (CHAIN ).
3).

SAMPLING FOR MODEL 'anon_model' NOW (CHAIN 4).
Chain 2: 
Chain 2: Gradient evaluation took 0.010402 seconds
Chain 2: 1000 transitions using 10 leapfrog steps per transition would take 104.02 seconds.
Chain 2: Adjust your expectations accordingly!
Chain 2: 
Chain 2: 
Chain 3: 
Chain 3: Gradient evaluation took 0.010093 seconds
Chain 3: 1000 transitions using 10 leapfrog steps per transition would take 100.93 seconds.
Chain 3: Adjust your expectations accordingly!
Chain 3: 
Chain 3: 
Chain 4: 
Chain Chain 41: : Gradient evaluation took 0.010081 seconds

Chain Chain 41: : Gradient evaluation took 0.010044 seconds1000 transitions using 10 leapfrog steps per transition would take 100.81 seconds.

Chain Chain 1: 41000 transitions using 10 leapfrog steps per transition would take 100.44 seconds.
: Adjust your expectations accordingly!Chain 
1Chain : Adjust your expectations accordingly!4: 

Chain Chain 1: Chain 24: 
: Iteration:     1 / 12000 [  0%]  (Warmup)
Chain 
1: 
Chain 3: Iteration:     1 / 12000 [  0%]  (Warmup)
Chain 4: Iteration:     1 / 12000 [  0%]  (Warmup)
Chain 1: Iteration:     1 / 12000 [  0%]  (Warmup)
Chain Chain 2Chain 43: : : Iteration:  1200 / 12000 [ 10%]  (Warmup)Iteration:  1200 / 12000 [ 10%]  (Warmup)
Iteration:  1200 / 12000 [ 10%]  (Warmup)

Chain 3: Iteration:  2400 / 12000 [ 20%]  (Warmup)
Chain 4: Iteration:  2400 / 12000 [ 20%]  (Warmup)
Chain 2: Iteration:  2400 / 12000 [ 20%]  (Warmup)
Chain 3: Iteration:  3600 / 12000 [ 30%]  (Warmup)
Chain 4: Iteration:  3600 / 12000 [ 30%]  (Warmup)
Chain 3: Iteration:  4800 / 12000 [ 40%]  (Warmup)
Chain 2: Iteration:  3600 / 12000 [ 30%]  (Warmup)
Chain 1: Iteration:  1200 / 12000 [ 10%]  (Warmup)
Chain 3: Iteration:  6000 / 12000 [ 50%]  (Warmup)
Chain 3: Iteration:  6001 / 12000 [ 50%]  (Sampling)
Chain 4: Iteration:  4800 / 12000 [ 40%]  (Warmup)
Chain 3: Iteration:  7200 / 12000 [ 60%]  (Sampling)
Chain 2: Iteration:  4800 / 12000 [ 40%]  (Warmup)
Chain 3: Iteration:  8400 / 12000 [ 70%]  (Sampling)
Chain 4: Iteration:  6000 / 12000 [ 50%]  (Warmup)
Chain 4: Iteration:  6001 / 12000 [ 50%]  (Sampling)
Chain 1: Iteration:  2400 / 12000 [ 20%]  (Warmup)
Chain 3: Iteration:  9600 / 12000 [ 80%]  (Sampling)
Chain 4: Iteration:  7200 / 12000 [ 60%]  (Sampling)
Chain 2: Iteration:  6000 / 12000 [ 50%]  (Warmup)
Chain 2: Iteration:  6001 / 12000 [ 50%]  (Sampling)
Chain 4: Iteration:  8400 / 12000 [ 70%]  (Sampling)
Chain 3: Iteration: 10800 / 12000 [ 90%]  (Sampling)
Chain 4: Iteration:  9600 / 12000 [ 80%]  (Sampling)
Chain 3: Iteration: 12000 / 12000 [100%]  (Sampling)
Chain 3: 
Chain 3:  Elapsed Time: 44040.5 seconds (Warm-up)
Chain 3:                24550.7 seconds (Sampling)
Chain 3:                68591.1 seconds (Total)
Chain 3: 
Chain 1: Iteration:  3600 / 12000 [ 30%]  (Warmup)
Chain 2: Iteration:  7200 / 12000 [ 60%]  (Sampling)
Chain 4: Iteration: 10800 / 12000 [ 90%]  (Sampling)
Chain 4: Iteration: 12000 / 12000 [100%]  (Sampling)
Chain 4: 
Chain 4:  Elapsed Time: 54291.4 seconds (Warm-up)
Chain 4:                24390.8 seconds (Sampling)
Chain 4:                78682.2 seconds (Total)
Chain 4: 
Chain 2: Iteration:  8400 / 12000 [ 70%]  (Sampling)
Chain 1: Iteration:  4800 / 12000 [ 40%]  (Warmup)
Chain 2: Iteration:  9600 / 12000 [ 80%]  (Sampling)
Chain 1: Iteration:  6000 / 12000 [ 50%]  (Warmup)
Chain 1: Iteration:  6001 / 12000 [ 50%]  (Sampling)
Chain 2: Iteration: 10800 / 12000 [ 90%]  (Sampling)
Chain 1: Iteration:  7200 / 12000 [ 60%]  (Sampling)
Chain 2: Iteration: 12000 / 12000 [100%]  (Sampling)
Chain 2: 
Chain 2:  Elapsed Time: 62597.7 seconds (Warm-up)
Chain 2:                46899.2 seconds (Sampling)
Chain 2:                109497 seconds (Total)
Chain 2: 
Chain 1: Iteration:  8400 / 12000 [ 70%]  (Sampling)
Chain 1: Iteration:  9600 / 12000 [ 80%]  (Sampling)
Chain 1: Iteration: 10800 / 12000 [ 90%]  (Sampling)
Chain 1: Iteration: 12000 / 12000 [100%]  (Sampling)
Chain 1: 
Chain 1:  Elapsed Time: 96809.9 seconds (Warm-up)
Chain 1:                44944.1 seconds (Sampling)
Chain 1:                141754 seconds (Total)
Chain 1: 
Time difference of 1.64581 days
Sample size: 3664 
Inference for Stan model: anon_model.
4 chains, each with iter=12000; warmup=6000; thin=1; 
post-warmup draws per chain=6000, total post-warmup draws=24000.

       mean se_mean   sd   2.5%    25%    50%    75%  97.5% n_eff Rhat
A     15.65    0.01 0.17  15.31  15.53  15.64  15.77  15.98   418 1.01
B    -14.34    0.01 0.13 -14.59 -14.43 -14.35 -14.26 -14.08   156 1.04
C      2.94    0.02 0.21   2.52   2.80   2.95   3.09   3.35   128 1.05
K      7.10    0.08 0.91   5.26   6.47   7.10   7.73   8.80   121 1.03
u0     9.34    0.01 0.15   9.06   9.24   9.34   9.44   9.65   174 1.01
v0    11.70    0.02 0.14  11.43  11.61  11.70  11.80  11.98    65 1.06
w0     7.18    0.01 0.07   7.04   7.13   7.18   7.22   7.33   109 1.05
s_l    4.58    0.02 0.10   4.38   4.51   4.58   4.65   4.79    47 1.03
s_b    2.95    0.03 0.08   2.79   2.89   2.95   3.00   3.11     8 1.15
nu_l   2.07    0.03 0.09   1.90   2.00   2.07   2.13   2.26    10 1.12
nu_b   2.28    0.07 0.15   2.03   2.17   2.28   2.39   2.59     4 1.37

Samples were drawn using NUTS(diag_e) at Thu Oct 23 04:57:38 2025.
For each parameter, n_eff is a crude measure of effective sample size,
and Rhat is the potential scale reduction factor on split chains (at 
convergence, Rhat=1).
null device 
          1 
A <- 15.64512 
B <- -14.34343 
C <- 2.942717 
K <- 7.095511 
u0 <- 9.343992 
v0 <- 11.70181 
w0 <- 7.178831 
s_l <- 4.584384 
s_b <- 2.946621 
nu_l <- 2.069253 
nu_b <- 2.283701 
scale t dist mul: 4.584 
scale t dist mub: 2.947 
------------------------------------------------------
Job ends
