------------------------------------------------------
Job is running on node ------------------------------------------------------
SLURM: qsub is running on headnode2
SLURM: originating queue is core32
SLURM: executing queue is core32
SLURM: working directory is /beegfs/car/bxster25/oc-sscu
SLURM: job identifier is 22719
SLURM: job name is stan11_ncirc_core32
SLURM: node file is node011
SLURM: current home directory is /home2/bxster25
SLURM: PATH = /usr/local/bin:/usr/local/sbin:/usr/local/bin:/usr/local/sbin:/usr/local/bin:/usr/local/sbin:/usr/share/Modules/bin:/usr/local/bin:/usr/bin:/usr/local/sbin:/usr/sbin
------------------------------------------------------
Usage: Rscript [options] file [args]
   or: Rscript [options] -e expr [-e expr2 ...] [args]
A binary front-end to R, for use in scripting applications.

Options:
  --help              Print usage and exit
  --version           Print version and exit
  --verbose           Print information on progress
  --default-packages=LIST  Attach these packages on startup;
                        a comma-separated LIST of package names, or 'NULL'
and options to R (in addition to --no-echo --no-restore), for example:
  --save              Do save workspace at the end of the session
  --no-environ        Don't read the site and user environment files
  --no-site-file      Don't read the site-wide Rprofile
  --no-init-file      Don't read the user R profile
  --restore           Do restore previously saved objects at startup
  --vanilla           Combine --no-save, --no-restore, --no-site-file,
                        --no-init-file and --no-environ

Expressions (one or more '-e <expr>') may be used *instead* of 'file'.
Any additional 'args' can be accessed from R via 'commandArgs(TRUE)'.
See also  ?Rscript  from within R.
/soft/R-4.4.2/bin/Rscript

SAMPLING FOR MODEL 'anon_model' NOW (CHAIN 1).

SAMPLING FOR MODEL 'anon_model' NOW (CHAIN 2).

SAMPLING FOR MODEL 'anon_model' NOW (CHAIN 
3SAMPLING FOR MODEL ').
anon_model' NOW (CHAIN 4).
Chain 1: 
Chain 1: Gradient evaluation took 0.010779 seconds
Chain Chain 12: : 1000 transitions using 10 leapfrog steps per transition would take 107.79 seconds.

Chain 2Chain : Gradient evaluation took 0.010803 seconds1: 
Adjust your expectations accordingly!
Chain 2Chain 1: 1000 transitions using 10 leapfrog steps per transition would take 108.03 seconds.: 

Chain Chain 21: : Adjust your expectations accordingly!

Chain 2: 
Chain 2: 
Chain 1: Iteration:     1 / 12000 [  0%]  (Warmup)
Chain 2: Iteration:     1 / 12000 [  0%]  (Warmup)
Chain 3: 
Chain 3: Gradient evaluation took 0.010004 seconds
Chain 3: 1000 transitions using 10 leapfrog steps per transition would take 100.04 seconds.
Chain 3: Adjust your expectations accordingly!
Chain 3: 
Chain 3: 
Chain 4: 
Chain 4: Gradient evaluation took 0.010695 seconds
Chain 4: 1000 transitions using 10 leapfrog steps per transition would take 106.95 seconds.
Chain 4: Adjust your expectations accordingly!
Chain 4: 
Chain 4: 
Chain 3: Iteration:     1 / 12000 [  0%]  (Warmup)
Chain 4: Iteration:     1 / 12000 [  0%]  (Warmup)
Chain 4: Iteration:  1200 / 12000 [ 10%]  (Warmup)
Chain 4: Iteration:  2400 / 12000 [ 20%]  (Warmup)
Chain 4: Iteration:  3600 / 12000 [ 30%]  (Warmup)
Chain 4: Iteration:  4800 / 12000 [ 40%]  (Warmup)
Chain 4: Iteration:  6000 / 12000 [ 50%]  (Warmup)
Chain 4: Iteration:  6001 / 12000 [ 50%]  (Sampling)
Chain 4: Iteration:  7200 / 12000 [ 60%]  (Sampling)
Chain 4: Iteration:  8400 / 12000 [ 70%]  (Sampling)
Chain 4: Iteration:  9600 / 12000 [ 80%]  (Sampling)
Chain 4: Iteration: 10800 / 12000 [ 90%]  (Sampling)
Chain 4: Iteration: 12000 / 12000 [100%]  (Sampling)
Chain 4: 
Chain 4:  Elapsed Time: 32582.5 seconds (Warm-up)
Chain 4:                12053.4 seconds (Sampling)
Chain 4:                44635.9 seconds (Total)
Chain 4: 
Chain 3: Iteration:  1200 / 12000 [ 10%]  (Warmup)
Chain 2: Iteration:  1200 / 12000 [ 10%]  (Warmup)
Chain 2: Iteration:  2400 / 12000 [ 20%]  (Warmup)
Chain 2: Iteration:  3600 / 12000 [ 30%]  (Warmup)
Chain 1: Iteration:  1200 / 12000 [ 10%]  (Warmup)
Chain 3: Iteration:  2400 / 12000 [ 20%]  (Warmup)
Chain 2: Iteration:  4800 / 12000 [ 40%]  (Warmup)
Chain 2: Iteration:  6000 / 12000 [ 50%]  (Warmup)
Chain 2: Iteration:  6001 / 12000 [ 50%]  (Sampling)
Chain 2: Iteration:  7200 / 12000 [ 60%]  (Sampling)
Chain 3: Iteration:  3600 / 12000 [ 30%]  (Warmup)
Chain 2: Iteration:  8400 / 12000 [ 70%]  (Sampling)
Chain 2: Iteration:  9600 / 12000 [ 80%]  (Sampling)
Chain 3: Iteration:  4800 / 12000 [ 40%]  (Warmup)
Chain 2: Iteration: 10800 / 12000 [ 90%]  (Sampling)
Chain 2: Iteration: 12000 / 12000 [100%]  (Sampling)
Chain 2: 
Chain 2:  Elapsed Time: 84108.3 seconds (Warm-up)
Chain 2:                43172.4 seconds (Sampling)
Chain 2:                127281 seconds (Total)
Chain 2: 
Chain 3: Iteration:  6000 / 12000 [ 50%]  (Warmup)
Chain 3: Iteration:  6001 / 12000 [ 50%]  (Sampling)
Chain 1: Iteration:  2400 / 12000 [ 20%]  (Warmup)
Chain 3: Iteration:  7200 / 12000 [ 60%]  (Sampling)
Chain 3: Iteration:  8400 / 12000 [ 70%]  (Sampling)
Chain 3: Iteration:  9600 / 12000 [ 80%]  (Sampling)
Chain 1: Iteration:  3600 / 12000 [ 30%]  (Warmup)
Chain 3: Iteration: 10800 / 12000 [ 90%]  (Sampling)
Chain 3: Iteration: 12000 / 12000 [100%]  (Sampling)
Chain 3: 
Chain 3:  Elapsed Time: 132694 seconds (Warm-up)
Chain 3:                78080.7 seconds (Sampling)
Chain 3:                210774 seconds (Total)
Chain 3: 
Chain 1: Iteration:  4800 / 12000 [ 40%]  (Warmup)
Chain 1: Iteration:  6000 / 12000 [ 50%]  (Warmup)
Chain 1: Iteration:  6001 / 12000 [ 50%]  (Sampling)
Chain 1: Iteration:  7200 / 12000 [ 60%]  (Sampling)
Chain 1: Iteration:  8400 / 12000 [ 70%]  (Sampling)
Chain 1: Iteration:  9600 / 12000 [ 80%]  (Sampling)
Chain 1: Iteration: 10800 / 12000 [ 90%]  (Sampling)
Chain 1: Iteration: 12000 / 12000 [100%]  (Sampling)
Chain 1: 
Chain 1:  Elapsed Time: 305744 seconds (Warm-up)
Chain 1:                152777 seconds (Sampling)
Chain 1:                458521 seconds (Total)
Chain 1: 
Time difference of 5.312413 days
Sample size: 3665 
Inference for Stan model: anon_model.
4 chains, each with iter=12000; warmup=6000; thin=1; 
post-warmup draws per chain=6000, total post-warmup draws=24000.

       mean se_mean   sd   2.5%    25%    50%    75%  97.5% n_eff Rhat
A     15.51    0.01 0.16  15.21  15.40  15.50  15.61  15.82   394 1.02
B    -14.19    0.01 0.12 -14.43 -14.27 -14.19 -14.11 -13.96   552 1.01
C      3.02    0.01 0.21   2.59   2.88   3.02   3.16   3.41   255 1.03
K      8.05    0.08 0.97   6.07   7.39   8.07   8.70   9.97   159 1.06
u0     9.64    0.02 0.15   9.36   9.53   9.64   9.74   9.94   101 1.04
v0    11.43    0.02 0.14  11.15  11.33  11.43  11.54  11.71    52 1.11
w0     7.28    0.01 0.07   7.14   7.23   7.27   7.32   7.41   103 1.05
s_l    4.56    0.02 0.11   4.36   4.49   4.56   4.64   4.77    32 1.04
s_b    2.97    0.04 0.09   2.81   2.91   2.96   3.03   3.15     6 1.22
nu_l   2.06    0.03 0.09   1.89   2.00   2.06   2.12   2.26    10 1.11
nu_b   2.32    0.09 0.17   2.05   2.20   2.29   2.42   2.70     3 1.51

Samples were drawn using NUTS(diag_e) at Sun Oct 26 19:57:48 2025.
For each parameter, n_eff is a crude measure of effective sample size,
and Rhat is the potential scale reduction factor on split chains (at 
convergence, Rhat=1).
null device 
          1 
A <- 15.50638 
B <- -14.19138 
C <- 3.015716 
K <- 8.047024 
u0 <- 9.639107 
v0 <- 11.4337 
w0 <- 7.275441 
s_l <- 4.564577 
s_b <- 2.968859 
nu_l <- 2.062006 
nu_b <- 2.317483 
scale t dist mul: 4.565 
scale t dist mub: 2.969 
------------------------------------------------------
Job ends
