------------------------------------------------------
Job is running on node ------------------------------------------------------
SLURM: qsub is running on headnode2
SLURM: originating queue is core32
SLURM: executing queue is core32
SLURM: working directory is /beegfs/car/bxster25/oc-sscu
SLURM: job identifier is 22718
SLURM: job name is stan10_ncirc_core32
SLURM: node file is node015
SLURM: current home directory is /home2/bxster25
SLURM: PATH = /usr/local/bin:/usr/local/sbin:/usr/local/bin:/usr/local/sbin:/usr/local/bin:/usr/local/sbin:/usr/share/Modules/bin:/usr/local/bin:/usr/bin:/usr/local/sbin:/usr/sbin
------------------------------------------------------
Usage: Rscript [options] file [args]
   or: Rscript [options] -e expr [-e expr2 ...] [args]
A binary front-end to R, for use in scripting applications.

Options:
  --help              Print usage and exit
  --version           Print version and exit
  --verbose           Print information on progress
  --default-packages=LIST  Attach these packages on startup;
                        a comma-separated LIST of package names, or 'NULL'
and options to R (in addition to --no-echo --no-restore), for example:
  --save              Do save workspace at the end of the session
  --no-environ        Don't read the site and user environment files
  --no-site-file      Don't read the site-wide Rprofile
  --no-init-file      Don't read the user R profile
  --restore           Do restore previously saved objects at startup
  --vanilla           Combine --no-save, --no-restore, --no-site-file,
                        --no-init-file and --no-environ

Expressions (one or more '-e <expr>') may be used *instead* of 'file'.
Any additional 'args' can be accessed from R via 'commandArgs(TRUE)'.
See also  ?Rscript  from within R.
/soft/R-4.4.2/bin/Rscript

SAMPLING FOR MODEL 'anon_model' NOW (CHAIN 
SAMPLING4
SAMPLING FOR MODEL 'anon_model).

SAMPLING FOR MODEL '' NOW (CHAIN  FOR MODEL 'anon_modelanon_model1).
' NOW (CHAIN 2' NOW (CHAIN 3).
).
Chain 3Chain 1: 
: Chain 3
: Gradient evaluation took 0.008872 secondsChain 
1: Chain 3Gradient evaluation took 0.008814 seconds
: Chain 11000 transitions using 10 leapfrog steps per transition would take 88.72 seconds.
: 1000 transitions using 10 leapfrog steps per transition would take 88.14 seconds.Chain 3
Chain : 1: Adjust your expectations accordingly!
Adjust your expectations accordingly!
Chain 3Chain 1Chain 4: : : 

Chain 
Chain 43: Chain 1: Gradient evaluation took 0.008517 seconds
: 

Chain 4: 1000 transitions using 10 leapfrog steps per transition would take 85.17 seconds.
Chain 4: Adjust your expectations accordingly!
Chain 4: 
Chain 4: 
Chain 2: 
Chain 2: Gradient evaluation took 0.009235 seconds
Chain 2: 1000 transitions using 10 leapfrog steps per transition would take 92.35 seconds.
Chain 2: Adjust your expectations accordingly!
Chain 2: 
Chain 2: 
Chain 1: Iteration:     1 / 12000 [  0%]  (Warmup)
Chain 3: Iteration:     1 / 12000 [  0%]  (Warmup)Chain 4
: Iteration:     1 / 12000 [  0%]  (Warmup)
Chain 2: Iteration:     1 / 12000 [  0%]  (Warmup)
Chain 4: Iteration:  1200 / 12000 [ 10%]  (Warmup)
Chain 1: Iteration:  1200 / 12000 [ 10%]  (Warmup)
Chain 4: Iteration:  2400 / 12000 [ 20%]  (Warmup)
Chain 3: Iteration:  1200 / 12000 [ 10%]  (Warmup)
Chain 4: Iteration:  3600 / 12000 [ 30%]  (Warmup)
Chain 1: Iteration:  2400 / 12000 [ 20%]  (Warmup)
Chain 2: Iteration:  1200 / 12000 [ 10%]  (Warmup)
Chain 4: Iteration:  4800 / 12000 [ 40%]  (Warmup)
Chain 1: Iteration:  3600 / 12000 [ 30%]  (Warmup)
Chain 4: Iteration:  6000 / 12000 [ 50%]  (Warmup)
Chain 4: Iteration:  6001 / 12000 [ 50%]  (Sampling)
Chain 3: Iteration:  2400 / 12000 [ 20%]  (Warmup)
Chain 4: Iteration:  7200 / 12000 [ 60%]  (Sampling)
Chain 1: Iteration:  4800 / 12000 [ 40%]  (Warmup)
Chain 4: Iteration:  8400 / 12000 [ 70%]  (Sampling)
Chain 2: Iteration:  2400 / 12000 [ 20%]  (Warmup)
Chain 4: Iteration:  9600 / 12000 [ 80%]  (Sampling)
Chain 3: Iteration:  3600 / 12000 [ 30%]  (Warmup)
Chain 1: Iteration:  6000 / 12000 [ 50%]  (Warmup)
Chain 1: Iteration:  6001 / 12000 [ 50%]  (Sampling)
Chain 4: Iteration: 10800 / 12000 [ 90%]  (Sampling)
Chain 1: Iteration:  7200 / 12000 [ 60%]  (Sampling)
Chain 4: Iteration: 12000 / 12000 [100%]  (Sampling)
Chain 4: 
Chain 4:  Elapsed Time: 65683.9 seconds (Warm-up)
Chain 4:                47260.3 seconds (Sampling)
Chain 4:                112944 seconds (Total)
Chain 4: 
Chain 1: Iteration:  8400 / 12000 [ 70%]  (Sampling)
Chain 3: Iteration:  4800 / 12000 [ 40%]  (Warmup)
Chain 2: Iteration:  3600 / 12000 [ 30%]  (Warmup)
Chain 1: Iteration:  9600 / 12000 [ 80%]  (Sampling)
Chain 1: Iteration: 10800 / 12000 [ 90%]  (Sampling)
Chain 3: Iteration:  6000 / 12000 [ 50%]  (Warmup)
Chain 3: Iteration:  6001 / 12000 [ 50%]  (Sampling)
Chain 1: Iteration: 12000 / 12000 [100%]  (Sampling)
Chain 1: 
Chain 1:  Elapsed Time: 102090 seconds (Warm-up)
Chain 1:                43959.8 seconds (Sampling)
Chain 1:                146050 seconds (Total)
Chain 1: 
Chain 2: Iteration:  4800 / 12000 [ 40%]  (Warmup)
Chain 3: Iteration:  7200 / 12000 [ 60%]  (Sampling)
Chain 3: Iteration:  8400 / 12000 [ 70%]  (Sampling)
Chain 2: Iteration:  6000 / 12000 [ 50%]  (Warmup)
Chain 2: Iteration:  6001 / 12000 [ 50%]  (Sampling)
Chain 3: Iteration:  9600 / 12000 [ 80%]  (Sampling)
Chain 2: Iteration:  7200 / 12000 [ 60%]  (Sampling)
Chain 2: Iteration:  8400 / 12000 [ 70%]  (Sampling)
Chain 3: Iteration: 10800 / 12000 [ 90%]  (Sampling)
Chain 2: Iteration:  9600 / 12000 [ 80%]  (Sampling)
Chain 2: Iteration: 10800 / 12000 [ 90%]  (Sampling)
Chain 3: Iteration: 12000 / 12000 [100%]  (Sampling)
Chain 3: 
Chain 3:  Elapsed Time: 145012 seconds (Warm-up)
Chain 3:                74729.8 seconds (Sampling)
Chain 3:                219742 seconds (Total)
Chain 3: 
Chain 2: Iteration: 12000 / 12000 [100%]  (Sampling)
Chain 2: 
Chain 2:  Elapsed Time: 185320 seconds (Warm-up)
Chain 2:                39930.5 seconds (Sampling)
Chain 2:                225251 seconds (Total)
Chain 2: 
Time difference of 2.61252 days
Sample size: 3664 
Inference for Stan model: anon_model.
4 chains, each with iter=12000; warmup=6000; thin=1; 
post-warmup draws per chain=6000, total post-warmup draws=24000.

       mean se_mean   sd   2.5%    25%    50%    75%  97.5% n_eff Rhat
A     15.20    0.02 0.18  14.85  15.08  15.21  15.33  15.55   105 1.06
B    -14.31    0.05 0.15 -14.59 -14.42 -14.32 -14.21 -14.00    10 1.18
C      3.06    0.11 0.26   2.52   2.89   3.08   3.24   3.53     6 1.29
K      6.93    0.12 1.04   4.89   6.23   6.88   7.67   8.94    71 1.06
u0     9.27    0.02 0.16   8.95   9.17   9.28   9.38   9.58    73 1.06
v0    11.78    0.02 0.16  11.47  11.67  11.78  11.90  12.09    44 1.13
w0     7.26    0.02 0.07   7.11   7.21   7.26   7.31   7.40    22 1.12
s_l    4.64    0.05 0.12   4.40   4.56   4.64   4.73   4.88     6 1.23
s_b    2.94    0.03 0.08   2.79   2.89   2.94   2.99   3.10     9 1.12
nu_l   1.98    0.07 0.12   1.75   1.89   1.99   2.07   2.21     3 1.64
nu_b   1.97    0.05 0.11   1.78   1.90   1.97   2.05   2.19     5 1.29

Samples were drawn using NUTS(diag_e) at Fri Oct 24 04:09:12 2025.
For each parameter, n_eff is a crude measure of effective sample size,
and Rhat is the potential scale reduction factor on split chains (at 
convergence, Rhat=1).
null device 
          1 
A <- 15.20432 
B <- -14.31289 
C <- 3.057693 
K <- 6.929363 
u0 <- 9.272903 
v0 <- 11.78478 
w0 <- 7.261293 
s_l <- 4.643783 
s_b <- 2.940292 
nu_l <- 1.984812 
nu_b <- 1.974907 
scale t dist mul: 4.644 
scale t dist mub: 2.94 
------------------------------------------------------
Job ends
