------------------------------------------------------
Job is running on node ------------------------------------------------------
SLURM: qsub is running on headnode2
SLURM: originating queue is core32
SLURM: executing queue is core32
SLURM: working directory is /beegfs/car/bxster25/oc-sscu
SLURM: job identifier is 22725
SLURM: job name is stan17_ncirc_core32
SLURM: node file is node062
SLURM: current home directory is /home2/bxster25
SLURM: PATH = /usr/local/bin:/usr/local/sbin:/usr/local/bin:/usr/local/sbin:/usr/local/bin:/usr/local/sbin:/usr/share/Modules/bin:/usr/local/bin:/usr/bin:/usr/local/sbin:/usr/sbin
------------------------------------------------------
Usage: Rscript [options] file [args]
   or: Rscript [options] -e expr [-e expr2 ...] [args]
A binary front-end to R, for use in scripting applications.

Options:
  --help              Print usage and exit
  --version           Print version and exit
  --verbose           Print information on progress
  --default-packages=LIST  Attach these packages on startup;
                        a comma-separated LIST of package names, or 'NULL'
and options to R (in addition to --no-echo --no-restore), for example:
  --save              Do save workspace at the end of the session
  --no-environ        Don't read the site and user environment files
  --no-site-file      Don't read the site-wide Rprofile
  --no-init-file      Don't read the user R profile
  --restore           Do restore previously saved objects at startup
  --vanilla           Combine --no-save, --no-restore, --no-site-file,
                        --no-init-file and --no-environ

Expressions (one or more '-e <expr>') may be used *instead* of 'file'.
Any additional 'args' can be accessed from R via 'commandArgs(TRUE)'.
See also  ?Rscript  from within R.
/soft/R-4.4.2/bin/Rscript

SAMPLING FOR MODEL 'anon_model' NOW (CHAIN 
1SAMPLING FOR MODEL ').
anon_model' NOW (CHAIN 2).

SAMPLING
 FOR MODEL 'anon_modelSAMPLING' NOW (CHAIN  FOR MODEL 'anon_model3' NOW (CHAIN ).
4).
Chain 4: 
Chain 4: Gradient evaluation took 0.01093 seconds
Chain 4: 1000 transitions using 10 leapfrog steps per transition would take 109.3 seconds.
Chain 4: Adjust your expectations accordingly!
Chain 4: Chain 
2Chain 4: : 

Chain 2: Gradient evaluation took 0.01117 seconds
Chain 2: 1000 transitions using 10 leapfrog steps per transition would take 111.7 seconds.
Chain 2: Adjust your expectations accordingly!
Chain 2: 
Chain 2: 
Chain 4: Iteration:     1 / 12000 [  0%]  (Warmup)
Chain 2: Iteration:     1 / 12000 [  0%]  (Warmup)
Chain 3: 
Chain 3: Gradient evaluation took 0.011245 seconds
Chain Chain 13: : 
1000 transitions using 10 leapfrog steps per transition would take 112.45 seconds.
Chain Chain 13: : Adjust your expectations accordingly!Gradient evaluation took 0.01125 seconds
Chain 
3Chain : 1
: Chain 1000 transitions using 10 leapfrog steps per transition would take 112.5 seconds.
3Chain 1: : 
Adjust your expectations accordingly!
Chain 1: 
Chain 1: 
Chain 1: Iteration:     1 / 12000 [  0%]  (Warmup)
Chain 3: Iteration:     1 / 12000 [  0%]  (Warmup)
Chain Chain 1: 3: Iteration:  1200 / 12000 [ 10%]  (Warmup)
Iteration:  1200 / 12000 [ 10%]  (Warmup)
Chain 3: Iteration:  2400 / 12000 [ 20%]  (Warmup)
Chain 2: Iteration:  1200 / 12000 [ 10%]  (Warmup)
Chain 1: Iteration:  2400 / 12000 [ 20%]  (Warmup)
Chain 3: Iteration:  3600 / 12000 [ 30%]  (Warmup)
Chain 1: Iteration:  3600 / 12000 [ 30%]  (Warmup)
Chain 3: Iteration:  4800 / 12000 [ 40%]  (Warmup)
Chain 3: Iteration:  6000 / 12000 [ 50%]  (Warmup)
Chain 3: Iteration:  6001 / 12000 [ 50%]  (Sampling)
Chain 1: Iteration:  4800 / 12000 [ 40%]  (Warmup)
Chain 3: Iteration:  7200 / 12000 [ 60%]  (Sampling)
Chain 1: Iteration:  6000 / 12000 [ 50%]  (Warmup)
Chain 1: Iteration:  6001 / 12000 [ 50%]  (Sampling)
Chain 3: Iteration:  8400 / 12000 [ 70%]  (Sampling)
Chain 2: Iteration:  2400 / 12000 [ 20%]  (Warmup)
Chain 3: Iteration:  9600 / 12000 [ 80%]  (Sampling)
Chain 1: Iteration:  7200 / 12000 [ 60%]  (Sampling)
Chain 3: Iteration: 10800 / 12000 [ 90%]  (Sampling)
Chain 3: Iteration: 12000 / 12000 [100%]  (Sampling)
Chain 3: 
Chain 3:  Elapsed Time: 34600.2 seconds (Warm-up)
Chain 3:                14244 seconds (Sampling)
Chain 3:                48844.1 seconds (Total)
Chain 3: 
Chain 1: Iteration:  8400 / 12000 [ 70%]  (Sampling)
Chain 2: Iteration:  3600 / 12000 [ 30%]  (Warmup)
Chain 1: Iteration:  9600 / 12000 [ 80%]  (Sampling)
Chain 1: Iteration: 10800 / 12000 [ 90%]  (Sampling)
Chain 2: Iteration:  4800 / 12000 [ 40%]  (Warmup)
Chain 1: Iteration: 12000 / 12000 [100%]  (Sampling)
Chain 1: 
Chain 1:  Elapsed Time: 39428.7 seconds (Warm-up)
Chain 1:                27369.2 seconds (Sampling)
Chain 1:                66797.9 seconds (Total)
Chain 1: 
Chain 4: Iteration:  1200 / 12000 [ 10%]  (Warmup)
Chain 2: Iteration:  6000 / 12000 [ 50%]  (Warmup)
Chain 2: Iteration:  6001 / 12000 [ 50%]  (Sampling)
Chain 2: Iteration:  7200 / 12000 [ 60%]  (Sampling)
Chain 2: Iteration:  8400 / 12000 [ 70%]  (Sampling)
Chain 2: Iteration:  9600 / 12000 [ 80%]  (Sampling)
Chain 2: Iteration: 10800 / 12000 [ 90%]  (Sampling)
Chain 4: Iteration:  2400 / 12000 [ 20%]  (Warmup)
Chain 2: Iteration: 12000 / 12000 [100%]  (Sampling)
Chain 2: 
Chain 2:  Elapsed Time: 77303.6 seconds (Warm-up)
Chain 2:                50396.4 seconds (Sampling)
Chain 2:                127700 seconds (Total)
Chain 2: 
Chain 4: Iteration:  3600 / 12000 [ 30%]  (Warmup)
Chain 4: Iteration:  4800 / 12000 [ 40%]  (Warmup)
Chain 4: Iteration:  6000 / 12000 [ 50%]  (Warmup)
Chain 4: Iteration:  6001 / 12000 [ 50%]  (Sampling)
Chain 4: Iteration:  7200 / 12000 [ 60%]  (Sampling)
Chain 4: Iteration:  8400 / 12000 [ 70%]  (Sampling)
Chain 4: Iteration:  9600 / 12000 [ 80%]  (Sampling)
Chain 4: Iteration: 10800 / 12000 [ 90%]  (Sampling)
Chain 4: Iteration: 12000 / 12000 [100%]  (Sampling)
Chain 4: 
Chain 4:  Elapsed Time: 346284 seconds (Warm-up)
Chain 4:                100578 seconds (Sampling)
Chain 4:                446862 seconds (Total)
Chain 4: 
Time difference of 5.179541 days
Sample size: 3664 
Inference for Stan model: anon_model.
4 chains, each with iter=12000; warmup=6000; thin=1; 
post-warmup draws per chain=6000, total post-warmup draws=24000.

       mean se_mean   sd   2.5%    25%    50%    75%  97.5% n_eff Rhat
A     15.67    0.02 0.16  15.33  15.56  15.68  15.78  15.97    71 1.06
B    -14.39    0.01 0.12 -14.64 -14.47 -14.39 -14.31 -14.15   296 1.03
C      3.02    0.01 0.20   2.62   2.88   3.02   3.15   3.42   228 1.04
K      9.28    0.97 1.61   6.84   8.09   8.91  10.40  12.55     3 1.95
u0     9.22    0.07 0.18   8.85   9.09   9.22   9.35   9.55     6 1.29
v0    11.69    0.04 0.16  11.38  11.58  11.69  11.80  11.99    14 1.19
w0     7.42    0.09 0.14   7.22   7.32   7.38   7.53   7.70     2 2.45
s_l    4.59    0.04 0.11   4.38   4.51   4.59   4.66   4.81     9 1.12
s_b    3.00    0.03 0.08   2.85   2.94   3.00   3.05   3.16     8 1.15
nu_l   2.17    0.07 0.13   1.95   2.08   2.16   2.25   2.45     4 1.45
nu_b   2.31    0.08 0.15   2.06   2.20   2.29   2.41   2.66     4 1.45

Samples were drawn using NUTS(diag_e) at Sun Oct 26 16:43:28 2025.
For each parameter, n_eff is a crude measure of effective sample size,
and Rhat is the potential scale reduction factor on split chains (at 
convergence, Rhat=1).
null device 
          1 
A <- 15.6674 
B <- -14.39261 
C <- 3.017168 
K <- 9.275603 
u0 <- 9.218365 
v0 <- 11.68675 
w0 <- 7.419123 
s_l <- 4.587383 
s_b <- 2.999253 
nu_l <- 2.169467 
nu_b <- 2.311055 
scale t dist mul: 4.587 
scale t dist mub: 2.999 
------------------------------------------------------
Job ends
