------------------------------------------------------
Job is running on node ------------------------------------------------------
SLURM: qsub is running on headnode2
SLURM: originating queue is core32
SLURM: executing queue is core32
SLURM: working directory is /beegfs/car/bxster25/oc-sscu
SLURM: job identifier is 22713
SLURM: job name is stan5_ncirc_core32
SLURM: node file is node021
SLURM: current home directory is /home2/bxster25
SLURM: PATH = /usr/local/bin:/usr/local/sbin:/usr/local/bin:/usr/local/sbin:/usr/local/bin:/usr/local/sbin:/usr/share/Modules/bin:/usr/local/bin:/usr/bin:/usr/local/sbin:/usr/sbin
------------------------------------------------------
Usage: Rscript [options] file [args]
   or: Rscript [options] -e expr [-e expr2 ...] [args]
A binary front-end to R, for use in scripting applications.

Options:
  --help              Print usage and exit
  --version           Print version and exit
  --verbose           Print information on progress
  --default-packages=LIST  Attach these packages on startup;
                        a comma-separated LIST of package names, or 'NULL'
and options to R (in addition to --no-echo --no-restore), for example:
  --save              Do save workspace at the end of the session
  --no-environ        Don't read the site and user environment files
  --no-site-file      Don't read the site-wide Rprofile
  --no-init-file      Don't read the user R profile
  --restore           Do restore previously saved objects at startup
  --vanilla           Combine --no-save, --no-restore, --no-site-file,
                        --no-init-file and --no-environ

Expressions (one or more '-e <expr>') may be used *instead* of 'file'.
Any additional 'args' can be accessed from R via 'commandArgs(TRUE)'.
See also  ?Rscript  from within R.
/soft/R-4.4.2/bin/Rscript

SAMPLING FOR MODEL 'anon_model' NOW (CHAIN 2
SAMPLING).

SAMPLING FOR MODEL 'anon_model FOR MODEL 'anon_model' NOW (CHAIN ' NOW (CHAIN 1).
3).

SAMPLING FOR MODEL 'anon_model' NOW (CHAIN 4).
Chain 3: 
Chain 3: Gradient evaluation took 0.010179 seconds
Chain 3: Chain 11000 transitions using 10 leapfrog steps per transition would take 101.79 seconds.: 

Chain Chain 13: : Gradient evaluation took 0.01043 secondsAdjust your expectations accordingly!

Chain 3Chain 1: 
: 1000 transitions using 10 leapfrog steps per transition would take 104.3 seconds.Chain 3
: 
Chain 1: Adjust your expectations accordingly!
Chain 1: 
Chain 1: 
Chain 2: 
Chain 2: Gradient evaluation took 0.009849 seconds
Chain 2: 1000 transitions using 10 leapfrog steps per transition would take 98.49 seconds.
Chain 2: Adjust your expectations accordingly!
Chain 2: 
Chain 2: 
Chain 4: 
Chain 4: Gradient evaluation took 0.00982 seconds
Chain 4: 1000 transitions using 10 leapfrog steps per transition would take 98.2 seconds.
Chain 4: Adjust your expectations accordingly!
Chain 4: 
Chain 4: 
Chain 3: Iteration:     1 / 12000 [  0%]  (Warmup)
Chain 1: Iteration:     1 / 12000 [  0%]  (Warmup)
Chain 2: Iteration:     1 / 12000 [  0%]  (Warmup)
Chain 4: Iteration:     1 / 12000 [  0%]  (Warmup)
Chain 4: Iteration:  1200 / 12000 [ 10%]  (Warmup)
Chain 4: Iteration:  2400 / 12000 [ 20%]  (Warmup)
Chain 1: Iteration:  1200 / 12000 [ 10%]  (Warmup)
Chain 1: Iteration:  2400 / 12000 [ 20%]  (Warmup)
Chain 3: Iteration:  1200 / 12000 [ 10%]  (Warmup)
Chain 4: Iteration:  3600 / 12000 [ 30%]  (Warmup)
Chain 1: Iteration:  3600 / 12000 [ 30%]  (Warmup)
Chain 2: Iteration:  1200 / 12000 [ 10%]  (Warmup)
Chain 1: Iteration:  4800 / 12000 [ 40%]  (Warmup)
Chain 4: Iteration:  4800 / 12000 [ 40%]  (Warmup)
Chain 1: Iteration:  6000 / 12000 [ 50%]  (Warmup)
Chain 1: Iteration:  6001 / 12000 [ 50%]  (Sampling)
Chain 1: Iteration:  7200 / 12000 [ 60%]  (Sampling)
Chain 1: Iteration:  8400 / 12000 [ 70%]  (Sampling)
Chain 4: Iteration:  6000 / 12000 [ 50%]  (Warmup)
Chain 4: Iteration:  6001 / 12000 [ 50%]  (Sampling)
Chain 1: Iteration:  9600 / 12000 [ 80%]  (Sampling)
Chain 3: Iteration:  2400 / 12000 [ 20%]  (Warmup)
Chain 1: Iteration: 10800 / 12000 [ 90%]  (Sampling)
Chain 1: Iteration: 12000 / 12000 [100%]  (Sampling)
Chain 1: 
Chain 1:  Elapsed Time: 76143 seconds (Warm-up)
Chain 1:                23208.8 seconds (Sampling)
Chain 1:                99351.9 seconds (Total)
Chain 1: 
Chain 4: Iteration:  7200 / 12000 [ 60%]  (Sampling)
Chain 4: Iteration:  8400 / 12000 [ 70%]  (Sampling)
Chain 3: Iteration:  3600 / 12000 [ 30%]  (Warmup)
Chain 2: Iteration:  2400 / 12000 [ 20%]  (Warmup)
Chain 4: Iteration:  9600 / 12000 [ 80%]  (Sampling)
Chain 4: Iteration: 10800 / 12000 [ 90%]  (Sampling)
Chain 3: Iteration:  4800 / 12000 [ 40%]  (Warmup)
Chain 4: Iteration: 12000 / 12000 [100%]  (Sampling)
Chain 4: 
Chain 4:  Elapsed Time: 90291.8 seconds (Warm-up)
Chain 4:                45756.2 seconds (Sampling)
Chain 4:                136048 seconds (Total)
Chain 4: 
Chain 2: Iteration:  3600 / 12000 [ 30%]  (Warmup)
Chain 3: Iteration:  6000 / 12000 [ 50%]  (Warmup)
Chain 3: Iteration:  6001 / 12000 [ 50%]  (Sampling)
Chain 3: Iteration:  7200 / 12000 [ 60%]  (Sampling)
Chain 3: Iteration:  8400 / 12000 [ 70%]  (Sampling)
Chain 3: Iteration:  9600 / 12000 [ 80%]  (Sampling)
Chain 3: Iteration: 10800 / 12000 [ 90%]  (Sampling)
Chain 3: Iteration: 12000 / 12000 [100%]  (Sampling)
Chain 3: 
Chain 3:  Elapsed Time: 144811 seconds (Warm-up)
Chain 3:                4919.44 seconds (Sampling)
Chain 3:                149730 seconds (Total)
Chain 3: 
Chain 2: Iteration:  4800 / 12000 [ 40%]  (Warmup)
Chain 2: Iteration:  6000 / 12000 [ 50%]  (Warmup)
Chain 2: Iteration:  6001 / 12000 [ 50%]  (Sampling)
Chain 2: Iteration:  7200 / 12000 [ 60%]  (Sampling)
Chain 2: Iteration:  8400 / 12000 [ 70%]  (Sampling)
Chain 2: Iteration:  9600 / 12000 [ 80%]  (Sampling)
Chain 2: Iteration: 10800 / 12000 [ 90%]  (Sampling)
Chain 2: Iteration: 12000 / 12000 [100%]  (Sampling)
Chain 2: 
Chain 2:  Elapsed Time: 198121 seconds (Warm-up)
Chain 2:                80865 seconds (Sampling)
Chain 2:                278986 seconds (Total)
Chain 2: 
Time difference of 3.234842 days
Sample size: 3664 
Inference for Stan model: anon_model.
4 chains, each with iter=12000; warmup=6000; thin=1; 
post-warmup draws per chain=6000, total post-warmup draws=24000.

       mean se_mean   sd   2.5%    25%    50%    75%  97.5% n_eff Rhat
A     15.62    0.01 0.16  15.30  15.51  15.62  15.73  15.94   207 1.03
B    -14.04    0.01 0.13 -14.30 -14.13 -14.05 -13.96 -13.78   365 1.00
C      3.29    0.01 0.20   2.88   3.15   3.29   3.42   3.68   296 1.01
K      9.53    0.13 0.97   7.59   8.93   9.53  10.15  11.43    60 1.08
u0     9.29    0.02 0.16   8.99   9.18   9.29   9.40   9.62    79 1.04
v0    11.75    0.01 0.13  11.51  11.66  11.74  11.84  12.00   111 1.03
w0     7.40    0.01 0.07   7.27   7.35   7.40   7.45   7.55    70 1.07
s_l    4.80    0.07 0.14   4.52   4.70   4.80   4.90   5.08     4 1.42
s_b    2.95    0.06 0.11   2.75   2.87   2.93   3.02   3.18     3 1.61
nu_l   2.21    0.13 0.20   1.88   2.05   2.19   2.35   2.61     2 2.23
nu_b   2.14    0.15 0.22   1.81   1.97   2.08   2.28   2.63     2 2.35

Samples were drawn using NUTS(diag_e) at Fri Oct 24 19:05:15 2025.
For each parameter, n_eff is a crude measure of effective sample size,
and Rhat is the potential scale reduction factor on split chains (at 
convergence, Rhat=1).
null device 
          1 
A <- 15.62001 
B <- -14.04463 
C <- 3.286175 
K <- 9.526706 
u0 <- 9.292295 
v0 <- 11.74639 
w0 <- 7.402549 
s_l <- 4.799464 
s_b <- 2.946812 
nu_l <- 2.206161 
nu_b <- 2.135625 
scale t dist mul: 4.799 
scale t dist mub: 2.947 
------------------------------------------------------
Job ends
